<?xml version="1.0" encoding="UTF-8"?>
<testsuite xmlns:xsi="http://www.w3.org/2001/XMLSchema-instance" xsi:noNamespaceSchemaLocation="https://maven.apache.org/surefire/maven-surefire-plugin/xsd/surefire-test-report-3.0.xsd" version="3.0" name="com.example.pacientes.PacientesApplicationTests" time="11.22" tests="1" errors="0" skipped="0" failures="0">
  <properties>
    <property name="java.specification.version" value="21"/>
    <property name="sun.cpu.isalist" value="amd64"/>
    <property name="sun.jnu.encoding" value="Cp1252"/>
    <property name="java.class.path" value="C:\Users\gonzaloduranadasme\Documents\GitHub\gon.duran\pacientes\target\test-classes;C:\Users\gonzaloduranadasme\Documents\GitHub\gon.duran\pacientes\target\classes;C:\Users\gonzaloduranadasme\.m2\repository\org\springframework\boot\spring-boot-starter-web\3.2.4\spring-boot-starter-web-3.2.4.jar;C:\Users\gonzaloduranadasme\.m2\repository\org\springframework\boot\spring-boot-starter\3.2.4\spring-boot-starter-3.2.4.jar;C:\Users\gonzaloduranadasme\.m2\repository\org\springframework\boot\spring-boot-starter-logging\3.2.4\spring-boot-starter-logging-3.2.4.jar;C:\Users\gonzaloduranadasme\.m2\repository\ch\qos\logback\logback-classic\1.4.14\logback-classic-1.4.14.jar;C:\Users\gonzaloduranadasme\.m2\repository\ch\qos\logback\logback-core\1.4.14\logback-core-1.4.14.jar;C:\Users\gonzaloduranadasme\.m2\repository\org\apache\logging\log4j\log4j-to-slf4j\2.21.1\log4j-to-slf4j-2.21.1.jar;C:\Users\gonzaloduranadasme\.m2\repository\org\apache\logging\log4j\log4j-api\2.21.1\log4j-api-2.21.1.jar;C:\Users\gonzaloduranadasme\.m2\repository\org\slf4j\jul-to-slf4j\2.0.12\jul-to-slf4j-2.0.12.jar;C:\Users\gonzaloduranadasme\.m2\repository\jakarta\annotation\jakarta.annotation-api\2.1.1\jakarta.annotation-api-2.1.1.jar;C:\Users\gonzaloduranadasme\.m2\repository\org\yaml\snakeyaml\2.2\snakeyaml-2.2.jar;C:\Users\gonzaloduranadasme\.m2\repository\org\springframework\boot\spring-boot-starter-json\3.2.4\spring-boot-starter-json-3.2.4.jar;C:\Users\gonzaloduranadasme\.m2\repository\com\fasterxml\jackson\core\jackson-databind\2.15.4\jackson-databind-2.15.4.jar;C:\Users\gonzaloduranadasme\.m2\repository\com\fasterxml\jackson\core\jackson-annotations\2.15.4\jackson-annotations-2.15.4.jar;C:\Users\gonzaloduranadasme\.m2\repository\com\fasterxml\jackson\core\jackson-core\2.15.4\jackson-core-2.15.4.jar;C:\Users\gonzaloduranadasme\.m2\repository\com\fasterxml\jackson\datatype\jackson-datatype-jdk8\2.15.4\jackson-datatype-jdk8-2.15.4.jar;C:\Users\gonzaloduranadasme\.m2\repository\com\fasterxml\jackson\datatype\jackson-datatype-jsr310\2.15.4\jackson-datatype-jsr310-2.15.4.jar;C:\Users\gonzaloduranadasme\.m2\repository\com\fasterxml\jackson\module\jackson-module-parameter-names\2.15.4\jackson-module-parameter-names-2.15.4.jar;C:\Users\gonzaloduranadasme\.m2\repository\org\springframework\boot\spring-boot-starter-tomcat\3.2.4\spring-boot-starter-tomcat-3.2.4.jar;C:\Users\gonzaloduranadasme\.m2\repository\org\apache\tomcat\embed\tomcat-embed-core\10.1.19\tomcat-embed-core-10.1.19.jar;C:\Users\gonzaloduranadasme\.m2\repository\org\apache\tomcat\embed\tomcat-embed-websocket\10.1.19\tomcat-embed-websocket-10.1.19.jar;C:\Users\gonzaloduranadasme\.m2\repository\org\springframework\spring-web\6.1.5\spring-web-6.1.5.jar;C:\Users\gonzaloduranadasme\.m2\repository\org\springframework\spring-beans\6.1.5\spring-beans-6.1.5.jar;C:\Users\gonzaloduranadasme\.m2\repository\io\micrometer\micrometer-observation\1.12.4\micrometer-observation-1.12.4.jar;C:\Users\gonzaloduranadasme\.m2\repository\io\micrometer\micrometer-commons\1.12.4\micrometer-commons-1.12.4.jar;C:\Users\gonzaloduranadasme\.m2\repository\org\springframework\spring-webmvc\6.1.5\spring-webmvc-6.1.5.jar;C:\Users\gonzaloduranadasme\.m2\repository\org\springframework\spring-aop\6.1.5\spring-aop-6.1.5.jar;C:\Users\gonzaloduranadasme\.m2\repository\org\springframework\spring-context\6.1.5\spring-context-6.1.5.jar;C:\Users\gonzaloduranadasme\.m2\repository\org\springframework\spring-expression\6.1.5\spring-expression-6.1.5.jar;C:\Users\gonzaloduranadasme\.m2\repository\org\springframework\boot\spring-boot-devtools\3.2.4\spring-boot-devtools-3.2.4.jar;C:\Users\gonzaloduranadasme\.m2\repository\org\springframework\boot\spring-boot\3.2.4\spring-boot-3.2.4.jar;C:\Users\gonzaloduranadasme\.m2\repository\org\springframework\boot\spring-boot-autoconfigure\3.2.4\spring-boot-autoconfigure-3.2.4.jar;C:\Users\gonzaloduranadasme\.m2\repository\org\projectlombok\lombok\1.18.30\lombok-1.18.30.jar;C:\Users\gonzaloduranadasme\.m2\repository\org\springframework\boot\spring-boot-starter-test\3.2.4\spring-boot-starter-test-3.2.4.jar;C:\Users\gonzaloduranadasme\.m2\repository\org\springframework\boot\spring-boot-test\3.2.4\spring-boot-test-3.2.4.jar;C:\Users\gonzaloduranadasme\.m2\repository\org\springframework\boot\spring-boot-test-autoconfigure\3.2.4\spring-boot-test-autoconfigure-3.2.4.jar;C:\Users\gonzaloduranadasme\.m2\repository\com\jayway\jsonpath\json-path\2.9.0\json-path-2.9.0.jar;C:\Users\gonzaloduranadasme\.m2\repository\org\slf4j\slf4j-api\2.0.12\slf4j-api-2.0.12.jar;C:\Users\gonzaloduranadasme\.m2\repository\jakarta\xml\bind\jakarta.xml.bind-api\4.0.2\jakarta.xml.bind-api-4.0.2.jar;C:\Users\gonzaloduranadasme\.m2\repository\jakarta\activation\jakarta.activation-api\2.1.3\jakarta.activation-api-2.1.3.jar;C:\Users\gonzaloduranadasme\.m2\repository\net\minidev\json-smart\2.5.0\json-smart-2.5.0.jar;C:\Users\gonzaloduranadasme\.m2\repository\net\minidev\accessors-smart\2.5.0\accessors-smart-2.5.0.jar;C:\Users\gonzaloduranadasme\.m2\repository\org\ow2\asm\asm\9.3\asm-9.3.jar;C:\Users\gonzaloduranadasme\.m2\repository\org\assertj\assertj-core\3.24.2\assertj-core-3.24.2.jar;C:\Users\gonzaloduranadasme\.m2\repository\net\bytebuddy\byte-buddy\1.14.12\byte-buddy-1.14.12.jar;C:\Users\gonzaloduranadasme\.m2\repository\org\awaitility\awaitility\4.2.0\awaitility-4.2.0.jar;C:\Users\gonzaloduranadasme\.m2\repository\org\hamcrest\hamcrest\2.2\hamcrest-2.2.jar;C:\Users\gonzaloduranadasme\.m2\repository\org\junit\jupiter\junit-jupiter\5.10.2\junit-jupiter-5.10.2.jar;C:\Users\gonzaloduranadasme\.m2\repository\org\junit\jupiter\junit-jupiter-api\5.10.2\junit-jupiter-api-5.10.2.jar;C:\Users\gonzaloduranadasme\.m2\repository\org\opentest4j\opentest4j\1.3.0\opentest4j-1.3.0.jar;C:\Users\gonzaloduranadasme\.m2\repository\org\junit\platform\junit-platform-commons\1.10.2\junit-platform-commons-1.10.2.jar;C:\Users\gonzaloduranadasme\.m2\repository\org\apiguardian\apiguardian-api\1.1.2\apiguardian-api-1.1.2.jar;C:\Users\gonzaloduranadasme\.m2\repository\org\junit\jupiter\junit-jupiter-params\5.10.2\junit-jupiter-params-5.10.2.jar;C:\Users\gonzaloduranadasme\.m2\repository\org\junit\jupiter\junit-jupiter-engine\5.10.2\junit-jupiter-engine-5.10.2.jar;C:\Users\gonzaloduranadasme\.m2\repository\org\junit\platform\junit-platform-engine\1.10.2\junit-platform-engine-1.10.2.jar;C:\Users\gonzaloduranadasme\.m2\repository\org\mockito\mockito-core\5.7.0\mockito-core-5.7.0.jar;C:\Users\gonzaloduranadasme\.m2\repository\net\bytebuddy\byte-buddy-agent\1.14.12\byte-buddy-agent-1.14.12.jar;C:\Users\gonzaloduranadasme\.m2\repository\org\objenesis\objenesis\3.3\objenesis-3.3.jar;C:\Users\gonzaloduranadasme\.m2\repository\org\mockito\mockito-junit-jupiter\5.7.0\mockito-junit-jupiter-5.7.0.jar;C:\Users\gonzaloduranadasme\.m2\repository\org\skyscreamer\jsonassert\1.5.1\jsonassert-1.5.1.jar;C:\Users\gonzaloduranadasme\.m2\repository\com\vaadin\external\google\android-json\0.0.20131108.vaadin1\android-json-0.0.20131108.vaadin1.jar;C:\Users\gonzaloduranadasme\.m2\repository\org\springframework\spring-core\6.1.5\spring-core-6.1.5.jar;C:\Users\gonzaloduranadasme\.m2\repository\org\springframework\spring-jcl\6.1.5\spring-jcl-6.1.5.jar;C:\Users\gonzaloduranadasme\.m2\repository\org\springframework\spring-test\6.1.5\spring-test-6.1.5.jar;C:\Users\gonzaloduranadasme\.m2\repository\org\xmlunit\xmlunit-core\2.9.1\xmlunit-core-2.9.1.jar;C:\Users\gonzaloduranadasme\.m2\repository\org\springframework\boot\spring-boot-starter-data-jpa\3.2.4\spring-boot-starter-data-jpa-3.2.4.jar;C:\Users\gonzaloduranadasme\.m2\repository\org\springframework\boot\spring-boot-starter-aop\3.2.4\spring-boot-starter-aop-3.2.4.jar;C:\Users\gonzaloduranadasme\.m2\repository\org\aspectj\aspectjweaver\1.9.21\aspectjweaver-1.9.21.jar;C:\Users\gonzaloduranadasme\.m2\repository\org\springframework\boot\spring-boot-starter-jdbc\3.2.4\spring-boot-starter-jdbc-3.2.4.jar;C:\Users\gonzaloduranadasme\.m2\repository\com\zaxxer\HikariCP\5.0.1\HikariCP-5.0.1.jar;C:\Users\gonzaloduranadasme\.m2\repository\org\springframework\spring-jdbc\6.1.5\spring-jdbc-6.1.5.jar;C:\Users\gonzaloduranadasme\.m2\repository\org\hibernate\orm\hibernate-core\6.4.4.Final\hibernate-core-6.4.4.Final.jar;C:\Users\gonzaloduranadasme\.m2\repository\jakarta\persistence\jakarta.persistence-api\3.1.0\jakarta.persistence-api-3.1.0.jar;C:\Users\gonzaloduranadasme\.m2\repository\jakarta\transaction\jakarta.transaction-api\2.0.1\jakarta.transaction-api-2.0.1.jar;C:\Users\gonzaloduranadasme\.m2\repository\org\jboss\logging\jboss-logging\3.5.3.Final\jboss-logging-3.5.3.Final.jar;C:\Users\gonzaloduranadasme\.m2\repository\org\hibernate\common\hibernate-commons-annotations\6.0.6.Final\hibernate-commons-annotations-6.0.6.Final.jar;C:\Users\gonzaloduranadasme\.m2\repository\io\smallrye\jandex\3.1.2\jandex-3.1.2.jar;C:\Users\gonzaloduranadasme\.m2\repository\com\fasterxml\classmate\1.6.0\classmate-1.6.0.jar;C:\Users\gonzaloduranadasme\.m2\repository\org\glassfish\jaxb\jaxb-runtime\4.0.5\jaxb-runtime-4.0.5.jar;C:\Users\gonzaloduranadasme\.m2\repository\org\glassfish\jaxb\jaxb-core\4.0.5\jaxb-core-4.0.5.jar;C:\Users\gonzaloduranadasme\.m2\repository\org\eclipse\angus\angus-activation\2.0.2\angus-activation-2.0.2.jar;C:\Users\gonzaloduranadasme\.m2\repository\org\glassfish\jaxb\txw2\4.0.5\txw2-4.0.5.jar;C:\Users\gonzaloduranadasme\.m2\repository\com\sun\istack\istack-commons-runtime\4.1.2\istack-commons-runtime-4.1.2.jar;C:\Users\gonzaloduranadasme\.m2\repository\jakarta\inject\jakarta.inject-api\2.0.1\jakarta.inject-api-2.0.1.jar;C:\Users\gonzaloduranadasme\.m2\repository\org\antlr\antlr4-runtime\4.13.0\antlr4-runtime-4.13.0.jar;C:\Users\gonzaloduranadasme\.m2\repository\org\springframework\data\spring-data-jpa\3.2.4\spring-data-jpa-3.2.4.jar;C:\Users\gonzaloduranadasme\.m2\repository\org\springframework\data\spring-data-commons\3.2.4\spring-data-commons-3.2.4.jar;C:\Users\gonzaloduranadasme\.m2\repository\org\springframework\spring-orm\6.1.5\spring-orm-6.1.5.jar;C:\Users\gonzaloduranadasme\.m2\repository\org\springframework\spring-tx\6.1.5\spring-tx-6.1.5.jar;C:\Users\gonzaloduranadasme\.m2\repository\org\springframework\spring-aspects\6.1.5\spring-aspects-6.1.5.jar;C:\Users\gonzaloduranadasme\.m2\repository\com\oracle\database\jdbc\ojdbc11\21.9.0.0\ojdbc11-21.9.0.0.jar;C:\Users\gonzaloduranadasme\.m2\repository\com\oracle\database\security\oraclepki\21.5.0.0\oraclepki-21.5.0.0.jar;C:\Users\gonzaloduranadasme\.m2\repository\com\oracle\database\security\osdt_cert\21.5.0.0\osdt_cert-21.5.0.0.jar;C:\Users\gonzaloduranadasme\.m2\repository\com\oracle\database\security\osdt_core\21.5.0.0\osdt_core-21.5.0.0.jar;C:\Users\gonzaloduranadasme\.m2\repository\org\springframework\boot\spring-boot-starter-validation\3.2.4\spring-boot-starter-validation-3.2.4.jar;C:\Users\gonzaloduranadasme\.m2\repository\org\apache\tomcat\embed\tomcat-embed-el\10.1.19\tomcat-embed-el-10.1.19.jar;C:\Users\gonzaloduranadasme\.m2\repository\org\hibernate\validator\hibernate-validator\8.0.1.Final\hibernate-validator-8.0.1.Final.jar;C:\Users\gonzaloduranadasme\.m2\repository\jakarta\validation\jakarta.validation-api\3.0.2\jakarta.validation-api-3.0.2.jar;C:\Users\gonzaloduranadasme\.m2\repository\org\springframework\boot\spring-boot-starter-hateoas\3.2.4\spring-boot-starter-hateoas-3.2.4.jar;C:\Users\gonzaloduranadasme\.m2\repository\org\springframework\hateoas\spring-hateoas\2.2.1\spring-hateoas-2.2.1.jar;C:\Users\gonzaloduranadasme\.m2\repository\org\springframework\plugin\spring-plugin-core\3.0.0\spring-plugin-core-3.0.0.jar;"/>
    <property name="java.vm.vendor" value="Oracle Corporation"/>
    <property name="sun.arch.data.model" value="64"/>
    <property name="user.variant" value=""/>
    <property name="java.vendor.url" value="https://java.oracle.com/"/>
    <property name="user.timezone" value="America/Santiago"/>
    <property name="org.jboss.logging.provider" value="slf4j"/>
    <property name="os.name" value="Windows 11"/>
    <property name="java.vm.specification.version" value="21"/>
    <property name="sun.java.launcher" value="SUN_STANDARD"/>
    <property name="user.country" value="CL"/>
    <property name="sun.boot.library.path" value="C:\Program Files\Java\jdk-21\bin"/>
    <property name="sun.java.command" value="C:\Users\gonzaloduranadasme\AppData\Local\Temp\surefire13811486604983559334\surefirebooter-20240429221547736_3.jar C:\Users\gonzaloduranadasme\AppData\Local\Temp\surefire13811486604983559334 2024-04-29T22-15-47_434-jvmRun1 surefire-20240429221547736_1tmp surefire_0-20240429221547736_2tmp"/>
    <property name="jdk.debug" value="release"/>
    <property name="surefire.test.class.path" value="C:\Users\gonzaloduranadasme\Documents\GitHub\gon.duran\pacientes\target\test-classes;C:\Users\gonzaloduranadasme\Documents\GitHub\gon.duran\pacientes\target\classes;C:\Users\gonzaloduranadasme\.m2\repository\org\springframework\boot\spring-boot-starter-web\3.2.4\spring-boot-starter-web-3.2.4.jar;C:\Users\gonzaloduranadasme\.m2\repository\org\springframework\boot\spring-boot-starter\3.2.4\spring-boot-starter-3.2.4.jar;C:\Users\gonzaloduranadasme\.m2\repository\org\springframework\boot\spring-boot-starter-logging\3.2.4\spring-boot-starter-logging-3.2.4.jar;C:\Users\gonzaloduranadasme\.m2\repository\ch\qos\logback\logback-classic\1.4.14\logback-classic-1.4.14.jar;C:\Users\gonzaloduranadasme\.m2\repository\ch\qos\logback\logback-core\1.4.14\logback-core-1.4.14.jar;C:\Users\gonzaloduranadasme\.m2\repository\org\apache\logging\log4j\log4j-to-slf4j\2.21.1\log4j-to-slf4j-2.21.1.jar;C:\Users\gonzaloduranadasme\.m2\repository\org\apache\logging\log4j\log4j-api\2.21.1\log4j-api-2.21.1.jar;C:\Users\gonzaloduranadasme\.m2\repository\org\slf4j\jul-to-slf4j\2.0.12\jul-to-slf4j-2.0.12.jar;C:\Users\gonzaloduranadasme\.m2\repository\jakarta\annotation\jakarta.annotation-api\2.1.1\jakarta.annotation-api-2.1.1.jar;C:\Users\gonzaloduranadasme\.m2\repository\org\yaml\snakeyaml\2.2\snakeyaml-2.2.jar;C:\Users\gonzaloduranadasme\.m2\repository\org\springframework\boot\spring-boot-starter-json\3.2.4\spring-boot-starter-json-3.2.4.jar;C:\Users\gonzaloduranadasme\.m2\repository\com\fasterxml\jackson\core\jackson-databind\2.15.4\jackson-databind-2.15.4.jar;C:\Users\gonzaloduranadasme\.m2\repository\com\fasterxml\jackson\core\jackson-annotations\2.15.4\jackson-annotations-2.15.4.jar;C:\Users\gonzaloduranadasme\.m2\repository\com\fasterxml\jackson\core\jackson-core\2.15.4\jackson-core-2.15.4.jar;C:\Users\gonzaloduranadasme\.m2\repository\com\fasterxml\jackson\datatype\jackson-datatype-jdk8\2.15.4\jackson-datatype-jdk8-2.15.4.jar;C:\Users\gonzaloduranadasme\.m2\repository\com\fasterxml\jackson\datatype\jackson-datatype-jsr310\2.15.4\jackson-datatype-jsr310-2.15.4.jar;C:\Users\gonzaloduranadasme\.m2\repository\com\fasterxml\jackson\module\jackson-module-parameter-names\2.15.4\jackson-module-parameter-names-2.15.4.jar;C:\Users\gonzaloduranadasme\.m2\repository\org\springframework\boot\spring-boot-starter-tomcat\3.2.4\spring-boot-starter-tomcat-3.2.4.jar;C:\Users\gonzaloduranadasme\.m2\repository\org\apache\tomcat\embed\tomcat-embed-core\10.1.19\tomcat-embed-core-10.1.19.jar;C:\Users\gonzaloduranadasme\.m2\repository\org\apache\tomcat\embed\tomcat-embed-websocket\10.1.19\tomcat-embed-websocket-10.1.19.jar;C:\Users\gonzaloduranadasme\.m2\repository\org\springframework\spring-web\6.1.5\spring-web-6.1.5.jar;C:\Users\gonzaloduranadasme\.m2\repository\org\springframework\spring-beans\6.1.5\spring-beans-6.1.5.jar;C:\Users\gonzaloduranadasme\.m2\repository\io\micrometer\micrometer-observation\1.12.4\micrometer-observation-1.12.4.jar;C:\Users\gonzaloduranadasme\.m2\repository\io\micrometer\micrometer-commons\1.12.4\micrometer-commons-1.12.4.jar;C:\Users\gonzaloduranadasme\.m2\repository\org\springframework\spring-webmvc\6.1.5\spring-webmvc-6.1.5.jar;C:\Users\gonzaloduranadasme\.m2\repository\org\springframework\spring-aop\6.1.5\spring-aop-6.1.5.jar;C:\Users\gonzaloduranadasme\.m2\repository\org\springframework\spring-context\6.1.5\spring-context-6.1.5.jar;C:\Users\gonzaloduranadasme\.m2\repository\org\springframework\spring-expression\6.1.5\spring-expression-6.1.5.jar;C:\Users\gonzaloduranadasme\.m2\repository\org\springframework\boot\spring-boot-devtools\3.2.4\spring-boot-devtools-3.2.4.jar;C:\Users\gonzaloduranadasme\.m2\repository\org\springframework\boot\spring-boot\3.2.4\spring-boot-3.2.4.jar;C:\Users\gonzaloduranadasme\.m2\repository\org\springframework\boot\spring-boot-autoconfigure\3.2.4\spring-boot-autoconfigure-3.2.4.jar;C:\Users\gonzaloduranadasme\.m2\repository\org\projectlombok\lombok\1.18.30\lombok-1.18.30.jar;C:\Users\gonzaloduranadasme\.m2\repository\org\springframework\boot\spring-boot-starter-test\3.2.4\spring-boot-starter-test-3.2.4.jar;C:\Users\gonzaloduranadasme\.m2\repository\org\springframework\boot\spring-boot-test\3.2.4\spring-boot-test-3.2.4.jar;C:\Users\gonzaloduranadasme\.m2\repository\org\springframework\boot\spring-boot-test-autoconfigure\3.2.4\spring-boot-test-autoconfigure-3.2.4.jar;C:\Users\gonzaloduranadasme\.m2\repository\com\jayway\jsonpath\json-path\2.9.0\json-path-2.9.0.jar;C:\Users\gonzaloduranadasme\.m2\repository\org\slf4j\slf4j-api\2.0.12\slf4j-api-2.0.12.jar;C:\Users\gonzaloduranadasme\.m2\repository\jakarta\xml\bind\jakarta.xml.bind-api\4.0.2\jakarta.xml.bind-api-4.0.2.jar;C:\Users\gonzaloduranadasme\.m2\repository\jakarta\activation\jakarta.activation-api\2.1.3\jakarta.activation-api-2.1.3.jar;C:\Users\gonzaloduranadasme\.m2\repository\net\minidev\json-smart\2.5.0\json-smart-2.5.0.jar;C:\Users\gonzaloduranadasme\.m2\repository\net\minidev\accessors-smart\2.5.0\accessors-smart-2.5.0.jar;C:\Users\gonzaloduranadasme\.m2\repository\org\ow2\asm\asm\9.3\asm-9.3.jar;C:\Users\gonzaloduranadasme\.m2\repository\org\assertj\assertj-core\3.24.2\assertj-core-3.24.2.jar;C:\Users\gonzaloduranadasme\.m2\repository\net\bytebuddy\byte-buddy\1.14.12\byte-buddy-1.14.12.jar;C:\Users\gonzaloduranadasme\.m2\repository\org\awaitility\awaitility\4.2.0\awaitility-4.2.0.jar;C:\Users\gonzaloduranadasme\.m2\repository\org\hamcrest\hamcrest\2.2\hamcrest-2.2.jar;C:\Users\gonzaloduranadasme\.m2\repository\org\junit\jupiter\junit-jupiter\5.10.2\junit-jupiter-5.10.2.jar;C:\Users\gonzaloduranadasme\.m2\repository\org\junit\jupiter\junit-jupiter-api\5.10.2\junit-jupiter-api-5.10.2.jar;C:\Users\gonzaloduranadasme\.m2\repository\org\opentest4j\opentest4j\1.3.0\opentest4j-1.3.0.jar;C:\Users\gonzaloduranadasme\.m2\repository\org\junit\platform\junit-platform-commons\1.10.2\junit-platform-commons-1.10.2.jar;C:\Users\gonzaloduranadasme\.m2\repository\org\apiguardian\apiguardian-api\1.1.2\apiguardian-api-1.1.2.jar;C:\Users\gonzaloduranadasme\.m2\repository\org\junit\jupiter\junit-jupiter-params\5.10.2\junit-jupiter-params-5.10.2.jar;C:\Users\gonzaloduranadasme\.m2\repository\org\junit\jupiter\junit-jupiter-engine\5.10.2\junit-jupiter-engine-5.10.2.jar;C:\Users\gonzaloduranadasme\.m2\repository\org\junit\platform\junit-platform-engine\1.10.2\junit-platform-engine-1.10.2.jar;C:\Users\gonzaloduranadasme\.m2\repository\org\mockito\mockito-core\5.7.0\mockito-core-5.7.0.jar;C:\Users\gonzaloduranadasme\.m2\repository\net\bytebuddy\byte-buddy-agent\1.14.12\byte-buddy-agent-1.14.12.jar;C:\Users\gonzaloduranadasme\.m2\repository\org\objenesis\objenesis\3.3\objenesis-3.3.jar;C:\Users\gonzaloduranadasme\.m2\repository\org\mockito\mockito-junit-jupiter\5.7.0\mockito-junit-jupiter-5.7.0.jar;C:\Users\gonzaloduranadasme\.m2\repository\org\skyscreamer\jsonassert\1.5.1\jsonassert-1.5.1.jar;C:\Users\gonzaloduranadasme\.m2\repository\com\vaadin\external\google\android-json\0.0.20131108.vaadin1\android-json-0.0.20131108.vaadin1.jar;C:\Users\gonzaloduranadasme\.m2\repository\org\springframework\spring-core\6.1.5\spring-core-6.1.5.jar;C:\Users\gonzaloduranadasme\.m2\repository\org\springframework\spring-jcl\6.1.5\spring-jcl-6.1.5.jar;C:\Users\gonzaloduranadasme\.m2\repository\org\springframework\spring-test\6.1.5\spring-test-6.1.5.jar;C:\Users\gonzaloduranadasme\.m2\repository\org\xmlunit\xmlunit-core\2.9.1\xmlunit-core-2.9.1.jar;C:\Users\gonzaloduranadasme\.m2\repository\org\springframework\boot\spring-boot-starter-data-jpa\3.2.4\spring-boot-starter-data-jpa-3.2.4.jar;C:\Users\gonzaloduranadasme\.m2\repository\org\springframework\boot\spring-boot-starter-aop\3.2.4\spring-boot-starter-aop-3.2.4.jar;C:\Users\gonzaloduranadasme\.m2\repository\org\aspectj\aspectjweaver\1.9.21\aspectjweaver-1.9.21.jar;C:\Users\gonzaloduranadasme\.m2\repository\org\springframework\boot\spring-boot-starter-jdbc\3.2.4\spring-boot-starter-jdbc-3.2.4.jar;C:\Users\gonzaloduranadasme\.m2\repository\com\zaxxer\HikariCP\5.0.1\HikariCP-5.0.1.jar;C:\Users\gonzaloduranadasme\.m2\repository\org\springframework\spring-jdbc\6.1.5\spring-jdbc-6.1.5.jar;C:\Users\gonzaloduranadasme\.m2\repository\org\hibernate\orm\hibernate-core\6.4.4.Final\hibernate-core-6.4.4.Final.jar;C:\Users\gonzaloduranadasme\.m2\repository\jakarta\persistence\jakarta.persistence-api\3.1.0\jakarta.persistence-api-3.1.0.jar;C:\Users\gonzaloduranadasme\.m2\repository\jakarta\transaction\jakarta.transaction-api\2.0.1\jakarta.transaction-api-2.0.1.jar;C:\Users\gonzaloduranadasme\.m2\repository\org\jboss\logging\jboss-logging\3.5.3.Final\jboss-logging-3.5.3.Final.jar;C:\Users\gonzaloduranadasme\.m2\repository\org\hibernate\common\hibernate-commons-annotations\6.0.6.Final\hibernate-commons-annotations-6.0.6.Final.jar;C:\Users\gonzaloduranadasme\.m2\repository\io\smallrye\jandex\3.1.2\jandex-3.1.2.jar;C:\Users\gonzaloduranadasme\.m2\repository\com\fasterxml\classmate\1.6.0\classmate-1.6.0.jar;C:\Users\gonzaloduranadasme\.m2\repository\org\glassfish\jaxb\jaxb-runtime\4.0.5\jaxb-runtime-4.0.5.jar;C:\Users\gonzaloduranadasme\.m2\repository\org\glassfish\jaxb\jaxb-core\4.0.5\jaxb-core-4.0.5.jar;C:\Users\gonzaloduranadasme\.m2\repository\org\eclipse\angus\angus-activation\2.0.2\angus-activation-2.0.2.jar;C:\Users\gonzaloduranadasme\.m2\repository\org\glassfish\jaxb\txw2\4.0.5\txw2-4.0.5.jar;C:\Users\gonzaloduranadasme\.m2\repository\com\sun\istack\istack-commons-runtime\4.1.2\istack-commons-runtime-4.1.2.jar;C:\Users\gonzaloduranadasme\.m2\repository\jakarta\inject\jakarta.inject-api\2.0.1\jakarta.inject-api-2.0.1.jar;C:\Users\gonzaloduranadasme\.m2\repository\org\antlr\antlr4-runtime\4.13.0\antlr4-runtime-4.13.0.jar;C:\Users\gonzaloduranadasme\.m2\repository\org\springframework\data\spring-data-jpa\3.2.4\spring-data-jpa-3.2.4.jar;C:\Users\gonzaloduranadasme\.m2\repository\org\springframework\data\spring-data-commons\3.2.4\spring-data-commons-3.2.4.jar;C:\Users\gonzaloduranadasme\.m2\repository\org\springframework\spring-orm\6.1.5\spring-orm-6.1.5.jar;C:\Users\gonzaloduranadasme\.m2\repository\org\springframework\spring-tx\6.1.5\spring-tx-6.1.5.jar;C:\Users\gonzaloduranadasme\.m2\repository\org\springframework\spring-aspects\6.1.5\spring-aspects-6.1.5.jar;C:\Users\gonzaloduranadasme\.m2\repository\com\oracle\database\jdbc\ojdbc11\21.9.0.0\ojdbc11-21.9.0.0.jar;C:\Users\gonzaloduranadasme\.m2\repository\com\oracle\database\security\oraclepki\21.5.0.0\oraclepki-21.5.0.0.jar;C:\Users\gonzaloduranadasme\.m2\repository\com\oracle\database\security\osdt_cert\21.5.0.0\osdt_cert-21.5.0.0.jar;C:\Users\gonzaloduranadasme\.m2\repository\com\oracle\database\security\osdt_core\21.5.0.0\osdt_core-21.5.0.0.jar;C:\Users\gonzaloduranadasme\.m2\repository\org\springframework\boot\spring-boot-starter-validation\3.2.4\spring-boot-starter-validation-3.2.4.jar;C:\Users\gonzaloduranadasme\.m2\repository\org\apache\tomcat\embed\tomcat-embed-el\10.1.19\tomcat-embed-el-10.1.19.jar;C:\Users\gonzaloduranadasme\.m2\repository\org\hibernate\validator\hibernate-validator\8.0.1.Final\hibernate-validator-8.0.1.Final.jar;C:\Users\gonzaloduranadasme\.m2\repository\jakarta\validation\jakarta.validation-api\3.0.2\jakarta.validation-api-3.0.2.jar;C:\Users\gonzaloduranadasme\.m2\repository\org\springframework\boot\spring-boot-starter-hateoas\3.2.4\spring-boot-starter-hateoas-3.2.4.jar;C:\Users\gonzaloduranadasme\.m2\repository\org\springframework\hateoas\spring-hateoas\2.2.1\spring-hateoas-2.2.1.jar;C:\Users\gonzaloduranadasme\.m2\repository\org\springframework\plugin\spring-plugin-core\3.0.0\spring-plugin-core-3.0.0.jar;"/>
    <property name="sun.cpu.endian" value="little"/>
    <property name="user.home" value="C:\Users\gonzaloduranadasme"/>
    <property name="user.language" value="es"/>
    <property name="java.specification.vendor" value="Oracle Corporation"/>
    <property name="java.version.date" value="2024-01-16"/>
    <property name="java.home" value="C:\Program Files\Java\jdk-21"/>
    <property name="file.separator" value="\"/>
    <property name="basedir" value="C:\Users\gonzaloduranadasme\Documents\GitHub\gon.duran\pacientes"/>
    <property name="java.vm.compressedOopsMode" value="32-bit"/>
    <property name="line.separator" value="&#10;"/>
    <property name="java.vm.specification.vendor" value="Oracle Corporation"/>
    <property name="java.specification.name" value="Java Platform API Specification"/>
    <property name="FILE_LOG_CHARSET" value="UTF-8"/>
    <property name="java.awt.headless" value="true"/>
    <property name="surefire.real.class.path" value="C:\Users\gonzaloduranadasme\AppData\Local\Temp\surefire13811486604983559334\surefirebooter-20240429221547736_3.jar"/>
    <property name="user.script" value=""/>
    <property name="sun.management.compiler" value="HotSpot 64-Bit Tiered Compilers"/>
    <property name="java.runtime.version" value="21.0.2+13-LTS-58"/>
    <property name="user.name" value="gonzaloduranadasme"/>
    <property name="stdout.encoding" value="Cp1252"/>
    <property name="path.separator" value=";"/>
    <property name="os.version" value="10.0"/>
    <property name="java.runtime.name" value="Java(TM) SE Runtime Environment"/>
    <property name="file.encoding" value="UTF-8"/>
    <property name="java.vm.name" value="Java HotSpot(TM) 64-Bit Server VM"/>
    <property name="localRepository" value="C:\Users\gonzaloduranadasme\.m2\repository"/>
    <property name="java.vendor.url.bug" value="https://bugreport.java.com/bugreport/"/>
    <property name="java.io.tmpdir" value="C:\Users\GONZAL~1\AppData\Local\Temp\"/>
    <property name="com.zaxxer.hikari.pool_number" value="1"/>
    <property name="java.version" value="21.0.2"/>
    <property name="user.dir" value="C:\Users\gonzaloduranadasme\Documents\GitHub\gon.duran\pacientes"/>
    <property name="os.arch" value="amd64"/>
    <property name="java.vm.specification.name" value="Java Virtual Machine Specification"/>
    <property name="PID" value="13756"/>
    <property name="sun.os.patch.level" value=""/>
    <property name="CONSOLE_LOG_CHARSET" value="UTF-8"/>
    <property name="native.encoding" value="Cp1252"/>
    <property name="java.library.path" value="C:\Program Files\Java\jdk-21\bin;C:\Windows\Sun\Java\bin;C:\Windows\system32;C:\Windows;C:\Program Files\Parallels\Parallels Tools\Applications;C:\Oracle\Product\OraDB19c\bin;C:\Program Files\Common Files\Oracle\Java\javapath;C:\Windows\system32;C:\Windows;C:\Windows\System32\Wbem;C:\Windows\System32\WindowsPowerShell\v1.0\;C:\Windows\System32\OpenSSH\;C:\Program Files\Git\cmd;C:\Program Files\Docker\Docker\resources\bin;C:\Program Files\WinMerge;C:\Users\gonzaloduranadasme\AppData\Local\Microsoft\WindowsApps;C:\Users\gonzaloduranadasme\AppData\Local\Programs\Microsoft VS Code\bin;C:\Users\gonzaloduranadasme\AppData\Local\GitHubDesktop\bin;C:\apache-maven-3.9.6\bin;;."/>
    <property name="java.vm.info" value="mixed mode, sharing"/>
    <property name="stderr.encoding" value="Cp1252"/>
    <property name="java.vendor" value="Oracle Corporation"/>
    <property name="java.vm.version" value="21.0.2+13-LTS-58"/>
    <property name="sun.io.unicode.encoding" value="UnicodeLittle"/>
    <property name="java.class.version" value="65.0"/>
    <property name="LOGGED_APPLICATION_NAME" value="[pacientes] "/>
  </properties>
  <testcase name="contextLoads" classname="com.example.pacientes.PacientesApplicationTests" time="0.03">
    <system-out><![CDATA[2024-04-29T22:15:58.503-04:00 DEBUG 13756 --- [pacientes] [           main] .b.t.c.SpringBootTestContextBootstrapper : Neither @ContextConfiguration nor @ContextHierarchy found for test class [PacientesApplicationTests]: using SpringBootContextLoader
2024-04-29T22:15:58.503-04:00 DEBUG 13756 --- [pacientes] [           main] o.s.t.c.support.AbstractContextLoader    : Could not detect default resource locations for test class [com.example.pacientes.PacientesApplicationTests]: no resource found for suffixes {-context.xml, Context.groovy}.
2024-04-29T22:15:58.503-04:00  INFO 13756 --- [pacientes] [           main] t.c.s.AnnotationConfigContextLoaderUtils : Could not detect default configuration classes for test class [com.example.pacientes.PacientesApplicationTests]: PacientesApplicationTests does not declare any static, non-private, non-final, nested classes annotated with @Configuration.
2024-04-29T22:15:58.503-04:00 DEBUG 13756 --- [pacientes] [           main] .b.t.c.SpringBootTestContextBootstrapper : Using ContextCustomizerFactory implementations for test class [PacientesApplicationTests]: [ImportsContextCustomizerFactory, ExcludeFilterContextCustomizerFactory, HttpGraphQlTesterContextCustomizerFactory, DuplicateJsonObjectContextCustomizerFactory, MockitoContextCustomizerFactory, TestRestTemplateContextCustomizerFactory, WebTestClientContextCustomizerFactory, OverrideAutoConfigurationContextCustomizerFactory, ObservabilityContextCustomizerFactory, TypeExcludeFiltersContextCustomizerFactory, PropertyMappingContextCustomizerFactory, WebDriverContextCustomizerFactory, MockServerContainerContextCustomizerFactory, DynamicPropertiesContextCustomizerFactory]
2024-04-29T22:15:58.503-04:00 DEBUG 13756 --- [pacientes] [           main] .b.t.c.SpringBootTestContextBootstrapper : Using ContextCustomizers for test class [PacientesApplicationTests]: [ExcludeFilterContextCustomizer, DuplicateJsonObjectContextCustomizer, MockitoContextCustomizer, TestRestTemplateContextCustomizer, DisableObservabilityContextCustomizer, PropertyMappingContextCustomizer, WebDriverContextCustomizer]
2024-04-29T22:15:58.538-04:00 DEBUG 13756 --- [pacientes] [           main] ssPathScanningCandidateComponentProvider : Identified candidate component class: file [C:\Users\gonzaloduranadasme\Documents\GitHub\gon.duran\pacientes\target\classes\com\example\pacientes\PacientesApplication.class]
2024-04-29T22:15:58.538-04:00  INFO 13756 --- [pacientes] [           main] .b.t.c.SpringBootTestContextBootstrapper : Found @SpringBootConfiguration com.example.pacientes.PacientesApplication for test class com.example.pacientes.PacientesApplicationTests
2024-04-29T22:15:58.552-04:00 DEBUG 13756 --- [pacientes] [           main] .s.t.c.u.TestContextSpringFactoriesUtils : Skipping candidate TestExecutionListener [org.springframework.test.context.observation.MicrometerObservationRegistryTestExecutionListener] due to a missing dependency. Specify custom TestExecutionListener classes or make the default TestExecutionListener classes and their required dependencies available. Offending class: io.micrometer.context.ThreadLocalAccessor. MicrometerObservationRegistryTestExecutionListener requires io.micrometer:micrometer-observation:1.10.8 or higher and io.micrometer:context-propagation:1.0.3 or higher.
2024-04-29T22:15:58.554-04:00 DEBUG 13756 --- [pacientes] [           main] .b.t.c.SpringBootTestContextBootstrapper : Using TestExecutionListeners for test class [PacientesApplicationTests]: [ServletTestExecutionListener, DirtiesContextBeforeModesTestExecutionListener, ApplicationEventsTestExecutionListener, MockitoTestExecutionListener, DependencyInjectionTestExecutionListener, DirtiesContextTestExecutionListener, TransactionalTestExecutionListener, SqlScriptsTestExecutionListener, EventPublishingTestExecutionListener, ResetMocksTestExecutionListener, RestDocsTestExecutionListener, MockRestServiceServerResetTestExecutionListener, MockMvcPrintOnlyOnFailureTestExecutionListener, WebDriverTestExecutionListener, MockWebServiceServerTestExecutionListener]
2024-04-29T22:15:58.555-04:00 DEBUG 13756 --- [pacientes] [           main] sContextBeforeModesTestExecutionListener : Before test class: class [PacientesApplicationTests], class annotated with @DirtiesContext [false] with mode [null]
2024-04-29T22:15:58.560-04:00  INFO 13756 --- [pacientes] [           main] o.s.b.d.r.RestartApplicationListener     : Restart disabled due to context in which it is running
2024-04-29T22:15:58.728-04:00 DEBUG 13756 --- [pacientes] [           main] .s.b.w.s.c.ApplicationServletEnvironment : Activating profiles []
2024-04-29T22:15:58.734-04:00 DEBUG 13756 --- [pacientes] [           main] o.s.c.e.PropertySourcesPropertyResolver  : Found key 'spring.application.name' in PropertySource 'configurationProperties' with value of type String

  .   ____          _            __ _ _
 /\\ / ___'_ __ _ _(_)_ __  __ _ \ \ \ \
( ( )\___ | '_ | '_| | '_ \/ _` | \ \ \ \
 \\/  ___)| |_)| | | | | || (_| |  ) ) ) )
  '  |____| .__|_| |_|_| |_\__, | / / / /
 =========|_|==============|___/=/_/_/_/
 :: Spring Boot ::                (v3.2.4)

2024-04-29T22:15:58.758-04:00  INFO 13756 --- [pacientes] [           main] c.e.pacientes.PacientesApplicationTests  : Starting PacientesApplicationTests using Java 21.0.2 with PID 13756 (started by gonzaloduranadasme in C:\Users\gonzaloduranadasme\Documents\GitHub\gon.duran\pacientes)
2024-04-29T22:15:58.760-04:00  INFO 13756 --- [pacientes] [           main] c.e.pacientes.PacientesApplicationTests  : No active profile set, falling back to 1 default profile: "default"
2024-04-29T22:15:58.760-04:00 DEBUG 13756 --- [pacientes] [           main] o.s.boot.SpringApplication               : Loading source class com.example.pacientes.PacientesApplication
2024-04-29T22:15:58.770-04:00 DEBUG 13756 --- [pacientes] [           main] o.s.w.c.s.GenericWebApplicationContext   : Refreshing org.springframework.web.context.support.GenericWebApplicationContext@7df3da0b
2024-04-29T22:15:58.779-04:00 DEBUG 13756 --- [pacientes] [           main] o.s.b.f.s.DefaultListableBeanFactory     : Creating shared instance of singleton bean 'org.springframework.context.annotation.internalConfigurationAnnotationProcessor'
2024-04-29T22:15:58.781-04:00 DEBUG 13756 --- [pacientes] [           main] o.s.b.f.s.DefaultListableBeanFactory     : Creating shared instance of singleton bean 'org.springframework.boot.autoconfigure.internalCachingMetadataReaderFactory'
2024-04-29T22:15:58.828-04:00 DEBUG 13756 --- [pacientes] [           main] o.s.c.a.ClassPathBeanDefinitionScanner   : Identified candidate component class: file [C:\Users\gonzaloduranadasme\Documents\GitHub\gon.duran\pacientes\target\classes\com\example\pacientes\controller\PacienteController.class]
2024-04-29T22:15:58.844-04:00 DEBUG 13756 --- [pacientes] [           main] o.s.c.a.ClassPathBeanDefinitionScanner   : Ignored because not a concrete top-level class: file [C:\Users\gonzaloduranadasme\Documents\GitHub\gon.duran\pacientes\target\classes\com\example\pacientes\repository\ConsultaRepository.class]
2024-04-29T22:15:58.845-04:00 DEBUG 13756 --- [pacientes] [           main] o.s.c.a.ClassPathBeanDefinitionScanner   : Ignored because not a concrete top-level class: file [C:\Users\gonzaloduranadasme\Documents\GitHub\gon.duran\pacientes\target\classes\com\example\pacientes\repository\HistorialMedicoRepository.class]
2024-04-29T22:15:58.849-04:00 DEBUG 13756 --- [pacientes] [           main] o.s.c.a.ClassPathBeanDefinitionScanner   : Ignored because not a concrete top-level class: file [C:\Users\gonzaloduranadasme\Documents\GitHub\gon.duran\pacientes\target\classes\com\example\pacientes\repository\PacienteRepository.class]
2024-04-29T22:15:58.851-04:00 DEBUG 13756 --- [pacientes] [           main] o.s.c.a.ClassPathBeanDefinitionScanner   : Identified candidate component class: file [C:\Users\gonzaloduranadasme\Documents\GitHub\gon.duran\pacientes\target\classes\com\example\pacientes\service\ConsultaServiceImpl.class]
2024-04-29T22:15:58.854-04:00 DEBUG 13756 --- [pacientes] [           main] o.s.c.a.ClassPathBeanDefinitionScanner   : Identified candidate component class: file [C:\Users\gonzaloduranadasme\Documents\GitHub\gon.duran\pacientes\target\classes\com\example\pacientes\service\HistorialMedicoServiceImpl.class]
2024-04-29T22:15:58.855-04:00 DEBUG 13756 --- [pacientes] [           main] o.s.c.a.ClassPathBeanDefinitionScanner   : Identified candidate component class: file [C:\Users\gonzaloduranadasme\Documents\GitHub\gon.duran\pacientes\target\classes\com\example\pacientes\service\PacienteServiceImpl.class]
2024-04-29T22:15:59.648-04:00  INFO 13756 --- [pacientes] [           main] .s.d.r.c.RepositoryConfigurationDelegate : Bootstrapping Spring Data JPA repositories in DEFAULT mode.
2024-04-29T22:15:59.664-04:00 DEBUG 13756 --- [pacientes] [           main] o.s.b.f.s.DefaultListableBeanFactory     : Creating shared instance of singleton bean 'org.springframework.boot.autoconfigure.AutoConfigurationPackages'
2024-04-29T22:15:59.664-04:00 DEBUG 13756 --- [pacientes] [           main] o.s.b.a.AutoConfigurationPackages        : @EnableAutoConfiguration was declared on a class in the package 'com.example.pacientes'. Automatic @Repository and @Entity scanning is enabled.
2024-04-29T22:15:59.664-04:00 DEBUG 13756 --- [pacientes] [           main] .s.d.r.c.RepositoryConfigurationDelegate : Scanning for JPA repositories in packages com.example.pacientes.
2024-04-29T22:15:59.680-04:00 DEBUG 13756 --- [pacientes] [           main] o.s.d.r.c.RepositoryComponentProvider    : Identified candidate component class: file [C:\Users\gonzaloduranadasme\Documents\GitHub\gon.duran\pacientes\target\classes\com\example\pacientes\repository\ConsultaRepository.class]
2024-04-29T22:15:59.680-04:00 DEBUG 13756 --- [pacientes] [           main] o.s.d.r.c.RepositoryComponentProvider    : Identified candidate component class: file [C:\Users\gonzaloduranadasme\Documents\GitHub\gon.duran\pacientes\target\classes\com\example\pacientes\repository\HistorialMedicoRepository.class]
2024-04-29T22:15:59.680-04:00 DEBUG 13756 --- [pacientes] [           main] o.s.d.r.c.RepositoryComponentProvider    : Identified candidate component class: file [C:\Users\gonzaloduranadasme\Documents\GitHub\gon.duran\pacientes\target\classes\com\example\pacientes\repository\PacienteRepository.class]
2024-04-29T22:15:59.743-04:00 DEBUG 13756 --- [pacientes] [           main] ssPathScanningCandidateComponentProvider : Identified candidate component class: file [C:\Users\gonzaloduranadasme\Documents\GitHub\gon.duran\pacientes\target\classes\com\example\pacientes\service\ConsultaServiceImpl.class]
2024-04-29T22:15:59.743-04:00 DEBUG 13756 --- [pacientes] [           main] ssPathScanningCandidateComponentProvider : Identified candidate component class: file [C:\Users\gonzaloduranadasme\Documents\GitHub\gon.duran\pacientes\target\classes\com\example\pacientes\service\HistorialMedicoServiceImpl.class]
2024-04-29T22:15:59.743-04:00 DEBUG 13756 --- [pacientes] [           main] ssPathScanningCandidateComponentProvider : Identified candidate component class: file [C:\Users\gonzaloduranadasme\Documents\GitHub\gon.duran\pacientes\target\classes\com\example\pacientes\service\PacienteServiceImpl.class]
2024-04-29T22:15:59.777-04:00  INFO 13756 --- [pacientes] [           main] .s.d.r.c.RepositoryConfigurationDelegate : Finished Spring Data repository scanning in 108 ms. Found 3 JPA repository interfaces.
2024-04-29T22:15:59.929-04:00 DEBUG 13756 --- [pacientes] [           main] o.s.b.f.s.DefaultListableBeanFactory     : Creating shared instance of singleton bean 'propertySourcesPlaceholderConfigurer'
2024-04-29T22:15:59.929-04:00 DEBUG 13756 --- [pacientes] [           main] o.s.b.f.s.DefaultListableBeanFactory     : Creating shared instance of singleton bean 'org.springframework.boot.test.mock.mockito.MockitoPostProcessor'
2024-04-29T22:15:59.929-04:00 DEBUG 13756 --- [pacientes] [           main] o.s.b.f.s.DefaultListableBeanFactory     : Creating shared instance of singleton bean 'emBeanDefinitionRegistrarPostProcessor'
2024-04-29T22:15:59.929-04:00 DEBUG 13756 --- [pacientes] [           main] o.s.b.f.s.DefaultListableBeanFactory     : Creating shared instance of singleton bean 'org.springframework.boot.sql.init.dependency.DatabaseInitializationDependencyConfigurer$DependsOnDatabaseInitializationPostProcessor'
2024-04-29T22:16:00.007-04:00 DEBUG 13756 --- [pacientes] [           main] o.s.b.f.s.DefaultListableBeanFactory     : Creating shared instance of singleton bean 'org.springframework.context.event.internalEventListenerProcessor'
2024-04-29T22:16:00.007-04:00 DEBUG 13756 --- [pacientes] [           main] o.s.b.f.s.DefaultListableBeanFactory     : Creating shared instance of singleton bean 'preserveErrorControllerTargetClassPostProcessor'
2024-04-29T22:16:00.007-04:00 DEBUG 13756 --- [pacientes] [           main] o.s.b.f.s.DefaultListableBeanFactory     : Creating shared instance of singleton bean 'org.springframework.context.event.internalEventListenerFactory'
2024-04-29T22:16:00.007-04:00 DEBUG 13756 --- [pacientes] [           main] o.s.b.f.s.DefaultListableBeanFactory     : Creating shared instance of singleton bean 'org.springframework.transaction.config.internalTransactionalEventListenerFactory'
2024-04-29T22:16:00.023-04:00 DEBUG 13756 --- [pacientes] [           main] o.s.b.f.s.DefaultListableBeanFactory     : Creating shared instance of singleton bean 'org.springframework.boot.test.mock.mockito.MockitoPostProcessor$SpyPostProcessor'
2024-04-29T22:16:00.023-04:00 DEBUG 13756 --- [pacientes] [           main] o.s.b.f.s.DefaultListableBeanFactory     : Creating shared instance of singleton bean 'org.springframework.context.annotation.internalAutowiredAnnotationProcessor'
2024-04-29T22:16:00.023-04:00 DEBUG 13756 --- [pacientes] [           main] o.s.b.f.s.DefaultListableBeanFactory     : Creating shared instance of singleton bean 'org.springframework.context.annotation.internalCommonAnnotationProcessor'
2024-04-29T22:16:00.023-04:00 DEBUG 13756 --- [pacientes] [           main] o.s.b.f.s.DefaultListableBeanFactory     : Creating shared instance of singleton bean 'org.springframework.context.annotation.internalPersistenceAnnotationProcessor'
2024-04-29T22:16:00.023-04:00 DEBUG 13756 --- [pacientes] [           main] o.s.b.f.s.DefaultListableBeanFactory     : Creating shared instance of singleton bean 'org.springframework.boot.context.properties.ConfigurationPropertiesBindingPostProcessor'
2024-04-29T22:16:00.023-04:00 DEBUG 13756 --- [pacientes] [           main] o.s.b.f.s.DefaultListableBeanFactory     : Creating shared instance of singleton bean 'org.springframework.boot.context.internalConfigurationPropertiesBinder'
2024-04-29T22:16:00.023-04:00 DEBUG 13756 --- [pacientes] [           main] o.s.b.f.s.DefaultListableBeanFactory     : Creating shared instance of singleton bean 'jdbcConnectionDetailsHikariBeanPostProcessor'
2024-04-29T22:16:00.039-04:00 DEBUG 13756 --- [pacientes] [           main] o.s.b.f.s.DefaultListableBeanFactory     : Creating shared instance of singleton bean 'methodValidationPostProcessor'
2024-04-29T22:16:00.065-04:00 DEBUG 13756 --- [pacientes] [           main] o.s.b.f.s.DefaultListableBeanFactory     : Autowiring by type from bean name 'methodValidationPostProcessor' via factory method to bean named 'environment'
2024-04-29T22:16:00.076-04:00 DEBUG 13756 --- [pacientes] [           main] o.s.b.f.s.DefaultListableBeanFactory     : Creating shared instance of singleton bean 'org.springframework.boot.context.properties.EnableConfigurationPropertiesRegistrar.methodValidationExcludeFilter'
2024-04-29T22:16:00.076-04:00 DEBUG 13756 --- [pacientes] [           main] o.s.b.f.s.DefaultListableBeanFactory     : Creating shared instance of singleton bean 'org.springframework.aop.config.internalAutoProxyCreator'
2024-04-29T22:16:00.103-04:00 DEBUG 13756 --- [pacientes] [           main] o.s.b.f.s.DefaultListableBeanFactory     : Creating shared instance of singleton bean 'persistenceExceptionTranslationPostProcessor'
2024-04-29T22:16:00.103-04:00 DEBUG 13756 --- [pacientes] [           main] o.s.b.f.s.DefaultListableBeanFactory     : Autowiring by type from bean name 'persistenceExceptionTranslationPostProcessor' via factory method to bean named 'environment'
2024-04-29T22:16:00.117-04:00 DEBUG 13756 --- [pacientes] [           main] o.s.b.f.s.DefaultListableBeanFactory     : Creating shared instance of singleton bean 'webServerFactoryCustomizerBeanPostProcessor'
2024-04-29T22:16:00.118-04:00 DEBUG 13756 --- [pacientes] [           main] o.s.b.f.s.DefaultListableBeanFactory     : Creating shared instance of singleton bean 'errorPageRegistrarBeanPostProcessor'
2024-04-29T22:16:00.119-04:00 DEBUG 13756 --- [pacientes] [           main] o.s.b.f.s.DefaultListableBeanFactory     : Creating shared instance of singleton bean 'projectingArgumentResolverBeanPostProcessor'
2024-04-29T22:16:00.120-04:00 DEBUG 13756 --- [pacientes] [           main] o.s.b.f.s.DefaultListableBeanFactory     : Creating shared instance of singleton bean 'org.springframework.transaction.config.internalTransactionAdvisor'
2024-04-29T22:16:00.121-04:00 DEBUG 13756 --- [pacientes] [           main] o.s.b.f.s.DefaultListableBeanFactory     : Creating shared instance of singleton bean 'org.springframework.transaction.annotation.ProxyTransactionManagementConfiguration'
2024-04-29T22:16:00.141-04:00 DEBUG 13756 --- [pacientes] [           main] o.s.b.f.s.DefaultListableBeanFactory     : Creating shared instance of singleton bean 'transactionAttributeSource'
2024-04-29T22:16:00.144-04:00 DEBUG 13756 --- [pacientes] [           main] o.s.b.f.s.DefaultListableBeanFactory     : Creating shared instance of singleton bean 'transactionInterceptor'
2024-04-29T22:16:00.144-04:00 DEBUG 13756 --- [pacientes] [           main] o.s.b.f.s.DefaultListableBeanFactory     : Autowiring by type from bean name 'transactionInterceptor' via factory method to bean named 'transactionAttributeSource'
2024-04-29T22:16:00.160-04:00 DEBUG 13756 --- [pacientes] [           main] o.s.b.f.s.DefaultListableBeanFactory     : Autowiring by type from bean name 'org.springframework.transaction.config.internalTransactionAdvisor' via factory method to bean named 'transactionAttributeSource'
2024-04-29T22:16:00.160-04:00 DEBUG 13756 --- [pacientes] [           main] o.s.b.f.s.DefaultListableBeanFactory     : Autowiring by type from bean name 'org.springframework.transaction.config.internalTransactionAdvisor' via factory method to bean named 'transactionInterceptor'
2024-04-29T22:16:00.165-04:00 DEBUG 13756 --- [pacientes] [           main] o.s.b.f.s.DefaultListableBeanFactory     : Creating shared instance of singleton bean 'hypermediaRepresentionModelProcessorConfigurator'
2024-04-29T22:16:00.165-04:00 DEBUG 13756 --- [pacientes] [           main] o.s.b.f.s.DefaultListableBeanFactory     : Creating shared instance of singleton bean 'hypermediaRestTemplateBeanPostProcessor'
2024-04-29T22:16:00.165-04:00 DEBUG 13756 --- [pacientes] [           main] o.s.u.c.s.UiApplicationContextUtils      : Unable to locate ThemeSource with name 'themeSource': using default [org.springframework.ui.context.support.ResourceBundleThemeSource@219edc05]
2024-04-29T22:16:00.165-04:00 DEBUG 13756 --- [pacientes] [           main] o.s.b.f.s.DefaultListableBeanFactory     : Creating shared instance of singleton bean 'dataSourceScriptDatabaseInitializer'
2024-04-29T22:16:00.165-04:00 DEBUG 13756 --- [pacientes] [           main] o.s.b.f.s.DefaultListableBeanFactory     : Creating shared instance of singleton bean 'org.springframework.boot.autoconfigure.sql.init.DataSourceInitializationConfiguration'
2024-04-29T22:16:00.176-04:00 DEBUG 13756 --- [pacientes] [           main] o.s.b.f.s.DefaultListableBeanFactory     : Creating shared instance of singleton bean 'dataSource'
2024-04-29T22:16:00.176-04:00 DEBUG 13756 --- [pacientes] [           main] o.s.b.f.s.DefaultListableBeanFactory     : Creating shared instance of singleton bean 'org.springframework.boot.autoconfigure.jdbc.DataSourceConfiguration$Hikari'
2024-04-29T22:16:00.176-04:00 DEBUG 13756 --- [pacientes] [           main] o.s.b.f.s.DefaultListableBeanFactory     : Creating shared instance of singleton bean 'spring.datasource-org.springframework.boot.autoconfigure.jdbc.DataSourceProperties'
2024-04-29T22:16:00.176-04:00 DEBUG 13756 --- [pacientes] [           main] o.s.b.f.s.DefaultListableBeanFactory     : Creating shared instance of singleton bean 'org.springframework.boot.context.properties.BoundConfigurationProperties'
2024-04-29T22:16:00.224-04:00 DEBUG 13756 --- [pacientes] [           main] o.s.b.f.s.DefaultListableBeanFactory     : Creating shared instance of singleton bean 'jdbcConnectionDetails'
2024-04-29T22:16:00.235-04:00 DEBUG 13756 --- [pacientes] [           main] o.s.b.f.s.DefaultListableBeanFactory     : Creating shared instance of singleton bean 'org.springframework.boot.autoconfigure.jdbc.DataSourceAutoConfiguration$PooledDataSourceConfiguration'
2024-04-29T22:16:00.237-04:00 DEBUG 13756 --- [pacientes] [           main] o.s.b.f.s.DefaultListableBeanFactory     : Autowiring by type from bean name 'jdbcConnectionDetails' via factory method to bean named 'spring.datasource-org.springframework.boot.autoconfigure.jdbc.DataSourceProperties'
2024-04-29T22:16:00.239-04:00 DEBUG 13756 --- [pacientes] [           main] o.s.b.f.s.DefaultListableBeanFactory     : Autowiring by type from bean name 'dataSource' via factory method to bean named 'spring.datasource-org.springframework.boot.autoconfigure.jdbc.DataSourceProperties'
2024-04-29T22:16:00.239-04:00 DEBUG 13756 --- [pacientes] [           main] o.s.b.f.s.DefaultListableBeanFactory     : Autowiring by type from bean name 'dataSource' via factory method to bean named 'jdbcConnectionDetails'
2024-04-29T22:16:00.600-04:00 DEBUG 13756 --- [pacientes] [           main] o.s.b.f.s.DefaultListableBeanFactory     : Creating shared instance of singleton bean 'spring.sql.init-org.springframework.boot.autoconfigure.sql.init.SqlInitializationProperties'
2024-04-29T22:16:00.617-04:00 DEBUG 13756 --- [pacientes] [           main] o.s.b.f.s.DefaultListableBeanFactory     : Autowiring by type from bean name 'dataSourceScriptDatabaseInitializer' via factory method to bean named 'dataSource'
2024-04-29T22:16:00.617-04:00 DEBUG 13756 --- [pacientes] [           main] o.s.b.f.s.DefaultListableBeanFactory     : Autowiring by type from bean name 'dataSourceScriptDatabaseInitializer' via factory method to bean named 'spring.sql.init-org.springframework.boot.autoconfigure.sql.init.SqlInitializationProperties'
2024-04-29T22:16:00.631-04:00 DEBUG 13756 --- [pacientes] [           main] o.s.b.f.s.DefaultListableBeanFactory     : Creating shared instance of singleton bean 'entityManagerFactory'
2024-04-29T22:16:00.631-04:00 DEBUG 13756 --- [pacientes] [           main] o.s.b.f.s.DefaultListableBeanFactory     : Creating shared instance of singleton bean 'org.springframework.boot.autoconfigure.orm.jpa.HibernateJpaConfiguration'
2024-04-29T22:16:00.631-04:00 DEBUG 13756 --- [pacientes] [           main] o.s.b.f.s.DefaultListableBeanFactory     : Creating shared instance of singleton bean 'spring.jpa-org.springframework.boot.autoconfigure.orm.jpa.JpaProperties'
2024-04-29T22:16:00.631-04:00 DEBUG 13756 --- [pacientes] [           main] o.s.b.f.s.DefaultListableBeanFactory     : Creating shared instance of singleton bean 'spring.jpa.hibernate-org.springframework.boot.autoconfigure.orm.jpa.HibernateProperties'
2024-04-29T22:16:00.647-04:00 DEBUG 13756 --- [pacientes] [           main] o.s.b.f.s.DefaultListableBeanFactory     : Autowiring by type from bean name 'org.springframework.boot.autoconfigure.orm.jpa.HibernateJpaConfiguration' via constructor to bean named 'dataSource'
2024-04-29T22:16:00.647-04:00 DEBUG 13756 --- [pacientes] [           main] o.s.b.f.s.DefaultListableBeanFactory     : Autowiring by type from bean name 'org.springframework.boot.autoconfigure.orm.jpa.HibernateJpaConfiguration' via constructor to bean named 'spring.jpa-org.springframework.boot.autoconfigure.orm.jpa.JpaProperties'
2024-04-29T22:16:00.647-04:00 DEBUG 13756 --- [pacientes] [           main] o.s.b.f.s.DefaultListableBeanFactory     : Autowiring by type from bean name 'org.springframework.boot.autoconfigure.orm.jpa.HibernateJpaConfiguration' via constructor to bean named 'org.springframework.beans.factory.support.DefaultListableBeanFactory@50f3ba6a'
2024-04-29T22:16:00.647-04:00 DEBUG 13756 --- [pacientes] [           main] o.s.b.f.s.DefaultListableBeanFactory     : Autowiring by type from bean name 'org.springframework.boot.autoconfigure.orm.jpa.HibernateJpaConfiguration' via constructor to bean named 'spring.jpa.hibernate-org.springframework.boot.autoconfigure.orm.jpa.HibernateProperties'
2024-04-29T22:16:00.647-04:00 DEBUG 13756 --- [pacientes] [           main] o.s.b.f.s.DefaultListableBeanFactory     : Creating shared instance of singleton bean 'hikariPoolDataSourceMetadataProvider'
2024-04-29T22:16:00.647-04:00 DEBUG 13756 --- [pacientes] [           main] o.s.b.f.s.DefaultListableBeanFactory     : Creating shared instance of singleton bean 'org.springframework.boot.autoconfigure.jdbc.metadata.DataSourcePoolMetadataProvidersConfiguration$HikariPoolDataSourceMetadataProviderConfiguration'
2024-04-29T22:16:00.664-04:00 DEBUG 13756 --- [pacientes] [           main] o.s.b.f.s.DefaultListableBeanFactory     : Creating shared instance of singleton bean 'entityManagerFactoryBuilder'
2024-04-29T22:16:00.664-04:00 DEBUG 13756 --- [pacientes] [           main] o.s.b.f.s.DefaultListableBeanFactory     : Creating shared instance of singleton bean 'jpaVendorAdapter'
2024-04-29T22:16:00.679-04:00 DEBUG 13756 --- [pacientes] [           main] o.s.b.f.s.DefaultListableBeanFactory     : Autowiring by type from bean name 'entityManagerFactoryBuilder' via factory method to bean named 'jpaVendorAdapter'
2024-04-29T22:16:00.695-04:00 DEBUG 13756 --- [pacientes] [           main] o.s.b.f.s.DefaultListableBeanFactory     : Creating shared instance of singleton bean 'persistenceManagedTypes'
2024-04-29T22:16:00.695-04:00 DEBUG 13756 --- [pacientes] [           main] o.s.b.f.s.DefaultListableBeanFactory     : Autowiring by type from bean name 'persistenceManagedTypes' via factory method to bean named 'org.springframework.beans.factory.support.DefaultListableBeanFactory@50f3ba6a'
2024-04-29T22:16:00.695-04:00 DEBUG 13756 --- [pacientes] [           main] o.s.b.f.s.DefaultListableBeanFactory     : Autowiring by type from bean name 'persistenceManagedTypes' via factory method to bean named 'org.springframework.web.context.support.GenericWebApplicationContext@7df3da0b'
2024-04-29T22:16:00.716-04:00 DEBUG 13756 --- [pacientes] [           main] o.s.b.f.s.DefaultListableBeanFactory     : Autowiring by type from bean name 'entityManagerFactory' via factory method to bean named 'entityManagerFactoryBuilder'
2024-04-29T22:16:00.716-04:00 DEBUG 13756 --- [pacientes] [           main] o.s.b.f.s.DefaultListableBeanFactory     : Autowiring by type from bean name 'entityManagerFactory' via factory method to bean named 'persistenceManagedTypes'
2024-04-29T22:16:00.743-04:00 DEBUG 13756 --- [pacientes] [           main] j.LocalContainerEntityManagerFactoryBean : Building JPA container EntityManagerFactory for persistence unit 'default'
2024-04-29T22:16:00.777-04:00 DEBUG 13756 --- [pacientes] [           main] o.hibernate.jpa.internal.util.LogHelper  : PersistenceUnitInfo [
	name: default
	persistence provider classname: null
	classloader: jdk.internal.loader.ClassLoaders$AppClassLoader@70dea4e
	excludeUnlistedClasses: true
	JTA datasource: null
	Non JTA datasource: HikariDataSource (null)
	Transaction type: RESOURCE_LOCAL
	PU root URL: file:/C:/Users/gonzaloduranadasme/Documents/GitHub/gon.duran/pacientes/target/test-classes/
	Shared Cache Mode: UNSPECIFIED
	Validation Mode: AUTO
	Jar files URLs []
	Managed classes names [
		com.example.pacientes.model.Consulta
		com.example.pacientes.model.HistorialMedico
		com.example.pacientes.model.Paciente]
	Mapping files names []
	Properties []
2024-04-29T22:16:00.784-04:00 DEBUG 13756 --- [pacientes] [           main] o.h.i.internal.IntegratorServiceImpl     : Adding Integrator [org.hibernate.boot.beanvalidation.BeanValidationIntegrator].
2024-04-29T22:16:00.784-04:00 DEBUG 13756 --- [pacientes] [           main] o.h.i.internal.IntegratorServiceImpl     : Adding Integrator [org.hibernate.cache.internal.CollectionCacheInvalidator].
2024-04-29T22:16:00.874-04:00  INFO 13756 --- [pacientes] [           main] org.hibernate.Version                    : HHH000412: Hibernate ORM core version 6.4.4.Final
2024-04-29T22:16:00.876-04:00 DEBUG 13756 --- [pacientes] [           main] org.hibernate.cfg.Environment            : HHH000206: 'hibernate.properties' not found
2024-04-29T22:16:00.906-04:00 DEBUG 13756 --- [pacientes] [           main] org.hibernate.orm.idgen.factory          : Registering IdentifierGenerator strategy [uuid2] -> [org.hibernate.id.UUIDGenerator]
2024-04-29T22:16:00.906-04:00 DEBUG 13756 --- [pacientes] [           main] org.hibernate.orm.idgen.factory          : Registering IdentifierGenerator strategy [guid] -> [org.hibernate.id.GUIDGenerator]
2024-04-29T22:16:00.906-04:00 DEBUG 13756 --- [pacientes] [           main] org.hibernate.orm.idgen.factory          : Registering IdentifierGenerator strategy [uuid] -> [org.hibernate.id.UUIDHexGenerator]
2024-04-29T22:16:00.906-04:00 DEBUG 13756 --- [pacientes] [           main] org.hibernate.orm.idgen.factory          : Registering IdentifierGenerator strategy [uuid.hex] -> [org.hibernate.id.UUIDHexGenerator]
2024-04-29T22:16:00.906-04:00 DEBUG 13756 --- [pacientes] [           main] org.hibernate.orm.idgen.factory          : Registering IdentifierGenerator strategy [assigned] -> [org.hibernate.id.Assigned]
2024-04-29T22:16:00.906-04:00 DEBUG 13756 --- [pacientes] [           main] org.hibernate.orm.idgen.factory          : Registering IdentifierGenerator strategy [identity] -> [org.hibernate.id.IdentityGenerator]
2024-04-29T22:16:00.906-04:00 DEBUG 13756 --- [pacientes] [           main] org.hibernate.orm.idgen.factory          : Registering IdentifierGenerator strategy [select] -> [org.hibernate.id.SelectGenerator]
2024-04-29T22:16:00.906-04:00 DEBUG 13756 --- [pacientes] [           main] org.hibernate.orm.idgen.factory          : Registering IdentifierGenerator strategy [sequence] -> [org.hibernate.id.enhanced.SequenceStyleGenerator]
2024-04-29T22:16:00.906-04:00 DEBUG 13756 --- [pacientes] [           main] org.hibernate.orm.idgen.factory          : Registering IdentifierGenerator strategy [increment] -> [org.hibernate.id.IncrementGenerator]
2024-04-29T22:16:00.906-04:00 DEBUG 13756 --- [pacientes] [           main] org.hibernate.orm.idgen.factory          : Registering IdentifierGenerator strategy [foreign] -> [org.hibernate.id.ForeignGenerator]
2024-04-29T22:16:00.906-04:00 DEBUG 13756 --- [pacientes] [           main] org.hibernate.orm.idgen.factory          : Registering IdentifierGenerator strategy [enhanced-sequence] -> [org.hibernate.id.enhanced.SequenceStyleGenerator]
2024-04-29T22:16:00.906-04:00 DEBUG 13756 --- [pacientes] [           main] org.hibernate.orm.idgen.factory          : Registering IdentifierGenerator strategy [enhanced-table] -> [org.hibernate.id.enhanced.TableGenerator]
2024-04-29T22:16:00.922-04:00 DEBUG 13756 --- [pacientes] [           main] o.h.c.internal.RegionFactoryInitiator    : Cannot default RegionFactory based on registered strategies as `[]` RegionFactory strategies were registered
2024-04-29T22:16:00.924-04:00  INFO 13756 --- [pacientes] [           main] o.h.c.internal.RegionFactoryInitiator    : HHH000026: Second-level cache disabled
2024-04-29T22:16:00.996-04:00 DEBUG 13756 --- [pacientes] [           main] org.hibernate.type.BasicTypeRegistry     : Adding type registration boolean -> org.hibernate.type.BasicTypeReference@787a4519
2024-04-29T22:16:01.012-04:00 DEBUG 13756 --- [pacientes] [           main] org.hibernate.type.BasicTypeRegistry     : Adding type registration boolean -> org.hibernate.type.BasicTypeReference@787a4519
2024-04-29T22:16:01.012-04:00 DEBUG 13756 --- [pacientes] [           main] org.hibernate.type.BasicTypeRegistry     : Adding type registration java.lang.Boolean -> org.hibernate.type.BasicTypeReference@787a4519
2024-04-29T22:16:01.012-04:00 DEBUG 13756 --- [pacientes] [           main] org.hibernate.type.BasicTypeRegistry     : Adding type registration numeric_boolean -> org.hibernate.type.BasicTypeReference@627d5f1
2024-04-29T22:16:01.012-04:00 DEBUG 13756 --- [pacientes] [           main] org.hibernate.type.BasicTypeRegistry     : Adding type registration org.hibernate.type.NumericBooleanConverter -> org.hibernate.type.BasicTypeReference@627d5f1
2024-04-29T22:16:01.012-04:00 DEBUG 13756 --- [pacientes] [           main] org.hibernate.type.BasicTypeRegistry     : Adding type registration true_false -> org.hibernate.type.BasicTypeReference@105fe81e
2024-04-29T22:16:01.012-04:00 DEBUG 13756 --- [pacientes] [           main] org.hibernate.type.BasicTypeRegistry     : Adding type registration org.hibernate.type.TrueFalseConverter -> org.hibernate.type.BasicTypeReference@105fe81e
2024-04-29T22:16:01.012-04:00 DEBUG 13756 --- [pacientes] [           main] org.hibernate.type.BasicTypeRegistry     : Adding type registration yes_no -> org.hibernate.type.BasicTypeReference@af94b0b
2024-04-29T22:16:01.012-04:00 DEBUG 13756 --- [pacientes] [           main] org.hibernate.type.BasicTypeRegistry     : Adding type registration org.hibernate.type.YesNoConverter -> org.hibernate.type.BasicTypeReference@af94b0b
2024-04-29T22:16:01.012-04:00 DEBUG 13756 --- [pacientes] [           main] org.hibernate.type.BasicTypeRegistry     : Adding type registration byte -> org.hibernate.type.BasicTypeReference@208185c0
2024-04-29T22:16:01.012-04:00 DEBUG 13756 --- [pacientes] [           main] org.hibernate.type.BasicTypeRegistry     : Adding type registration byte -> org.hibernate.type.BasicTypeReference@208185c0
2024-04-29T22:16:01.012-04:00 DEBUG 13756 --- [pacientes] [           main] org.hibernate.type.BasicTypeRegistry     : Adding type registration java.lang.Byte -> org.hibernate.type.BasicTypeReference@208185c0
2024-04-29T22:16:01.012-04:00 DEBUG 13756 --- [pacientes] [           main] org.hibernate.type.BasicTypeRegistry     : Adding type registration binary -> org.hibernate.type.BasicTypeReference@1831447c
2024-04-29T22:16:01.012-04:00 DEBUG 13756 --- [pacientes] [           main] org.hibernate.type.BasicTypeRegistry     : Adding type registration byte[] -> org.hibernate.type.BasicTypeReference@1831447c
2024-04-29T22:16:01.012-04:00 DEBUG 13756 --- [pacientes] [           main] org.hibernate.type.BasicTypeRegistry     : Adding type registration [B -> org.hibernate.type.BasicTypeReference@1831447c
2024-04-29T22:16:01.012-04:00 DEBUG 13756 --- [pacientes] [           main] org.hibernate.type.BasicTypeRegistry     : Adding type registration binary_wrapper -> org.hibernate.type.BasicTypeReference@7741507c
2024-04-29T22:16:01.012-04:00 DEBUG 13756 --- [pacientes] [           main] org.hibernate.type.BasicTypeRegistry     : Adding type registration wrapper-binary -> org.hibernate.type.BasicTypeReference@7741507c
2024-04-29T22:16:01.012-04:00 DEBUG 13756 --- [pacientes] [           main] org.hibernate.type.BasicTypeRegistry     : Adding type registration image -> org.hibernate.type.BasicTypeReference@37a0fc8c
2024-04-29T22:16:01.012-04:00 DEBUG 13756 --- [pacientes] [           main] org.hibernate.type.BasicTypeRegistry     : Adding type registration blob -> org.hibernate.type.BasicTypeReference@1ba3c03d
2024-04-29T22:16:01.012-04:00 DEBUG 13756 --- [pacientes] [           main] org.hibernate.type.BasicTypeRegistry     : Adding type registration java.sql.Blob -> org.hibernate.type.BasicTypeReference@1ba3c03d
2024-04-29T22:16:01.012-04:00 DEBUG 13756 --- [pacientes] [           main] org.hibernate.type.BasicTypeRegistry     : Adding type registration materialized_blob -> org.hibernate.type.BasicTypeReference@9a37591
2024-04-29T22:16:01.012-04:00 DEBUG 13756 --- [pacientes] [           main] org.hibernate.type.BasicTypeRegistry     : Adding type registration materialized_blob_wrapper -> org.hibernate.type.BasicTypeReference@749c0669
2024-04-29T22:16:01.012-04:00 DEBUG 13756 --- [pacientes] [           main] org.hibernate.type.BasicTypeRegistry     : Adding type registration short -> org.hibernate.type.BasicTypeReference@4468c0ea
2024-04-29T22:16:01.012-04:00 DEBUG 13756 --- [pacientes] [           main] org.hibernate.type.BasicTypeRegistry     : Adding type registration short -> org.hibernate.type.BasicTypeReference@4468c0ea
2024-04-29T22:16:01.012-04:00 DEBUG 13756 --- [pacientes] [           main] org.hibernate.type.BasicTypeRegistry     : Adding type registration java.lang.Short -> org.hibernate.type.BasicTypeReference@4468c0ea
2024-04-29T22:16:01.012-04:00 DEBUG 13756 --- [pacientes] [           main] org.hibernate.type.BasicTypeRegistry     : Adding type registration integer -> org.hibernate.type.BasicTypeReference@41cf4272
2024-04-29T22:16:01.012-04:00 DEBUG 13756 --- [pacientes] [           main] org.hibernate.type.BasicTypeRegistry     : Adding type registration int -> org.hibernate.type.BasicTypeReference@41cf4272
2024-04-29T22:16:01.012-04:00 DEBUG 13756 --- [pacientes] [           main] org.hibernate.type.BasicTypeRegistry     : Adding type registration java.lang.Integer -> org.hibernate.type.BasicTypeReference@41cf4272
2024-04-29T22:16:01.012-04:00 DEBUG 13756 --- [pacientes] [           main] org.hibernate.type.BasicTypeRegistry     : Adding type registration long -> org.hibernate.type.BasicTypeReference@53d2b827
2024-04-29T22:16:01.012-04:00 DEBUG 13756 --- [pacientes] [           main] org.hibernate.type.BasicTypeRegistry     : Adding type registration long -> org.hibernate.type.BasicTypeReference@53d2b827
2024-04-29T22:16:01.012-04:00 DEBUG 13756 --- [pacientes] [           main] org.hibernate.type.BasicTypeRegistry     : Adding type registration java.lang.Long -> org.hibernate.type.BasicTypeReference@53d2b827
2024-04-29T22:16:01.012-04:00 DEBUG 13756 --- [pacientes] [           main] org.hibernate.type.BasicTypeRegistry     : Adding type registration float -> org.hibernate.type.BasicTypeReference@4769537a
2024-04-29T22:16:01.012-04:00 DEBUG 13756 --- [pacientes] [           main] org.hibernate.type.BasicTypeRegistry     : Adding type registration float -> org.hibernate.type.BasicTypeReference@4769537a
2024-04-29T22:16:01.012-04:00 DEBUG 13756 --- [pacientes] [           main] org.hibernate.type.BasicTypeRegistry     : Adding type registration java.lang.Float -> org.hibernate.type.BasicTypeReference@4769537a
2024-04-29T22:16:01.012-04:00 DEBUG 13756 --- [pacientes] [           main] org.hibernate.type.BasicTypeRegistry     : Adding type registration double -> org.hibernate.type.BasicTypeReference@4504a4ed
2024-04-29T22:16:01.012-04:00 DEBUG 13756 --- [pacientes] [           main] org.hibernate.type.BasicTypeRegistry     : Adding type registration double -> org.hibernate.type.BasicTypeReference@4504a4ed
2024-04-29T22:16:01.012-04:00 DEBUG 13756 --- [pacientes] [           main] org.hibernate.type.BasicTypeRegistry     : Adding type registration java.lang.Double -> org.hibernate.type.BasicTypeReference@4504a4ed
2024-04-29T22:16:01.012-04:00 DEBUG 13756 --- [pacientes] [           main] org.hibernate.type.BasicTypeRegistry     : Adding type registration big_integer -> org.hibernate.type.BasicTypeReference@7ee3a2ed
2024-04-29T22:16:01.012-04:00 DEBUG 13756 --- [pacientes] [           main] org.hibernate.type.BasicTypeRegistry     : Adding type registration java.math.BigInteger -> org.hibernate.type.BasicTypeReference@7ee3a2ed
2024-04-29T22:16:01.012-04:00 DEBUG 13756 --- [pacientes] [           main] org.hibernate.type.BasicTypeRegistry     : Adding type registration big_decimal -> org.hibernate.type.BasicTypeReference@38363e96
2024-04-29T22:16:01.012-04:00 DEBUG 13756 --- [pacientes] [           main] org.hibernate.type.BasicTypeRegistry     : Adding type registration java.math.BigDecimal -> org.hibernate.type.BasicTypeReference@38363e96
2024-04-29T22:16:01.012-04:00 DEBUG 13756 --- [pacientes] [           main] org.hibernate.type.BasicTypeRegistry     : Adding type registration character -> org.hibernate.type.BasicTypeReference@35c95869
2024-04-29T22:16:01.012-04:00 DEBUG 13756 --- [pacientes] [           main] org.hibernate.type.BasicTypeRegistry     : Adding type registration char -> org.hibernate.type.BasicTypeReference@35c95869
2024-04-29T22:16:01.012-04:00 DEBUG 13756 --- [pacientes] [           main] org.hibernate.type.BasicTypeRegistry     : Adding type registration java.lang.Character -> org.hibernate.type.BasicTypeReference@35c95869
2024-04-29T22:16:01.012-04:00 DEBUG 13756 --- [pacientes] [           main] org.hibernate.type.BasicTypeRegistry     : Adding type registration character_nchar -> org.hibernate.type.BasicTypeReference@558aa1f1
2024-04-29T22:16:01.012-04:00 DEBUG 13756 --- [pacientes] [           main] org.hibernate.type.BasicTypeRegistry     : Adding type registration string -> org.hibernate.type.BasicTypeReference@361d8567
2024-04-29T22:16:01.012-04:00 DEBUG 13756 --- [pacientes] [           main] org.hibernate.type.BasicTypeRegistry     : Adding type registration java.lang.String -> org.hibernate.type.BasicTypeReference@361d8567
2024-04-29T22:16:01.012-04:00 DEBUG 13756 --- [pacientes] [           main] org.hibernate.type.BasicTypeRegistry     : Adding type registration nstring -> org.hibernate.type.BasicTypeReference@3fd6dfbc
2024-04-29T22:16:01.012-04:00 DEBUG 13756 --- [pacientes] [           main] org.hibernate.type.BasicTypeRegistry     : Adding type registration characters -> org.hibernate.type.BasicTypeReference@4023d23f
2024-04-29T22:16:01.012-04:00 DEBUG 13756 --- [pacientes] [           main] org.hibernate.type.BasicTypeRegistry     : Adding type registration char[] -> org.hibernate.type.BasicTypeReference@4023d23f
2024-04-29T22:16:01.012-04:00 DEBUG 13756 --- [pacientes] [           main] org.hibernate.type.BasicTypeRegistry     : Adding type registration [C -> org.hibernate.type.BasicTypeReference@4023d23f
2024-04-29T22:16:01.012-04:00 DEBUG 13756 --- [pacientes] [           main] org.hibernate.type.BasicTypeRegistry     : Adding type registration wrapper-characters -> org.hibernate.type.BasicTypeReference@402676e3
2024-04-29T22:16:01.012-04:00 DEBUG 13756 --- [pacientes] [           main] org.hibernate.type.BasicTypeRegistry     : Adding type registration text -> org.hibernate.type.BasicTypeReference@1a4ae53d
2024-04-29T22:16:01.012-04:00 DEBUG 13756 --- [pacientes] [           main] org.hibernate.type.BasicTypeRegistry     : Adding type registration ntext -> org.hibernate.type.BasicTypeReference@1368e2f7
2024-04-29T22:16:01.012-04:00 DEBUG 13756 --- [pacientes] [           main] org.hibernate.type.BasicTypeRegistry     : Adding type registration clob -> org.hibernate.type.BasicTypeReference@4d84688f
2024-04-29T22:16:01.012-04:00 DEBUG 13756 --- [pacientes] [           main] org.hibernate.type.BasicTypeRegistry     : Adding type registration java.sql.Clob -> org.hibernate.type.BasicTypeReference@4d84688f
2024-04-29T22:16:01.012-04:00 DEBUG 13756 --- [pacientes] [           main] org.hibernate.type.BasicTypeRegistry     : Adding type registration nclob -> org.hibernate.type.BasicTypeReference@3ee68eb2
2024-04-29T22:16:01.012-04:00 DEBUG 13756 --- [pacientes] [           main] org.hibernate.type.BasicTypeRegistry     : Adding type registration java.sql.NClob -> org.hibernate.type.BasicTypeReference@3ee68eb2
2024-04-29T22:16:01.012-04:00 DEBUG 13756 --- [pacientes] [           main] org.hibernate.type.BasicTypeRegistry     : Adding type registration materialized_clob -> org.hibernate.type.BasicTypeReference@7348e75e
2024-04-29T22:16:01.012-04:00 DEBUG 13756 --- [pacientes] [           main] org.hibernate.type.BasicTypeRegistry     : Adding type registration materialized_clob_char_array -> org.hibernate.type.BasicTypeReference@27e3dc9a
2024-04-29T22:16:01.012-04:00 DEBUG 13756 --- [pacientes] [           main] org.hibernate.type.BasicTypeRegistry     : Adding type registration materialized_clob_character_array -> org.hibernate.type.BasicTypeReference@49cd08f9
2024-04-29T22:16:01.012-04:00 DEBUG 13756 --- [pacientes] [           main] org.hibernate.type.BasicTypeRegistry     : Adding type registration materialized_nclob -> org.hibernate.type.BasicTypeReference@43549c6c
2024-04-29T22:16:01.012-04:00 DEBUG 13756 --- [pacientes] [           main] org.hibernate.type.BasicTypeRegistry     : Adding type registration materialized_nclob_character_array -> org.hibernate.type.BasicTypeReference@7792e14f
2024-04-29T22:16:01.012-04:00 DEBUG 13756 --- [pacientes] [           main] org.hibernate.type.BasicTypeRegistry     : Adding type registration materialized_nclob_char_array -> org.hibernate.type.BasicTypeReference@4eace42b
2024-04-29T22:16:01.012-04:00 DEBUG 13756 --- [pacientes] [           main] org.hibernate.type.BasicTypeRegistry     : Adding type registration Duration -> org.hibernate.type.BasicTypeReference@6f87a7c7
2024-04-29T22:16:01.012-04:00 DEBUG 13756 --- [pacientes] [           main] org.hibernate.type.BasicTypeRegistry     : Adding type registration java.time.Duration -> org.hibernate.type.BasicTypeReference@6f87a7c7
2024-04-29T22:16:01.012-04:00 DEBUG 13756 --- [pacientes] [           main] org.hibernate.type.BasicTypeRegistry     : Adding type registration LocalDateTime -> org.hibernate.type.BasicTypeReference@857f1a7
2024-04-29T22:16:01.012-04:00 DEBUG 13756 --- [pacientes] [           main] org.hibernate.type.BasicTypeRegistry     : Adding type registration java.time.LocalDateTime -> org.hibernate.type.BasicTypeReference@857f1a7
2024-04-29T22:16:01.012-04:00 DEBUG 13756 --- [pacientes] [           main] org.hibernate.type.BasicTypeRegistry     : Adding type registration LocalDate -> org.hibernate.type.BasicTypeReference@682fe17b
2024-04-29T22:16:01.012-04:00 DEBUG 13756 --- [pacientes] [           main] org.hibernate.type.BasicTypeRegistry     : Adding type registration java.time.LocalDate -> org.hibernate.type.BasicTypeReference@682fe17b
2024-04-29T22:16:01.012-04:00 DEBUG 13756 --- [pacientes] [           main] org.hibernate.type.BasicTypeRegistry     : Adding type registration LocalTime -> org.hibernate.type.BasicTypeReference@418bdde9
2024-04-29T22:16:01.012-04:00 DEBUG 13756 --- [pacientes] [           main] org.hibernate.type.BasicTypeRegistry     : Adding type registration java.time.LocalTime -> org.hibernate.type.BasicTypeReference@418bdde9
2024-04-29T22:16:01.012-04:00 DEBUG 13756 --- [pacientes] [           main] org.hibernate.type.BasicTypeRegistry     : Adding type registration OffsetDateTime -> org.hibernate.type.BasicTypeReference@13e0f380
2024-04-29T22:16:01.012-04:00 DEBUG 13756 --- [pacientes] [           main] org.hibernate.type.BasicTypeRegistry     : Adding type registration java.time.OffsetDateTime -> org.hibernate.type.BasicTypeReference@13e0f380
2024-04-29T22:16:01.012-04:00 DEBUG 13756 --- [pacientes] [           main] org.hibernate.type.BasicTypeRegistry     : Adding type registration OffsetDateTimeWithTimezone -> org.hibernate.type.BasicTypeReference@240df292
2024-04-29T22:16:01.012-04:00 DEBUG 13756 --- [pacientes] [           main] org.hibernate.type.BasicTypeRegistry     : Adding type registration OffsetDateTimeWithoutTimezone -> org.hibernate.type.BasicTypeReference@333efb51
2024-04-29T22:16:01.012-04:00 DEBUG 13756 --- [pacientes] [           main] org.hibernate.type.BasicTypeRegistry     : Adding type registration OffsetTime -> org.hibernate.type.BasicTypeReference@2c451c4a
2024-04-29T22:16:01.012-04:00 DEBUG 13756 --- [pacientes] [           main] org.hibernate.type.BasicTypeRegistry     : Adding type registration java.time.OffsetTime -> org.hibernate.type.BasicTypeReference@2c451c4a
2024-04-29T22:16:01.012-04:00 DEBUG 13756 --- [pacientes] [           main] org.hibernate.type.BasicTypeRegistry     : Adding type registration OffsetTimeUtc -> org.hibernate.type.BasicTypeReference@38ad86b1
2024-04-29T22:16:01.012-04:00 DEBUG 13756 --- [pacientes] [           main] org.hibernate.type.BasicTypeRegistry     : Adding type registration OffsetTimeWithTimezone -> org.hibernate.type.BasicTypeReference@73ff7a54
2024-04-29T22:16:01.012-04:00 DEBUG 13756 --- [pacientes] [           main] org.hibernate.type.BasicTypeRegistry     : Adding type registration OffsetTimeWithoutTimezone -> org.hibernate.type.BasicTypeReference@337c0ee4
2024-04-29T22:16:01.012-04:00 DEBUG 13756 --- [pacientes] [           main] org.hibernate.type.BasicTypeRegistry     : Adding type registration ZonedDateTime -> org.hibernate.type.BasicTypeReference@67b09e34
2024-04-29T22:16:01.012-04:00 DEBUG 13756 --- [pacientes] [           main] org.hibernate.type.BasicTypeRegistry     : Adding type registration java.time.ZonedDateTime -> org.hibernate.type.BasicTypeReference@67b09e34
2024-04-29T22:16:01.012-04:00 DEBUG 13756 --- [pacientes] [           main] org.hibernate.type.BasicTypeRegistry     : Adding type registration ZonedDateTimeWithTimezone -> org.hibernate.type.BasicTypeReference@6f95654c
2024-04-29T22:16:01.012-04:00 DEBUG 13756 --- [pacientes] [           main] org.hibernate.type.BasicTypeRegistry     : Adding type registration ZonedDateTimeWithoutTimezone -> org.hibernate.type.BasicTypeReference@271a140c
2024-04-29T22:16:01.012-04:00 DEBUG 13756 --- [pacientes] [           main] org.hibernate.type.BasicTypeRegistry     : Adding type registration date -> org.hibernate.type.BasicTypeReference@74c23525
2024-04-29T22:16:01.012-04:00 DEBUG 13756 --- [pacientes] [           main] org.hibernate.type.BasicTypeRegistry     : Adding type registration java.sql.Date -> org.hibernate.type.BasicTypeReference@74c23525
2024-04-29T22:16:01.012-04:00 DEBUG 13756 --- [pacientes] [           main] org.hibernate.type.BasicTypeRegistry     : Adding type registration time -> org.hibernate.type.BasicTypeReference@176054b7
2024-04-29T22:16:01.012-04:00 DEBUG 13756 --- [pacientes] [           main] org.hibernate.type.BasicTypeRegistry     : Adding type registration java.sql.Time -> org.hibernate.type.BasicTypeReference@176054b7
2024-04-29T22:16:01.012-04:00 DEBUG 13756 --- [pacientes] [           main] org.hibernate.type.BasicTypeRegistry     : Adding type registration timestamp -> org.hibernate.type.BasicTypeReference@531bec12
2024-04-29T22:16:01.012-04:00 DEBUG 13756 --- [pacientes] [           main] org.hibernate.type.BasicTypeRegistry     : Adding type registration java.sql.Timestamp -> org.hibernate.type.BasicTypeReference@531bec12
2024-04-29T22:16:01.012-04:00 DEBUG 13756 --- [pacientes] [           main] org.hibernate.type.BasicTypeRegistry     : Adding type registration java.util.Date -> org.hibernate.type.BasicTypeReference@531bec12
2024-04-29T22:16:01.012-04:00 DEBUG 13756 --- [pacientes] [           main] org.hibernate.type.BasicTypeRegistry     : Adding type registration calendar -> org.hibernate.type.BasicTypeReference@24563809
2024-04-29T22:16:01.030-04:00 DEBUG 13756 --- [pacientes] [           main] org.hibernate.type.BasicTypeRegistry     : Adding type registration java.util.Calendar -> org.hibernate.type.BasicTypeReference@24563809
2024-04-29T22:16:01.030-04:00 DEBUG 13756 --- [pacientes] [           main] org.hibernate.type.BasicTypeRegistry     : Adding type registration java.util.GregorianCalendar -> org.hibernate.type.BasicTypeReference@24563809
2024-04-29T22:16:01.030-04:00 DEBUG 13756 --- [pacientes] [           main] org.hibernate.type.BasicTypeRegistry     : Adding type registration calendar_date -> org.hibernate.type.BasicTypeReference@41d84abb
2024-04-29T22:16:01.030-04:00 DEBUG 13756 --- [pacientes] [           main] org.hibernate.type.BasicTypeRegistry     : Adding type registration calendar_time -> org.hibernate.type.BasicTypeReference@54087bdb
2024-04-29T22:16:01.030-04:00 DEBUG 13756 --- [pacientes] [           main] org.hibernate.type.BasicTypeRegistry     : Adding type registration instant -> org.hibernate.type.BasicTypeReference@587f6634
2024-04-29T22:16:01.030-04:00 DEBUG 13756 --- [pacientes] [           main] org.hibernate.type.BasicTypeRegistry     : Adding type registration java.time.Instant -> org.hibernate.type.BasicTypeReference@587f6634
2024-04-29T22:16:01.030-04:00 DEBUG 13756 --- [pacientes] [           main] org.hibernate.type.BasicTypeRegistry     : Adding type registration uuid -> org.hibernate.type.BasicTypeReference@4d7c9b42
2024-04-29T22:16:01.030-04:00 DEBUG 13756 --- [pacientes] [           main] org.hibernate.type.BasicTypeRegistry     : Adding type registration java.util.UUID -> org.hibernate.type.BasicTypeReference@4d7c9b42
2024-04-29T22:16:01.030-04:00 DEBUG 13756 --- [pacientes] [           main] org.hibernate.type.BasicTypeRegistry     : Adding type registration pg-uuid -> org.hibernate.type.BasicTypeReference@4d7c9b42
2024-04-29T22:16:01.030-04:00 DEBUG 13756 --- [pacientes] [           main] org.hibernate.type.BasicTypeRegistry     : Adding type registration uuid-binary -> org.hibernate.type.BasicTypeReference@4ef28dc4
2024-04-29T22:16:01.030-04:00 DEBUG 13756 --- [pacientes] [           main] org.hibernate.type.BasicTypeRegistry     : Adding type registration uuid-char -> org.hibernate.type.BasicTypeReference@59b3f162
2024-04-29T22:16:01.030-04:00 DEBUG 13756 --- [pacientes] [           main] org.hibernate.type.BasicTypeRegistry     : Adding type registration class -> org.hibernate.type.BasicTypeReference@7ade62a6
2024-04-29T22:16:01.030-04:00 DEBUG 13756 --- [pacientes] [           main] org.hibernate.type.BasicTypeRegistry     : Adding type registration java.lang.Class -> org.hibernate.type.BasicTypeReference@7ade62a6
2024-04-29T22:16:01.030-04:00 DEBUG 13756 --- [pacientes] [           main] org.hibernate.type.BasicTypeRegistry     : Adding type registration currency -> org.hibernate.type.BasicTypeReference@53d15034
2024-04-29T22:16:01.030-04:00 DEBUG 13756 --- [pacientes] [           main] org.hibernate.type.BasicTypeRegistry     : Adding type registration Currency -> org.hibernate.type.BasicTypeReference@53d15034
2024-04-29T22:16:01.030-04:00 DEBUG 13756 --- [pacientes] [           main] org.hibernate.type.BasicTypeRegistry     : Adding type registration java.util.Currency -> org.hibernate.type.BasicTypeReference@53d15034
2024-04-29T22:16:01.030-04:00 DEBUG 13756 --- [pacientes] [           main] org.hibernate.type.BasicTypeRegistry     : Adding type registration locale -> org.hibernate.type.BasicTypeReference@9976b27
2024-04-29T22:16:01.030-04:00 DEBUG 13756 --- [pacientes] [           main] org.hibernate.type.BasicTypeRegistry     : Adding type registration java.util.Locale -> org.hibernate.type.BasicTypeReference@9976b27
2024-04-29T22:16:01.030-04:00 DEBUG 13756 --- [pacientes] [           main] org.hibernate.type.BasicTypeRegistry     : Adding type registration serializable -> org.hibernate.type.BasicTypeReference@4fe9a396
2024-04-29T22:16:01.030-04:00 DEBUG 13756 --- [pacientes] [           main] org.hibernate.type.BasicTypeRegistry     : Adding type registration java.io.Serializable -> org.hibernate.type.BasicTypeReference@4fe9a396
2024-04-29T22:16:01.030-04:00 DEBUG 13756 --- [pacientes] [           main] org.hibernate.type.BasicTypeRegistry     : Adding type registration timezone -> org.hibernate.type.BasicTypeReference@462b239f
2024-04-29T22:16:01.030-04:00 DEBUG 13756 --- [pacientes] [           main] org.hibernate.type.BasicTypeRegistry     : Adding type registration java.util.TimeZone -> org.hibernate.type.BasicTypeReference@462b239f
2024-04-29T22:16:01.030-04:00 DEBUG 13756 --- [pacientes] [           main] org.hibernate.type.BasicTypeRegistry     : Adding type registration ZoneOffset -> org.hibernate.type.BasicTypeReference@1fa29b9e
2024-04-29T22:16:01.030-04:00 DEBUG 13756 --- [pacientes] [           main] org.hibernate.type.BasicTypeRegistry     : Adding type registration java.time.ZoneOffset -> org.hibernate.type.BasicTypeReference@1fa29b9e
2024-04-29T22:16:01.030-04:00 DEBUG 13756 --- [pacientes] [           main] org.hibernate.type.BasicTypeRegistry     : Adding type registration url -> org.hibernate.type.BasicTypeReference@2d5e051e
2024-04-29T22:16:01.030-04:00 DEBUG 13756 --- [pacientes] [           main] org.hibernate.type.BasicTypeRegistry     : Adding type registration java.net.URL -> org.hibernate.type.BasicTypeReference@2d5e051e
2024-04-29T22:16:01.030-04:00 DEBUG 13756 --- [pacientes] [           main] org.hibernate.type.BasicTypeRegistry     : Adding type registration vector -> org.hibernate.type.BasicTypeReference@2f29e630
2024-04-29T22:16:01.030-04:00 DEBUG 13756 --- [pacientes] [           main] org.hibernate.type.BasicTypeRegistry     : Adding type registration row_version -> org.hibernate.type.BasicTypeReference@30811f91
2024-04-29T22:16:01.036-04:00 DEBUG 13756 --- [pacientes] [           main] org.hibernate.type.BasicTypeRegistry     : Adding type registration object -> org.hibernate.type.JavaObjectType@a44ad33
2024-04-29T22:16:01.036-04:00 DEBUG 13756 --- [pacientes] [           main] org.hibernate.type.BasicTypeRegistry     : Adding type registration java.lang.Object -> org.hibernate.type.JavaObjectType@a44ad33
2024-04-29T22:16:01.036-04:00 DEBUG 13756 --- [pacientes] [           main] org.hibernate.type.BasicTypeRegistry     : Adding type registration null -> org.hibernate.type.NullType@3d1b43d8
2024-04-29T22:16:01.036-04:00 DEBUG 13756 --- [pacientes] [           main] org.hibernate.type.BasicTypeRegistry     : Adding type registration imm_date -> org.hibernate.type.BasicTypeReference@9f52eb7
2024-04-29T22:16:01.036-04:00 DEBUG 13756 --- [pacientes] [           main] org.hibernate.type.BasicTypeRegistry     : Adding type registration imm_time -> org.hibernate.type.BasicTypeReference@46c2189e
2024-04-29T22:16:01.036-04:00 DEBUG 13756 --- [pacientes] [           main] org.hibernate.type.BasicTypeRegistry     : Adding type registration imm_timestamp -> org.hibernate.type.BasicTypeReference@3462e99a
2024-04-29T22:16:01.036-04:00 DEBUG 13756 --- [pacientes] [           main] org.hibernate.type.BasicTypeRegistry     : Adding type registration imm_calendar -> org.hibernate.type.BasicTypeReference@5300694d
2024-04-29T22:16:01.036-04:00 DEBUG 13756 --- [pacientes] [           main] org.hibernate.type.BasicTypeRegistry     : Adding type registration imm_calendar_date -> org.hibernate.type.BasicTypeReference@7320750c
2024-04-29T22:16:01.036-04:00 DEBUG 13756 --- [pacientes] [           main] org.hibernate.type.BasicTypeRegistry     : Adding type registration imm_calendar_time -> org.hibernate.type.BasicTypeReference@2570851e
2024-04-29T22:16:01.036-04:00 DEBUG 13756 --- [pacientes] [           main] org.hibernate.type.BasicTypeRegistry     : Adding type registration imm_binary -> org.hibernate.type.BasicTypeReference@67d8613
2024-04-29T22:16:01.036-04:00 DEBUG 13756 --- [pacientes] [           main] org.hibernate.type.BasicTypeRegistry     : Adding type registration imm_serializable -> org.hibernate.type.BasicTypeReference@5667dd90
2024-04-29T22:16:01.050-04:00 DEBUG 13756 --- [pacientes] [           main] o.h.boot.internal.BootstrapContextImpl   : Injecting JPA temp ClassLoader [org.springframework.instrument.classloading.SimpleThrowawayClassLoader@64e3bc2] into BootstrapContext; was [null]
2024-04-29T22:16:01.050-04:00 DEBUG 13756 --- [pacientes] [           main] o.h.boot.internal.ClassLoaderAccessImpl  : ClassLoaderAccessImpl#injectTempClassLoader(org.springframework.instrument.classloading.SimpleThrowawayClassLoader@64e3bc2) [was null]
2024-04-29T22:16:01.050-04:00 DEBUG 13756 --- [pacientes] [           main] o.h.boot.internal.BootstrapContextImpl   : Injecting ScanEnvironment [org.hibernate.jpa.boot.internal.StandardJpaScanEnvironmentImpl@768e40af] into BootstrapContext; was [null]
2024-04-29T22:16:01.050-04:00 DEBUG 13756 --- [pacientes] [           main] o.h.boot.internal.BootstrapContextImpl   : Injecting ScanOptions [org.hibernate.boot.archive.scan.internal.StandardScanOptions@165824f5] into BootstrapContext; was [org.hibernate.boot.archive.scan.internal.StandardScanOptions@4511146f]
2024-04-29T22:16:01.108-04:00  INFO 13756 --- [pacientes] [           main] o.s.o.j.p.SpringPersistenceUnitInfo      : No LoadTimeWeaver setup: ignoring JPA class transformer
2024-04-29T22:16:01.109-04:00 DEBUG 13756 --- [pacientes] [           main] o.h.boot.internal.BootstrapContextImpl   : Injecting JPA temp ClassLoader [null] into BootstrapContext; was [org.springframework.instrument.classloading.SimpleThrowawayClassLoader@64e3bc2]
2024-04-29T22:16:01.109-04:00 DEBUG 13756 --- [pacientes] [           main] o.h.boot.internal.ClassLoaderAccessImpl  : ClassLoaderAccessImpl#injectTempClassLoader(null) [was org.springframework.instrument.classloading.SimpleThrowawayClassLoader@64e3bc2]
2024-04-29T22:16:01.150-04:00  INFO 13756 --- [pacientes] [           main] com.zaxxer.hikari.HikariDataSource       : HikariPool-1 - Starting...
2024-04-29T22:16:01.150-04:00  WARN 13756 --- [pacientes] [           main] c.zaxxer.hikari.util.DriverDataSource    : Registered driver with driverClassName=oracle.jdbc.driver.OracleDriver was not found, trying direct instantiation.
2024-04-29T22:16:03.134-04:00  INFO 13756 --- [pacientes] [           main] com.zaxxer.hikari.pool.HikariPool        : HikariPool-1 - Added connection oracle.jdbc.driver.T4CConnection@288b8663
2024-04-29T22:16:03.149-04:00  INFO 13756 --- [pacientes] [           main] com.zaxxer.hikari.HikariDataSource       : HikariPool-1 - Start completed.
2024-04-29T22:16:03.149-04:00 DEBUG 13756 --- [pacientes] [           main] o.h.e.j.e.i.JdbcEnvironmentInitiator     : Database ->
       name : Oracle
    version : Oracle Database 19c Enterprise Edition Release 19.0.0.0.0 - Production
Version 19.23.0.1.0
      major : 19
      minor : 0
2024-04-29T22:16:03.149-04:00 DEBUG 13756 --- [pacientes] [           main] o.h.e.j.e.i.JdbcEnvironmentInitiator     : Driver ->
       name : Oracle JDBC driver
    version : 21.9.0.0.0
      major : 21
      minor : 9
2024-04-29T22:16:03.149-04:00 DEBUG 13756 --- [pacientes] [           main] o.h.e.j.e.i.JdbcEnvironmentInitiator     : JDBC version : 4.3
2024-04-29T22:16:03.482-04:00  WARN 13756 --- [pacientes] [           main] org.hibernate.orm.deprecation            : HHH90000025: OracleDialect does not need to be specified explicitly using 'hibernate.dialect' (remove the property setting and it will be selected by default)
2024-04-29T22:16:03.485-04:00 DEBUG 13756 --- [pacientes] [           main] org.hibernate.orm.dialect                : HHH035001: Using dialect: org.hibernate.dialect.OracleDialect, version: 19.0
2024-04-29T22:16:03.641-04:00 DEBUG 13756 --- [pacientes] [           main] o.h.t.d.jdbc.spi.JdbcTypeRegistry        : addDescriptor(NCharTypeDescriptor) replaced previous registration(CharTypeDescriptor)
2024-04-29T22:16:03.641-04:00 DEBUG 13756 --- [pacientes] [           main] o.h.t.d.jdbc.spi.JdbcTypeRegistry        : addDescriptor(NVarcharTypeDescriptor) replaced previous registration(VarcharTypeDescriptor)
2024-04-29T22:16:03.642-04:00 DEBUG 13756 --- [pacientes] [           main] o.h.t.d.jdbc.spi.JdbcTypeRegistry        : addDescriptor(LongNVarcharTypeDescriptor) replaced previous registration(LongVarcharTypeDescriptor)
2024-04-29T22:16:03.644-04:00 DEBUG 13756 --- [pacientes] [           main] o.h.t.d.jdbc.spi.JdbcTypeRegistry        : addDescriptor(NClobTypeDescriptor(DEFAULT)) replaced previous registration(ClobTypeDescriptor(DEFAULT))
2024-04-29T22:16:03.646-04:00 DEBUG 13756 --- [pacientes] [           main] o.h.t.d.jdbc.spi.JdbcTypeRegistry        : addDescriptor(2005, ClobTypeDescriptor(STREAM_BINDING)) replaced previous registration(ClobTypeDescriptor(DEFAULT))
2024-04-29T22:16:03.647-04:00 DEBUG 13756 --- [pacientes] [           main] o.h.t.d.jdbc.spi.JdbcTypeRegistry        : addDescriptor(BooleanTypeDescriptor) replaced previous registration(BooleanTypeDescriptor)
2024-04-29T22:16:03.656-04:00 DEBUG 13756 --- [pacientes] [           main] org.hibernate.type.BasicTypeRegistry     : Adding type registration null -> org.hibernate.type.NullType@26b150cd
2024-04-29T22:16:03.657-04:00 DEBUG 13756 --- [pacientes] [           main] org.hibernate.type.BasicTypeRegistry     : Type registration key [null] overrode previous entry : `org.hibernate.type.NullType@3d1b43d8`
2024-04-29T22:16:03.657-04:00 DEBUG 13756 --- [pacientes] [           main] org.hibernate.type.BasicTypeRegistry     : Adding type registration JAVA_OBJECT -> org.hibernate.type.JavaObjectType@19a4cdea
2024-04-29T22:16:03.658-04:00 DEBUG 13756 --- [pacientes] [           main] org.hibernate.type.BasicTypeRegistry     : Adding type registration java.lang.Object -> org.hibernate.type.JavaObjectType@19a4cdea
2024-04-29T22:16:03.658-04:00 DEBUG 13756 --- [pacientes] [           main] org.hibernate.type.BasicTypeRegistry     : Type registration key [java.lang.Object] overrode previous entry : `org.hibernate.type.JavaObjectType@a44ad33`
2024-04-29T22:16:03.662-04:00 DEBUG 13756 --- [pacientes] [           main] org.hibernate.type.BasicTypeRegistry     : Adding type registration org.hibernate.type.DurationType -> basicType@1(java.time.Duration,3015)
2024-04-29T22:16:03.663-04:00 DEBUG 13756 --- [pacientes] [           main] org.hibernate.type.BasicTypeRegistry     : Adding type registration Duration -> basicType@1(java.time.Duration,3015)
2024-04-29T22:16:03.663-04:00 DEBUG 13756 --- [pacientes] [           main] org.hibernate.type.BasicTypeRegistry     : Adding type registration java.time.Duration -> basicType@1(java.time.Duration,3015)
2024-04-29T22:16:03.667-04:00 DEBUG 13756 --- [pacientes] [           main] o.h.type.spi.TypeConfiguration$Scope     : Scoping TypeConfiguration [org.hibernate.type.spi.TypeConfiguration@2ca464bb] to MetadataBuildingContext [org.hibernate.boot.internal.MetadataBuildingContextRootImpl@4767be27]
2024-04-29T22:16:03.711-04:00 DEBUG 13756 --- [pacientes] [           main] o.h.boot.model.relational.Namespace      : Created database namespace [logicalName=Name{catalog=null, schema=null}, physicalName=Name{catalog=null, schema=null}]
2024-04-29T22:16:03.746-04:00 DEBUG 13756 --- [pacientes] [           main] o.h.boot.model.internal.EntityBinder     : Binding entity from annotated class: com.example.pacientes.model.Consulta
2024-04-29T22:16:03.756-04:00 DEBUG 13756 --- [pacientes] [           main] o.h.boot.model.internal.EntityBinder     : Import with entity name Consulta
2024-04-29T22:16:03.765-04:00 DEBUG 13756 --- [pacientes] [           main] o.h.boot.model.internal.EntityBinder     : Bind entity com.example.pacientes.model.Consulta on table consulta
2024-04-29T22:16:03.778-04:00 DEBUG 13756 --- [pacientes] [           main] o.h.boot.model.internal.AnnotatedColumn  : Binding column: AnnotatedDiscriminatorColumn(column='DTYPE')
2024-04-29T22:16:03.803-04:00 DEBUG 13756 --- [pacientes] [           main] o.h.boot.model.internal.AnnotatedColumn  : Binding column: AnnotatedColumn(column='idConsulta')
2024-04-29T22:16:03.805-04:00 DEBUG 13756 --- [pacientes] [           main] o.h.boot.internal.ClassLoaderAccessImpl  : Not known whether passed class name [com.example.pacientes.model.Consulta] is safe
2024-04-29T22:16:03.805-04:00 DEBUG 13756 --- [pacientes] [           main] o.h.boot.internal.ClassLoaderAccessImpl  : No temp ClassLoader provided; using live ClassLoader for loading potentially unsafe class : com.example.pacientes.model.Consulta
2024-04-29T22:16:03.817-04:00 DEBUG 13756 --- [pacientes] [           main] o.h.boot.model.internal.PropertyBinder   : MetadataSourceProcessor property id with lazy=false
2024-04-29T22:16:03.823-04:00 DEBUG 13756 --- [pacientes] [           main] o.h.b.m.internal.AbstractPropertyHolder  : Attempting to locate auto-apply AttributeConverter for property [com.example.pacientes.model.Consulta:id]
2024-04-29T22:16:03.830-04:00 DEBUG 13756 --- [pacientes] [           main] o.h.b.model.internal.BasicValueBinder    : building BasicValue for id
2024-04-29T22:16:03.835-04:00 DEBUG 13756 --- [pacientes] [           main] org.hibernate.mapping.BasicValue         : Skipping column re-registration: consulta.id_consulta
2024-04-29T22:16:03.835-04:00 DEBUG 13756 --- [pacientes] [           main] o.h.boot.model.internal.PropertyBinder   : Building property id
2024-04-29T22:16:03.842-04:00 DEBUG 13756 --- [pacientes] [           main] o.h.boot.model.internal.BinderHelper     : #makeIdGenerator(BasicValue([Column(id_consulta)]), id, identity, , ...)
2024-04-29T22:16:03.844-04:00 DEBUG 13756 --- [pacientes] [           main] o.h.boot.model.internal.AnnotatedColumn  : Binding column: AnnotatedColumn(column='diagnostico')
2024-04-29T22:16:03.845-04:00 DEBUG 13756 --- [pacientes] [           main] o.h.boot.model.internal.PropertyBinder   : MetadataSourceProcessor property diagnostico with lazy=false
2024-04-29T22:16:03.845-04:00 DEBUG 13756 --- [pacientes] [           main] o.h.b.m.internal.AbstractPropertyHolder  : Attempting to locate auto-apply AttributeConverter for property [com.example.pacientes.model.Consulta:diagnostico]
2024-04-29T22:16:03.845-04:00 DEBUG 13756 --- [pacientes] [           main] o.h.b.model.internal.BasicValueBinder    : building BasicValue for diagnostico
2024-04-29T22:16:03.845-04:00 DEBUG 13756 --- [pacientes] [           main] org.hibernate.mapping.BasicValue         : Skipping column re-registration: consulta.diagnostico
2024-04-29T22:16:03.846-04:00 DEBUG 13756 --- [pacientes] [           main] o.h.boot.model.internal.PropertyBinder   : Building property diagnostico
2024-04-29T22:16:03.851-04:00 DEBUG 13756 --- [pacientes] [           main] o.h.boot.model.internal.AnnotatedColumn  : Binding column: AnnotatedColumn(column='fechaConsulta')
2024-04-29T22:16:03.851-04:00 DEBUG 13756 --- [pacientes] [           main] o.h.boot.model.internal.PropertyBinder   : MetadataSourceProcessor property fechaConsulta with lazy=false
2024-04-29T22:16:03.851-04:00 DEBUG 13756 --- [pacientes] [           main] o.h.b.m.internal.AbstractPropertyHolder  : Attempting to locate auto-apply AttributeConverter for property [com.example.pacientes.model.Consulta:fechaConsulta]
2024-04-29T22:16:03.851-04:00 DEBUG 13756 --- [pacientes] [           main] o.h.b.model.internal.BasicValueBinder    : building BasicValue for fechaConsulta
2024-04-29T22:16:03.852-04:00 DEBUG 13756 --- [pacientes] [           main] org.hibernate.mapping.BasicValue         : Skipping column re-registration: consulta.fecha_consulta
2024-04-29T22:16:03.853-04:00 DEBUG 13756 --- [pacientes] [           main] o.h.boot.model.internal.PropertyBinder   : Building property fechaConsulta
2024-04-29T22:16:03.854-04:00 DEBUG 13756 --- [pacientes] [           main] o.h.boot.model.internal.AnnotatedColumn  : Binding column: AnnotatedColumn(column='motivo')
2024-04-29T22:16:03.855-04:00 DEBUG 13756 --- [pacientes] [           main] o.h.boot.model.internal.PropertyBinder   : MetadataSourceProcessor property motivo with lazy=false
2024-04-29T22:16:03.856-04:00 DEBUG 13756 --- [pacientes] [           main] o.h.b.m.internal.AbstractPropertyHolder  : Attempting to locate auto-apply AttributeConverter for property [com.example.pacientes.model.Consulta:motivo]
2024-04-29T22:16:03.856-04:00 DEBUG 13756 --- [pacientes] [           main] o.h.b.model.internal.BasicValueBinder    : building BasicValue for motivo
2024-04-29T22:16:03.856-04:00 DEBUG 13756 --- [pacientes] [           main] org.hibernate.mapping.BasicValue         : Skipping column re-registration: consulta.motivo
2024-04-29T22:16:03.856-04:00 DEBUG 13756 --- [pacientes] [           main] o.h.boot.model.internal.PropertyBinder   : Building property motivo
2024-04-29T22:16:03.857-04:00 DEBUG 13756 --- [pacientes] [           main] o.h.boot.model.internal.AnnotatedColumn  : Binding column: AnnotatedColumn(column='nombreMedico')
2024-04-29T22:16:03.858-04:00 DEBUG 13756 --- [pacientes] [           main] o.h.boot.model.internal.PropertyBinder   : MetadataSourceProcessor property nombreMedico with lazy=false
2024-04-29T22:16:03.858-04:00 DEBUG 13756 --- [pacientes] [           main] o.h.b.m.internal.AbstractPropertyHolder  : Attempting to locate auto-apply AttributeConverter for property [com.example.pacientes.model.Consulta:nombreMedico]
2024-04-29T22:16:03.858-04:00 DEBUG 13756 --- [pacientes] [           main] o.h.b.model.internal.BasicValueBinder    : building BasicValue for nombreMedico
2024-04-29T22:16:03.858-04:00 DEBUG 13756 --- [pacientes] [           main] org.hibernate.mapping.BasicValue         : Skipping column re-registration: consulta.nombre_medico
2024-04-29T22:16:03.858-04:00 DEBUG 13756 --- [pacientes] [           main] o.h.boot.model.internal.PropertyBinder   : Building property nombreMedico
2024-04-29T22:16:03.862-04:00 DEBUG 13756 --- [pacientes] [           main] o.h.boot.model.internal.AnnotatedColumn  : Binding column: AnnotatedJoinColumn(column='paciente_id')
2024-04-29T22:16:03.867-04:00 DEBUG 13756 --- [pacientes] [           main] o.h.boot.model.internal.AnnotatedColumn  : Binding column: AnnotatedColumn()
2024-04-29T22:16:03.874-04:00 DEBUG 13756 --- [pacientes] [           main] o.h.boot.model.internal.PropertyBinder   : Building property paciente
2024-04-29T22:16:03.875-04:00 DEBUG 13756 --- [pacientes] [           main] o.h.boot.model.internal.AnnotatedColumn  : Binding column: AnnotatedColumn(column='tratamiento')
2024-04-29T22:16:03.875-04:00 DEBUG 13756 --- [pacientes] [           main] o.h.boot.model.internal.PropertyBinder   : MetadataSourceProcessor property tratamiento with lazy=false
2024-04-29T22:16:03.877-04:00 DEBUG 13756 --- [pacientes] [           main] o.h.b.m.internal.AbstractPropertyHolder  : Attempting to locate auto-apply AttributeConverter for property [com.example.pacientes.model.Consulta:tratamiento]
2024-04-29T22:16:03.877-04:00 DEBUG 13756 --- [pacientes] [           main] o.h.b.model.internal.BasicValueBinder    : building BasicValue for tratamiento
2024-04-29T22:16:03.878-04:00 DEBUG 13756 --- [pacientes] [           main] org.hibernate.mapping.BasicValue         : Skipping column re-registration: consulta.tratamiento
2024-04-29T22:16:03.878-04:00 DEBUG 13756 --- [pacientes] [           main] o.h.boot.model.internal.PropertyBinder   : Building property tratamiento
2024-04-29T22:16:03.883-04:00 DEBUG 13756 --- [pacientes] [           main] o.h.b.r.c.i.ClassLoaderServiceImpl       : HHH000194: Package not found or wo package-info.java: com.example.pacientes.model
2024-04-29T22:16:03.895-04:00 DEBUG 13756 --- [pacientes] [           main] o.h.boot.model.internal.EntityBinder     : Binding entity from annotated class: com.example.pacientes.model.HistorialMedico
2024-04-29T22:16:03.897-04:00 DEBUG 13756 --- [pacientes] [           main] o.h.boot.model.internal.EntityBinder     : Import with entity name HistorialMedico
2024-04-29T22:16:03.897-04:00 DEBUG 13756 --- [pacientes] [           main] o.h.boot.model.internal.EntityBinder     : Bind entity com.example.pacientes.model.HistorialMedico on table historial_medico
2024-04-29T22:16:03.898-04:00 DEBUG 13756 --- [pacientes] [           main] o.h.boot.model.internal.AnnotatedColumn  : Binding column: AnnotatedDiscriminatorColumn(column='DTYPE')
2024-04-29T22:16:03.900-04:00 DEBUG 13756 --- [pacientes] [           main] o.h.boot.model.internal.AnnotatedColumn  : Binding column: AnnotatedColumn(column='idHistorialMedico')
2024-04-29T22:16:03.900-04:00 DEBUG 13756 --- [pacientes] [           main] o.h.boot.internal.ClassLoaderAccessImpl  : Not known whether passed class name [com.example.pacientes.model.HistorialMedico] is safe
2024-04-29T22:16:03.901-04:00 DEBUG 13756 --- [pacientes] [           main] o.h.boot.internal.ClassLoaderAccessImpl  : No temp ClassLoader provided; using live ClassLoader for loading potentially unsafe class : com.example.pacientes.model.HistorialMedico
2024-04-29T22:16:03.901-04:00 DEBUG 13756 --- [pacientes] [           main] o.h.boot.model.internal.PropertyBinder   : MetadataSourceProcessor property id with lazy=false
2024-04-29T22:16:03.902-04:00 DEBUG 13756 --- [pacientes] [           main] o.h.b.m.internal.AbstractPropertyHolder  : Attempting to locate auto-apply AttributeConverter for property [com.example.pacientes.model.HistorialMedico:id]
2024-04-29T22:16:03.904-04:00 DEBUG 13756 --- [pacientes] [           main] o.h.b.model.internal.BasicValueBinder    : building BasicValue for id
2024-04-29T22:16:03.905-04:00 DEBUG 13756 --- [pacientes] [           main] org.hibernate.mapping.BasicValue         : Skipping column re-registration: historial_medico.id_historial_medico
2024-04-29T22:16:03.905-04:00 DEBUG 13756 --- [pacientes] [           main] o.h.boot.model.internal.PropertyBinder   : Building property id
2024-04-29T22:16:03.906-04:00 DEBUG 13756 --- [pacientes] [           main] o.h.boot.model.internal.BinderHelper     : #makeIdGenerator(BasicValue([Column(id_historial_medico)]), id, identity, , ...)
2024-04-29T22:16:03.906-04:00 DEBUG 13756 --- [pacientes] [           main] o.h.boot.model.internal.AnnotatedColumn  : Binding column: AnnotatedColumn(column='antecedentes')
2024-04-29T22:16:03.907-04:00 DEBUG 13756 --- [pacientes] [           main] o.h.boot.model.internal.PropertyBinder   : MetadataSourceProcessor property antecedentes with lazy=false
2024-04-29T22:16:03.907-04:00 DEBUG 13756 --- [pacientes] [           main] o.h.b.m.internal.AbstractPropertyHolder  : Attempting to locate auto-apply AttributeConverter for property [com.example.pacientes.model.HistorialMedico:antecedentes]
2024-04-29T22:16:03.907-04:00 DEBUG 13756 --- [pacientes] [           main] o.h.b.model.internal.BasicValueBinder    : building BasicValue for antecedentes
2024-04-29T22:16:03.907-04:00 DEBUG 13756 --- [pacientes] [           main] org.hibernate.mapping.BasicValue         : Skipping column re-registration: historial_medico.antecedentes
2024-04-29T22:16:03.907-04:00 DEBUG 13756 --- [pacientes] [           main] o.h.boot.model.internal.PropertyBinder   : Building property antecedentes
2024-04-29T22:16:03.909-04:00 DEBUG 13756 --- [pacientes] [           main] o.h.boot.model.internal.AnnotatedColumn  : Binding column: AnnotatedColumn(column='estudios')
2024-04-29T22:16:03.909-04:00 DEBUG 13756 --- [pacientes] [           main] o.h.boot.model.internal.PropertyBinder   : MetadataSourceProcessor property estudios with lazy=false
2024-04-29T22:16:03.911-04:00 DEBUG 13756 --- [pacientes] [           main] o.h.b.m.internal.AbstractPropertyHolder  : Attempting to locate auto-apply AttributeConverter for property [com.example.pacientes.model.HistorialMedico:estudios]
2024-04-29T22:16:03.912-04:00 DEBUG 13756 --- [pacientes] [           main] o.h.b.model.internal.BasicValueBinder    : building BasicValue for estudios
2024-04-29T22:16:03.913-04:00 DEBUG 13756 --- [pacientes] [           main] org.hibernate.mapping.BasicValue         : Skipping column re-registration: historial_medico.estudios
2024-04-29T22:16:03.913-04:00 DEBUG 13756 --- [pacientes] [           main] o.h.boot.model.internal.PropertyBinder   : Building property estudios
2024-04-29T22:16:03.949-04:00 DEBUG 13756 --- [pacientes] [           main] o.h.boot.model.internal.AnnotatedColumn  : Binding column: AnnotatedColumn(column='examenes')
2024-04-29T22:16:03.967-04:00 DEBUG 13756 --- [pacientes] [           main] o.h.boot.model.internal.PropertyBinder   : MetadataSourceProcessor property examenes with lazy=false
2024-04-29T22:16:03.968-04:00 DEBUG 13756 --- [pacientes] [           main] o.h.b.m.internal.AbstractPropertyHolder  : Attempting to locate auto-apply AttributeConverter for property [com.example.pacientes.model.HistorialMedico:examenes]
2024-04-29T22:16:03.969-04:00 DEBUG 13756 --- [pacientes] [           main] o.h.b.model.internal.BasicValueBinder    : building BasicValue for examenes
2024-04-29T22:16:03.969-04:00 DEBUG 13756 --- [pacientes] [           main] org.hibernate.mapping.BasicValue         : Skipping column re-registration: historial_medico.examenes
2024-04-29T22:16:03.970-04:00 DEBUG 13756 --- [pacientes] [           main] o.h.boot.model.internal.PropertyBinder   : Building property examenes
2024-04-29T22:16:03.971-04:00 DEBUG 13756 --- [pacientes] [           main] o.h.boot.model.internal.AnnotatedColumn  : Binding column: AnnotatedColumn(column='fechaHistorialMedico')
2024-04-29T22:16:03.972-04:00 DEBUG 13756 --- [pacientes] [           main] o.h.boot.model.internal.PropertyBinder   : MetadataSourceProcessor property fechaHistorialMedico with lazy=false
2024-04-29T22:16:03.972-04:00 DEBUG 13756 --- [pacientes] [           main] o.h.b.m.internal.AbstractPropertyHolder  : Attempting to locate auto-apply AttributeConverter for property [com.example.pacientes.model.HistorialMedico:fechaHistorialMedico]
2024-04-29T22:16:03.972-04:00 DEBUG 13756 --- [pacientes] [           main] o.h.b.model.internal.BasicValueBinder    : building BasicValue for fechaHistorialMedico
2024-04-29T22:16:03.972-04:00 DEBUG 13756 --- [pacientes] [           main] org.hibernate.mapping.BasicValue         : Skipping column re-registration: historial_medico.fecha_historial_medico
2024-04-29T22:16:03.972-04:00 DEBUG 13756 --- [pacientes] [           main] o.h.boot.model.internal.PropertyBinder   : Building property fechaHistorialMedico
2024-04-29T22:16:03.972-04:00 DEBUG 13756 --- [pacientes] [           main] o.h.boot.model.internal.AnnotatedColumn  : Binding column: AnnotatedColumn(column='internaciones')
2024-04-29T22:16:03.973-04:00 DEBUG 13756 --- [pacientes] [           main] o.h.boot.model.internal.PropertyBinder   : MetadataSourceProcessor property internaciones with lazy=false
2024-04-29T22:16:03.973-04:00 DEBUG 13756 --- [pacientes] [           main] o.h.b.m.internal.AbstractPropertyHolder  : Attempting to locate auto-apply AttributeConverter for property [com.example.pacientes.model.HistorialMedico:internaciones]
2024-04-29T22:16:03.973-04:00 DEBUG 13756 --- [pacientes] [           main] o.h.b.model.internal.BasicValueBinder    : building BasicValue for internaciones
2024-04-29T22:16:03.974-04:00 DEBUG 13756 --- [pacientes] [           main] org.hibernate.mapping.BasicValue         : Skipping column re-registration: historial_medico.internaciones
2024-04-29T22:16:03.974-04:00 DEBUG 13756 --- [pacientes] [           main] o.h.boot.model.internal.PropertyBinder   : Building property internaciones
2024-04-29T22:16:03.974-04:00 DEBUG 13756 --- [pacientes] [           main] o.h.boot.model.internal.AnnotatedColumn  : Binding column: AnnotatedColumn(column='medicamentos')
2024-04-29T22:16:03.975-04:00 DEBUG 13756 --- [pacientes] [           main] o.h.boot.model.internal.PropertyBinder   : MetadataSourceProcessor property medicamentos with lazy=false
2024-04-29T22:16:03.975-04:00 DEBUG 13756 --- [pacientes] [           main] o.h.b.m.internal.AbstractPropertyHolder  : Attempting to locate auto-apply AttributeConverter for property [com.example.pacientes.model.HistorialMedico:medicamentos]
2024-04-29T22:16:03.975-04:00 DEBUG 13756 --- [pacientes] [           main] o.h.b.model.internal.BasicValueBinder    : building BasicValue for medicamentos
2024-04-29T22:16:03.975-04:00 DEBUG 13756 --- [pacientes] [           main] org.hibernate.mapping.BasicValue         : Skipping column re-registration: historial_medico.medicamentos
2024-04-29T22:16:03.975-04:00 DEBUG 13756 --- [pacientes] [           main] o.h.boot.model.internal.PropertyBinder   : Building property medicamentos
2024-04-29T22:16:03.976-04:00 DEBUG 13756 --- [pacientes] [           main] o.h.boot.model.internal.AnnotatedColumn  : Binding column: AnnotatedColumn(column='nombreMedico')
2024-04-29T22:16:03.977-04:00 DEBUG 13756 --- [pacientes] [           main] o.h.boot.model.internal.PropertyBinder   : MetadataSourceProcessor property nombreMedico with lazy=false
2024-04-29T22:16:03.977-04:00 DEBUG 13756 --- [pacientes] [           main] o.h.b.m.internal.AbstractPropertyHolder  : Attempting to locate auto-apply AttributeConverter for property [com.example.pacientes.model.HistorialMedico:nombreMedico]
2024-04-29T22:16:03.977-04:00 DEBUG 13756 --- [pacientes] [           main] o.h.b.model.internal.BasicValueBinder    : building BasicValue for nombreMedico
2024-04-29T22:16:03.977-04:00 DEBUG 13756 --- [pacientes] [           main] org.hibernate.mapping.BasicValue         : Skipping column re-registration: historial_medico.nombre_medico
2024-04-29T22:16:03.977-04:00 DEBUG 13756 --- [pacientes] [           main] o.h.boot.model.internal.PropertyBinder   : Building property nombreMedico
2024-04-29T22:16:03.978-04:00 DEBUG 13756 --- [pacientes] [           main] o.h.boot.model.internal.AnnotatedColumn  : Binding column: AnnotatedColumn(column='operaciones')
2024-04-29T22:16:03.978-04:00 DEBUG 13756 --- [pacientes] [           main] o.h.boot.model.internal.PropertyBinder   : MetadataSourceProcessor property operaciones with lazy=false
2024-04-29T22:16:03.978-04:00 DEBUG 13756 --- [pacientes] [           main] o.h.b.m.internal.AbstractPropertyHolder  : Attempting to locate auto-apply AttributeConverter for property [com.example.pacientes.model.HistorialMedico:operaciones]
2024-04-29T22:16:03.979-04:00 DEBUG 13756 --- [pacientes] [           main] o.h.b.model.internal.BasicValueBinder    : building BasicValue for operaciones
2024-04-29T22:16:03.980-04:00 DEBUG 13756 --- [pacientes] [           main] org.hibernate.mapping.BasicValue         : Skipping column re-registration: historial_medico.operaciones
2024-04-29T22:16:03.980-04:00 DEBUG 13756 --- [pacientes] [           main] o.h.boot.model.internal.PropertyBinder   : Building property operaciones
2024-04-29T22:16:03.994-04:00 DEBUG 13756 --- [pacientes] [           main] o.h.boot.model.internal.AnnotatedColumn  : Binding column: AnnotatedJoinColumn(column='paciente_id')
2024-04-29T22:16:03.998-04:00 DEBUG 13756 --- [pacientes] [           main] o.h.boot.model.internal.AnnotatedColumn  : Binding column: AnnotatedColumn()
2024-04-29T22:16:03.999-04:00 DEBUG 13756 --- [pacientes] [           main] o.h.boot.model.internal.PropertyBinder   : Building property paciente
2024-04-29T22:16:04.000-04:00 DEBUG 13756 --- [pacientes] [           main] o.h.boot.model.internal.AnnotatedColumn  : Binding column: AnnotatedColumn(column='tratamientos')
2024-04-29T22:16:04.001-04:00 DEBUG 13756 --- [pacientes] [           main] o.h.boot.model.internal.PropertyBinder   : MetadataSourceProcessor property tratamientos with lazy=false
2024-04-29T22:16:04.001-04:00 DEBUG 13756 --- [pacientes] [           main] o.h.b.m.internal.AbstractPropertyHolder  : Attempting to locate auto-apply AttributeConverter for property [com.example.pacientes.model.HistorialMedico:tratamientos]
2024-04-29T22:16:04.002-04:00 DEBUG 13756 --- [pacientes] [           main] o.h.b.model.internal.BasicValueBinder    : building BasicValue for tratamientos
2024-04-29T22:16:04.002-04:00 DEBUG 13756 --- [pacientes] [           main] org.hibernate.mapping.BasicValue         : Skipping column re-registration: historial_medico.tratamientos
2024-04-29T22:16:04.002-04:00 DEBUG 13756 --- [pacientes] [           main] o.h.boot.model.internal.PropertyBinder   : Building property tratamientos
2024-04-29T22:16:04.013-04:00 DEBUG 13756 --- [pacientes] [           main] o.h.b.r.c.i.ClassLoaderServiceImpl       : HHH000194: Package not found or wo package-info.java: com.example.pacientes.model
2024-04-29T22:16:04.022-04:00 DEBUG 13756 --- [pacientes] [           main] o.h.boot.model.internal.EntityBinder     : Binding entity from annotated class: com.example.pacientes.model.Paciente
2024-04-29T22:16:04.025-04:00 DEBUG 13756 --- [pacientes] [           main] o.h.boot.model.internal.EntityBinder     : Import with entity name Paciente
2024-04-29T22:16:04.026-04:00 DEBUG 13756 --- [pacientes] [           main] o.h.boot.model.internal.EntityBinder     : Bind entity com.example.pacientes.model.Paciente on table paciente
2024-04-29T22:16:04.027-04:00 DEBUG 13756 --- [pacientes] [           main] o.h.boot.model.internal.AnnotatedColumn  : Binding column: AnnotatedDiscriminatorColumn(column='DTYPE')
2024-04-29T22:16:04.040-04:00 DEBUG 13756 --- [pacientes] [           main] o.h.boot.model.internal.AnnotatedColumn  : Binding column: AnnotatedColumn(column='idPaciente')
2024-04-29T22:16:04.040-04:00 DEBUG 13756 --- [pacientes] [           main] o.h.boot.internal.ClassLoaderAccessImpl  : Not known whether passed class name [com.example.pacientes.model.Paciente] is safe
2024-04-29T22:16:04.041-04:00 DEBUG 13756 --- [pacientes] [           main] o.h.boot.internal.ClassLoaderAccessImpl  : No temp ClassLoader provided; using live ClassLoader for loading potentially unsafe class : com.example.pacientes.model.Paciente
2024-04-29T22:16:04.041-04:00 DEBUG 13756 --- [pacientes] [           main] o.h.boot.model.internal.PropertyBinder   : MetadataSourceProcessor property id with lazy=false
2024-04-29T22:16:04.041-04:00 DEBUG 13756 --- [pacientes] [           main] o.h.b.m.internal.AbstractPropertyHolder  : Attempting to locate auto-apply AttributeConverter for property [com.example.pacientes.model.Paciente:id]
2024-04-29T22:16:04.041-04:00 DEBUG 13756 --- [pacientes] [           main] o.h.b.model.internal.BasicValueBinder    : building BasicValue for id
2024-04-29T22:16:04.041-04:00 DEBUG 13756 --- [pacientes] [           main] org.hibernate.mapping.BasicValue         : Skipping column re-registration: paciente.id_paciente
2024-04-29T22:16:04.041-04:00 DEBUG 13756 --- [pacientes] [           main] o.h.boot.model.internal.PropertyBinder   : Building property id
2024-04-29T22:16:04.042-04:00 DEBUG 13756 --- [pacientes] [           main] o.h.boot.model.internal.BinderHelper     : #makeIdGenerator(BasicValue([Column(id_paciente)]), id, identity, , ...)
2024-04-29T22:16:04.042-04:00 DEBUG 13756 --- [pacientes] [           main] o.h.boot.model.internal.AnnotatedColumn  : Binding column: AnnotatedColumn(column='apellidoMaterno')
2024-04-29T22:16:04.042-04:00 DEBUG 13756 --- [pacientes] [           main] o.h.boot.model.internal.PropertyBinder   : MetadataSourceProcessor property apellidoMaterno with lazy=false
2024-04-29T22:16:04.042-04:00 DEBUG 13756 --- [pacientes] [           main] o.h.b.m.internal.AbstractPropertyHolder  : Attempting to locate auto-apply AttributeConverter for property [com.example.pacientes.model.Paciente:apellidoMaterno]
2024-04-29T22:16:04.042-04:00 DEBUG 13756 --- [pacientes] [           main] o.h.b.model.internal.BasicValueBinder    : building BasicValue for apellidoMaterno
2024-04-29T22:16:04.042-04:00 DEBUG 13756 --- [pacientes] [           main] org.hibernate.mapping.BasicValue         : Skipping column re-registration: paciente.apellido_materno
2024-04-29T22:16:04.043-04:00 DEBUG 13756 --- [pacientes] [           main] o.h.boot.model.internal.PropertyBinder   : Building property apellidoMaterno
2024-04-29T22:16:04.043-04:00 DEBUG 13756 --- [pacientes] [           main] o.h.boot.model.internal.AnnotatedColumn  : Binding column: AnnotatedColumn(column='apellidoPaterno')
2024-04-29T22:16:04.043-04:00 DEBUG 13756 --- [pacientes] [           main] o.h.boot.model.internal.PropertyBinder   : MetadataSourceProcessor property apellidoPaterno with lazy=false
2024-04-29T22:16:04.043-04:00 DEBUG 13756 --- [pacientes] [           main] o.h.b.m.internal.AbstractPropertyHolder  : Attempting to locate auto-apply AttributeConverter for property [com.example.pacientes.model.Paciente:apellidoPaterno]
2024-04-29T22:16:04.043-04:00 DEBUG 13756 --- [pacientes] [           main] o.h.b.model.internal.BasicValueBinder    : building BasicValue for apellidoPaterno
2024-04-29T22:16:04.043-04:00 DEBUG 13756 --- [pacientes] [           main] org.hibernate.mapping.BasicValue         : Skipping column re-registration: paciente.apellido_paterno
2024-04-29T22:16:04.044-04:00 DEBUG 13756 --- [pacientes] [           main] o.h.boot.model.internal.PropertyBinder   : Building property apellidoPaterno
2024-04-29T22:16:04.044-04:00 DEBUG 13756 --- [pacientes] [           main] o.h.boot.model.internal.AnnotatedColumn  : Binding column: AnnotatedJoinColumn()
2024-04-29T22:16:04.044-04:00 DEBUG 13756 --- [pacientes] [           main] o.h.boot.model.internal.AnnotatedColumn  : Binding column: AnnotatedColumn()
2024-04-29T22:16:04.083-04:00 DEBUG 13756 --- [pacientes] [           main] o.h.boot.model.internal.AnnotatedColumn  : Binding column: IndexColumn(column='consultas_ORDER')
2024-04-29T22:16:04.107-04:00 DEBUG 13756 --- [pacientes] [           main] o.h.boot.model.internal.AnnotatedColumn  : Binding column: AnnotatedColumn()
2024-04-29T22:16:04.109-04:00 DEBUG 13756 --- [pacientes] [           main] o.h.boot.model.internal.AnnotatedColumn  : Binding column: AnnotatedColumn(column='consultas_KEY')
2024-04-29T22:16:04.110-04:00 DEBUG 13756 --- [pacientes] [           main] o.h.boot.model.internal.AnnotatedColumn  : Binding column: AnnotatedJoinColumn(column='consultas_KEY')
2024-04-29T22:16:04.110-04:00 DEBUG 13756 --- [pacientes] [           main] o.h.boot.model.internal.AnnotatedColumn  : Binding column: AnnotatedJoinColumn()
2024-04-29T22:16:04.110-04:00 DEBUG 13756 --- [pacientes] [           main] o.h.boot.model.internal.AnnotatedColumn  : Binding column: AnnotatedJoinColumn()
2024-04-29T22:16:04.115-04:00 DEBUG 13756 --- [pacientes] [           main] o.h.b.model.internal.CollectionBinder    : Collection role: com.example.pacientes.model.Paciente.consultas
2024-04-29T22:16:04.120-04:00 DEBUG 13756 --- [pacientes] [           main] o.h.boot.model.internal.PropertyBinder   : Building property consultas
2024-04-29T22:16:04.121-04:00 DEBUG 13756 --- [pacientes] [           main] o.h.boot.model.internal.AnnotatedColumn  : Binding column: AnnotatedColumn(column='contactoEmerg')
2024-04-29T22:16:04.122-04:00 DEBUG 13756 --- [pacientes] [           main] o.h.boot.model.internal.PropertyBinder   : MetadataSourceProcessor property contactoEmerg with lazy=false
2024-04-29T22:16:04.122-04:00 DEBUG 13756 --- [pacientes] [           main] o.h.b.m.internal.AbstractPropertyHolder  : Attempting to locate auto-apply AttributeConverter for property [com.example.pacientes.model.Paciente:contactoEmerg]
2024-04-29T22:16:04.122-04:00 DEBUG 13756 --- [pacientes] [           main] o.h.b.model.internal.BasicValueBinder    : building BasicValue for contactoEmerg
2024-04-29T22:16:04.122-04:00 DEBUG 13756 --- [pacientes] [           main] org.hibernate.mapping.BasicValue         : Skipping column re-registration: paciente.contacto_emerg
2024-04-29T22:16:04.122-04:00 DEBUG 13756 --- [pacientes] [           main] o.h.boot.model.internal.PropertyBinder   : Building property contactoEmerg
2024-04-29T22:16:04.123-04:00 DEBUG 13756 --- [pacientes] [           main] o.h.boot.model.internal.AnnotatedColumn  : Binding column: AnnotatedColumn(column='calle')
2024-04-29T22:16:04.123-04:00 DEBUG 13756 --- [pacientes] [           main] o.h.boot.model.internal.PropertyBinder   : MetadataSourceProcessor property direccion with lazy=false
2024-04-29T22:16:04.123-04:00 DEBUG 13756 --- [pacientes] [           main] o.h.b.m.internal.AbstractPropertyHolder  : Attempting to locate auto-apply AttributeConverter for property [com.example.pacientes.model.Paciente:direccion]
2024-04-29T22:16:04.124-04:00 DEBUG 13756 --- [pacientes] [           main] o.h.b.model.internal.BasicValueBinder    : building BasicValue for direccion
2024-04-29T22:16:04.124-04:00 DEBUG 13756 --- [pacientes] [           main] org.hibernate.mapping.BasicValue         : Skipping column re-registration: paciente.calle
2024-04-29T22:16:04.124-04:00 DEBUG 13756 --- [pacientes] [           main] o.h.boot.model.internal.PropertyBinder   : Building property direccion
2024-04-29T22:16:04.125-04:00 DEBUG 13756 --- [pacientes] [           main] o.h.boot.model.internal.AnnotatedColumn  : Binding column: AnnotatedColumn(column='email')
2024-04-29T22:16:04.125-04:00 DEBUG 13756 --- [pacientes] [           main] o.h.boot.model.internal.PropertyBinder   : MetadataSourceProcessor property email with lazy=false
2024-04-29T22:16:04.125-04:00 DEBUG 13756 --- [pacientes] [           main] o.h.b.m.internal.AbstractPropertyHolder  : Attempting to locate auto-apply AttributeConverter for property [com.example.pacientes.model.Paciente:email]
2024-04-29T22:16:04.125-04:00 DEBUG 13756 --- [pacientes] [           main] o.h.b.model.internal.BasicValueBinder    : building BasicValue for email
2024-04-29T22:16:04.126-04:00 DEBUG 13756 --- [pacientes] [           main] org.hibernate.mapping.BasicValue         : Skipping column re-registration: paciente.email
2024-04-29T22:16:04.126-04:00 DEBUG 13756 --- [pacientes] [           main] o.h.boot.model.internal.PropertyBinder   : Building property email
2024-04-29T22:16:04.126-04:00 DEBUG 13756 --- [pacientes] [           main] o.h.boot.model.internal.AnnotatedColumn  : Binding column: AnnotatedColumn(column='fechaNacimiento')
2024-04-29T22:16:04.127-04:00 DEBUG 13756 --- [pacientes] [           main] o.h.boot.model.internal.PropertyBinder   : MetadataSourceProcessor property fechaNacimiento with lazy=false
2024-04-29T22:16:04.127-04:00 DEBUG 13756 --- [pacientes] [           main] o.h.b.m.internal.AbstractPropertyHolder  : Attempting to locate auto-apply AttributeConverter for property [com.example.pacientes.model.Paciente:fechaNacimiento]
2024-04-29T22:16:04.127-04:00 DEBUG 13756 --- [pacientes] [           main] o.h.b.model.internal.BasicValueBinder    : building BasicValue for fechaNacimiento
2024-04-29T22:16:04.127-04:00 DEBUG 13756 --- [pacientes] [           main] org.hibernate.mapping.BasicValue         : Skipping column re-registration: paciente.fecha_nacimiento
2024-04-29T22:16:04.127-04:00 DEBUG 13756 --- [pacientes] [           main] o.h.boot.model.internal.PropertyBinder   : Building property fechaNacimiento
2024-04-29T22:16:04.127-04:00 DEBUG 13756 --- [pacientes] [           main] o.h.boot.model.internal.AnnotatedColumn  : Binding column: AnnotatedJoinColumn()
2024-04-29T22:16:04.128-04:00 DEBUG 13756 --- [pacientes] [           main] o.h.boot.model.internal.AnnotatedColumn  : Binding column: AnnotatedColumn()
2024-04-29T22:16:04.128-04:00 DEBUG 13756 --- [pacientes] [           main] o.h.boot.model.internal.AnnotatedColumn  : Binding column: IndexColumn(column='historialMedico_ORDER')
2024-04-29T22:16:04.129-04:00 DEBUG 13756 --- [pacientes] [           main] o.h.boot.model.internal.AnnotatedColumn  : Binding column: AnnotatedColumn()
2024-04-29T22:16:04.131-04:00 DEBUG 13756 --- [pacientes] [           main] o.h.boot.model.internal.AnnotatedColumn  : Binding column: AnnotatedColumn(column='historialMedico_KEY')
2024-04-29T22:16:04.131-04:00 DEBUG 13756 --- [pacientes] [           main] o.h.boot.model.internal.AnnotatedColumn  : Binding column: AnnotatedJoinColumn(column='historialMedico_KEY')
2024-04-29T22:16:04.131-04:00 DEBUG 13756 --- [pacientes] [           main] o.h.boot.model.internal.AnnotatedColumn  : Binding column: AnnotatedJoinColumn()
2024-04-29T22:16:04.132-04:00 DEBUG 13756 --- [pacientes] [           main] o.h.boot.model.internal.AnnotatedColumn  : Binding column: AnnotatedJoinColumn()
2024-04-29T22:16:04.132-04:00 DEBUG 13756 --- [pacientes] [           main] o.h.b.model.internal.CollectionBinder    : Collection role: com.example.pacientes.model.Paciente.historialMedico
2024-04-29T22:16:04.132-04:00 DEBUG 13756 --- [pacientes] [           main] o.h.boot.model.internal.PropertyBinder   : Building property historialMedico
2024-04-29T22:16:04.132-04:00 DEBUG 13756 --- [pacientes] [           main] o.h.boot.model.internal.AnnotatedColumn  : Binding column: AnnotatedColumn(column='nombre')
2024-04-29T22:16:04.132-04:00 DEBUG 13756 --- [pacientes] [           main] o.h.boot.model.internal.PropertyBinder   : MetadataSourceProcessor property nombre with lazy=false
2024-04-29T22:16:04.132-04:00 DEBUG 13756 --- [pacientes] [           main] o.h.b.m.internal.AbstractPropertyHolder  : Attempting to locate auto-apply AttributeConverter for property [com.example.pacientes.model.Paciente:nombre]
2024-04-29T22:16:04.132-04:00 DEBUG 13756 --- [pacientes] [           main] o.h.b.model.internal.BasicValueBinder    : building BasicValue for nombre
2024-04-29T22:16:04.132-04:00 DEBUG 13756 --- [pacientes] [           main] org.hibernate.mapping.BasicValue         : Skipping column re-registration: paciente.nombre
2024-04-29T22:16:04.132-04:00 DEBUG 13756 --- [pacientes] [           main] o.h.boot.model.internal.PropertyBinder   : Building property nombre
2024-04-29T22:16:04.133-04:00 DEBUG 13756 --- [pacientes] [           main] o.h.boot.model.internal.AnnotatedColumn  : Binding column: AnnotatedColumn(column='rut')
2024-04-29T22:16:04.133-04:00 DEBUG 13756 --- [pacientes] [           main] o.h.boot.model.internal.PropertyBinder   : MetadataSourceProcessor property rut with lazy=false
2024-04-29T22:16:04.134-04:00 DEBUG 13756 --- [pacientes] [           main] o.h.b.m.internal.AbstractPropertyHolder  : Attempting to locate auto-apply AttributeConverter for property [com.example.pacientes.model.Paciente:rut]
2024-04-29T22:16:04.134-04:00 DEBUG 13756 --- [pacientes] [           main] o.h.b.model.internal.BasicValueBinder    : building BasicValue for rut
2024-04-29T22:16:04.134-04:00 DEBUG 13756 --- [pacientes] [           main] org.hibernate.mapping.BasicValue         : Skipping column re-registration: paciente.rut
2024-04-29T22:16:04.134-04:00 DEBUG 13756 --- [pacientes] [           main] o.h.boot.model.internal.PropertyBinder   : Building property rut
2024-04-29T22:16:04.135-04:00 DEBUG 13756 --- [pacientes] [           main] o.h.boot.model.internal.AnnotatedColumn  : Binding column: AnnotatedColumn(column='telefono')
2024-04-29T22:16:04.135-04:00 DEBUG 13756 --- [pacientes] [           main] o.h.boot.model.internal.PropertyBinder   : MetadataSourceProcessor property telefono with lazy=false
2024-04-29T22:16:04.136-04:00 DEBUG 13756 --- [pacientes] [           main] o.h.b.m.internal.AbstractPropertyHolder  : Attempting to locate auto-apply AttributeConverter for property [com.example.pacientes.model.Paciente:telefono]
2024-04-29T22:16:04.137-04:00 DEBUG 13756 --- [pacientes] [           main] o.h.b.model.internal.BasicValueBinder    : building BasicValue for telefono
2024-04-29T22:16:04.137-04:00 DEBUG 13756 --- [pacientes] [           main] org.hibernate.mapping.BasicValue         : Skipping column re-registration: paciente.telefono
2024-04-29T22:16:04.137-04:00 DEBUG 13756 --- [pacientes] [           main] o.h.boot.model.internal.PropertyBinder   : Building property telefono
2024-04-29T22:16:04.138-04:00 DEBUG 13756 --- [pacientes] [           main] o.h.boot.model.internal.AnnotatedColumn  : Binding column: AnnotatedColumn(column='tipoSangre')
2024-04-29T22:16:04.138-04:00 DEBUG 13756 --- [pacientes] [           main] o.h.boot.model.internal.PropertyBinder   : MetadataSourceProcessor property tipoSangre with lazy=false
2024-04-29T22:16:04.138-04:00 DEBUG 13756 --- [pacientes] [           main] o.h.b.m.internal.AbstractPropertyHolder  : Attempting to locate auto-apply AttributeConverter for property [com.example.pacientes.model.Paciente:tipoSangre]
2024-04-29T22:16:04.138-04:00 DEBUG 13756 --- [pacientes] [           main] o.h.b.model.internal.BasicValueBinder    : building BasicValue for tipoSangre
2024-04-29T22:16:04.138-04:00 DEBUG 13756 --- [pacientes] [           main] org.hibernate.mapping.BasicValue         : Skipping column re-registration: paciente.tipo_sangre
2024-04-29T22:16:04.138-04:00 DEBUG 13756 --- [pacientes] [           main] o.h.boot.model.internal.PropertyBinder   : Building property tipoSangre
2024-04-29T22:16:04.139-04:00 DEBUG 13756 --- [pacientes] [           main] o.h.b.r.c.i.ClassLoaderServiceImpl       : HHH000194: Package not found or wo package-info.java: com.example.pacientes.model
2024-04-29T22:16:04.157-04:00 DEBUG 13756 --- [pacientes] [           main] o.h.b.model.internal.BasicValueBinder    : Starting `BasicValueBinder#fillSimpleValue` for id
2024-04-29T22:16:04.159-04:00 DEBUG 13756 --- [pacientes] [           main] o.h.b.model.internal.BasicValueBinder    : Starting `BasicValueBinder#fillSimpleValue` for diagnostico
2024-04-29T22:16:04.160-04:00 DEBUG 13756 --- [pacientes] [           main] o.h.b.model.internal.BasicValueBinder    : Starting `BasicValueBinder#fillSimpleValue` for fechaConsulta
2024-04-29T22:16:04.160-04:00 DEBUG 13756 --- [pacientes] [           main] o.h.b.model.internal.BasicValueBinder    : Starting `BasicValueBinder#fillSimpleValue` for motivo
2024-04-29T22:16:04.160-04:00 DEBUG 13756 --- [pacientes] [           main] o.h.b.model.internal.BasicValueBinder    : Starting `BasicValueBinder#fillSimpleValue` for nombreMedico
2024-04-29T22:16:04.160-04:00 DEBUG 13756 --- [pacientes] [           main] o.h.b.model.internal.BasicValueBinder    : Starting `BasicValueBinder#fillSimpleValue` for tratamiento
2024-04-29T22:16:04.160-04:00 DEBUG 13756 --- [pacientes] [           main] o.h.b.model.internal.BasicValueBinder    : Starting `BasicValueBinder#fillSimpleValue` for id
2024-04-29T22:16:04.160-04:00 DEBUG 13756 --- [pacientes] [           main] o.h.b.model.internal.BasicValueBinder    : Starting `BasicValueBinder#fillSimpleValue` for antecedentes
2024-04-29T22:16:04.160-04:00 DEBUG 13756 --- [pacientes] [           main] o.h.b.model.internal.BasicValueBinder    : Starting `BasicValueBinder#fillSimpleValue` for estudios
2024-04-29T22:16:04.160-04:00 DEBUG 13756 --- [pacientes] [           main] o.h.b.model.internal.BasicValueBinder    : Starting `BasicValueBinder#fillSimpleValue` for examenes
2024-04-29T22:16:04.160-04:00 DEBUG 13756 --- [pacientes] [           main] o.h.b.model.internal.BasicValueBinder    : Starting `BasicValueBinder#fillSimpleValue` for fechaHistorialMedico
2024-04-29T22:16:04.160-04:00 DEBUG 13756 --- [pacientes] [           main] o.h.b.model.internal.BasicValueBinder    : Starting `BasicValueBinder#fillSimpleValue` for internaciones
2024-04-29T22:16:04.160-04:00 DEBUG 13756 --- [pacientes] [           main] o.h.b.model.internal.BasicValueBinder    : Starting `BasicValueBinder#fillSimpleValue` for medicamentos
2024-04-29T22:16:04.160-04:00 DEBUG 13756 --- [pacientes] [           main] o.h.b.model.internal.BasicValueBinder    : Starting `BasicValueBinder#fillSimpleValue` for nombreMedico
2024-04-29T22:16:04.160-04:00 DEBUG 13756 --- [pacientes] [           main] o.h.b.model.internal.BasicValueBinder    : Starting `BasicValueBinder#fillSimpleValue` for operaciones
2024-04-29T22:16:04.160-04:00 DEBUG 13756 --- [pacientes] [           main] o.h.b.model.internal.BasicValueBinder    : Starting `BasicValueBinder#fillSimpleValue` for tratamientos
2024-04-29T22:16:04.160-04:00 DEBUG 13756 --- [pacientes] [           main] o.h.b.model.internal.BasicValueBinder    : Starting `BasicValueBinder#fillSimpleValue` for id
2024-04-29T22:16:04.161-04:00 DEBUG 13756 --- [pacientes] [           main] o.h.b.model.internal.BasicValueBinder    : Starting `BasicValueBinder#fillSimpleValue` for apellidoMaterno
2024-04-29T22:16:04.161-04:00 DEBUG 13756 --- [pacientes] [           main] o.h.b.model.internal.BasicValueBinder    : Starting `BasicValueBinder#fillSimpleValue` for apellidoPaterno
2024-04-29T22:16:04.162-04:00 DEBUG 13756 --- [pacientes] [           main] o.h.b.model.internal.BasicValueBinder    : Starting `BasicValueBinder#fillSimpleValue` for contactoEmerg
2024-04-29T22:16:04.162-04:00 DEBUG 13756 --- [pacientes] [           main] o.h.b.model.internal.BasicValueBinder    : Starting `BasicValueBinder#fillSimpleValue` for direccion
2024-04-29T22:16:04.162-04:00 DEBUG 13756 --- [pacientes] [           main] o.h.b.model.internal.BasicValueBinder    : Starting `BasicValueBinder#fillSimpleValue` for email
2024-04-29T22:16:04.162-04:00 DEBUG 13756 --- [pacientes] [           main] o.h.b.model.internal.BasicValueBinder    : Starting `BasicValueBinder#fillSimpleValue` for fechaNacimiento
2024-04-29T22:16:04.162-04:00 DEBUG 13756 --- [pacientes] [           main] o.h.b.model.internal.BasicValueBinder    : Starting `BasicValueBinder#fillSimpleValue` for nombre
2024-04-29T22:16:04.162-04:00 DEBUG 13756 --- [pacientes] [           main] o.h.b.model.internal.BasicValueBinder    : Starting `BasicValueBinder#fillSimpleValue` for rut
2024-04-29T22:16:04.162-04:00 DEBUG 13756 --- [pacientes] [           main] o.h.b.model.internal.BasicValueBinder    : Starting `BasicValueBinder#fillSimpleValue` for telefono
2024-04-29T22:16:04.162-04:00 DEBUG 13756 --- [pacientes] [           main] o.h.b.model.internal.BasicValueBinder    : Starting `BasicValueBinder#fillSimpleValue` for tipoSangre
2024-04-29T22:16:04.215-04:00 DEBUG 13756 --- [pacientes] [           main] org.hibernate.mapping.PrimaryKey         : Forcing column [id_consulta] to be non-null as it is part of the primary key for table [consulta]
2024-04-29T22:16:04.225-04:00 DEBUG 13756 --- [pacientes] [           main] org.hibernate.mapping.PrimaryKey         : Forcing column [id_historial_medico] to be non-null as it is part of the primary key for table [historial_medico]
2024-04-29T22:16:04.225-04:00 DEBUG 13756 --- [pacientes] [           main] org.hibernate.mapping.PrimaryKey         : Forcing column [id_paciente] to be non-null as it is part of the primary key for table [paciente]
2024-04-29T22:16:04.236-04:00 DEBUG 13756 --- [pacientes] [           main] o.h.b.m.internal.CollectionSecondPass    : Second pass for collection: com.example.pacientes.model.Paciente.consultas
2024-04-29T22:16:04.238-04:00 DEBUG 13756 --- [pacientes] [           main] o.h.b.model.internal.CollectionBinder    : Binding a OneToMany: com.example.pacientes.model.Paciente.consultas through a foreign key
2024-04-29T22:16:04.243-04:00 DEBUG 13756 --- [pacientes] [           main] o.h.b.model.internal.CollectionBinder    : Mapping collection: com.example.pacientes.model.Paciente.consultas -> consulta
2024-04-29T22:16:04.245-04:00 DEBUG 13756 --- [pacientes] [           main] o.h.boot.model.internal.TableBinder      : Retrieving property com.example.pacientes.model.Consulta.paciente
2024-04-29T22:16:04.248-04:00 DEBUG 13756 --- [pacientes] [           main] o.h.b.m.internal.CollectionSecondPass    : Mapped collection key: paciente_id, one-to-many: com.example.pacientes.model.Consulta
2024-04-29T22:16:04.248-04:00 DEBUG 13756 --- [pacientes] [           main] o.h.b.m.internal.CollectionSecondPass    : Second pass for collection: com.example.pacientes.model.Paciente.historialMedico
2024-04-29T22:16:04.248-04:00 DEBUG 13756 --- [pacientes] [           main] o.h.b.model.internal.CollectionBinder    : Binding a OneToMany: com.example.pacientes.model.Paciente.historialMedico through a foreign key
2024-04-29T22:16:04.248-04:00 DEBUG 13756 --- [pacientes] [           main] o.h.b.model.internal.CollectionBinder    : Mapping collection: com.example.pacientes.model.Paciente.historialMedico -> historial_medico
2024-04-29T22:16:04.249-04:00 DEBUG 13756 --- [pacientes] [           main] o.h.boot.model.internal.TableBinder      : Retrieving property com.example.pacientes.model.HistorialMedico.paciente
2024-04-29T22:16:04.250-04:00 DEBUG 13756 --- [pacientes] [           main] o.h.b.m.internal.CollectionSecondPass    : Mapped collection key: paciente_id, one-to-many: com.example.pacientes.model.HistorialMedico
2024-04-29T22:16:04.251-04:00 DEBUG 13756 --- [pacientes] [           main] o.h.b.i.InFlightMetadataCollectorImpl    : Resolving reference to class: com.example.pacientes.model.Paciente
2024-04-29T22:16:04.256-04:00 DEBUG 13756 --- [pacientes] [           main] o.h.b.i.InFlightMetadataCollectorImpl    : Resolving reference to class: com.example.pacientes.model.Paciente
2024-04-29T22:16:04.289-04:00 DEBUG 13756 --- [pacientes] [           main] o.h.b.i.InFlightMetadataCollectorImpl    : Resolving reference to class: com.example.pacientes.model.Paciente
2024-04-29T22:16:04.289-04:00 DEBUG 13756 --- [pacientes] [           main] o.h.b.i.InFlightMetadataCollectorImpl    : Resolving reference to class: com.example.pacientes.model.Paciente
2024-04-29T22:16:04.374-04:00 DEBUG 13756 --- [pacientes] [           main] o.hibernate.internal.SessionFactoryImpl  : Building session factory
2024-04-29T22:16:04.448-04:00 DEBUG 13756 --- [pacientes] [           main] .h.s.i.SessionFactoryServiceRegistryImpl : EventListenerRegistry access via ServiceRegistry is deprecated.  Use `sessionFactory.getEventEngine().getListenerRegistry()` instead
2024-04-29T22:16:04.448-04:00 DEBUG 13756 --- [pacientes] [           main] o.hibernate.internal.SessionFactoryImpl  : Instantiating SessionFactory with settings: {java.specification.version=21, sun.cpu.isalist=amd64, hibernate.resource.beans.container=org.springframework.orm.hibernate5.SpringBeanContainer@7f72855d, hibernate.connection.handling_mode=DELAYED_ACQUISITION_AND_HOLD, sun.jnu.encoding=Cp1252, hibernate.dialect=org.hibernate.dialect.OracleDialect, hibernate.implicit_naming_strategy=org.springframework.boot.orm.jpa.hibernate.SpringImplicitNamingStrategy, java.class.path=C:\Users\gonzaloduranadasme\Documents\GitHub\gon.duran\pacientes\target\test-classes;C:\Users\gonzaloduranadasme\Documents\GitHub\gon.duran\pacientes\target\classes;C:\Users\gonzaloduranadasme\.m2\repository\org\springframework\boot\spring-boot-starter-web\3.2.4\spring-boot-starter-web-3.2.4.jar;C:\Users\gonzaloduranadasme\.m2\repository\org\springframework\boot\spring-boot-starter\3.2.4\spring-boot-starter-3.2.4.jar;C:\Users\gonzaloduranadasme\.m2\repository\org\springframework\boot\spring-boot-starter-logging\3.2.4\spring-boot-starter-logging-3.2.4.jar;C:\Users\gonzaloduranadasme\.m2\repository\ch\qos\logback\logback-classic\1.4.14\logback-classic-1.4.14.jar;C:\Users\gonzaloduranadasme\.m2\repository\ch\qos\logback\logback-core\1.4.14\logback-core-1.4.14.jar;C:\Users\gonzaloduranadasme\.m2\repository\org\apache\logging\log4j\log4j-to-slf4j\2.21.1\log4j-to-slf4j-2.21.1.jar;C:\Users\gonzaloduranadasme\.m2\repository\org\apache\logging\log4j\log4j-api\2.21.1\log4j-api-2.21.1.jar;C:\Users\gonzaloduranadasme\.m2\repository\org\slf4j\jul-to-slf4j\2.0.12\jul-to-slf4j-2.0.12.jar;C:\Users\gonzaloduranadasme\.m2\repository\jakarta\annotation\jakarta.annotation-api\2.1.1\jakarta.annotation-api-2.1.1.jar;C:\Users\gonzaloduranadasme\.m2\repository\org\yaml\snakeyaml\2.2\snakeyaml-2.2.jar;C:\Users\gonzaloduranadasme\.m2\repository\org\springframework\boot\spring-boot-starter-json\3.2.4\spring-boot-starter-json-3.2.4.jar;C:\Users\gonzaloduranadasme\.m2\repository\com\fasterxml\jackson\core\jackson-databind\2.15.4\jackson-databind-2.15.4.jar;C:\Users\gonzaloduranadasme\.m2\repository\com\fasterxml\jackson\core\jackson-annotations\2.15.4\jackson-annotations-2.15.4.jar;C:\Users\gonzaloduranadasme\.m2\repository\com\fasterxml\jackson\core\jackson-core\2.15.4\jackson-core-2.15.4.jar;C:\Users\gonzaloduranadasme\.m2\repository\com\fasterxml\jackson\datatype\jackson-datatype-jdk8\2.15.4\jackson-datatype-jdk8-2.15.4.jar;C:\Users\gonzaloduranadasme\.m2\repository\com\fasterxml\jackson\datatype\jackson-datatype-jsr310\2.15.4\jackson-datatype-jsr310-2.15.4.jar;C:\Users\gonzaloduranadasme\.m2\repository\com\fasterxml\jackson\module\jackson-module-parameter-names\2.15.4\jackson-module-parameter-names-2.15.4.jar;C:\Users\gonzaloduranadasme\.m2\repository\org\springframework\boot\spring-boot-starter-tomcat\3.2.4\spring-boot-starter-tomcat-3.2.4.jar;C:\Users\gonzaloduranadasme\.m2\repository\org\apache\tomcat\embed\tomcat-embed-core\10.1.19\tomcat-embed-core-10.1.19.jar;C:\Users\gonzaloduranadasme\.m2\repository\org\apache\tomcat\embed\tomcat-embed-websocket\10.1.19\tomcat-embed-websocket-10.1.19.jar;C:\Users\gonzaloduranadasme\.m2\repository\org\springframework\spring-web\6.1.5\spring-web-6.1.5.jar;C:\Users\gonzaloduranadasme\.m2\repository\org\springframework\spring-beans\6.1.5\spring-beans-6.1.5.jar;C:\Users\gonzaloduranadasme\.m2\repository\io\micrometer\micrometer-observation\1.12.4\micrometer-observation-1.12.4.jar;C:\Users\gonzaloduranadasme\.m2\repository\io\micrometer\micrometer-commons\1.12.4\micrometer-commons-1.12.4.jar;C:\Users\gonzaloduranadasme\.m2\repository\org\springframework\spring-webmvc\6.1.5\spring-webmvc-6.1.5.jar;C:\Users\gonzaloduranadasme\.m2\repository\org\springframework\spring-aop\6.1.5\spring-aop-6.1.5.jar;C:\Users\gonzaloduranadasme\.m2\repository\org\springframework\spring-context\6.1.5\spring-context-6.1.5.jar;C:\Users\gonzaloduranadasme\.m2\repository\org\springframework\spring-expression\6.1.5\spring-expression-6.1.5.jar;C:\Users\gonzaloduranadasme\.m2\repository\org\springframework\boot\spring-boot-devtools\3.2.4\spring-boot-devtools-3.2.4.jar;C:\Users\gonzaloduranadasme\.m2\repository\org\springframework\boot\spring-boot\3.2.4\spring-boot-3.2.4.jar;C:\Users\gonzaloduranadasme\.m2\repository\org\springframework\boot\spring-boot-autoconfigure\3.2.4\spring-boot-autoconfigure-3.2.4.jar;C:\Users\gonzaloduranadasme\.m2\repository\org\projectlombok\lombok\1.18.30\lombok-1.18.30.jar;C:\Users\gonzaloduranadasme\.m2\repository\org\springframework\boot\spring-boot-starter-test\3.2.4\spring-boot-starter-test-3.2.4.jar;C:\Users\gonzaloduranadasme\.m2\repository\org\springframework\boot\spring-boot-test\3.2.4\spring-boot-test-3.2.4.jar;C:\Users\gonzaloduranadasme\.m2\repository\org\springframework\boot\spring-boot-test-autoconfigure\3.2.4\spring-boot-test-autoconfigure-3.2.4.jar;C:\Users\gonzaloduranadasme\.m2\repository\com\jayway\jsonpath\json-path\2.9.0\json-path-2.9.0.jar;C:\Users\gonzaloduranadasme\.m2\repository\org\slf4j\slf4j-api\2.0.12\slf4j-api-2.0.12.jar;C:\Users\gonzaloduranadasme\.m2\repository\jakarta\xml\bind\jakarta.xml.bind-api\4.0.2\jakarta.xml.bind-api-4.0.2.jar;C:\Users\gonzaloduranadasme\.m2\repository\jakarta\activation\jakarta.activation-api\2.1.3\jakarta.activation-api-2.1.3.jar;C:\Users\gonzaloduranadasme\.m2\repository\net\minidev\json-smart\2.5.0\json-smart-2.5.0.jar;C:\Users\gonzaloduranadasme\.m2\repository\net\minidev\accessors-smart\2.5.0\accessors-smart-2.5.0.jar;C:\Users\gonzaloduranadasme\.m2\repository\org\ow2\asm\asm\9.3\asm-9.3.jar;C:\Users\gonzaloduranadasme\.m2\repository\org\assertj\assertj-core\3.24.2\assertj-core-3.24.2.jar;C:\Users\gonzaloduranadasme\.m2\repository\net\bytebuddy\byte-buddy\1.14.12\byte-buddy-1.14.12.jar;C:\Users\gonzaloduranadasme\.m2\repository\org\awaitility\awaitility\4.2.0\awaitility-4.2.0.jar;C:\Users\gonzaloduranadasme\.m2\repository\org\hamcrest\hamcrest\2.2\hamcrest-2.2.jar;C:\Users\gonzaloduranadasme\.m2\repository\org\junit\jupiter\junit-jupiter\5.10.2\junit-jupiter-5.10.2.jar;C:\Users\gonzaloduranadasme\.m2\repository\org\junit\jupiter\junit-jupiter-api\5.10.2\junit-jupiter-api-5.10.2.jar;C:\Users\gonzaloduranadasme\.m2\repository\org\opentest4j\opentest4j\1.3.0\opentest4j-1.3.0.jar;C:\Users\gonzaloduranadasme\.m2\repository\org\junit\platform\junit-platform-commons\1.10.2\junit-platform-commons-1.10.2.jar;C:\Users\gonzaloduranadasme\.m2\repository\org\apiguardian\apiguardian-api\1.1.2\apiguardian-api-1.1.2.jar;C:\Users\gonzaloduranadasme\.m2\repository\org\junit\jupiter\junit-jupiter-params\5.10.2\junit-jupiter-params-5.10.2.jar;C:\Users\gonzaloduranadasme\.m2\repository\org\junit\jupiter\junit-jupiter-engine\5.10.2\junit-jupiter-engine-5.10.2.jar;C:\Users\gonzaloduranadasme\.m2\repository\org\junit\platform\junit-platform-engine\1.10.2\junit-platform-engine-1.10.2.jar;C:\Users\gonzaloduranadasme\.m2\repository\org\mockito\mockito-core\5.7.0\mockito-core-5.7.0.jar;C:\Users\gonzaloduranadasme\.m2\repository\net\bytebuddy\byte-buddy-agent\1.14.12\byte-buddy-agent-1.14.12.jar;C:\Users\gonzaloduranadasme\.m2\repository\org\objenesis\objenesis\3.3\objenesis-3.3.jar;C:\Users\gonzaloduranadasme\.m2\repository\org\mockito\mockito-junit-jupiter\5.7.0\mockito-junit-jupiter-5.7.0.jar;C:\Users\gonzaloduranadasme\.m2\repository\org\skyscreamer\jsonassert\1.5.1\jsonassert-1.5.1.jar;C:\Users\gonzaloduranadasme\.m2\repository\com\vaadin\external\google\android-json\0.0.20131108.vaadin1\android-json-0.0.20131108.vaadin1.jar;C:\Users\gonzaloduranadasme\.m2\repository\org\springframework\spring-core\6.1.5\spring-core-6.1.5.jar;C:\Users\gonzaloduranadasme\.m2\repository\org\springframework\spring-jcl\6.1.5\spring-jcl-6.1.5.jar;C:\Users\gonzaloduranadasme\.m2\repository\org\springframework\spring-test\6.1.5\spring-test-6.1.5.jar;C:\Users\gonzaloduranadasme\.m2\repository\org\xmlunit\xmlunit-core\2.9.1\xmlunit-core-2.9.1.jar;C:\Users\gonzaloduranadasme\.m2\repository\org\springframework\boot\spring-boot-starter-data-jpa\3.2.4\spring-boot-starter-data-jpa-3.2.4.jar;C:\Users\gonzaloduranadasme\.m2\repository\org\springframework\boot\spring-boot-starter-aop\3.2.4\spring-boot-starter-aop-3.2.4.jar;C:\Users\gonzaloduranadasme\.m2\repository\org\aspectj\aspectjweaver\1.9.21\aspectjweaver-1.9.21.jar;C:\Users\gonzaloduranadasme\.m2\repository\org\springframework\boot\spring-boot-starter-jdbc\3.2.4\spring-boot-starter-jdbc-3.2.4.jar;C:\Users\gonzaloduranadasme\.m2\repository\com\zaxxer\HikariCP\5.0.1\HikariCP-5.0.1.jar;C:\Users\gonzaloduranadasme\.m2\repository\org\springframework\spring-jdbc\6.1.5\spring-jdbc-6.1.5.jar;C:\Users\gonzaloduranadasme\.m2\repository\org\hibernate\orm\hibernate-core\6.4.4.Final\hibernate-core-6.4.4.Final.jar;C:\Users\gonzaloduranadasme\.m2\repository\jakarta\persistence\jakarta.persistence-api\3.1.0\jakarta.persistence-api-3.1.0.jar;C:\Users\gonzaloduranadasme\.m2\repository\jakarta\transaction\jakarta.transaction-api\2.0.1\jakarta.transaction-api-2.0.1.jar;C:\Users\gonzaloduranadasme\.m2\repository\org\jboss\logging\jboss-logging\3.5.3.Final\jboss-logging-3.5.3.Final.jar;C:\Users\gonzaloduranadasme\.m2\repository\org\hibernate\common\hibernate-commons-annotations\6.0.6.Final\hibernate-commons-annotations-6.0.6.Final.jar;C:\Users\gonzaloduranadasme\.m2\repository\io\smallrye\jandex\3.1.2\jandex-3.1.2.jar;C:\Users\gonzaloduranadasme\.m2\repository\com\fasterxml\classmate\1.6.0\classmate-1.6.0.jar;C:\Users\gonzaloduranadasme\.m2\repository\org\glassfish\jaxb\jaxb-runtime\4.0.5\jaxb-runtime-4.0.5.jar;C:\Users\gonzaloduranadasme\.m2\repository\org\glassfish\jaxb\jaxb-core\4.0.5\jaxb-core-4.0.5.jar;C:\Users\gonzaloduranadasme\.m2\repository\org\eclipse\angus\angus-activation\2.0.2\angus-activation-2.0.2.jar;C:\Users\gonzaloduranadasme\.m2\repository\org\glassfish\jaxb\txw2\4.0.5\txw2-4.0.5.jar;C:\Users\gonzaloduranadasme\.m2\repository\com\sun\istack\istack-commons-runtime\4.1.2\istack-commons-runtime-4.1.2.jar;C:\Users\gonzaloduranadasme\.m2\repository\jakarta\inject\jakarta.inject-api\2.0.1\jakarta.inject-api-2.0.1.jar;C:\Users\gonzaloduranadasme\.m2\repository\org\antlr\antlr4-runtime\4.13.0\antlr4-runtime-4.13.0.jar;C:\Users\gonzaloduranadasme\.m2\repository\org\springframework\data\spring-data-jpa\3.2.4\spring-data-jpa-3.2.4.jar;C:\Users\gonzaloduranadasme\.m2\repository\org\springframework\data\spring-data-commons\3.2.4\spring-data-commons-3.2.4.jar;C:\Users\gonzaloduranadasme\.m2\repository\org\springframework\spring-orm\6.1.5\spring-orm-6.1.5.jar;C:\Users\gonzaloduranadasme\.m2\repository\org\springframework\spring-tx\6.1.5\spring-tx-6.1.5.jar;C:\Users\gonzaloduranadasme\.m2\repository\org\springframework\spring-aspects\6.1.5\spring-aspects-6.1.5.jar;C:\Users\gonzaloduranadasme\.m2\repository\com\oracle\database\jdbc\ojdbc11\21.9.0.0\ojdbc11-21.9.0.0.jar;C:\Users\gonzaloduranadasme\.m2\repository\com\oracle\database\security\oraclepki\21.5.0.0\oraclepki-21.5.0.0.jar;C:\Users\gonzaloduranadasme\.m2\repository\com\oracle\database\security\osdt_cert\21.5.0.0\osdt_cert-21.5.0.0.jar;C:\Users\gonzaloduranadasme\.m2\repository\com\oracle\database\security\osdt_core\21.5.0.0\osdt_core-21.5.0.0.jar;C:\Users\gonzaloduranadasme\.m2\repository\org\springframework\boot\spring-boot-starter-validation\3.2.4\spring-boot-starter-validation-3.2.4.jar;C:\Users\gonzaloduranadasme\.m2\repository\org\apache\tomcat\embed\tomcat-embed-el\10.1.19\tomcat-embed-el-10.1.19.jar;C:\Users\gonzaloduranadasme\.m2\repository\org\hibernate\validator\hibernate-validator\8.0.1.Final\hibernate-validator-8.0.1.Final.jar;C:\Users\gonzaloduranadasme\.m2\repository\jakarta\validation\jakarta.validation-api\3.0.2\jakarta.validation-api-3.0.2.jar;C:\Users\gonzaloduranadasme\.m2\repository\org\springframework\boot\spring-boot-starter-hateoas\3.2.4\spring-boot-starter-hateoas-3.2.4.jar;C:\Users\gonzaloduranadasme\.m2\repository\org\springframework\hateoas\spring-hateoas\2.2.1\spring-hateoas-2.2.1.jar;C:\Users\gonzaloduranadasme\.m2\repository\org\springframework\plugin\spring-plugin-core\3.0.0\spring-plugin-core-3.0.0.jar;, java.vm.vendor=Oracle Corporation, sun.arch.data.model=64, user.variant=, java.vendor.url=https://java.oracle.com/, user.timezone=America/Santiago, jakarta.persistence.sharedCache.mode=UNSPECIFIED, org.jboss.logging.provider=slf4j, java.vm.specification.version=21, os.name=Windows 11, jakarta.persistence.nonJtaDataSource=HikariDataSource (HikariPool-1), sun.java.launcher=SUN_STANDARD, user.country=CL, sun.boot.library.path=C:\Program Files\Java\jdk-21\bin, sun.java.command=C:\Users\gonzaloduranadasme\AppData\Local\Temp\surefire13811486604983559334\surefirebooter-20240429221547736_3.jar C:\Users\gonzaloduranadasme\AppData\Local\Temp\surefire13811486604983559334 2024-04-29T22-15-47_434-jvmRun1 surefire-20240429221547736_1tmp surefire_0-20240429221547736_2tmp, javax.persistence.nonJtaDataSource=HikariDataSource (HikariPool-1), hibernate.transaction.jta.platform=org.hibernate.engine.transaction.jta.platform.internal.NoJtaPlatform@13f358f8, jdk.debug=release, surefire.test.class.path=C:\Users\gonzaloduranadasme\Documents\GitHub\gon.duran\pacientes\target\test-classes;C:\Users\gonzaloduranadasme\Documents\GitHub\gon.duran\pacientes\target\classes;C:\Users\gonzaloduranadasme\.m2\repository\org\springframework\boot\spring-boot-starter-web\3.2.4\spring-boot-starter-web-3.2.4.jar;C:\Users\gonzaloduranadasme\.m2\repository\org\springframework\boot\spring-boot-starter\3.2.4\spring-boot-starter-3.2.4.jar;C:\Users\gonzaloduranadasme\.m2\repository\org\springframework\boot\spring-boot-starter-logging\3.2.4\spring-boot-starter-logging-3.2.4.jar;C:\Users\gonzaloduranadasme\.m2\repository\ch\qos\logback\logback-classic\1.4.14\logback-classic-1.4.14.jar;C:\Users\gonzaloduranadasme\.m2\repository\ch\qos\logback\logback-core\1.4.14\logback-core-1.4.14.jar;C:\Users\gonzaloduranadasme\.m2\repository\org\apache\logging\log4j\log4j-to-slf4j\2.21.1\log4j-to-slf4j-2.21.1.jar;C:\Users\gonzaloduranadasme\.m2\repository\org\apache\logging\log4j\log4j-api\2.21.1\log4j-api-2.21.1.jar;C:\Users\gonzaloduranadasme\.m2\repository\org\slf4j\jul-to-slf4j\2.0.12\jul-to-slf4j-2.0.12.jar;C:\Users\gonzaloduranadasme\.m2\repository\jakarta\annotation\jakarta.annotation-api\2.1.1\jakarta.annotation-api-2.1.1.jar;C:\Users\gonzaloduranadasme\.m2\repository\org\yaml\snakeyaml\2.2\snakeyaml-2.2.jar;C:\Users\gonzaloduranadasme\.m2\repository\org\springframework\boot\spring-boot-starter-json\3.2.4\spring-boot-starter-json-3.2.4.jar;C:\Users\gonzaloduranadasme\.m2\repository\com\fasterxml\jackson\core\jackson-databind\2.15.4\jackson-databind-2.15.4.jar;C:\Users\gonzaloduranadasme\.m2\repository\com\fasterxml\jackson\core\jackson-annotations\2.15.4\jackson-annotations-2.15.4.jar;C:\Users\gonzaloduranadasme\.m2\repository\com\fasterxml\jackson\core\jackson-core\2.15.4\jackson-core-2.15.4.jar;C:\Users\gonzaloduranadasme\.m2\repository\com\fasterxml\jackson\datatype\jackson-datatype-jdk8\2.15.4\jackson-datatype-jdk8-2.15.4.jar;C:\Users\gonzaloduranadasme\.m2\repository\com\fasterxml\jackson\datatype\jackson-datatype-jsr310\2.15.4\jackson-datatype-jsr310-2.15.4.jar;C:\Users\gonzaloduranadasme\.m2\repository\com\fasterxml\jackson\module\jackson-module-parameter-names\2.15.4\jackson-module-parameter-names-2.15.4.jar;C:\Users\gonzaloduranadasme\.m2\repository\org\springframework\boot\spring-boot-starter-tomcat\3.2.4\spring-boot-starter-tomcat-3.2.4.jar;C:\Users\gonzaloduranadasme\.m2\repository\org\apache\tomcat\embed\tomcat-embed-core\10.1.19\tomcat-embed-core-10.1.19.jar;C:\Users\gonzaloduranadasme\.m2\repository\org\apache\tomcat\embed\tomcat-embed-websocket\10.1.19\tomcat-embed-websocket-10.1.19.jar;C:\Users\gonzaloduranadasme\.m2\repository\org\springframework\spring-web\6.1.5\spring-web-6.1.5.jar;C:\Users\gonzaloduranadasme\.m2\repository\org\springframework\spring-beans\6.1.5\spring-beans-6.1.5.jar;C:\Users\gonzaloduranadasme\.m2\repository\io\micrometer\micrometer-observation\1.12.4\micrometer-observation-1.12.4.jar;C:\Users\gonzaloduranadasme\.m2\repository\io\micrometer\micrometer-commons\1.12.4\micrometer-commons-1.12.4.jar;C:\Users\gonzaloduranadasme\.m2\repository\org\springframework\spring-webmvc\6.1.5\spring-webmvc-6.1.5.jar;C:\Users\gonzaloduranadasme\.m2\repository\org\springframework\spring-aop\6.1.5\spring-aop-6.1.5.jar;C:\Users\gonzaloduranadasme\.m2\repository\org\springframework\spring-context\6.1.5\spring-context-6.1.5.jar;C:\Users\gonzaloduranadasme\.m2\repository\org\springframework\spring-expression\6.1.5\spring-expression-6.1.5.jar;C:\Users\gonzaloduranadasme\.m2\repository\org\springframework\boot\spring-boot-devtools\3.2.4\spring-boot-devtools-3.2.4.jar;C:\Users\gonzaloduranadasme\.m2\repository\org\springframework\boot\spring-boot\3.2.4\spring-boot-3.2.4.jar;C:\Users\gonzaloduranadasme\.m2\repository\org\springframework\boot\spring-boot-autoconfigure\3.2.4\spring-boot-autoconfigure-3.2.4.jar;C:\Users\gonzaloduranadasme\.m2\repository\org\projectlombok\lombok\1.18.30\lombok-1.18.30.jar;C:\Users\gonzaloduranadasme\.m2\repository\org\springframework\boot\spring-boot-starter-test\3.2.4\spring-boot-starter-test-3.2.4.jar;C:\Users\gonzaloduranadasme\.m2\repository\org\springframework\boot\spring-boot-test\3.2.4\spring-boot-test-3.2.4.jar;C:\Users\gonzaloduranadasme\.m2\repository\org\springframework\boot\spring-boot-test-autoconfigure\3.2.4\spring-boot-test-autoconfigure-3.2.4.jar;C:\Users\gonzaloduranadasme\.m2\repository\com\jayway\jsonpath\json-path\2.9.0\json-path-2.9.0.jar;C:\Users\gonzaloduranadasme\.m2\repository\org\slf4j\slf4j-api\2.0.12\slf4j-api-2.0.12.jar;C:\Users\gonzaloduranadasme\.m2\repository\jakarta\xml\bind\jakarta.xml.bind-api\4.0.2\jakarta.xml.bind-api-4.0.2.jar;C:\Users\gonzaloduranadasme\.m2\repository\jakarta\activation\jakarta.activation-api\2.1.3\jakarta.activation-api-2.1.3.jar;C:\Users\gonzaloduranadasme\.m2\repository\net\minidev\json-smart\2.5.0\json-smart-2.5.0.jar;C:\Users\gonzaloduranadasme\.m2\repository\net\minidev\accessors-smart\2.5.0\accessors-smart-2.5.0.jar;C:\Users\gonzaloduranadasme\.m2\repository\org\ow2\asm\asm\9.3\asm-9.3.jar;C:\Users\gonzaloduranadasme\.m2\repository\org\assertj\assertj-core\3.24.2\assertj-core-3.24.2.jar;C:\Users\gonzaloduranadasme\.m2\repository\net\bytebuddy\byte-buddy\1.14.12\byte-buddy-1.14.12.jar;C:\Users\gonzaloduranadasme\.m2\repository\org\awaitility\awaitility\4.2.0\awaitility-4.2.0.jar;C:\Users\gonzaloduranadasme\.m2\repository\org\hamcrest\hamcrest\2.2\hamcrest-2.2.jar;C:\Users\gonzaloduranadasme\.m2\repository\org\junit\jupiter\junit-jupiter\5.10.2\junit-jupiter-5.10.2.jar;C:\Users\gonzaloduranadasme\.m2\repository\org\junit\jupiter\junit-jupiter-api\5.10.2\junit-jupiter-api-5.10.2.jar;C:\Users\gonzaloduranadasme\.m2\repository\org\opentest4j\opentest4j\1.3.0\opentest4j-1.3.0.jar;C:\Users\gonzaloduranadasme\.m2\repository\org\junit\platform\junit-platform-commons\1.10.2\junit-platform-commons-1.10.2.jar;C:\Users\gonzaloduranadasme\.m2\repository\org\apiguardian\apiguardian-api\1.1.2\apiguardian-api-1.1.2.jar;C:\Users\gonzaloduranadasme\.m2\repository\org\junit\jupiter\junit-jupiter-params\5.10.2\junit-jupiter-params-5.10.2.jar;C:\Users\gonzaloduranadasme\.m2\repository\org\junit\jupiter\junit-jupiter-engine\5.10.2\junit-jupiter-engine-5.10.2.jar;C:\Users\gonzaloduranadasme\.m2\repository\org\junit\platform\junit-platform-engine\1.10.2\junit-platform-engine-1.10.2.jar;C:\Users\gonzaloduranadasme\.m2\repository\org\mockito\mockito-core\5.7.0\mockito-core-5.7.0.jar;C:\Users\gonzaloduranadasme\.m2\repository\net\bytebuddy\byte-buddy-agent\1.14.12\byte-buddy-agent-1.14.12.jar;C:\Users\gonzaloduranadasme\.m2\repository\org\objenesis\objenesis\3.3\objenesis-3.3.jar;C:\Users\gonzaloduranadasme\.m2\repository\org\mockito\mockito-junit-jupiter\5.7.0\mockito-junit-jupiter-5.7.0.jar;C:\Users\gonzaloduranadasme\.m2\repository\org\skyscreamer\jsonassert\1.5.1\jsonassert-1.5.1.jar;C:\Users\gonzaloduranadasme\.m2\repository\com\vaadin\external\google\android-json\0.0.20131108.vaadin1\android-json-0.0.20131108.vaadin1.jar;C:\Users\gonzaloduranadasme\.m2\repository\org\springframework\spring-core\6.1.5\spring-core-6.1.5.jar;C:\Users\gonzaloduranadasme\.m2\repository\org\springframework\spring-jcl\6.1.5\spring-jcl-6.1.5.jar;C:\Users\gonzaloduranadasme\.m2\repository\org\springframework\spring-test\6.1.5\spring-test-6.1.5.jar;C:\Users\gonzaloduranadasme\.m2\repository\org\xmlunit\xmlunit-core\2.9.1\xmlunit-core-2.9.1.jar;C:\Users\gonzaloduranadasme\.m2\repository\org\springframework\boot\spring-boot-starter-data-jpa\3.2.4\spring-boot-starter-data-jpa-3.2.4.jar;C:\Users\gonzaloduranadasme\.m2\repository\org\springframework\boot\spring-boot-starter-aop\3.2.4\spring-boot-starter-aop-3.2.4.jar;C:\Users\gonzaloduranadasme\.m2\repository\org\aspectj\aspectjweaver\1.9.21\aspectjweaver-1.9.21.jar;C:\Users\gonzaloduranadasme\.m2\repository\org\springframework\boot\spring-boot-starter-jdbc\3.2.4\spring-boot-starter-jdbc-3.2.4.jar;C:\Users\gonzaloduranadasme\.m2\repository\com\zaxxer\HikariCP\5.0.1\HikariCP-5.0.1.jar;C:\Users\gonzaloduranadasme\.m2\repository\org\springframework\spring-jdbc\6.1.5\spring-jdbc-6.1.5.jar;C:\Users\gonzaloduranadasme\.m2\repository\org\hibernate\orm\hibernate-core\6.4.4.Final\hibernate-core-6.4.4.Final.jar;C:\Users\gonzaloduranadasme\.m2\repository\jakarta\persistence\jakarta.persistence-api\3.1.0\jakarta.persistence-api-3.1.0.jar;C:\Users\gonzaloduranadasme\.m2\repository\jakarta\transaction\jakarta.transaction-api\2.0.1\jakarta.transaction-api-2.0.1.jar;C:\Users\gonzaloduranadasme\.m2\repository\org\jboss\logging\jboss-logging\3.5.3.Final\jboss-logging-3.5.3.Final.jar;C:\Users\gonzaloduranadasme\.m2\repository\org\hibernate\common\hibernate-commons-annotations\6.0.6.Final\hibernate-commons-annotations-6.0.6.Final.jar;C:\Users\gonzaloduranadasme\.m2\repository\io\smallrye\jandex\3.1.2\jandex-3.1.2.jar;C:\Users\gonzaloduranadasme\.m2\repository\com\fasterxml\classmate\1.6.0\classmate-1.6.0.jar;C:\Users\gonzaloduranadasme\.m2\repository\org\glassfish\jaxb\jaxb-runtime\4.0.5\jaxb-runtime-4.0.5.jar;C:\Users\gonzaloduranadasme\.m2\repository\org\glassfish\jaxb\jaxb-core\4.0.5\jaxb-core-4.0.5.jar;C:\Users\gonzaloduranadasme\.m2\repository\org\eclipse\angus\angus-activation\2.0.2\angus-activation-2.0.2.jar;C:\Users\gonzaloduranadasme\.m2\repository\org\glassfish\jaxb\txw2\4.0.5\txw2-4.0.5.jar;C:\Users\gonzaloduranadasme\.m2\repository\com\sun\istack\istack-commons-runtime\4.1.2\istack-commons-runtime-4.1.2.jar;C:\Users\gonzaloduranadasme\.m2\repository\jakarta\inject\jakarta.inject-api\2.0.1\jakarta.inject-api-2.0.1.jar;C:\Users\gonzaloduranadasme\.m2\repository\org\antlr\antlr4-runtime\4.13.0\antlr4-runtime-4.13.0.jar;C:\Users\gonzaloduranadasme\.m2\repository\org\springframework\data\spring-data-jpa\3.2.4\spring-data-jpa-3.2.4.jar;C:\Users\gonzaloduranadasme\.m2\repository\org\springframework\data\spring-data-commons\3.2.4\spring-data-commons-3.2.4.jar;C:\Users\gonzaloduranadasme\.m2\repository\org\springframework\spring-orm\6.1.5\spring-orm-6.1.5.jar;C:\Users\gonzaloduranadasme\.m2\repository\org\springframework\spring-tx\6.1.5\spring-tx-6.1.5.jar;C:\Users\gonzaloduranadasme\.m2\repository\org\springframework\spring-aspects\6.1.5\spring-aspects-6.1.5.jar;C:\Users\gonzaloduranadasme\.m2\repository\com\oracle\database\jdbc\ojdbc11\21.9.0.0\ojdbc11-21.9.0.0.jar;C:\Users\gonzaloduranadasme\.m2\repository\com\oracle\database\security\oraclepki\21.5.0.0\oraclepki-21.5.0.0.jar;C:\Users\gonzaloduranadasme\.m2\repository\com\oracle\database\security\osdt_cert\21.5.0.0\osdt_cert-21.5.0.0.jar;C:\Users\gonzaloduranadasme\.m2\repository\com\oracle\database\security\osdt_core\21.5.0.0\osdt_core-21.5.0.0.jar;C:\Users\gonzaloduranadasme\.m2\repository\org\springframework\boot\spring-boot-starter-validation\3.2.4\spring-boot-starter-validation-3.2.4.jar;C:\Users\gonzaloduranadasme\.m2\repository\org\apache\tomcat\embed\tomcat-embed-el\10.1.19\tomcat-embed-el-10.1.19.jar;C:\Users\gonzaloduranadasme\.m2\repository\org\hibernate\validator\hibernate-validator\8.0.1.Final\hibernate-validator-8.0.1.Final.jar;C:\Users\gonzaloduranadasme\.m2\repository\jakarta\validation\jakarta.validation-api\3.0.2\jakarta.validation-api-3.0.2.jar;C:\Users\gonzaloduranadasme\.m2\repository\org\springframework\boot\spring-boot-starter-hateoas\3.2.4\spring-boot-starter-hateoas-3.2.4.jar;C:\Users\gonzaloduranadasme\.m2\repository\org\springframework\hateoas\spring-hateoas\2.2.1\spring-hateoas-2.2.1.jar;C:\Users\gonzaloduranadasme\.m2\repository\org\springframework\plugin\spring-plugin-core\3.0.0\spring-plugin-core-3.0.0.jar;, sun.cpu.endian=little, hibernate.cdi.extensions=true, user.home=C:\Users\gonzaloduranadasme, user.language=es, java.specification.vendor=Oracle Corporation, java.version.date=2024-01-16, java.home=C:\Program Files\Java\jdk-21, file.separator=\, basedir=C:\Users\gonzaloduranadasme\Documents\GitHub\gon.duran\pacientes, java.vm.compressedOopsMode=32-bit, line.separator=
, hibernate.persistenceUnitName=default, java.vm.specification.vendor=Oracle Corporation, java.specification.name=Java Platform API Specification, FILE_LOG_CHARSET=UTF-8, hibernate.transaction.coordinator_class=class org.hibernate.resource.transaction.backend.jdbc.internal.JdbcResourceLocalTransactionCoordinatorBuilderImpl, java.awt.headless=true, surefire.real.class.path=C:\Users\gonzaloduranadasme\AppData\Local\Temp\surefire13811486604983559334\surefirebooter-20240429221547736_3.jar, jakarta.persistence.validation.mode=AUTO, user.script=, sun.management.compiler=HotSpot 64-Bit Tiered Compilers, java.runtime.version=21.0.2+13-LTS-58, user.name=gonzaloduranadasme, stdout.encoding=Cp1252, path.separator=;, os.version=10.0, java.runtime.name=Java(TM) SE Runtime Environment, file.encoding=UTF-8, java.vm.name=Java HotSpot(TM) 64-Bit Server VM, localRepository=C:\Users\gonzaloduranadasme\.m2\repository, java.vendor.url.bug=https://bugreport.java.com/bugreport/, java.io.tmpdir=C:\Users\GONZAL~1\AppData\Local\Temp\, java.version=21.0.2, hibernate.physical_naming_strategy=org.hibernate.boot.model.naming.CamelCaseToUnderscoresNamingStrategy, user.dir=C:\Users\gonzaloduranadasme\Documents\GitHub\gon.duran\pacientes, os.arch=amd64, java.vm.specification.name=Java Virtual Machine Specification, PID=13756, sun.os.patch.level=, CONSOLE_LOG_CHARSET=UTF-8, hibernate.boot.CfgXmlAccessService.key=org.hibernate.boot.registry.StandardServiceRegistryBuilder$1@3f119b55, native.encoding=Cp1252, java.library.path=C:\Program Files\Java\jdk-21\bin;C:\Windows\Sun\Java\bin;C:\Windows\system32;C:\Windows;C:\Program Files\Parallels\Parallels Tools\Applications;C:\Oracle\Product\OraDB19c\bin;C:\Program Files\Common Files\Oracle\Java\javapath;C:\Windows\system32;C:\Windows;C:\Windows\System32\Wbem;C:\Windows\System32\WindowsPowerShell\v1.0\;C:\Windows\System32\OpenSSH\;C:\Program Files\Git\cmd;C:\Program Files\Docker\Docker\resources\bin;C:\Program Files\WinMerge;C:\Users\gonzaloduranadasme\AppData\Local\Microsoft\WindowsApps;C:\Users\gonzaloduranadasme\AppData\Local\Programs\Microsoft VS Code\bin;C:\Users\gonzaloduranadasme\AppData\Local\GitHubDesktop\bin;C:\apache-maven-3.9.6\bin;;., stderr.encoding=Cp1252, java.vendor=Oracle Corporation, java.vm.info=mixed mode, sharing, java.vm.version=21.0.2+13-LTS-58, sun.io.unicode.encoding=UnicodeLittle, hibernate.archive.scanner=org.hibernate.boot.archive.scan.internal.DisabledScanner, hibernate.connection.datasource=HikariDataSource (HikariPool-1), java.class.version=65.0, LOGGED_APPLICATION_NAME=[pacientes] }
2024-04-29T22:16:04.448-04:00 DEBUG 13756 --- [pacientes] [           main] o.hibernate.internal.SessionFactoryImpl  : Session factory constructed with filter configurations : {}
2024-04-29T22:16:04.463-04:00 DEBUG 13756 --- [pacientes] [           main] o.h.v.i.xml.config.ValidationXmlParser   : Trying to load META-INF/validation.xml for XML based Validator configuration.
2024-04-29T22:16:04.463-04:00 DEBUG 13756 --- [pacientes] [           main] o.h.v.i.xml.config.ResourceLoaderHelper  : Trying to load META-INF/validation.xml via TCCL
2024-04-29T22:16:04.463-04:00 DEBUG 13756 --- [pacientes] [           main] o.h.v.i.xml.config.ResourceLoaderHelper  : Trying to load META-INF/validation.xml via Hibernate Validator's class loader
2024-04-29T22:16:04.463-04:00 DEBUG 13756 --- [pacientes] [           main] o.h.v.i.xml.config.ValidationXmlParser   : No META-INF/validation.xml found. Using annotation based configuration only.
2024-04-29T22:16:04.463-04:00 DEBUG 13756 --- [pacientes] [           main] o.h.v.i.e.resolver.TraversableResolvers  : Found jakarta.persistence.Persistence on classpath containing 'getPersistenceUtil'. Assuming JPA 2 environment. Trying to instantiate JPA aware TraversableResolver
2024-04-29T22:16:04.463-04:00 DEBUG 13756 --- [pacientes] [           main] o.h.v.i.e.resolver.TraversableResolvers  : Instantiated JPA aware TraversableResolver of type org.hibernate.validator.internal.engine.resolver.JPATraversableResolver.
2024-04-29T22:16:04.463-04:00 DEBUG 13756 --- [pacientes] [           main] .h.v.m.ResourceBundleMessageInterpolator : Loaded expression factory via original TCCL
2024-04-29T22:16:04.463-04:00 DEBUG 13756 --- [pacientes] [           main] .i.e.ValidatorFactoryConfigurationHelper : HV000252: Using org.hibernate.validator.internal.engine.DefaultPropertyNodeNameProvider as property node name provider.
2024-04-29T22:16:04.463-04:00 DEBUG 13756 --- [pacientes] [           main] .i.e.ValidatorFactoryConfigurationHelper : HV000234: Using org.hibernate.validator.messageinterpolation.ResourceBundleMessageInterpolator as ValidatorFactory-scoped message interpolator.
2024-04-29T22:16:04.463-04:00 DEBUG 13756 --- [pacientes] [           main] .i.e.ValidatorFactoryConfigurationHelper : HV000234: Using org.hibernate.validator.internal.engine.resolver.JPATraversableResolver as ValidatorFactory-scoped traversable resolver.
2024-04-29T22:16:04.463-04:00 DEBUG 13756 --- [pacientes] [           main] .i.e.ValidatorFactoryConfigurationHelper : HV000234: Using org.hibernate.validator.internal.util.ExecutableParameterNameProvider as ValidatorFactory-scoped parameter name provider.
2024-04-29T22:16:04.463-04:00 DEBUG 13756 --- [pacientes] [           main] .i.e.ValidatorFactoryConfigurationHelper : HV000234: Using org.hibernate.validator.internal.engine.DefaultClockProvider as ValidatorFactory-scoped clock provider.
2024-04-29T22:16:04.463-04:00 DEBUG 13756 --- [pacientes] [           main] .i.e.ValidatorFactoryConfigurationHelper : HV000234: Using org.hibernate.validator.internal.engine.scripting.DefaultScriptEvaluatorFactory as ValidatorFactory-scoped script evaluator factory.
2024-04-29T22:16:04.463-04:00 DEBUG 13756 --- [pacientes] [           main] o.h.boot.internal.ClassLoaderAccessImpl  : Not known whether passed class name [com.example.pacientes.model.Paciente] is safe
2024-04-29T22:16:04.463-04:00 DEBUG 13756 --- [pacientes] [           main] o.h.boot.internal.ClassLoaderAccessImpl  : No temp ClassLoader provided; using live ClassLoader for loading potentially unsafe class : com.example.pacientes.model.Paciente
2024-04-29T22:16:04.783-04:00 DEBUG 13756 --- [pacientes] [           main] o.h.boot.internal.ClassLoaderAccessImpl  : Not known whether passed class name [com.example.pacientes.model.HistorialMedico] is safe
2024-04-29T22:16:04.798-04:00 DEBUG 13756 --- [pacientes] [           main] o.h.boot.internal.ClassLoaderAccessImpl  : No temp ClassLoader provided; using live ClassLoader for loading potentially unsafe class : com.example.pacientes.model.HistorialMedico
2024-04-29T22:16:04.846-04:00 DEBUG 13756 --- [pacientes] [           main] o.h.boot.internal.ClassLoaderAccessImpl  : Not known whether passed class name [com.example.pacientes.model.Consulta] is safe
2024-04-29T22:16:04.846-04:00 DEBUG 13756 --- [pacientes] [           main] o.h.boot.internal.ClassLoaderAccessImpl  : No temp ClassLoader provided; using live ClassLoader for loading potentially unsafe class : com.example.pacientes.model.Consulta
2024-04-29T22:16:04.861-04:00 DEBUG 13756 --- [pacientes] [           main] .h.s.i.SessionFactoryServiceRegistryImpl : EventListenerRegistry access via ServiceRegistry is deprecated.  Use `sessionFactory.getEventEngine().getListenerRegistry()` instead
2024-04-29T22:16:04.877-04:00 DEBUG 13756 --- [pacientes] [           main] .h.t.s.s.SchemaManagementToolCoordinator : No schema actions specified for contributor `orm`; doing nothing
2024-04-29T22:16:04.970-04:00 DEBUG 13756 --- [pacientes] [           main] o.h.q.sqm.function.SqmFunctionRegistry   : Registered SqmFunctionTemplate [NamedSqmFunctionTemplate(max)] under max; prior registration was null
2024-04-29T22:16:04.970-04:00 DEBUG 13756 --- [pacientes] [           main] o.h.q.sqm.function.SqmFunctionRegistry   : Registered SqmFunctionTemplate [NamedSqmFunctionTemplate(min)] under min; prior registration was null
2024-04-29T22:16:04.970-04:00 DEBUG 13756 --- [pacientes] [           main] o.h.q.sqm.function.SqmFunctionRegistry   : Registered SqmFunctionTemplate [NamedSqmFunctionTemplate(sum)] under sum; prior registration was null
2024-04-29T22:16:04.970-04:00 DEBUG 13756 --- [pacientes] [           main] o.h.q.sqm.function.SqmFunctionRegistry   : Registered SqmFunctionTemplate [NamedSqmFunctionTemplate(avg)] under avg; prior registration was null
2024-04-29T22:16:04.970-04:00 DEBUG 13756 --- [pacientes] [           main] o.h.q.sqm.function.SqmFunctionRegistry   : Registered SqmFunctionTemplate [org.hibernate.dialect.function.CountFunction@6a77953c] under count; prior registration was null
2024-04-29T22:16:04.970-04:00 DEBUG 13756 --- [pacientes] [           main] o.h.q.sqm.function.SqmFunctionRegistry   : Registered SqmFunctionTemplate [org.hibernate.dialect.function.EveryAnyEmulation@2f6ede9] under every; prior registration was null
2024-04-29T22:16:04.970-04:00 DEBUG 13756 --- [pacientes] [           main] o.h.q.sqm.function.SqmFunctionRegistry   : Registered SqmFunctionTemplate [org.hibernate.dialect.function.EveryAnyEmulation@4583a186] under any; prior registration was null
2024-04-29T22:16:04.970-04:00 DEBUG 13756 --- [pacientes] [           main] o.h.q.sqm.function.SqmFunctionRegistry   : Registered SqmFunctionTemplate [NamedSqmFunctionTemplate(floor)] under floor; prior registration was null
2024-04-29T22:16:04.970-04:00 DEBUG 13756 --- [pacientes] [           main] o.h.q.sqm.function.SqmFunctionRegistry   : Registered SqmFunctionTemplate [NamedSqmFunctionTemplate(ceiling)] under ceiling; prior registration was null
2024-04-29T22:16:04.970-04:00 DEBUG 13756 --- [pacientes] [           main] o.h.q.sqm.function.SqmFunctionRegistry   : Registered SqmFunctionTemplate [NamedSqmFunctionTemplate(mod)] under mod; prior registration was null
2024-04-29T22:16:04.970-04:00 DEBUG 13756 --- [pacientes] [           main] o.h.q.sqm.function.SqmFunctionRegistry   : Registered SqmFunctionTemplate [NamedSqmFunctionTemplate(abs)] under abs; prior registration was null
2024-04-29T22:16:04.970-04:00 DEBUG 13756 --- [pacientes] [           main] o.h.q.sqm.function.SqmFunctionRegistry   : Registered SqmFunctionTemplate [NamedSqmFunctionTemplate(sign)] under sign; prior registration was null
2024-04-29T22:16:04.970-04:00 DEBUG 13756 --- [pacientes] [           main] o.h.q.sqm.function.SqmFunctionRegistry   : Registered SqmFunctionTemplate [NamedSqmFunctionTemplate(sqrt)] under sqrt; prior registration was null
2024-04-29T22:16:04.970-04:00 DEBUG 13756 --- [pacientes] [           main] o.h.q.sqm.function.SqmFunctionRegistry   : Registered SqmFunctionTemplate [NamedSqmFunctionTemplate(ln)] under ln; prior registration was null
2024-04-29T22:16:04.970-04:00 DEBUG 13756 --- [pacientes] [           main] o.h.q.sqm.function.SqmFunctionRegistry   : Registered SqmFunctionTemplate [NamedSqmFunctionTemplate(exp)] under exp; prior registration was null
2024-04-29T22:16:04.970-04:00 DEBUG 13756 --- [pacientes] [           main] o.h.q.sqm.function.SqmFunctionRegistry   : Registered SqmFunctionTemplate [NamedSqmFunctionTemplate(power)] under power; prior registration was null
2024-04-29T22:16:04.970-04:00 DEBUG 13756 --- [pacientes] [           main] o.h.q.sqm.function.SqmFunctionRegistry   : Registered SqmFunctionTemplate [NamedSqmFunctionTemplate(round)] under round; prior registration was null
2024-04-29T22:16:04.970-04:00 DEBUG 13756 --- [pacientes] [           main] o.h.q.sqm.function.SqmFunctionRegistry   : Registered SqmFunctionTemplate [NamedSqmFunctionTemplate(sin)] under sin; prior registration was null
2024-04-29T22:16:04.970-04:00 DEBUG 13756 --- [pacientes] [           main] o.h.q.sqm.function.SqmFunctionRegistry   : Registered SqmFunctionTemplate [NamedSqmFunctionTemplate(cos)] under cos; prior registration was null
2024-04-29T22:16:04.970-04:00 DEBUG 13756 --- [pacientes] [           main] o.h.q.sqm.function.SqmFunctionRegistry   : Registered SqmFunctionTemplate [NamedSqmFunctionTemplate(tan)] under tan; prior registration was null
2024-04-29T22:16:04.970-04:00 DEBUG 13756 --- [pacientes] [           main] o.h.q.sqm.function.SqmFunctionRegistry   : Registered SqmFunctionTemplate [NamedSqmFunctionTemplate(asin)] under asin; prior registration was null
2024-04-29T22:16:04.970-04:00 DEBUG 13756 --- [pacientes] [           main] o.h.q.sqm.function.SqmFunctionRegistry   : Registered SqmFunctionTemplate [NamedSqmFunctionTemplate(acos)] under acos; prior registration was null
2024-04-29T22:16:04.970-04:00 DEBUG 13756 --- [pacientes] [           main] o.h.q.sqm.function.SqmFunctionRegistry   : Registered SqmFunctionTemplate [NamedSqmFunctionTemplate(atan)] under atan; prior registration was null
2024-04-29T22:16:04.970-04:00 DEBUG 13756 --- [pacientes] [           main] o.h.q.sqm.function.SqmFunctionRegistry   : Registered SqmFunctionTemplate [NamedSqmFunctionTemplate(atan2)] under atan2; prior registration was null
2024-04-29T22:16:04.970-04:00 DEBUG 13756 --- [pacientes] [           main] o.h.q.sqm.function.SqmFunctionRegistry   : Registered SqmFunctionTemplate [org.hibernate.query.sqm.function.PatternBasedSqmFunctionDescriptor@12ce659] under sinh; prior registration was null
2024-04-29T22:16:04.970-04:00 DEBUG 13756 --- [pacientes] [           main] o.h.q.sqm.function.SqmFunctionRegistry   : Registered SqmFunctionTemplate [org.hibernate.query.sqm.function.PatternBasedSqmFunctionDescriptor@36299b83] under cosh; prior registration was null
2024-04-29T22:16:04.970-04:00 DEBUG 13756 --- [pacientes] [           main] o.h.q.sqm.function.SqmFunctionRegistry   : Registered SqmFunctionTemplate [org.hibernate.query.sqm.function.PatternBasedSqmFunctionDescriptor@7212d3df] under tanh; prior registration was null
2024-04-29T22:16:04.970-04:00 DEBUG 13756 --- [pacientes] [           main] o.h.q.sqm.function.SqmFunctionRegistry   : Registered SqmFunctionTemplate [org.hibernate.query.sqm.function.PatternBasedSqmFunctionDescriptor@9886ec3] under pi; prior registration was null
2024-04-29T22:16:04.970-04:00 DEBUG 13756 --- [pacientes] [           main] o.h.q.sqm.function.SqmFunctionRegistry   : Registered SqmFunctionTemplate [org.hibernate.query.sqm.function.PatternBasedSqmFunctionDescriptor@6ff05f85] under log; prior registration was null
2024-04-29T22:16:04.970-04:00 DEBUG 13756 --- [pacientes] [           main] o.h.q.sqm.function.SqmFunctionRegistry   : Registered SqmFunctionTemplate [NamedSqmFunctionTemplate(coalesce)] under coalesce; prior registration was null
2024-04-29T22:16:04.970-04:00 DEBUG 13756 --- [pacientes] [           main] o.h.q.sqm.function.SqmFunctionRegistry   : Registered SqmFunctionTemplate [NamedSqmFunctionTemplate(nullif)] under nullif; prior registration was null
2024-04-29T22:16:04.970-04:00 DEBUG 13756 --- [pacientes] [           main] o.h.q.sqm.function.SqmFunctionRegistry   : Registered SqmFunctionTemplate [NamedSqmFunctionTemplate(left)] under left; prior registration was null
2024-04-29T22:16:04.970-04:00 DEBUG 13756 --- [pacientes] [           main] o.h.q.sqm.function.SqmFunctionRegistry   : Registered SqmFunctionTemplate [NamedSqmFunctionTemplate(right)] under right; prior registration was null
2024-04-29T22:16:04.970-04:00 DEBUG 13756 --- [pacientes] [           main] o.h.q.sqm.function.SqmFunctionRegistry   : Registered SqmFunctionTemplate [NamedSqmFunctionTemplate(replace)] under replace; prior registration was null
2024-04-29T22:16:04.970-04:00 DEBUG 13756 --- [pacientes] [           main] o.h.q.sqm.function.SqmFunctionRegistry   : Registered SqmFunctionTemplate [NamedSqmFunctionTemplate(concat)] under concat; prior registration was null
2024-04-29T22:16:04.970-04:00 DEBUG 13756 --- [pacientes] [           main] o.h.q.sqm.function.SqmFunctionRegistry   : Registered SqmFunctionTemplate [NamedSqmFunctionTemplate(lower)] under lower; prior registration was null
2024-04-29T22:16:04.970-04:00 DEBUG 13756 --- [pacientes] [           main] o.h.q.sqm.function.SqmFunctionRegistry   : Registered SqmFunctionTemplate [NamedSqmFunctionTemplate(upper)] under upper; prior registration was null
2024-04-29T22:16:04.970-04:00 DEBUG 13756 --- [pacientes] [           main] o.h.q.sqm.function.SqmFunctionRegistry   : Registered SqmFunctionTemplate [NamedSqmFunctionTemplate(substring)] under substring; prior registration was null
2024-04-29T22:16:04.970-04:00 DEBUG 13756 --- [pacientes] [           main] o.h.q.sqm.function.SqmFunctionRegistry   : Registered SqmFunctionTemplate [NamedSqmFunctionTemplate(locate)] under locate; prior registration was null
2024-04-29T22:16:04.970-04:00 DEBUG 13756 --- [pacientes] [           main] o.h.q.sqm.function.SqmFunctionRegistry   : Registered SqmFunctionTemplate [NamedSqmFunctionTemplate(character_length)] under character_length; prior registration was null
2024-04-29T22:16:04.989-04:00 DEBUG 13756 --- [pacientes] [           main] o.h.q.sqm.function.SqmFunctionRegistry   : Registering alternate key : length -> character_length
2024-04-29T22:16:04.989-04:00 DEBUG 13756 --- [pacientes] [           main] o.h.q.sqm.function.SqmFunctionRegistry   : Registered SqmFunctionTemplate [org.hibernate.dialect.function.LocatePositionEmulation@4407f129] under position; prior registration was null
2024-04-29T22:16:04.989-04:00 DEBUG 13756 --- [pacientes] [           main] o.h.q.sqm.function.SqmFunctionRegistry   : Registered SqmFunctionTemplate [org.hibernate.dialect.function.InsertSubstringOverlayEmulation@5e2ab1c] under overlay; prior registration was null
2024-04-29T22:16:04.989-04:00 DEBUG 13756 --- [pacientes] [           main] o.h.q.sqm.function.SqmFunctionRegistry   : Registered SqmFunctionTemplate [org.hibernate.dialect.function.TrimFunction@52e44f71] under trim; prior registration was null
2024-04-29T22:16:04.989-04:00 DEBUG 13756 --- [pacientes] [           main] o.h.q.sqm.function.SqmFunctionRegistry   : Registered SqmFunctionTemplate [org.hibernate.dialect.function.CastFunction@32cda33c] under cast; prior registration was null
2024-04-29T22:16:04.989-04:00 DEBUG 13756 --- [pacientes] [           main] o.h.q.sqm.function.SqmFunctionRegistry   : Registered SqmFunctionTemplate [org.hibernate.query.sqm.function.PatternBasedSqmFunctionDescriptor@5bb24266] under collate; prior registration was null
2024-04-29T22:16:04.989-04:00 DEBUG 13756 --- [pacientes] [           main] o.h.q.sqm.function.SqmFunctionRegistry   : Registered SqmFunctionTemplate [org.hibernate.dialect.function.ExtractFunction@25131637] under extract; prior registration was null
2024-04-29T22:16:04.989-04:00 DEBUG 13756 --- [pacientes] [           main] o.h.q.sqm.function.SqmFunctionRegistry   : Registered SqmFunctionTemplate [NamedSqmFunctionTemplate(least)] under least; prior registration was null
2024-04-29T22:16:04.989-04:00 DEBUG 13756 --- [pacientes] [           main] o.h.q.sqm.function.SqmFunctionRegistry   : Registered SqmFunctionTemplate [NamedSqmFunctionTemplate(greatest)] under greatest; prior registration was null
2024-04-29T22:16:04.989-04:00 DEBUG 13756 --- [pacientes] [           main] o.h.q.sqm.function.SqmFunctionRegistry   : Registered SqmFunctionTemplate [org.hibernate.dialect.function.CoalesceIfnullEmulation@63e0c744] under ifnull; prior registration was null
2024-04-29T22:16:04.989-04:00 DEBUG 13756 --- [pacientes] [           main] o.h.q.sqm.function.SqmFunctionRegistry   : Registered SqmFunctionTemplate [NamedSqmFunctionTemplate(lpad)] under lpad; prior registration was null
2024-04-29T22:16:04.989-04:00 DEBUG 13756 --- [pacientes] [           main] o.h.q.sqm.function.SqmFunctionRegistry   : Registered SqmFunctionTemplate [NamedSqmFunctionTemplate(rpad)] under rpad; prior registration was null
2024-04-29T22:16:04.989-04:00 DEBUG 13756 --- [pacientes] [           main] o.h.q.sqm.function.SqmFunctionRegistry   : Registered SqmFunctionTemplate [org.hibernate.dialect.function.LpadRpadPadEmulation@77e4ffe5] under pad; prior registration was null
2024-04-29T22:16:04.989-04:00 DEBUG 13756 --- [pacientes] [           main] o.h.q.sqm.function.SqmFunctionRegistry   : Registered SqmFunctionTemplate [org.hibernate.dialect.function.CastStrEmulation@50ba19df] under str; prior registration was null
2024-04-29T22:16:04.989-04:00 DEBUG 13756 --- [pacientes] [           main] o.h.q.sqm.function.SqmFunctionRegistry   : Registered SqmFunctionTemplate [org.hibernate.dialect.function.FormatFunction@57d1edf0] under format; prior registration was null
2024-04-29T22:16:05.000-04:00 DEBUG 13756 --- [pacientes] [           main] o.h.q.sqm.function.SqmFunctionRegistry   : Registered SqmFunctionTemplate [org.hibernate.dialect.function.TimestampaddFunction@1611ce1c] under timestampadd; prior registration was null
2024-04-29T22:16:05.001-04:00 DEBUG 13756 --- [pacientes] [           main] o.h.q.sqm.function.SqmFunctionRegistry   : Registered SqmFunctionTemplate [org.hibernate.dialect.function.TimestampdiffFunction@5205b3e2] under timestampdiff; prior registration was null
2024-04-29T22:16:05.001-04:00 DEBUG 13756 --- [pacientes] [           main] o.h.q.sqm.function.SqmFunctionRegistry   : Registering alternate key : dateadd -> timestampadd
2024-04-29T22:16:05.001-04:00 DEBUG 13756 --- [pacientes] [           main] o.h.q.sqm.function.SqmFunctionRegistry   : Registering alternate key : datediff -> timestampdiff
2024-04-29T22:16:05.001-04:00 DEBUG 13756 --- [pacientes] [           main] o.h.q.sqm.function.SqmFunctionRegistry   : Registered SqmFunctionTemplate [org.hibernate.dialect.function.CurrentFunction@2552cb80] under current_date; prior registration was null
2024-04-29T22:16:05.001-04:00 DEBUG 13756 --- [pacientes] [           main] o.h.q.sqm.function.SqmFunctionRegistry   : Registered SqmFunctionTemplate [org.hibernate.dialect.function.CurrentFunction@1b3b5252] under current_time; prior registration was null
2024-04-29T22:16:05.001-04:00 DEBUG 13756 --- [pacientes] [           main] o.h.q.sqm.function.SqmFunctionRegistry   : Registered SqmFunctionTemplate [org.hibernate.dialect.function.CurrentFunction@adb15df] under current_timestamp; prior registration was null
2024-04-29T22:16:05.001-04:00 DEBUG 13756 --- [pacientes] [           main] o.h.q.sqm.function.SqmFunctionRegistry   : Registering alternate key : current date -> current_date
2024-04-29T22:16:05.001-04:00 DEBUG 13756 --- [pacientes] [           main] o.h.q.sqm.function.SqmFunctionRegistry   : Registering alternate key : current time -> current_time
2024-04-29T22:16:05.001-04:00 DEBUG 13756 --- [pacientes] [           main] o.h.q.sqm.function.SqmFunctionRegistry   : Registering alternate key : current timestamp -> current_timestamp
2024-04-29T22:16:05.001-04:00 DEBUG 13756 --- [pacientes] [           main] o.h.q.sqm.function.SqmFunctionRegistry   : Registered SqmFunctionTemplate [org.hibernate.dialect.function.CurrentFunction@6f45be42] under local_date; prior registration was null
2024-04-29T22:16:05.001-04:00 DEBUG 13756 --- [pacientes] [           main] o.h.q.sqm.function.SqmFunctionRegistry   : Registered SqmFunctionTemplate [org.hibernate.dialect.function.CurrentFunction@5c7876e1] under local_time; prior registration was null
2024-04-29T22:16:05.001-04:00 DEBUG 13756 --- [pacientes] [           main] o.h.q.sqm.function.SqmFunctionRegistry   : Registered SqmFunctionTemplate [org.hibernate.dialect.function.CurrentFunction@1d9016fe] under local_datetime; prior registration was null
2024-04-29T22:16:05.001-04:00 DEBUG 13756 --- [pacientes] [           main] o.h.q.sqm.function.SqmFunctionRegistry   : Registered SqmFunctionTemplate [org.hibernate.dialect.function.CurrentFunction@4f378d7e] under offset_datetime; prior registration was null
2024-04-29T22:16:05.001-04:00 DEBUG 13756 --- [pacientes] [           main] o.h.q.sqm.function.SqmFunctionRegistry   : Registering alternate key : local date -> local_date
2024-04-29T22:16:05.001-04:00 DEBUG 13756 --- [pacientes] [           main] o.h.q.sqm.function.SqmFunctionRegistry   : Registering alternate key : local time -> local_time
2024-04-29T22:16:05.001-04:00 DEBUG 13756 --- [pacientes] [           main] o.h.q.sqm.function.SqmFunctionRegistry   : Registering alternate key : local datetime -> local_datetime
2024-04-29T22:16:05.001-04:00 DEBUG 13756 --- [pacientes] [           main] o.h.q.sqm.function.SqmFunctionRegistry   : Registering alternate key : offset datetime -> offset_datetime
2024-04-29T22:16:05.001-04:00 DEBUG 13756 --- [pacientes] [           main] o.h.q.sqm.function.SqmFunctionRegistry   : Registered SqmFunctionTemplate [org.hibernate.dialect.function.CurrentFunction@dc28d74] under instant; prior registration was null
2024-04-29T22:16:05.001-04:00 DEBUG 13756 --- [pacientes] [           main] o.h.q.sqm.function.SqmFunctionRegistry   : Registering alternate key : current_instant -> instant
2024-04-29T22:16:05.009-04:00 DEBUG 13756 --- [pacientes] [           main] o.h.q.sqm.function.SqmFunctionRegistry   : Registered SqmFunctionTemplate [org.hibernate.dialect.function.SqlFunction@65374526] under sql; prior registration was null
2024-04-29T22:16:05.009-04:00 DEBUG 13756 --- [pacientes] [           main] o.h.q.sqm.function.SqmFunctionRegistry   : Registered SqmFunctionTemplate [NamedSqmFunctionTemplate(ascii)] under ascii; prior registration was null
2024-04-29T22:16:05.009-04:00 DEBUG 13756 --- [pacientes] [           main] o.h.q.sqm.function.SqmFunctionRegistry   : Registered SqmFunctionTemplate [NamedSqmFunctionTemplate(chr)] under chr; prior registration was null
2024-04-29T22:16:05.009-04:00 DEBUG 13756 --- [pacientes] [           main] o.h.q.sqm.function.SqmFunctionRegistry   : Registering alternate key : char -> chr
2024-04-29T22:16:05.010-04:00 DEBUG 13756 --- [pacientes] [           main] o.h.q.sqm.function.SqmFunctionRegistry   : Registered SqmFunctionTemplate [NamedSqmFunctionTemplate(cosh)] under cosh; prior registration was org.hibernate.query.sqm.function.PatternBasedSqmFunctionDescriptor@36299b83
2024-04-29T22:16:05.010-04:00 DEBUG 13756 --- [pacientes] [           main] o.h.q.sqm.function.SqmFunctionRegistry   : Registered SqmFunctionTemplate [NamedSqmFunctionTemplate(sinh)] under sinh; prior registration was org.hibernate.query.sqm.function.PatternBasedSqmFunctionDescriptor@12ce659
2024-04-29T22:16:05.010-04:00 DEBUG 13756 --- [pacientes] [           main] o.h.q.sqm.function.SqmFunctionRegistry   : Registered SqmFunctionTemplate [NamedSqmFunctionTemplate(tanh)] under tanh; prior registration was org.hibernate.query.sqm.function.PatternBasedSqmFunctionDescriptor@7212d3df
2024-04-29T22:16:05.010-04:00 DEBUG 13756 --- [pacientes] [           main] o.h.q.sqm.function.SqmFunctionRegistry   : Registered SqmFunctionTemplate [NamedSqmFunctionTemplate(log)] under log; prior registration was org.hibernate.query.sqm.function.PatternBasedSqmFunctionDescriptor@6ff05f85
2024-04-29T22:16:05.010-04:00 DEBUG 13756 --- [pacientes] [           main] o.h.q.sqm.function.SqmFunctionRegistry   : Registered SqmFunctionTemplate [org.hibernate.query.sqm.function.PatternBasedSqmFunctionDescriptor@664c0466] under log10; prior registration was null
2024-04-29T22:16:05.010-04:00 DEBUG 13756 --- [pacientes] [           main] o.h.q.sqm.function.SqmFunctionRegistry   : Registered SqmFunctionTemplate [NamedSqmFunctionTemplate(soundex)] under soundex; prior registration was null
2024-04-29T22:16:05.010-04:00 DEBUG 13756 --- [pacientes] [           main] o.h.q.sqm.function.SqmFunctionRegistry   : Registered SqmFunctionTemplate [NamedSqmFunctionTemplate(ltrim)] under ltrim; prior registration was null
2024-04-29T22:16:05.010-04:00 DEBUG 13756 --- [pacientes] [           main] o.h.q.sqm.function.SqmFunctionRegistry   : Registered SqmFunctionTemplate [NamedSqmFunctionTemplate(rtrim)] under rtrim; prior registration was null
2024-04-29T22:16:05.010-04:00 DEBUG 13756 --- [pacientes] [           main] o.h.q.sqm.function.SqmFunctionRegistry   : Registered SqmFunctionTemplate [NamedSqmFunctionTemplate(initcap)] under initcap; prior registration was null
2024-04-29T22:16:05.010-04:00 DEBUG 13756 --- [pacientes] [           main] o.h.q.sqm.function.SqmFunctionRegistry   : Registered SqmFunctionTemplate [NamedSqmFunctionTemplate(instr)] under instr; prior registration was null
2024-04-29T22:16:05.010-04:00 DEBUG 13756 --- [pacientes] [           main] o.h.q.sqm.function.SqmFunctionRegistry   : Registered SqmFunctionTemplate [NamedSqmFunctionTemplate(substr)] under substr; prior registration was null
2024-04-29T22:16:05.010-04:00 DEBUG 13756 --- [pacientes] [           main] o.h.q.sqm.function.SqmFunctionRegistry   : Registered SqmFunctionTemplate [NamedSqmFunctionTemplate(substr)] under substring; prior registration was NamedSqmFunctionTemplate(substring)
2024-04-29T22:16:05.010-04:00 DEBUG 13756 --- [pacientes] [           main] o.h.q.sqm.function.SqmFunctionRegistry   : Registered SqmFunctionTemplate [org.hibernate.query.sqm.function.PatternBasedSqmFunctionDescriptor@2edc6690] under left; prior registration was NamedSqmFunctionTemplate(left)
2024-04-29T22:16:05.010-04:00 DEBUG 13756 --- [pacientes] [           main] o.h.q.sqm.function.SqmFunctionRegistry   : Registered SqmFunctionTemplate [org.hibernate.query.sqm.function.PatternBasedSqmFunctionDescriptor@6ceeb592] under right; prior registration was NamedSqmFunctionTemplate(right)
2024-04-29T22:16:05.010-04:00 DEBUG 13756 --- [pacientes] [           main] o.h.q.sqm.function.SqmFunctionRegistry   : Registered SqmFunctionTemplate [NamedSqmFunctionTemplate(translate)] under translate; prior registration was null
2024-04-29T22:16:05.010-04:00 DEBUG 13756 --- [pacientes] [           main] o.h.q.sqm.function.SqmFunctionRegistry   : Registered SqmFunctionTemplate [NamedSqmFunctionTemplate(bitand)] under bitand; prior registration was null
2024-04-29T22:16:05.010-04:00 DEBUG 13756 --- [pacientes] [           main] o.h.q.sqm.function.SqmFunctionRegistry   : Registered SqmFunctionTemplate [NamedSqmFunctionTemplate(last_day)] under last_day; prior registration was null
2024-04-29T22:16:05.010-04:00 DEBUG 13756 --- [pacientes] [           main] o.h.q.sqm.function.SqmFunctionRegistry   : Registered SqmFunctionTemplate [NamedSqmFunctionTemplate(to_number)] under to_number; prior registration was null
2024-04-29T22:16:05.010-04:00 DEBUG 13756 --- [pacientes] [           main] o.h.q.sqm.function.SqmFunctionRegistry   : Registered SqmFunctionTemplate [NamedSqmFunctionTemplate(to_char)] under to_char; prior registration was null
2024-04-29T22:16:05.010-04:00 DEBUG 13756 --- [pacientes] [           main] o.h.q.sqm.function.SqmFunctionRegistry   : Registered SqmFunctionTemplate [NamedSqmFunctionTemplate(to_date)] under to_date; prior registration was null
2024-04-29T22:16:05.010-04:00 DEBUG 13756 --- [pacientes] [           main] o.h.q.sqm.function.SqmFunctionRegistry   : Registered SqmFunctionTemplate [NamedSqmFunctionTemplate(to_timestamp)] under to_timestamp; prior registration was null
2024-04-29T22:16:05.010-04:00 DEBUG 13756 --- [pacientes] [           main] o.h.q.sqm.function.SqmFunctionRegistry   : Registered SqmFunctionTemplate [NamedSqmFunctionTemplate(ceil)] under ceil; prior registration was null
2024-04-29T22:16:05.010-04:00 DEBUG 13756 --- [pacientes] [           main] o.h.q.sqm.function.SqmFunctionRegistry   : Registering alternate key : ceiling -> ceil
2024-04-29T22:16:05.010-04:00 DEBUG 13756 --- [pacientes] [           main] o.h.q.sqm.function.SqmFunctionRegistry   : Registered SqmFunctionTemplate [org.hibernate.query.sqm.function.PatternBasedSqmFunctionDescriptor@332fc35c] under concat; prior registration was NamedSqmFunctionTemplate(concat)
2024-04-29T22:16:05.010-04:00 DEBUG 13756 --- [pacientes] [           main] o.h.q.sqm.function.SqmFunctionRegistry   : Registered SqmFunctionTemplate [NamedSqmFunctionTemplate(rowid)] under rowid; prior registration was null
2024-04-29T22:16:05.010-04:00 DEBUG 13756 --- [pacientes] [           main] o.h.q.sqm.function.SqmFunctionRegistry   : Registered SqmFunctionTemplate [NamedSqmFunctionTemplate(rownum)] under rownum; prior registration was null
2024-04-29T22:16:05.010-04:00 DEBUG 13756 --- [pacientes] [           main] o.h.q.sqm.function.SqmFunctionRegistry   : Registered SqmFunctionTemplate [NamedSqmFunctionTemplate(sysdate)] under sysdate; prior registration was null
2024-04-29T22:16:05.010-04:00 DEBUG 13756 --- [pacientes] [           main] o.h.q.sqm.function.SqmFunctionRegistry   : Registered SqmFunctionTemplate [NamedSqmFunctionTemplate(systimestamp)] under systimestamp; prior registration was null
2024-04-29T22:16:05.010-04:00 DEBUG 13756 --- [pacientes] [           main] o.h.q.sqm.function.SqmFunctionRegistry   : Registered SqmFunctionTemplate [NamedSqmFunctionTemplate(add_months)] under add_months; prior registration was null
2024-04-29T22:16:05.010-04:00 DEBUG 13756 --- [pacientes] [           main] o.h.q.sqm.function.SqmFunctionRegistry   : Registered SqmFunctionTemplate [NamedSqmFunctionTemplate(months_between)] under months_between; prior registration was null
2024-04-29T22:16:05.010-04:00 DEBUG 13756 --- [pacientes] [           main] o.h.q.sqm.function.SqmFunctionRegistry   : Registered SqmFunctionTemplate [org.hibernate.dialect.function.MinMaxCaseEveryAnyEmulation@2c40e456] under every; prior registration was org.hibernate.dialect.function.EveryAnyEmulation@2f6ede9
2024-04-29T22:16:05.010-04:00 DEBUG 13756 --- [pacientes] [           main] o.h.q.sqm.function.SqmFunctionRegistry   : Registered SqmFunctionTemplate [org.hibernate.dialect.function.MinMaxCaseEveryAnyEmulation@2df40273] under any; prior registration was org.hibernate.dialect.function.EveryAnyEmulation@4583a186
2024-04-29T22:16:05.010-04:00 DEBUG 13756 --- [pacientes] [           main] o.h.q.sqm.function.SqmFunctionRegistry   : Registered SqmFunctionTemplate [org.hibernate.query.sqm.function.PatternBasedSqmFunctionDescriptor@49467fc6] under repeat; prior registration was null
2024-04-29T22:16:05.010-04:00 DEBUG 13756 --- [pacientes] [           main] o.h.q.sqm.function.SqmFunctionRegistry   : Registered SqmFunctionTemplate [org.hibernate.query.sqm.function.PatternBasedSqmFunctionDescriptor@6f28a07e] under radians; prior registration was null
2024-04-29T22:16:05.010-04:00 DEBUG 13756 --- [pacientes] [           main] o.h.q.sqm.function.SqmFunctionRegistry   : Registered SqmFunctionTemplate [org.hibernate.query.sqm.function.PatternBasedSqmFunctionDescriptor@44e19b99] under degrees; prior registration was null
2024-04-29T22:16:05.018-04:00 DEBUG 13756 --- [pacientes] [           main] o.h.q.sqm.function.SqmFunctionRegistry   : Registered SqmFunctionTemplate [NamedSqmFunctionTemplate(median)] under median; prior registration was null
2024-04-29T22:16:05.018-04:00 DEBUG 13756 --- [pacientes] [           main] o.h.q.sqm.function.SqmFunctionRegistry   : Registered SqmFunctionTemplate [NamedSqmFunctionTemplate(stddev)] under stddev; prior registration was null
2024-04-29T22:16:05.018-04:00 DEBUG 13756 --- [pacientes] [           main] o.h.q.sqm.function.SqmFunctionRegistry   : Registered SqmFunctionTemplate [NamedSqmFunctionTemplate(stddev_pop)] under stddev_pop; prior registration was null
2024-04-29T22:16:05.018-04:00 DEBUG 13756 --- [pacientes] [           main] o.h.q.sqm.function.SqmFunctionRegistry   : Registered SqmFunctionTemplate [NamedSqmFunctionTemplate(stddev_samp)] under stddev_samp; prior registration was null
2024-04-29T22:16:05.018-04:00 DEBUG 13756 --- [pacientes] [           main] o.h.q.sqm.function.SqmFunctionRegistry   : Registered SqmFunctionTemplate [NamedSqmFunctionTemplate(variance)] under variance; prior registration was null
2024-04-29T22:16:05.018-04:00 DEBUG 13756 --- [pacientes] [           main] o.h.q.sqm.function.SqmFunctionRegistry   : Registered SqmFunctionTemplate [NamedSqmFunctionTemplate(var_pop)] under var_pop; prior registration was null
2024-04-29T22:16:05.018-04:00 DEBUG 13756 --- [pacientes] [           main] o.h.q.sqm.function.SqmFunctionRegistry   : Registered SqmFunctionTemplate [NamedSqmFunctionTemplate(var_samp)] under var_samp; prior registration was null
2024-04-29T22:16:05.018-04:00 DEBUG 13756 --- [pacientes] [           main] o.h.q.sqm.function.SqmFunctionRegistry   : Registered SqmFunctionTemplate [NamedSqmFunctionTemplate(covar_pop)] under covar_pop; prior registration was null
2024-04-29T22:16:05.018-04:00 DEBUG 13756 --- [pacientes] [           main] o.h.q.sqm.function.SqmFunctionRegistry   : Registered SqmFunctionTemplate [NamedSqmFunctionTemplate(covar_samp)] under covar_samp; prior registration was null
2024-04-29T22:16:05.018-04:00 DEBUG 13756 --- [pacientes] [           main] o.h.q.sqm.function.SqmFunctionRegistry   : Registered SqmFunctionTemplate [NamedSqmFunctionTemplate(corr)] under corr; prior registration was null
2024-04-29T22:16:05.023-04:00 DEBUG 13756 --- [pacientes] [           main] o.h.q.sqm.function.SqmFunctionRegistry   : Registered SqmFunctionTemplate [NamedSqmFunctionTemplate(regr_avgx)] under regr_avgx; prior registration was null
2024-04-29T22:16:05.023-04:00 DEBUG 13756 --- [pacientes] [           main] o.h.q.sqm.function.SqmFunctionRegistry   : Registered SqmFunctionTemplate [NamedSqmFunctionTemplate(regr_avgy)] under regr_avgy; prior registration was null
2024-04-29T22:16:05.023-04:00 DEBUG 13756 --- [pacientes] [           main] o.h.q.sqm.function.SqmFunctionRegistry   : Registered SqmFunctionTemplate [NamedSqmFunctionTemplate(regr_count)] under regr_count; prior registration was null
2024-04-29T22:16:05.023-04:00 DEBUG 13756 --- [pacientes] [           main] o.h.q.sqm.function.SqmFunctionRegistry   : Registered SqmFunctionTemplate [NamedSqmFunctionTemplate(regr_intercept)] under regr_intercept; prior registration was null
2024-04-29T22:16:05.023-04:00 DEBUG 13756 --- [pacientes] [           main] o.h.q.sqm.function.SqmFunctionRegistry   : Registered SqmFunctionTemplate [NamedSqmFunctionTemplate(regr_r2)] under regr_r2; prior registration was null
2024-04-29T22:16:05.023-04:00 DEBUG 13756 --- [pacientes] [           main] o.h.q.sqm.function.SqmFunctionRegistry   : Registered SqmFunctionTemplate [NamedSqmFunctionTemplate(regr_slope)] under regr_slope; prior registration was null
2024-04-29T22:16:05.023-04:00 DEBUG 13756 --- [pacientes] [           main] o.h.q.sqm.function.SqmFunctionRegistry   : Registered SqmFunctionTemplate [NamedSqmFunctionTemplate(regr_sxx)] under regr_sxx; prior registration was null
2024-04-29T22:16:05.023-04:00 DEBUG 13756 --- [pacientes] [           main] o.h.q.sqm.function.SqmFunctionRegistry   : Registered SqmFunctionTemplate [NamedSqmFunctionTemplate(regr_sxy)] under regr_sxy; prior registration was null
2024-04-29T22:16:05.023-04:00 DEBUG 13756 --- [pacientes] [           main] o.h.q.sqm.function.SqmFunctionRegistry   : Registered SqmFunctionTemplate [NamedSqmFunctionTemplate(regr_syy)] under regr_syy; prior registration was null
2024-04-29T22:16:05.023-04:00 DEBUG 13756 --- [pacientes] [           main] o.h.q.sqm.function.SqmFunctionRegistry   : Registered SqmFunctionTemplate [org.hibernate.dialect.function.LengthFunction@47d7e8b5] under length; prior registration was null
2024-04-29T22:16:05.023-04:00 DEBUG 13756 --- [pacientes] [           main] o.h.q.sqm.function.SqmFunctionRegistry   : Registering alternate key : character_length -> length
2024-04-29T22:16:05.023-04:00 DEBUG 13756 --- [pacientes] [           main] o.h.q.sqm.function.SqmFunctionRegistry   : Registered SqmFunctionTemplate [org.hibernate.dialect.function.LengthFunction@3ce71bbb] under octet_length; prior registration was null
2024-04-29T22:16:05.023-04:00 DEBUG 13756 --- [pacientes] [           main] o.h.q.sqm.function.SqmFunctionRegistry   : Registered SqmFunctionTemplate [org.hibernate.dialect.function.LengthFunction@661d49d1] under bit_length; prior registration was null
2024-04-29T22:16:05.023-04:00 DEBUG 13756 --- [pacientes] [           main] o.h.q.sqm.function.SqmFunctionRegistry   : Registered SqmFunctionTemplate [NamedSqmFunctionTemplate(coalesce)] under coalesce; prior registration was NamedSqmFunctionTemplate(coalesce)
2024-04-29T22:16:05.023-04:00 DEBUG 13756 --- [pacientes] [           main] o.h.q.sqm.function.SqmFunctionRegistry   : Registered SqmFunctionTemplate [org.hibernate.query.sqm.function.MultipatternSqmFunctionDescriptor@2f154d9b] under locate; prior registration was NamedSqmFunctionTemplate(locate)
2024-04-29T22:16:05.023-04:00 DEBUG 13756 --- [pacientes] [           main] o.h.q.sqm.function.SqmFunctionRegistry   : Registered SqmFunctionTemplate [org.hibernate.dialect.function.ListaggFunction@71852f76] under listagg; prior registration was null
2024-04-29T22:16:05.023-04:00 DEBUG 13756 --- [pacientes] [           main] o.h.q.sqm.function.SqmFunctionRegistry   : Registered SqmFunctionTemplate [NamedSqmFunctionTemplate(row_number)] under row_number; prior registration was null
2024-04-29T22:16:05.037-04:00 DEBUG 13756 --- [pacientes] [           main] o.h.q.sqm.function.SqmFunctionRegistry   : Registered SqmFunctionTemplate [NamedSqmFunctionTemplate(lag)] under lag; prior registration was null
2024-04-29T22:16:05.037-04:00 DEBUG 13756 --- [pacientes] [           main] o.h.q.sqm.function.SqmFunctionRegistry   : Registered SqmFunctionTemplate [NamedSqmFunctionTemplate(lead)] under lead; prior registration was null
2024-04-29T22:16:05.037-04:00 DEBUG 13756 --- [pacientes] [           main] o.h.q.sqm.function.SqmFunctionRegistry   : Registered SqmFunctionTemplate [NamedSqmFunctionTemplate(first_value)] under first_value; prior registration was null
2024-04-29T22:16:05.037-04:00 DEBUG 13756 --- [pacientes] [           main] o.h.q.sqm.function.SqmFunctionRegistry   : Registered SqmFunctionTemplate [NamedSqmFunctionTemplate(last_value)] under last_value; prior registration was null
2024-04-29T22:16:05.037-04:00 DEBUG 13756 --- [pacientes] [           main] o.h.q.sqm.function.SqmFunctionRegistry   : Registered SqmFunctionTemplate [NamedSqmFunctionTemplate(nth_value)] under nth_value; prior registration was null
2024-04-29T22:16:05.037-04:00 DEBUG 13756 --- [pacientes] [           main] o.h.q.sqm.function.SqmFunctionRegistry   : Registered SqmFunctionTemplate [org.hibernate.dialect.function.HypotheticalSetFunction@e5bce8e] under rank; prior registration was null
2024-04-29T22:16:05.037-04:00 DEBUG 13756 --- [pacientes] [           main] o.h.q.sqm.function.SqmFunctionRegistry   : Registered SqmFunctionTemplate [org.hibernate.dialect.function.HypotheticalSetFunction@66ca8882] under dense_rank; prior registration was null
2024-04-29T22:16:05.048-04:00 DEBUG 13756 --- [pacientes] [           main] o.h.q.sqm.function.SqmFunctionRegistry   : Registered SqmFunctionTemplate [org.hibernate.dialect.function.HypotheticalSetFunction@4c0989f7] under percent_rank; prior registration was null
2024-04-29T22:16:05.048-04:00 DEBUG 13756 --- [pacientes] [           main] o.h.q.sqm.function.SqmFunctionRegistry   : Registered SqmFunctionTemplate [org.hibernate.dialect.function.HypotheticalSetFunction@384b718c] under cume_dist; prior registration was null
2024-04-29T22:16:05.049-04:00 DEBUG 13756 --- [pacientes] [           main] o.h.q.sqm.function.SqmFunctionRegistry   : Registered SqmFunctionTemplate [org.hibernate.dialect.function.InverseDistributionFunction@6b5c4b75] under mode; prior registration was null
2024-04-29T22:16:05.049-04:00 DEBUG 13756 --- [pacientes] [           main] o.h.q.sqm.function.SqmFunctionRegistry   : Registered SqmFunctionTemplate [org.hibernate.dialect.function.InverseDistributionFunction@453de9d0] under percentile_cont; prior registration was null
2024-04-29T22:16:05.049-04:00 DEBUG 13756 --- [pacientes] [           main] o.h.q.sqm.function.SqmFunctionRegistry   : Registered SqmFunctionTemplate [org.hibernate.dialect.function.InverseDistributionFunction@2e53f980] under percentile_disc; prior registration was null
2024-04-29T22:16:05.049-04:00 DEBUG 13756 --- [pacientes] [           main] o.h.q.sqm.function.SqmFunctionRegistry   : Registered SqmFunctionTemplate [org.hibernate.dialect.function.ModeStatsModeEmulation@2ef5df8f] under mode; prior registration was org.hibernate.dialect.function.InverseDistributionFunction@6b5c4b75
2024-04-29T22:16:05.064-04:00 DEBUG 13756 --- [pacientes] [           main] o.h.q.sqm.function.SqmFunctionRegistry   : Registered SqmFunctionTemplate [org.hibernate.dialect.function.OracleTruncFunction@6a94bd69] under trunc; prior registration was null
2024-04-29T22:16:05.064-04:00 DEBUG 13756 --- [pacientes] [           main] o.h.q.sqm.function.SqmFunctionRegistry   : Registering alternate key : truncate -> trunc
2024-04-29T22:16:05.064-04:00 DEBUG 13756 --- [pacientes] [           main] o.h.q.sqm.function.SqmFunctionRegistry   : Registered SqmFunctionTemplate [org.hibernate.dialect.function.array.OracleArrayConstructorFunction@1b72f9a] under array; prior registration was null
2024-04-29T22:16:05.064-04:00 DEBUG 13756 --- [pacientes] [           main] o.h.q.sqm.function.SqmFunctionRegistry   : Registered SqmFunctionTemplate [org.hibernate.dialect.function.array.OracleArrayConstructorFunction@d96f413] under array_list; prior registration was null
2024-04-29T22:16:05.064-04:00 DEBUG 13756 --- [pacientes] [           main] o.h.q.sqm.function.SqmFunctionRegistry   : Registered SqmFunctionTemplate [org.hibernate.dialect.function.array.OracleArrayAggEmulation@454f6cc5] under array_agg; prior registration was null
2024-04-29T22:16:05.064-04:00 DEBUG 13756 --- [pacientes] [           main] o.h.q.sqm.function.SqmFunctionRegistry   : Registered SqmFunctionTemplate [org.hibernate.dialect.function.array.OracleArrayPositionFunction@7b6c3b37] under array_position; prior registration was null
2024-04-29T22:16:05.077-04:00 DEBUG 13756 --- [pacientes] [           main] o.h.q.sqm.function.SqmFunctionRegistry   : Registered SqmFunctionTemplate [org.hibernate.dialect.function.array.OracleArrayPositionsFunction@490dfe25] under array_positions; prior registration was null
2024-04-29T22:16:05.077-04:00 DEBUG 13756 --- [pacientes] [           main] o.h.q.sqm.function.SqmFunctionRegistry   : Registered SqmFunctionTemplate [org.hibernate.dialect.function.array.OracleArrayPositionsFunction@65c634f2] under array_positions_list; prior registration was null
2024-04-29T22:16:05.077-04:00 DEBUG 13756 --- [pacientes] [           main] o.h.q.sqm.function.SqmFunctionRegistry   : Registered SqmFunctionTemplate [org.hibernate.dialect.function.array.OracleArrayLengthFunction@3619bc9e] under array_length; prior registration was null
2024-04-29T22:16:05.077-04:00 DEBUG 13756 --- [pacientes] [           main] o.h.q.sqm.function.SqmFunctionRegistry   : Registered SqmFunctionTemplate [org.hibernate.dialect.function.array.OracleArrayConcatFunction@65cb50dc] under array_concat; prior registration was null
2024-04-29T22:16:05.077-04:00 DEBUG 13756 --- [pacientes] [           main] o.h.q.sqm.function.SqmFunctionRegistry   : Registered SqmFunctionTemplate [org.hibernate.dialect.function.array.OracleArrayConcatElementFunction@4a0a93ce] under array_prepend; prior registration was null
2024-04-29T22:16:05.077-04:00 DEBUG 13756 --- [pacientes] [           main] o.h.q.sqm.function.SqmFunctionRegistry   : Registered SqmFunctionTemplate [org.hibernate.dialect.function.array.OracleArrayConcatElementFunction@64404db6] under array_append; prior registration was null
2024-04-29T22:16:05.077-04:00 DEBUG 13756 --- [pacientes] [           main] o.h.q.sqm.function.SqmFunctionRegistry   : Registered SqmFunctionTemplate [org.hibernate.dialect.function.array.OracleArrayContainsFunction@54626326] under array_contains; prior registration was null
2024-04-29T22:16:05.077-04:00 DEBUG 13756 --- [pacientes] [           main] o.h.q.sqm.function.SqmFunctionRegistry   : Registered SqmFunctionTemplate [org.hibernate.dialect.function.array.OracleArrayContainsFunction@6f4e39b3] under array_contains_nullable; prior registration was null
2024-04-29T22:16:05.077-04:00 DEBUG 13756 --- [pacientes] [           main] o.h.q.sqm.function.SqmFunctionRegistry   : Registered SqmFunctionTemplate [org.hibernate.dialect.function.array.OracleArrayOverlapsFunction@1c00a9f0] under array_overlaps; prior registration was null
2024-04-29T22:16:05.077-04:00 DEBUG 13756 --- [pacientes] [           main] o.h.q.sqm.function.SqmFunctionRegistry   : Registered SqmFunctionTemplate [org.hibernate.dialect.function.array.OracleArrayOverlapsFunction@203ba07] under array_overlaps_nullable; prior registration was null
2024-04-29T22:16:05.077-04:00 DEBUG 13756 --- [pacientes] [           main] o.h.q.sqm.function.SqmFunctionRegistry   : Registered SqmFunctionTemplate [org.hibernate.dialect.function.array.OracleArrayGetFunction@484dde7d] under array_get; prior registration was null
2024-04-29T22:16:05.077-04:00 DEBUG 13756 --- [pacientes] [           main] o.h.q.sqm.function.SqmFunctionRegistry   : Registered SqmFunctionTemplate [org.hibernate.dialect.function.array.OracleArraySetFunction@10cf3e4f] under array_set; prior registration was null
2024-04-29T22:16:05.077-04:00 DEBUG 13756 --- [pacientes] [           main] o.h.q.sqm.function.SqmFunctionRegistry   : Registered SqmFunctionTemplate [org.hibernate.dialect.function.array.OracleArrayRemoveFunction@78977b59] under array_remove; prior registration was null
2024-04-29T22:16:05.077-04:00 DEBUG 13756 --- [pacientes] [           main] o.h.q.sqm.function.SqmFunctionRegistry   : Registered SqmFunctionTemplate [org.hibernate.dialect.function.array.OracleArrayRemoveIndexFunction@21e32876] under array_remove_index; prior registration was null
2024-04-29T22:16:05.089-04:00 DEBUG 13756 --- [pacientes] [           main] o.h.q.sqm.function.SqmFunctionRegistry   : Registered SqmFunctionTemplate [org.hibernate.dialect.function.array.OracleArraySliceFunction@54e39504] under array_slice; prior registration was null
2024-04-29T22:16:05.090-04:00 DEBUG 13756 --- [pacientes] [           main] o.h.q.sqm.function.SqmFunctionRegistry   : Registered SqmFunctionTemplate [org.hibernate.dialect.function.array.OracleArrayReplaceFunction@5f910283] under array_replace; prior registration was null
2024-04-29T22:16:05.090-04:00 DEBUG 13756 --- [pacientes] [           main] o.h.q.sqm.function.SqmFunctionRegistry   : Registered SqmFunctionTemplate [org.hibernate.dialect.function.array.OracleArrayTrimFunction@28d74041] under array_trim; prior registration was null
2024-04-29T22:16:05.090-04:00 DEBUG 13756 --- [pacientes] [           main] o.h.q.sqm.function.SqmFunctionRegistry   : Registered SqmFunctionTemplate [org.hibernate.dialect.function.array.OracleArrayFillFunction@ba90170] under array_fill; prior registration was null
2024-04-29T22:16:05.090-04:00 DEBUG 13756 --- [pacientes] [           main] o.h.q.sqm.function.SqmFunctionRegistry   : Registered SqmFunctionTemplate [org.hibernate.dialect.function.array.OracleArrayFillFunction@452ea8f0] under array_fill_list; prior registration was null
2024-04-29T22:16:05.090-04:00 DEBUG 13756 --- [pacientes] [           main] o.h.q.sqm.function.SqmFunctionRegistry   : Registered SqmFunctionTemplate [org.hibernate.dialect.function.array.OracleArrayToStringFunction@7a4c1a6c] under array_to_string; prior registration was null
2024-04-29T22:16:05.090-04:00 DEBUG 13756 --- [pacientes] [           main] org.hibernate.HQL_FUNCTIONS              : abs(NUMERIC arg)
2024-04-29T22:16:05.090-04:00 DEBUG 13756 --- [pacientes] [           main] org.hibernate.HQL_FUNCTIONS              : Double acos(NUMERIC arg)
2024-04-29T22:16:05.090-04:00 DEBUG 13756 --- [pacientes] [           main] org.hibernate.HQL_FUNCTIONS              : add_months(DATE datetime, INTEGER months)
2024-04-29T22:16:05.090-04:00 DEBUG 13756 --- [pacientes] [           main] org.hibernate.HQL_FUNCTIONS              : Boolean any(BOOLEAN arg)
2024-04-29T22:16:05.090-04:00 DEBUG 13756 --- [pacientes] [           main] org.hibernate.HQL_FUNCTIONS              : array( ... )
2024-04-29T22:16:05.090-04:00 DEBUG 13756 --- [pacientes] [           main] org.hibernate.HQL_FUNCTIONS              : array_agg(arg)
2024-04-29T22:16:05.090-04:00 DEBUG 13756 --- [pacientes] [           main] org.hibernate.HQL_FUNCTIONS              : array_append( ... )
2024-04-29T22:16:05.090-04:00 DEBUG 13756 --- [pacientes] [           main] org.hibernate.HQL_FUNCTIONS              : array_concat( ... )
2024-04-29T22:16:05.090-04:00 DEBUG 13756 --- [pacientes] [           main] org.hibernate.HQL_FUNCTIONS              : Boolean array_contains(ARRAY haystackArray, OBJECT needleElementOrArray)
2024-04-29T22:16:05.102-04:00 DEBUG 13756 --- [pacientes] [           main] org.hibernate.HQL_FUNCTIONS              : Boolean array_contains_nullable(ARRAY haystackArray, OBJECT needleElementOrArray)
2024-04-29T22:16:05.102-04:00 DEBUG 13756 --- [pacientes] [           main] org.hibernate.HQL_FUNCTIONS              : array_fill(OBJECT element, INTEGER elementCount)
2024-04-29T22:16:05.102-04:00 DEBUG 13756 --- [pacientes] [           main] org.hibernate.HQL_FUNCTIONS              : array_fill_list(OBJECT element, INTEGER elementCount)
2024-04-29T22:16:05.102-04:00 DEBUG 13756 --- [pacientes] [           main] org.hibernate.HQL_FUNCTIONS              : array_get( ... )
2024-04-29T22:16:05.102-04:00 DEBUG 13756 --- [pacientes] [           main] org.hibernate.HQL_FUNCTIONS              : Integer array_length(ARRAY array)
2024-04-29T22:16:05.102-04:00 DEBUG 13756 --- [pacientes] [           main] org.hibernate.HQL_FUNCTIONS              : array_list( ... )
2024-04-29T22:16:05.102-04:00 DEBUG 13756 --- [pacientes] [           main] org.hibernate.HQL_FUNCTIONS              : Boolean array_overlaps(ARRAY array0, OBJECT array1)
2024-04-29T22:16:05.102-04:00 DEBUG 13756 --- [pacientes] [           main] org.hibernate.HQL_FUNCTIONS              : Boolean array_overlaps_nullable(ARRAY array0, OBJECT array1)
2024-04-29T22:16:05.102-04:00 DEBUG 13756 --- [pacientes] [           main] org.hibernate.HQL_FUNCTIONS              : Integer array_position(ARRAY array, OBJECT element[, INTEGER startPosition])
2024-04-29T22:16:05.102-04:00 DEBUG 13756 --- [pacientes] [           main] org.hibernate.HQL_FUNCTIONS              : int[] array_positions(ARRAY array, OBJECT element)
2024-04-29T22:16:05.102-04:00 DEBUG 13756 --- [pacientes] [           main] org.hibernate.HQL_FUNCTIONS              : List array_positions_list(ARRAY array, OBJECT element)
2024-04-29T22:16:05.103-04:00 DEBUG 13756 --- [pacientes] [           main] org.hibernate.HQL_FUNCTIONS              : array_prepend( ... )
2024-04-29T22:16:05.103-04:00 DEBUG 13756 --- [pacientes] [           main] org.hibernate.HQL_FUNCTIONS              : array_remove( ... )
2024-04-29T22:16:05.103-04:00 DEBUG 13756 --- [pacientes] [           main] org.hibernate.HQL_FUNCTIONS              : array_remove_index( ... )
2024-04-29T22:16:05.103-04:00 DEBUG 13756 --- [pacientes] [           main] org.hibernate.HQL_FUNCTIONS              : array_replace( ... )
2024-04-29T22:16:05.103-04:00 DEBUG 13756 --- [pacientes] [           main] org.hibernate.HQL_FUNCTIONS              : array_set( ... )
2024-04-29T22:16:05.103-04:00 DEBUG 13756 --- [pacientes] [           main] org.hibernate.HQL_FUNCTIONS              : array_slice( ... )
2024-04-29T22:16:05.103-04:00 DEBUG 13756 --- [pacientes] [           main] org.hibernate.HQL_FUNCTIONS              : String array_to_string( ... )
2024-04-29T22:16:05.103-04:00 DEBUG 13756 --- [pacientes] [           main] org.hibernate.HQL_FUNCTIONS              : array_trim( ... )
2024-04-29T22:16:05.103-04:00 DEBUG 13756 --- [pacientes] [           main] org.hibernate.HQL_FUNCTIONS              : Integer ascii(STRING arg)
2024-04-29T22:16:05.103-04:00 DEBUG 13756 --- [pacientes] [           main] org.hibernate.HQL_FUNCTIONS              : Double asin(NUMERIC arg)
2024-04-29T22:16:05.103-04:00 DEBUG 13756 --- [pacientes] [           main] org.hibernate.HQL_FUNCTIONS              : Double atan(NUMERIC arg)
2024-04-29T22:16:05.103-04:00 DEBUG 13756 --- [pacientes] [           main] org.hibernate.HQL_FUNCTIONS              : Double atan2(NUMERIC arg0, NUMERIC arg1)
2024-04-29T22:16:05.103-04:00 DEBUG 13756 --- [pacientes] [           main] org.hibernate.HQL_FUNCTIONS              : avg(arg)
2024-04-29T22:16:05.103-04:00 DEBUG 13756 --- [pacientes] [           main] org.hibernate.HQL_FUNCTIONS              : Integer bit_length(STRING_OR_CLOB arg)
2024-04-29T22:16:05.103-04:00 DEBUG 13756 --- [pacientes] [           main] org.hibernate.HQL_FUNCTIONS              : bitand(arg0, arg1)
2024-04-29T22:16:05.103-04:00 DEBUG 13756 --- [pacientes] [           main] org.hibernate.HQL_FUNCTIONS              : cast(arg as Type)
2024-04-29T22:16:05.103-04:00 DEBUG 13756 --- [pacientes] [           main] org.hibernate.HQL_FUNCTIONS              : ceil(NUMERIC arg)
2024-04-29T22:16:05.103-04:00 DEBUG 13756 --- [pacientes] [           main] org.hibernate.HQL_FUNCTIONS              : ceiling(NUMERIC arg)
2024-04-29T22:16:05.103-04:00 DEBUG 13756 --- [pacientes] [           main] org.hibernate.HQL_FUNCTIONS              : Character char(INTEGER arg)
2024-04-29T22:16:05.103-04:00 DEBUG 13756 --- [pacientes] [           main] org.hibernate.HQL_FUNCTIONS              : Integer character_length(STRING_OR_CLOB arg)
2024-04-29T22:16:05.103-04:00 DEBUG 13756 --- [pacientes] [           main] org.hibernate.HQL_FUNCTIONS              : Character chr(INTEGER arg)
2024-04-29T22:16:05.103-04:00 DEBUG 13756 --- [pacientes] [           main] org.hibernate.HQL_FUNCTIONS              : coalesce(arg0[, arg1[, ...]])
2024-04-29T22:16:05.103-04:00 DEBUG 13756 --- [pacientes] [           main] org.hibernate.HQL_FUNCTIONS              : String collate(STRING string as COLLATION collation)
2024-04-29T22:16:05.103-04:00 DEBUG 13756 --- [pacientes] [           main] org.hibernate.HQL_FUNCTIONS              : String concat(STRING string0[, STRING string1[, ...]])
2024-04-29T22:16:05.103-04:00 DEBUG 13756 --- [pacientes] [           main] org.hibernate.HQL_FUNCTIONS              : Double corr(NUMERIC arg0, NUMERIC arg1)
2024-04-29T22:16:05.103-04:00 DEBUG 13756 --- [pacientes] [           main] org.hibernate.HQL_FUNCTIONS              : Double cos(NUMERIC arg)
2024-04-29T22:16:05.103-04:00 DEBUG 13756 --- [pacientes] [           main] org.hibernate.HQL_FUNCTIONS              : Double cosh(NUMERIC arg)
2024-04-29T22:16:05.103-04:00 DEBUG 13756 --- [pacientes] [           main] org.hibernate.HQL_FUNCTIONS              : Long count([distinct ]{arg|*})
2024-04-29T22:16:05.103-04:00 DEBUG 13756 --- [pacientes] [           main] org.hibernate.HQL_FUNCTIONS              : Double covar_pop(NUMERIC arg0, NUMERIC arg1)
2024-04-29T22:16:05.103-04:00 DEBUG 13756 --- [pacientes] [           main] org.hibernate.HQL_FUNCTIONS              : Double covar_samp(NUMERIC arg0, NUMERIC arg1)
2024-04-29T22:16:05.103-04:00 DEBUG 13756 --- [pacientes] [           main] org.hibernate.HQL_FUNCTIONS              : Double cume_dist([arg0[, ...]])
2024-04-29T22:16:05.103-04:00 DEBUG 13756 --- [pacientes] [           main] org.hibernate.HQL_FUNCTIONS              : Date current date
2024-04-29T22:16:05.103-04:00 DEBUG 13756 --- [pacientes] [           main] org.hibernate.HQL_FUNCTIONS              : Time current time
2024-04-29T22:16:05.103-04:00 DEBUG 13756 --- [pacientes] [           main] org.hibernate.HQL_FUNCTIONS              : Timestamp current timestamp
2024-04-29T22:16:05.103-04:00 DEBUG 13756 --- [pacientes] [           main] org.hibernate.HQL_FUNCTIONS              : Date current_date
2024-04-29T22:16:05.103-04:00 DEBUG 13756 --- [pacientes] [           main] org.hibernate.HQL_FUNCTIONS              : Instant current_instant
2024-04-29T22:16:05.103-04:00 DEBUG 13756 --- [pacientes] [           main] org.hibernate.HQL_FUNCTIONS              : Time current_time
2024-04-29T22:16:05.103-04:00 DEBUG 13756 --- [pacientes] [           main] org.hibernate.HQL_FUNCTIONS              : Timestamp current_timestamp
2024-04-29T22:16:05.103-04:00 DEBUG 13756 --- [pacientes] [           main] org.hibernate.HQL_FUNCTIONS              : dateadd(TEMPORAL_UNIT field, INTEGER magnitude, TEMPORAL datetime)
2024-04-29T22:16:05.103-04:00 DEBUG 13756 --- [pacientes] [           main] org.hibernate.HQL_FUNCTIONS              : basicType@2(java.lang.Long,-5)|basicType@15(java.lang.Double,8) datediff(TEMPORAL_UNIT field, TEMPORAL start, TEMPORAL end)
2024-04-29T22:16:05.103-04:00 DEBUG 13756 --- [pacientes] [           main] org.hibernate.HQL_FUNCTIONS              : Double degrees(NUMERIC arg)
2024-04-29T22:16:05.103-04:00 DEBUG 13756 --- [pacientes] [           main] org.hibernate.HQL_FUNCTIONS              : Long dense_rank([arg0[, ...]])
2024-04-29T22:16:05.103-04:00 DEBUG 13756 --- [pacientes] [           main] org.hibernate.HQL_FUNCTIONS              : Boolean every(BOOLEAN arg)
2024-04-29T22:16:05.103-04:00 DEBUG 13756 --- [pacientes] [           main] org.hibernate.HQL_FUNCTIONS              : Double exp(NUMERIC arg)
2024-04-29T22:16:05.103-04:00 DEBUG 13756 --- [pacientes] [           main] org.hibernate.HQL_FUNCTIONS              : extract(TEMPORAL_UNIT field from TEMPORAL arg)
2024-04-29T22:16:05.103-04:00 DEBUG 13756 --- [pacientes] [           main] org.hibernate.HQL_FUNCTIONS              : first_valueANY value
2024-04-29T22:16:05.103-04:00 DEBUG 13756 --- [pacientes] [           main] org.hibernate.HQL_FUNCTIONS              : floor(NUMERIC arg)
2024-04-29T22:16:05.103-04:00 DEBUG 13756 --- [pacientes] [           main] org.hibernate.HQL_FUNCTIONS              : String format(TEMPORAL datetime as STRING pattern)
2024-04-29T22:16:05.103-04:00 DEBUG 13756 --- [pacientes] [           main] org.hibernate.HQL_FUNCTIONS              : greatest(COMPARABLE arg0, COMPARABLE arg1[, arg2[, ...]])
2024-04-29T22:16:05.103-04:00 DEBUG 13756 --- [pacientes] [           main] org.hibernate.HQL_FUNCTIONS              : ifnull(arg0, arg1)
2024-04-29T22:16:05.103-04:00 DEBUG 13756 --- [pacientes] [           main] org.hibernate.HQL_FUNCTIONS              : String initcap(arg)
2024-04-29T22:16:05.103-04:00 DEBUG 13756 --- [pacientes] [           main] org.hibernate.HQL_FUNCTIONS              : Instant instant
2024-04-29T22:16:05.103-04:00 DEBUG 13756 --- [pacientes] [           main] org.hibernate.HQL_FUNCTIONS              : Integer instr(STRING string, STRING pattern[, INTEGER start[, INTEGER occurrence]])
2024-04-29T22:16:05.103-04:00 DEBUG 13756 --- [pacientes] [           main] org.hibernate.HQL_FUNCTIONS              : lagANY value[, INTEGER offset[, ANY default]]
2024-04-29T22:16:05.103-04:00 DEBUG 13756 --- [pacientes] [           main] org.hibernate.HQL_FUNCTIONS              : Date last_day(DATE arg)
2024-04-29T22:16:05.103-04:00 DEBUG 13756 --- [pacientes] [           main] org.hibernate.HQL_FUNCTIONS              : last_valueANY value
2024-04-29T22:16:05.103-04:00 DEBUG 13756 --- [pacientes] [           main] org.hibernate.HQL_FUNCTIONS              : leadANY value[, INTEGER offset[, ANY default]]
2024-04-29T22:16:05.103-04:00 DEBUG 13756 --- [pacientes] [           main] org.hibernate.HQL_FUNCTIONS              : least(COMPARABLE arg0, COMPARABLE arg1[, arg2[, ...]])
2024-04-29T22:16:05.103-04:00 DEBUG 13756 --- [pacientes] [           main] org.hibernate.HQL_FUNCTIONS              : String left(STRING string, INTEGER length)
2024-04-29T22:16:05.103-04:00 DEBUG 13756 --- [pacientes] [           main] org.hibernate.HQL_FUNCTIONS              : Integer length(STRING_OR_CLOB arg)
2024-04-29T22:16:05.103-04:00 DEBUG 13756 --- [pacientes] [           main] org.hibernate.HQL_FUNCTIONS              : String listagg(STRING arg0, STRING arg1)
2024-04-29T22:16:05.103-04:00 DEBUG 13756 --- [pacientes] [           main] org.hibernate.HQL_FUNCTIONS              : Double ln(NUMERIC arg)
2024-04-29T22:16:05.103-04:00 DEBUG 13756 --- [pacientes] [           main] org.hibernate.HQL_FUNCTIONS              : LocalDate local date
2024-04-29T22:16:05.103-04:00 DEBUG 13756 --- [pacientes] [           main] org.hibernate.HQL_FUNCTIONS              : LocalDateTime local datetime
2024-04-29T22:16:05.103-04:00 DEBUG 13756 --- [pacientes] [           main] org.hibernate.HQL_FUNCTIONS              : LocalTime local time
2024-04-29T22:16:05.103-04:00 DEBUG 13756 --- [pacientes] [           main] org.hibernate.HQL_FUNCTIONS              : LocalDate local_date
2024-04-29T22:16:05.103-04:00 DEBUG 13756 --- [pacientes] [           main] org.hibernate.HQL_FUNCTIONS              : LocalDateTime local_datetime
2024-04-29T22:16:05.103-04:00 DEBUG 13756 --- [pacientes] [           main] org.hibernate.HQL_FUNCTIONS              : LocalTime local_time
2024-04-29T22:16:05.103-04:00 DEBUG 13756 --- [pacientes] [           main] org.hibernate.HQL_FUNCTIONS              : Integer locate(pattern, string[, start])
2024-04-29T22:16:05.103-04:00 DEBUG 13756 --- [pacientes] [           main] org.hibernate.HQL_FUNCTIONS              : Double log(NUMERIC arg0[, NUMERIC arg1])
2024-04-29T22:16:05.103-04:00 DEBUG 13756 --- [pacientes] [           main] org.hibernate.HQL_FUNCTIONS              : Double log10(NUMERIC arg)
2024-04-29T22:16:05.103-04:00 DEBUG 13756 --- [pacientes] [           main] org.hibernate.HQL_FUNCTIONS              : String lower(STRING string)
2024-04-29T22:16:05.103-04:00 DEBUG 13756 --- [pacientes] [           main] org.hibernate.HQL_FUNCTIONS              : String lpad(STRING string, INTEGER length[, STRING padding])
2024-04-29T22:16:05.103-04:00 DEBUG 13756 --- [pacientes] [           main] org.hibernate.HQL_FUNCTIONS              : String ltrim(STRING string[, STRING characters])
2024-04-29T22:16:05.103-04:00 DEBUG 13756 --- [pacientes] [           main] org.hibernate.HQL_FUNCTIONS              : max(COMPARABLE arg)
2024-04-29T22:16:05.103-04:00 DEBUG 13756 --- [pacientes] [           main] org.hibernate.HQL_FUNCTIONS              : Double median(NUMERIC arg)
2024-04-29T22:16:05.103-04:00 DEBUG 13756 --- [pacientes] [           main] org.hibernate.HQL_FUNCTIONS              : min(COMPARABLE arg)
2024-04-29T22:16:05.103-04:00 DEBUG 13756 --- [pacientes] [           main] org.hibernate.HQL_FUNCTIONS              : Integer mod(INTEGER arg0, INTEGER arg1)
2024-04-29T22:16:05.103-04:00 DEBUG 13756 --- [pacientes] [           main] org.hibernate.HQL_FUNCTIONS              : mode()
2024-04-29T22:16:05.103-04:00 DEBUG 13756 --- [pacientes] [           main] org.hibernate.HQL_FUNCTIONS              : Integer months_between(DATE end, DATE start)
2024-04-29T22:16:05.103-04:00 DEBUG 13756 --- [pacientes] [           main] org.hibernate.HQL_FUNCTIONS              : nth_valueANY value, INTEGER nth
2024-04-29T22:16:05.103-04:00 DEBUG 13756 --- [pacientes] [           main] org.hibernate.HQL_FUNCTIONS              : nullif(arg0, arg1)
2024-04-29T22:16:05.103-04:00 DEBUG 13756 --- [pacientes] [           main] org.hibernate.HQL_FUNCTIONS              : Integer octet_length(STRING_OR_CLOB arg)
2024-04-29T22:16:05.103-04:00 DEBUG 13756 --- [pacientes] [           main] org.hibernate.HQL_FUNCTIONS              : OffsetDateTime offset datetime
2024-04-29T22:16:05.103-04:00 DEBUG 13756 --- [pacientes] [           main] org.hibernate.HQL_FUNCTIONS              : OffsetDateTime offset_datetime
2024-04-29T22:16:05.103-04:00 DEBUG 13756 --- [pacientes] [           main] org.hibernate.HQL_FUNCTIONS              : String overlay(STRING string placing STRING replacement from INTEGER start[ for INTEGER length])
2024-04-29T22:16:05.103-04:00 DEBUG 13756 --- [pacientes] [           main] org.hibernate.HQL_FUNCTIONS              : String pad(STRING string with INTEGER length {leading|trailing}[ STRING character])
2024-04-29T22:16:05.103-04:00 DEBUG 13756 --- [pacientes] [           main] org.hibernate.HQL_FUNCTIONS              : Double percent_rank([arg0[, ...]])
2024-04-29T22:16:05.103-04:00 DEBUG 13756 --- [pacientes] [           main] org.hibernate.HQL_FUNCTIONS              : percentile_cont(NUMERIC arg)
2024-04-29T22:16:05.103-04:00 DEBUG 13756 --- [pacientes] [           main] org.hibernate.HQL_FUNCTIONS              : percentile_disc(NUMERIC arg)
2024-04-29T22:16:05.103-04:00 DEBUG 13756 --- [pacientes] [           main] org.hibernate.HQL_FUNCTIONS              : Double pi
2024-04-29T22:16:05.103-04:00 DEBUG 13756 --- [pacientes] [           main] org.hibernate.HQL_FUNCTIONS              : Integer position(STRING pattern in STRING string)
2024-04-29T22:16:05.115-04:00 DEBUG 13756 --- [pacientes] [           main] org.hibernate.HQL_FUNCTIONS              : Double power(NUMERIC arg0, NUMERIC arg1)
2024-04-29T22:16:05.115-04:00 DEBUG 13756 --- [pacientes] [           main] org.hibernate.HQL_FUNCTIONS              : Double radians(NUMERIC arg)
2024-04-29T22:16:05.115-04:00 DEBUG 13756 --- [pacientes] [           main] org.hibernate.HQL_FUNCTIONS              : Long rank([arg0[, ...]])
2024-04-29T22:16:05.115-04:00 DEBUG 13756 --- [pacientes] [           main] org.hibernate.HQL_FUNCTIONS              : Double regr_avgx(NUMERIC arg0, NUMERIC arg1)
2024-04-29T22:16:05.116-04:00 DEBUG 13756 --- [pacientes] [           main] org.hibernate.HQL_FUNCTIONS              : Double regr_avgy(NUMERIC arg0, NUMERIC arg1)
2024-04-29T22:16:05.116-04:00 DEBUG 13756 --- [pacientes] [           main] org.hibernate.HQL_FUNCTIONS              : Double regr_count(NUMERIC arg0, NUMERIC arg1)
2024-04-29T22:16:05.116-04:00 DEBUG 13756 --- [pacientes] [           main] org.hibernate.HQL_FUNCTIONS              : Double regr_intercept(NUMERIC arg0, NUMERIC arg1)
2024-04-29T22:16:05.116-04:00 DEBUG 13756 --- [pacientes] [           main] org.hibernate.HQL_FUNCTIONS              : Double regr_r2(NUMERIC arg0, NUMERIC arg1)
2024-04-29T22:16:05.116-04:00 DEBUG 13756 --- [pacientes] [           main] org.hibernate.HQL_FUNCTIONS              : Double regr_slope(NUMERIC arg0, NUMERIC arg1)
2024-04-29T22:16:05.116-04:00 DEBUG 13756 --- [pacientes] [           main] org.hibernate.HQL_FUNCTIONS              : Double regr_sxx(NUMERIC arg0, NUMERIC arg1)
2024-04-29T22:16:05.116-04:00 DEBUG 13756 --- [pacientes] [           main] org.hibernate.HQL_FUNCTIONS              : Double regr_sxy(NUMERIC arg0, NUMERIC arg1)
2024-04-29T22:16:05.118-04:00 DEBUG 13756 --- [pacientes] [           main] org.hibernate.HQL_FUNCTIONS              : Double regr_syy(NUMERIC arg0, NUMERIC arg1)
2024-04-29T22:16:05.118-04:00 DEBUG 13756 --- [pacientes] [           main] org.hibernate.HQL_FUNCTIONS              : String repeat(STRING string, INTEGER times)
2024-04-29T22:16:05.118-04:00 DEBUG 13756 --- [pacientes] [           main] org.hibernate.HQL_FUNCTIONS              : String replace(STRING string, STRING pattern, STRING replacement)
2024-04-29T22:16:05.118-04:00 DEBUG 13756 --- [pacientes] [           main] org.hibernate.HQL_FUNCTIONS              : String right(STRING string, INTEGER length)
2024-04-29T22:16:05.118-04:00 DEBUG 13756 --- [pacientes] [           main] org.hibernate.HQL_FUNCTIONS              : round(NUMERIC number[, INTEGER places])
2024-04-29T22:16:05.118-04:00 DEBUG 13756 --- [pacientes] [           main] org.hibernate.HQL_FUNCTIONS              : Long row_number()
2024-04-29T22:16:05.118-04:00 DEBUG 13756 --- [pacientes] [           main] org.hibernate.HQL_FUNCTIONS              : Long rowid
2024-04-29T22:16:05.118-04:00 DEBUG 13756 --- [pacientes] [           main] org.hibernate.HQL_FUNCTIONS              : Long rownum
2024-04-29T22:16:05.118-04:00 DEBUG 13756 --- [pacientes] [           main] org.hibernate.HQL_FUNCTIONS              : String rpad(STRING string, INTEGER length[, STRING padding])
2024-04-29T22:16:05.118-04:00 DEBUG 13756 --- [pacientes] [           main] org.hibernate.HQL_FUNCTIONS              : String rtrim(STRING string[, STRING characters])
2024-04-29T22:16:05.118-04:00 DEBUG 13756 --- [pacientes] [           main] org.hibernate.HQL_FUNCTIONS              : Integer sign(NUMERIC arg)
2024-04-29T22:16:05.118-04:00 DEBUG 13756 --- [pacientes] [           main] org.hibernate.HQL_FUNCTIONS              : Double sin(NUMERIC arg)
2024-04-29T22:16:05.118-04:00 DEBUG 13756 --- [pacientes] [           main] org.hibernate.HQL_FUNCTIONS              : Double sinh(NUMERIC arg)
2024-04-29T22:16:05.118-04:00 DEBUG 13756 --- [pacientes] [           main] org.hibernate.HQL_FUNCTIONS              : String soundex(arg)
2024-04-29T22:16:05.118-04:00 DEBUG 13756 --- [pacientes] [           main] org.hibernate.HQL_FUNCTIONS              : Object sql
2024-04-29T22:16:05.118-04:00 DEBUG 13756 --- [pacientes] [           main] org.hibernate.HQL_FUNCTIONS              : Double sqrt(NUMERIC arg)
2024-04-29T22:16:05.118-04:00 DEBUG 13756 --- [pacientes] [           main] org.hibernate.HQL_FUNCTIONS              : Double stddev(NUMERIC arg)
2024-04-29T22:16:05.118-04:00 DEBUG 13756 --- [pacientes] [           main] org.hibernate.HQL_FUNCTIONS              : Double stddev_pop(NUMERIC arg)
2024-04-29T22:16:05.118-04:00 DEBUG 13756 --- [pacientes] [           main] org.hibernate.HQL_FUNCTIONS              : Double stddev_samp(NUMERIC arg)
2024-04-29T22:16:05.118-04:00 DEBUG 13756 --- [pacientes] [           main] org.hibernate.HQL_FUNCTIONS              : String str(arg)
2024-04-29T22:16:05.118-04:00 DEBUG 13756 --- [pacientes] [           main] org.hibernate.HQL_FUNCTIONS              : String substr(STRING string, INTEGER start[, INTEGER length])
2024-04-29T22:16:05.118-04:00 DEBUG 13756 --- [pacientes] [           main] org.hibernate.HQL_FUNCTIONS              : String substring(STRING string{ from|,} INTEGER start[{ for|,} INTEGER length])
2024-04-29T22:16:05.118-04:00 DEBUG 13756 --- [pacientes] [           main] org.hibernate.HQL_FUNCTIONS              : sum(arg)
2024-04-29T22:16:05.118-04:00 DEBUG 13756 --- [pacientes] [           main] org.hibernate.HQL_FUNCTIONS              : Timestamp sysdate
2024-04-29T22:16:05.118-04:00 DEBUG 13756 --- [pacientes] [           main] org.hibernate.HQL_FUNCTIONS              : Timestamp systimestamp
2024-04-29T22:16:05.118-04:00 DEBUG 13756 --- [pacientes] [           main] org.hibernate.HQL_FUNCTIONS              : Double tan(NUMERIC arg)
2024-04-29T22:16:05.118-04:00 DEBUG 13756 --- [pacientes] [           main] org.hibernate.HQL_FUNCTIONS              : Double tanh(NUMERIC arg)
2024-04-29T22:16:05.118-04:00 DEBUG 13756 --- [pacientes] [           main] org.hibernate.HQL_FUNCTIONS              : timestampadd(TEMPORAL_UNIT field, INTEGER magnitude, TEMPORAL datetime)
2024-04-29T22:16:05.118-04:00 DEBUG 13756 --- [pacientes] [           main] org.hibernate.HQL_FUNCTIONS              : basicType@2(java.lang.Long,-5)|basicType@15(java.lang.Double,8) timestampdiff(TEMPORAL_UNIT field, TEMPORAL start, TEMPORAL end)
2024-04-29T22:16:05.118-04:00 DEBUG 13756 --- [pacientes] [           main] org.hibernate.HQL_FUNCTIONS              : String to_char(ANY arg0[, STRING arg1, STRING arg2])
2024-04-29T22:16:05.118-04:00 DEBUG 13756 --- [pacientes] [           main] org.hibernate.HQL_FUNCTIONS              : Date to_date(STRING arg0[, STRING arg1, STRING arg2])
2024-04-29T22:16:05.118-04:00 DEBUG 13756 --- [pacientes] [           main] org.hibernate.HQL_FUNCTIONS              : Double to_number(STRING arg0[, STRING arg1, STRING arg2])
2024-04-29T22:16:05.118-04:00 DEBUG 13756 --- [pacientes] [           main] org.hibernate.HQL_FUNCTIONS              : Timestamp to_timestamp(STRING arg0[, STRING arg1, STRING arg2])
2024-04-29T22:16:05.118-04:00 DEBUG 13756 --- [pacientes] [           main] org.hibernate.HQL_FUNCTIONS              : String translate(STRING arg0, STRING arg1, STRING arg2)
2024-04-29T22:16:05.118-04:00 DEBUG 13756 --- [pacientes] [           main] org.hibernate.HQL_FUNCTIONS              : String trim([[{leading|trailing|both} ][STRING arg0 ]from] STRING arg1)
2024-04-29T22:16:05.118-04:00 DEBUG 13756 --- [pacientes] [           main] org.hibernate.HQL_FUNCTIONS              : trunc( ... )
2024-04-29T22:16:05.118-04:00 DEBUG 13756 --- [pacientes] [           main] org.hibernate.HQL_FUNCTIONS              : truncate( ... )
2024-04-29T22:16:05.118-04:00 DEBUG 13756 --- [pacientes] [           main] org.hibernate.HQL_FUNCTIONS              : String upper(STRING string)
2024-04-29T22:16:05.118-04:00 DEBUG 13756 --- [pacientes] [           main] org.hibernate.HQL_FUNCTIONS              : Double var_pop(NUMERIC arg)
2024-04-29T22:16:05.118-04:00 DEBUG 13756 --- [pacientes] [           main] org.hibernate.HQL_FUNCTIONS              : Double var_samp(NUMERIC arg)
2024-04-29T22:16:05.118-04:00 DEBUG 13756 --- [pacientes] [           main] org.hibernate.HQL_FUNCTIONS              : Double variance(NUMERIC arg)
2024-04-29T22:16:05.130-04:00 DEBUG 13756 --- [pacientes] [           main] org.hibernate.orm.query.plan.cache       : Starting QueryInterpretationCache(2048)
2024-04-29T22:16:05.230-04:00 DEBUG 13756 --- [pacientes] [           main] .h.s.i.SessionFactoryServiceRegistryImpl : EventListenerRegistry access via ServiceRegistry is deprecated.  Use `sessionFactory.getEventEngine().getListenerRegistry()` instead
2024-04-29T22:16:05.233-04:00 DEBUG 13756 --- [pacientes] [           main] h.e.i.EntityCopyObserverFactoryInitiator : Configured EntityCopyObserver strategy: disallow
2024-04-29T22:16:05.384-04:00 DEBUG 13756 --- [pacientes] [           main] o.h.boot.internal.ClassLoaderAccessImpl  : Not known whether passed class name [com.example.pacientes.model.Paciente] is safe
2024-04-29T22:16:05.384-04:00 DEBUG 13756 --- [pacientes] [           main] o.h.boot.internal.ClassLoaderAccessImpl  : No temp ClassLoader provided; using live ClassLoader for loading potentially unsafe class : com.example.pacientes.model.Paciente
2024-04-29T22:16:05.629-04:00 DEBUG 13756 --- [pacientes] [           main] o.h.b.i.bytebuddy.BytecodeProviderImpl   : HHH000513: Unable to create the ReflectionOptimizer for [com.example.pacientes.model.Paciente]: private accessor [apellidoMaterno]
2024-04-29T22:16:05.667-04:00 DEBUG 13756 --- [pacientes] [           main] org.hibernate.ormbytecode.interceptor    : To-one property `com.example.pacientes.model.HistorialMedico#paciente` was mapped with LAZY + NO_PROXY but the class was not enhanced
2024-04-29T22:16:05.668-04:00 DEBUG 13756 --- [pacientes] [           main] org.hibernate.ormbytecode.interceptor    : To-one property `com.example.pacientes.model.HistorialMedico#paciente` was mapped with LAZY + NO_PROXY but the class was not enhanced
2024-04-29T22:16:05.668-04:00 DEBUG 13756 --- [pacientes] [           main] o.h.boot.internal.ClassLoaderAccessImpl  : Not known whether passed class name [com.example.pacientes.model.HistorialMedico] is safe
2024-04-29T22:16:05.668-04:00 DEBUG 13756 --- [pacientes] [           main] o.h.boot.internal.ClassLoaderAccessImpl  : No temp ClassLoader provided; using live ClassLoader for loading potentially unsafe class : com.example.pacientes.model.HistorialMedico
2024-04-29T22:16:05.809-04:00 DEBUG 13756 --- [pacientes] [           main] o.h.b.i.bytebuddy.BytecodeProviderImpl   : HHH000513: Unable to create the ReflectionOptimizer for [com.example.pacientes.model.HistorialMedico]: private accessor [antecedentes]
2024-04-29T22:16:05.810-04:00 DEBUG 13756 --- [pacientes] [           main] org.hibernate.ormbytecode.interceptor    : To-one property `com.example.pacientes.model.HistorialMedico#paciente` was mapped with LAZY + NO_PROXY but the class was not enhanced
2024-04-29T22:16:05.815-04:00 DEBUG 13756 --- [pacientes] [           main] org.hibernate.ormbytecode.interceptor    : To-one property `com.example.pacientes.model.Consulta#paciente` was mapped with LAZY + NO_PROXY but the class was not enhanced
2024-04-29T22:16:05.816-04:00 DEBUG 13756 --- [pacientes] [           main] org.hibernate.ormbytecode.interceptor    : To-one property `com.example.pacientes.model.Consulta#paciente` was mapped with LAZY + NO_PROXY but the class was not enhanced
2024-04-29T22:16:05.816-04:00 DEBUG 13756 --- [pacientes] [           main] o.h.boot.internal.ClassLoaderAccessImpl  : Not known whether passed class name [com.example.pacientes.model.Consulta] is safe
2024-04-29T22:16:05.816-04:00 DEBUG 13756 --- [pacientes] [           main] o.h.boot.internal.ClassLoaderAccessImpl  : No temp ClassLoader provided; using live ClassLoader for loading potentially unsafe class : com.example.pacientes.model.Consulta
2024-04-29T22:16:06.104-04:00 DEBUG 13756 --- [pacientes] [           main] o.h.b.i.bytebuddy.BytecodeProviderImpl   : HHH000513: Unable to create the ReflectionOptimizer for [com.example.pacientes.model.Consulta]: private accessor [diagnostico]
2024-04-29T22:16:06.117-04:00 DEBUG 13756 --- [pacientes] [           main] org.hibernate.ormbytecode.interceptor    : To-one property `com.example.pacientes.model.Consulta#paciente` was mapped with LAZY + NO_PROXY but the class was not enhanced
2024-04-29T22:16:06.194-04:00 DEBUG 13756 --- [pacientes] [           main] org.hibernate.orm.jdbc.mutation          : Skipping collection (re)creation - com.example.pacientes.model.Paciente.consultas
2024-04-29T22:16:06.196-04:00 DEBUG 13756 --- [pacientes] [           main] org.hibernate.orm.jdbc.mutation          : Skipping collection row deletions - com.example.pacientes.model.Paciente.consultas
2024-04-29T22:16:06.197-04:00 DEBUG 13756 --- [pacientes] [           main] org.hibernate.orm.jdbc.mutation          : Skipping collection removals - com.example.pacientes.model.Paciente.consultas
2024-04-29T22:16:06.198-04:00 DEBUG 13756 --- [pacientes] [           main] org.hibernate.orm.jdbc.mutation          : Skipping collection (re)creation - com.example.pacientes.model.Paciente.historialMedico
2024-04-29T22:16:06.198-04:00 DEBUG 13756 --- [pacientes] [           main] org.hibernate.orm.jdbc.mutation          : Skipping collection row deletions - com.example.pacientes.model.Paciente.historialMedico
2024-04-29T22:16:06.198-04:00 DEBUG 13756 --- [pacientes] [           main] org.hibernate.orm.jdbc.mutation          : Skipping collection removals - com.example.pacientes.model.Paciente.historialMedico
2024-04-29T22:16:06.253-04:00 DEBUG 13756 --- [pacientes] [           main] o.hibernate.orm.model.mapping.creation   : Starting post-init callbacks
2024-04-29T22:16:06.253-04:00 DEBUG 13756 --- [pacientes] [           main] o.hibernate.orm.model.mapping.creation   : Starting PostInitCallbackEntry : PluralAttributeMapping( NavigableRole[com.example.pacientes.model.Paciente.consultas#{element}]) - element descriptor
2024-04-29T22:16:06.254-04:00 DEBUG 13756 --- [pacientes] [           main] o.hibernate.orm.model.mapping.creation   : Starting PostInitCallbackEntry : PluralAttributeMapping(com.example.pacientes.model.Paciente.consultas)#finishInitialization
2024-04-29T22:16:06.254-04:00 DEBUG 13756 --- [pacientes] [           main] o.hibernate.orm.model.mapping.creation   : Starting PostInitCallbackEntry : PluralAttributeMapping(com.example.pacientes.model.Paciente.consultas) - key descriptor
2024-04-29T22:16:06.260-04:00 DEBUG 13756 --- [pacientes] [           main] o.hibernate.orm.model.mapping.creation   : Starting PostInitCallbackEntry : PluralAttributeMapping( NavigableRole[com.example.pacientes.model.Paciente.historialMedico#{element}]) - element descriptor
2024-04-29T22:16:06.260-04:00 DEBUG 13756 --- [pacientes] [           main] o.hibernate.orm.model.mapping.creation   : Starting PostInitCallbackEntry : PluralAttributeMapping(com.example.pacientes.model.Paciente.historialMedico)#finishInitialization
2024-04-29T22:16:06.260-04:00 DEBUG 13756 --- [pacientes] [           main] o.hibernate.orm.model.mapping.creation   : Starting PostInitCallbackEntry : PluralAttributeMapping(com.example.pacientes.model.Paciente.historialMedico) - key descriptor
2024-04-29T22:16:06.261-04:00 DEBUG 13756 --- [pacientes] [           main] o.hibernate.orm.model.mapping.creation   : Starting PostInitCallbackEntry : Entity(com.example.pacientes.model.Paciente) `staticFetchableList` generator
2024-04-29T22:16:06.262-04:00 DEBUG 13756 --- [pacientes] [           main] o.hibernate.orm.model.mapping.creation   : Starting PostInitCallbackEntry : To-one key - NavigableRole[com.example.pacientes.model.HistorialMedico.paciente]
2024-04-29T22:16:06.263-04:00 DEBUG 13756 --- [pacientes] [           main] o.hibernate.orm.model.mapping.creation   : Starting PostInitCallbackEntry : Entity(com.example.pacientes.model.HistorialMedico) `staticFetchableList` generator
2024-04-29T22:16:06.263-04:00 DEBUG 13756 --- [pacientes] [           main] o.hibernate.orm.model.mapping.creation   : Starting PostInitCallbackEntry : To-one key - NavigableRole[com.example.pacientes.model.Consulta.paciente]
2024-04-29T22:16:06.263-04:00 DEBUG 13756 --- [pacientes] [           main] o.hibernate.orm.model.mapping.creation   : Starting PostInitCallbackEntry : Entity(com.example.pacientes.model.Consulta) `staticFetchableList` generator
2024-04-29T22:16:06.263-04:00 DEBUG 13756 --- [pacientes] [           main] o.hibernate.orm.model.mapping.creation   : Starting PostInitCallbackEntry : PluralAttributeMapping( NavigableRole[com.example.pacientes.model.Paciente.consultas#{element}]) - element descriptor
2024-04-29T22:16:06.263-04:00 DEBUG 13756 --- [pacientes] [           main] o.hibernate.orm.model.mapping.creation   : Starting PostInitCallbackEntry : PluralAttributeMapping( NavigableRole[com.example.pacientes.model.Paciente.historialMedico#{element}]) - element descriptor
2024-04-29T22:16:06.389-04:00 DEBUG 13756 --- [pacientes] [           main] org.hibernate.orm.sql.ast.create         : Created new SQL alias : p1_0
2024-04-29T22:16:06.393-04:00 DEBUG 13756 --- [pacientes] [           main] org.hibernate.orm.sql.ast.create         : Registration of TableGroup [StandardTableGroup(com.example.pacientes.model.Paciente)] with identifierForTableGroup [com.example.pacientes.model.Paciente] for NavigablePath [com.example.pacientes.model.Paciente] 
2024-04-29T22:16:06.418-04:00 DEBUG 13756 --- [pacientes] [           main] org.hibernate.orm.results.graph.AST      : DomainResult Graph:
 \-EntityResultImpl [com.example.pacientes.model.Paciente]
 |  +-BasicFetch [com.example.pacientes.model.Paciente.apellidoMaterno]
 |  +-BasicFetch [com.example.pacientes.model.Paciente.apellidoPaterno]
 |  +-DelayedCollectionFetch [com.example.pacientes.model.Paciente.consultas]
 |  +-BasicFetch [com.example.pacientes.model.Paciente.contactoEmerg]
 |  +-BasicFetch [com.example.pacientes.model.Paciente.direccion]
 |  +-BasicFetch [com.example.pacientes.model.Paciente.email]
 |  +-BasicFetch [com.example.pacientes.model.Paciente.fechaNacimiento]
 |  +-DelayedCollectionFetch [com.example.pacientes.model.Paciente.historialMedico]
 |  +-BasicFetch [com.example.pacientes.model.Paciente.nombre]
 |  +-BasicFetch [com.example.pacientes.model.Paciente.rut]
 |  +-BasicFetch [com.example.pacientes.model.Paciente.telefono]
 |  \-BasicFetch [com.example.pacientes.model.Paciente.tipoSangre]

2024-04-29T22:16:06.422-04:00 DEBUG 13756 --- [pacientes] [           main] org.hibernate.orm.sql.ast.tree           : SQL AST Tree:
    SelectStatement {
      FromClause {
        StandardTableGroup (p1 : com.example.pacientes.model.Paciente) {
          primaryTableReference : paciente as p1_0
        }
      }
    }

2024-04-29T22:16:06.432-04:00 DEBUG 13756 --- [pacientes] [           main] o.h.p.entity.AbstractEntityPersister     : Static SQL for entity: com.example.pacientes.model.Paciente
2024-04-29T22:16:06.432-04:00 DEBUG 13756 --- [pacientes] [           main] o.h.p.entity.AbstractEntityPersister     :  Version select: select id_paciente from paciente where id_paciente=?
2024-04-29T22:16:06.432-04:00 DEBUG 13756 --- [pacientes] [           main] o.h.p.entity.AbstractEntityPersister     :  Insert (0): insert into paciente (apellido_materno,apellido_paterno,contacto_emerg,calle,email,fecha_nacimiento,nombre,rut,telefono,tipo_sangre,id_paciente) values (?,?,?,?,?,?,?,?,?,?,default)
2024-04-29T22:16:06.433-04:00 DEBUG 13756 --- [pacientes] [           main] o.h.p.entity.AbstractEntityPersister     :  Update (0): update paciente set apellido_materno=?,apellido_paterno=?,contacto_emerg=?,calle=?,email=?,fecha_nacimiento=?,nombre=?,rut=?,telefono=?,tipo_sangre=? where id_paciente=?
2024-04-29T22:16:06.433-04:00 DEBUG 13756 --- [pacientes] [           main] o.h.p.entity.AbstractEntityPersister     :  Delete (0): delete from paciente where id_paciente=?
2024-04-29T22:16:06.433-04:00 DEBUG 13756 --- [pacientes] [           main] org.hibernate.orm.sql.ast.create         : Created new SQL alias : hm1_0
2024-04-29T22:16:06.433-04:00 DEBUG 13756 --- [pacientes] [           main] org.hibernate.orm.sql.ast.create         : Registration of TableGroup [StandardTableGroup(com.example.pacientes.model.HistorialMedico)] with identifierForTableGroup [com.example.pacientes.model.HistorialMedico] for NavigablePath [com.example.pacientes.model.HistorialMedico] 
2024-04-29T22:16:06.442-04:00 DEBUG 13756 --- [pacientes] [           main] org.hibernate.orm.sql.ast.create         : Registration of TableGroup [org.hibernate.sql.ast.tree.from.LazyTableGroup@5523f107] with identifierForTableGroup [com.example.pacientes.model.HistorialMedico.paciente] for NavigablePath [com.example.pacientes.model.HistorialMedico.paciente] 
2024-04-29T22:16:06.443-04:00 DEBUG 13756 --- [pacientes] [           main] org.hibernate.orm.sql.ast.create         : Created new SQL alias : p1_0
2024-04-29T22:16:06.445-04:00 DEBUG 13756 --- [pacientes] [           main] org.hibernate.orm.results.graph.AST      : DomainResult Graph:
 \-EntityResultImpl [com.example.pacientes.model.HistorialMedico]
 |  +-BasicFetch [com.example.pacientes.model.HistorialMedico.antecedentes]
 |  +-BasicFetch [com.example.pacientes.model.HistorialMedico.estudios]
 |  +-BasicFetch [com.example.pacientes.model.HistorialMedico.examenes]
 |  +-BasicFetch [com.example.pacientes.model.HistorialMedico.fechaHistorialMedico]
 |  +-BasicFetch [com.example.pacientes.model.HistorialMedico.internaciones]
 |  +-BasicFetch [com.example.pacientes.model.HistorialMedico.medicamentos]
 |  +-BasicFetch [com.example.pacientes.model.HistorialMedico.nombreMedico]
 |  +-BasicFetch [com.example.pacientes.model.HistorialMedico.operaciones]
 |  +-EntityFetchJoinedImpl [com.example.pacientes.model.HistorialMedico.paciente]
 |  \-BasicFetch [com.example.pacientes.model.HistorialMedico.tratamientos]

2024-04-29T22:16:06.447-04:00 DEBUG 13756 --- [pacientes] [           main] org.hibernate.orm.sql.ast.tree           : SQL AST Tree:
    SelectStatement {
      FromClause {
        StandardTableGroup (hm1 : com.example.pacientes.model.HistorialMedico) {
          primaryTableReference : historial_medico as hm1_0
          TableGroupJoins {
            left  join LazyTableGroup (p1 : com.example.pacientes.model.HistorialMedico.paciente) {
              primaryTableReference : paciente as p1_0
            }
          }
        }
      }
    }

2024-04-29T22:16:06.447-04:00 DEBUG 13756 --- [pacientes] [           main] o.h.p.entity.AbstractEntityPersister     : Static SQL for entity: com.example.pacientes.model.HistorialMedico
2024-04-29T22:16:06.447-04:00 DEBUG 13756 --- [pacientes] [           main] o.h.p.entity.AbstractEntityPersister     :  Version select: select id_historial_medico from historial_medico where id_historial_medico=?
2024-04-29T22:16:06.447-04:00 DEBUG 13756 --- [pacientes] [           main] o.h.p.entity.AbstractEntityPersister     :  Insert (0): insert into historial_medico (antecedentes,estudios,examenes,fecha_historial_medico,internaciones,medicamentos,nombre_medico,operaciones,paciente_id,tratamientos,id_historial_medico) values (?,?,?,?,?,?,?,?,?,?,default)
2024-04-29T22:16:06.447-04:00 DEBUG 13756 --- [pacientes] [           main] o.h.p.entity.AbstractEntityPersister     :  Update (0): update historial_medico set antecedentes=?,estudios=?,examenes=?,fecha_historial_medico=?,internaciones=?,medicamentos=?,nombre_medico=?,operaciones=?,paciente_id=?,tratamientos=? where id_historial_medico=?
2024-04-29T22:16:06.448-04:00 DEBUG 13756 --- [pacientes] [           main] o.h.p.entity.AbstractEntityPersister     :  Delete (0): delete from historial_medico where id_historial_medico=?
2024-04-29T22:16:06.448-04:00 DEBUG 13756 --- [pacientes] [           main] org.hibernate.orm.sql.ast.create         : Created new SQL alias : c1_0
2024-04-29T22:16:06.448-04:00 DEBUG 13756 --- [pacientes] [           main] org.hibernate.orm.sql.ast.create         : Registration of TableGroup [StandardTableGroup(com.example.pacientes.model.Consulta)] with identifierForTableGroup [com.example.pacientes.model.Consulta] for NavigablePath [com.example.pacientes.model.Consulta] 
2024-04-29T22:16:06.448-04:00 DEBUG 13756 --- [pacientes] [           main] org.hibernate.orm.sql.ast.create         : Registration of TableGroup [org.hibernate.sql.ast.tree.from.LazyTableGroup@38f1f6c9] with identifierForTableGroup [com.example.pacientes.model.Consulta.paciente] for NavigablePath [com.example.pacientes.model.Consulta.paciente] 
2024-04-29T22:16:06.449-04:00 DEBUG 13756 --- [pacientes] [           main] org.hibernate.orm.sql.ast.create         : Created new SQL alias : p1_0
2024-04-29T22:16:06.449-04:00 DEBUG 13756 --- [pacientes] [           main] org.hibernate.orm.results.graph.AST      : DomainResult Graph:
 \-EntityResultImpl [com.example.pacientes.model.Consulta]
 |  +-BasicFetch [com.example.pacientes.model.Consulta.diagnostico]
 |  +-BasicFetch [com.example.pacientes.model.Consulta.fechaConsulta]
 |  +-BasicFetch [com.example.pacientes.model.Consulta.motivo]
 |  +-BasicFetch [com.example.pacientes.model.Consulta.nombreMedico]
 |  +-EntityFetchJoinedImpl [com.example.pacientes.model.Consulta.paciente]
 |  \-BasicFetch [com.example.pacientes.model.Consulta.tratamiento]

2024-04-29T22:16:06.449-04:00 DEBUG 13756 --- [pacientes] [           main] org.hibernate.orm.sql.ast.tree           : SQL AST Tree:
    SelectStatement {
      FromClause {
        StandardTableGroup (c1 : com.example.pacientes.model.Consulta) {
          primaryTableReference : consulta as c1_0
          TableGroupJoins {
            left  join LazyTableGroup (p1 : com.example.pacientes.model.Consulta.paciente) {
              primaryTableReference : paciente as p1_0
            }
          }
        }
      }
    }

2024-04-29T22:16:06.450-04:00 DEBUG 13756 --- [pacientes] [           main] o.h.p.entity.AbstractEntityPersister     : Static SQL for entity: com.example.pacientes.model.Consulta
2024-04-29T22:16:06.450-04:00 DEBUG 13756 --- [pacientes] [           main] o.h.p.entity.AbstractEntityPersister     :  Version select: select id_consulta from consulta where id_consulta=?
2024-04-29T22:16:06.450-04:00 DEBUG 13756 --- [pacientes] [           main] o.h.p.entity.AbstractEntityPersister     :  Insert (0): insert into consulta (diagnostico,fecha_consulta,motivo,nombre_medico,paciente_id,tratamiento,id_consulta) values (?,?,?,?,?,?,default)
2024-04-29T22:16:06.450-04:00 DEBUG 13756 --- [pacientes] [           main] o.h.p.entity.AbstractEntityPersister     :  Update (0): update consulta set diagnostico=?,fecha_consulta=?,motivo=?,nombre_medico=?,paciente_id=?,tratamiento=? where id_consulta=?
2024-04-29T22:16:06.450-04:00 DEBUG 13756 --- [pacientes] [           main] o.h.p.entity.AbstractEntityPersister     :  Delete (0): delete from consulta where id_consulta=?
2024-04-29T22:16:06.452-04:00 DEBUG 13756 --- [pacientes] [           main] org.hibernate.orm.sql.ast.create         : Created new SQL alias : c1_0
2024-04-29T22:16:06.453-04:00 DEBUG 13756 --- [pacientes] [           main] org.hibernate.orm.sql.ast.create         : Registration of TableGroup [org.hibernate.sql.ast.tree.from.OneToManyTableGroup@12e8c5c4] with identifierForTableGroup [com.example.pacientes.model.Paciente.consultas] for NavigablePath [com.example.pacientes.model.Paciente.consultas] 
2024-04-29T22:16:06.453-04:00 DEBUG 13756 --- [pacientes] [           main] org.hibernate.orm.sql.ast.create         : Registration of TableGroup [StandardTableGroup(com.example.pacientes.model.Paciente.consultas.{element})] with identifierForTableGroup [com.example.pacientes.model.Paciente.consultas.{element}] for NavigablePath [com.example.pacientes.model.Paciente.consultas.{element}] 
2024-04-29T22:16:06.459-04:00 DEBUG 13756 --- [pacientes] [           main] org.hibernate.orm.sql.ast.create         : Registration of TableGroup [org.hibernate.sql.ast.tree.from.LazyTableGroup@63f6811e] with identifierForTableGroup [com.example.pacientes.model.Paciente.consultas.{element}.paciente] for NavigablePath [com.example.pacientes.model.Paciente.consultas.{element}.paciente] 
2024-04-29T22:16:06.463-04:00 DEBUG 13756 --- [pacientes] [           main] org.hibernate.orm.results.graph.AST      : DomainResult Graph:
 \-CollectionDomainResult [com.example.pacientes.model.Paciente.consultas]

2024-04-29T22:16:06.464-04:00 DEBUG 13756 --- [pacientes] [           main] org.hibernate.orm.sql.ast.tree           : SQL AST Tree:
    SelectStatement {
      FromClause {
        OneToManyTableGroup (c1 : com.example.pacientes.model.Paciente.consultas) {
          primaryTableReference : consulta as c1_0
          TableGroupJoins {
            left  join LazyTableGroup (p1 : com.example.pacientes.model.Paciente.consultas.{element}.paciente) {
            }
          }
        }
      }
    }

2024-04-29T22:16:06.464-04:00 DEBUG 13756 --- [pacientes] [           main] org.hibernate.orm.jdbc.mutation          : Static SQL for collection: com.example.pacientes.model.Paciente.consultas
2024-04-29T22:16:06.464-04:00 DEBUG 13756 --- [pacientes] [           main] org.hibernate.orm.sql.ast.create         : Created new SQL alias : hm1_0
2024-04-29T22:16:06.464-04:00 DEBUG 13756 --- [pacientes] [           main] org.hibernate.orm.sql.ast.create         : Registration of TableGroup [org.hibernate.sql.ast.tree.from.OneToManyTableGroup@79cfc008] with identifierForTableGroup [com.example.pacientes.model.Paciente.historialMedico] for NavigablePath [com.example.pacientes.model.Paciente.historialMedico] 
2024-04-29T22:16:06.465-04:00 DEBUG 13756 --- [pacientes] [           main] org.hibernate.orm.sql.ast.create         : Registration of TableGroup [StandardTableGroup(com.example.pacientes.model.Paciente.historialMedico.{element})] with identifierForTableGroup [com.example.pacientes.model.Paciente.historialMedico.{element}] for NavigablePath [com.example.pacientes.model.Paciente.historialMedico.{element}] 
2024-04-29T22:16:06.465-04:00 DEBUG 13756 --- [pacientes] [           main] org.hibernate.orm.sql.ast.create         : Registration of TableGroup [org.hibernate.sql.ast.tree.from.LazyTableGroup@1ea482b4] with identifierForTableGroup [com.example.pacientes.model.Paciente.historialMedico.{element}.paciente] for NavigablePath [com.example.pacientes.model.Paciente.historialMedico.{element}.paciente] 
2024-04-29T22:16:06.466-04:00 DEBUG 13756 --- [pacientes] [           main] org.hibernate.orm.results.graph.AST      : DomainResult Graph:
 \-CollectionDomainResult [com.example.pacientes.model.Paciente.historialMedico]

2024-04-29T22:16:06.466-04:00 DEBUG 13756 --- [pacientes] [           main] org.hibernate.orm.sql.ast.tree           : SQL AST Tree:
    SelectStatement {
      FromClause {
        OneToManyTableGroup (hm1 : com.example.pacientes.model.Paciente.historialMedico) {
          primaryTableReference : historial_medico as hm1_0
          TableGroupJoins {
            left  join LazyTableGroup (p1 : com.example.pacientes.model.Paciente.historialMedico.{element}.paciente) {
            }
          }
        }
      }
    }

2024-04-29T22:16:06.466-04:00 DEBUG 13756 --- [pacientes] [           main] org.hibernate.orm.jdbc.mutation          : Static SQL for collection: com.example.pacientes.model.Paciente.historialMedico
2024-04-29T22:16:06.526-04:00  INFO 13756 --- [pacientes] [           main] o.h.e.t.j.p.i.JtaPlatformInitiator       : HHH000489: No JTA platform available (set 'hibernate.transaction.jta.platform' to enable JTA platform integration)
2024-04-29T22:16:06.528-04:00 DEBUG 13756 --- [pacientes] [           main] o.h.type.spi.TypeConfiguration$Scope     : Scoping TypeConfiguration [org.hibernate.type.spi.TypeConfiguration@2ca464bb] to SessionFactoryImplementor [org.hibernate.internal.SessionFactoryImpl@1e95fc31]
2024-04-29T22:16:06.530-04:00 DEBUG 13756 --- [pacientes] [           main] o.h.query.named.NamedObjectRepository    : Checking 0 named HQL queries
2024-04-29T22:16:06.532-04:00 DEBUG 13756 --- [pacientes] [           main] o.h.query.named.NamedObjectRepository    : Checking 0 named SQL queries
2024-04-29T22:16:06.532-04:00 DEBUG 13756 --- [pacientes] [           main] .h.t.s.s.SchemaManagementToolCoordinator : No schema actions specified for contributor `orm`; doing nothing
2024-04-29T22:16:06.532-04:00 DEBUG 13756 --- [pacientes] [           main] .h.t.s.s.SchemaManagementToolCoordinator : No actions found; doing nothing
2024-04-29T22:16:06.535-04:00 DEBUG 13756 --- [pacientes] [           main] o.h.internal.SessionFactoryRegistry      : Initializing SessionFactoryRegistry : org.hibernate.internal.SessionFactoryRegistry@676beb9f
2024-04-29T22:16:06.536-04:00 DEBUG 13756 --- [pacientes] [           main] o.h.internal.SessionFactoryRegistry      : Registering SessionFactory: 187f756d-1455-41d0-909b-1f40d21085cd (<unnamed>)
2024-04-29T22:16:06.536-04:00 DEBUG 13756 --- [pacientes] [           main] o.h.internal.SessionFactoryRegistry      : Not binding SessionFactory to JNDI, no JNDI name configured
2024-04-29T22:16:06.537-04:00 DEBUG 13756 --- [pacientes] [           main] o.hibernate.internal.SessionFactoryImpl  : Instantiated SessionFactory
2024-04-29T22:16:06.539-04:00  INFO 13756 --- [pacientes] [           main] j.LocalContainerEntityManagerFactoryBean : Initialized JPA EntityManagerFactory for persistence unit 'default'
2024-04-29T22:16:06.572-04:00 DEBUG 13756 --- [pacientes] [           main] o.s.b.f.s.DefaultListableBeanFactory     : Creating shared instance of singleton bean 'pacientesApplication'
2024-04-29T22:16:06.599-04:00 DEBUG 13756 --- [pacientes] [           main] o.s.b.f.s.DefaultListableBeanFactory     : Creating shared instance of singleton bean 'pacienteController'
2024-04-29T22:16:06.633-04:00 DEBUG 13756 --- [pacientes] [           main] o.s.b.f.s.DefaultListableBeanFactory     : Creating shared instance of singleton bean 'pacienteServiceImpl'
2024-04-29T22:16:06.639-04:00 DEBUG 13756 --- [pacientes] [           main] o.s.b.f.s.DefaultListableBeanFactory     : Creating shared instance of singleton bean 'pacienteRepository'
2024-04-29T22:16:06.703-04:00 DEBUG 13756 --- [pacientes] [           main] o.s.b.f.s.DefaultListableBeanFactory     : Creating shared instance of singleton bean 'jpa.named-queries#0'
2024-04-29T22:16:06.727-04:00 DEBUG 13756 --- [pacientes] [           main] o.s.b.f.s.DefaultListableBeanFactory     : Creating shared instance of singleton bean 'jpa.PacienteRepository.fragments#0'
2024-04-29T22:16:06.747-04:00 DEBUG 13756 --- [pacientes] [           main] o.s.b.f.s.DefaultListableBeanFactory     : Creating shared instance of singleton bean 'jpaSharedEM_entityManagerFactory'
2024-04-29T22:16:06.850-04:00 DEBUG 13756 --- [pacientes] [           main] o.s.b.f.s.DefaultListableBeanFactory     : Creating shared instance of singleton bean 'jpaMappingContext'
2024-04-29T22:16:06.851-04:00 DEBUG 13756 --- [pacientes] [           main] .c.JpaMetamodelMappingContextFactoryBean : Initializing JpaMetamodelMappingContext…
2024-04-29T22:16:06.890-04:00 DEBUG 13756 --- [pacientes] [           main] .c.JpaMetamodelMappingContextFactoryBean : Finished initializing JpaMetamodelMappingContext
2024-04-29T22:16:06.954-04:00 DEBUG 13756 --- [pacientes] [           main] tor$SharedEntityManagerInvocationHandler : Creating new EntityManager for shared EntityManager invocation
2024-04-29T22:16:06.991-04:00 DEBUG 13756 --- [pacientes] [           main] o.h.stat.internal.StatisticsInitiator    : Statistics initialized [enabled=false]
2024-04-29T22:16:06.999-04:00 DEBUG 13756 --- [pacientes] [           main] tor$SharedEntityManagerInvocationHandler : Creating new EntityManager for shared EntityManager invocation
2024-04-29T22:16:07.162-04:00 DEBUG 13756 --- [pacientes] [           main] o.s.d.r.c.s.RepositoryFactorySupport     : Initializing repository instance for com.example.pacientes.repository.PacienteRepository…
2024-04-29T22:16:07.219-04:00 DEBUG 13756 --- [pacientes] [           main] tor$SharedEntityManagerInvocationHandler : Creating new EntityManager for shared EntityManager invocation
2024-04-29T22:16:07.328-04:00 DEBUG 13756 --- [pacientes] [           main] o.s.d.r.c.s.RepositoryFactorySupport     : Finished creation of repository instance for com.example.pacientes.repository.PacienteRepository.
2024-04-29T22:16:07.349-04:00 DEBUG 13756 --- [pacientes] [           main] o.s.b.f.s.DefaultListableBeanFactory     : Creating shared instance of singleton bean 'consultaServiceImpl'
2024-04-29T22:16:07.352-04:00 DEBUG 13756 --- [pacientes] [           main] o.s.b.f.s.DefaultListableBeanFactory     : Creating shared instance of singleton bean 'consultaRepository'
2024-04-29T22:16:07.362-04:00 DEBUG 13756 --- [pacientes] [           main] o.s.b.f.s.DefaultListableBeanFactory     : Creating shared instance of singleton bean 'jpa.named-queries#2'
2024-04-29T22:16:07.366-04:00 DEBUG 13756 --- [pacientes] [           main] o.s.b.f.s.DefaultListableBeanFactory     : Creating shared instance of singleton bean 'jpa.ConsultaRepository.fragments#0'
2024-04-29T22:16:07.369-04:00 DEBUG 13756 --- [pacientes] [           main] tor$SharedEntityManagerInvocationHandler : Creating new EntityManager for shared EntityManager invocation
2024-04-29T22:16:07.371-04:00 DEBUG 13756 --- [pacientes] [           main] o.s.d.r.c.s.RepositoryFactorySupport     : Initializing repository instance for com.example.pacientes.repository.ConsultaRepository…
2024-04-29T22:16:07.374-04:00 DEBUG 13756 --- [pacientes] [           main] tor$SharedEntityManagerInvocationHandler : Creating new EntityManager for shared EntityManager invocation
2024-04-29T22:16:07.399-04:00 DEBUG 13756 --- [pacientes] [           main] o.s.d.r.c.s.RepositoryFactorySupport     : Finished creation of repository instance for com.example.pacientes.repository.ConsultaRepository.
2024-04-29T22:16:07.404-04:00 DEBUG 13756 --- [pacientes] [           main] o.s.b.f.s.DefaultListableBeanFactory     : Creating shared instance of singleton bean 'historialMedicoServiceImpl'
2024-04-29T22:16:07.405-04:00 DEBUG 13756 --- [pacientes] [           main] o.s.b.f.s.DefaultListableBeanFactory     : Creating shared instance of singleton bean 'historialMedicoRepository'
2024-04-29T22:16:07.408-04:00 DEBUG 13756 --- [pacientes] [           main] o.s.b.f.s.DefaultListableBeanFactory     : Creating shared instance of singleton bean 'jpa.named-queries#1'
2024-04-29T22:16:07.411-04:00 DEBUG 13756 --- [pacientes] [           main] o.s.b.f.s.DefaultListableBeanFactory     : Creating shared instance of singleton bean 'jpa.HistorialMedicoRepository.fragments#0'
2024-04-29T22:16:07.414-04:00 DEBUG 13756 --- [pacientes] [           main] tor$SharedEntityManagerInvocationHandler : Creating new EntityManager for shared EntityManager invocation
2024-04-29T22:16:07.415-04:00 DEBUG 13756 --- [pacientes] [           main] o.s.d.r.c.s.RepositoryFactorySupport     : Initializing repository instance for com.example.pacientes.repository.HistorialMedicoRepository…
2024-04-29T22:16:07.416-04:00 DEBUG 13756 --- [pacientes] [           main] tor$SharedEntityManagerInvocationHandler : Creating new EntityManager for shared EntityManager invocation
2024-04-29T22:16:07.442-04:00 DEBUG 13756 --- [pacientes] [           main] o.s.d.r.c.s.RepositoryFactorySupport     : Finished creation of repository instance for com.example.pacientes.repository.HistorialMedicoRepository.
2024-04-29T22:16:07.449-04:00 DEBUG 13756 --- [pacientes] [           main] o.s.b.f.s.DefaultListableBeanFactory     : Creating shared instance of singleton bean 'org.springframework.boot.autoconfigure.context.PropertyPlaceholderAutoConfiguration'
2024-04-29T22:16:07.451-04:00 DEBUG 13756 --- [pacientes] [           main] o.s.b.f.s.DefaultListableBeanFactory     : Creating shared instance of singleton bean 'org.springframework.boot.autoconfigure.ssl.SslAutoConfiguration'
2024-04-29T22:16:07.453-04:00 DEBUG 13756 --- [pacientes] [           main] o.s.b.f.s.DefaultListableBeanFactory     : Creating shared instance of singleton bean 'spring.ssl-org.springframework.boot.autoconfigure.ssl.SslProperties'
2024-04-29T22:16:07.473-04:00 DEBUG 13756 --- [pacientes] [           main] o.s.b.f.s.DefaultListableBeanFactory     : Autowiring by type from bean name 'org.springframework.boot.autoconfigure.ssl.SslAutoConfiguration' via constructor to bean named 'spring.ssl-org.springframework.boot.autoconfigure.ssl.SslProperties'
2024-04-29T22:16:07.474-04:00 DEBUG 13756 --- [pacientes] [           main] o.s.b.f.s.DefaultListableBeanFactory     : Creating shared instance of singleton bean 'fileWatcher'
2024-04-29T22:16:07.479-04:00 DEBUG 13756 --- [pacientes] [           main] o.s.b.f.s.DefaultListableBeanFactory     : Creating shared instance of singleton bean 'sslPropertiesSslBundleRegistrar'
2024-04-29T22:16:07.479-04:00 DEBUG 13756 --- [pacientes] [           main] o.s.b.f.s.DefaultListableBeanFactory     : Autowiring by type from bean name 'sslPropertiesSslBundleRegistrar' via factory method to bean named 'fileWatcher'
2024-04-29T22:16:07.485-04:00 DEBUG 13756 --- [pacientes] [           main] o.s.b.f.s.DefaultListableBeanFactory     : Creating shared instance of singleton bean 'sslBundleRegistry'
2024-04-29T22:16:07.492-04:00 DEBUG 13756 --- [pacientes] [           main] o.s.b.f.s.DefaultListableBeanFactory     : Creating shared instance of singleton bean 'org.springframework.boot.autoconfigure.websocket.servlet.WebSocketServletAutoConfiguration$TomcatWebSocketConfiguration'
2024-04-29T22:16:07.493-04:00 DEBUG 13756 --- [pacientes] [           main] o.s.b.f.s.DefaultListableBeanFactory     : Creating shared instance of singleton bean 'websocketServletWebServerCustomizer'
2024-04-29T22:16:07.497-04:00 DEBUG 13756 --- [pacientes] [           main] o.s.b.f.s.DefaultListableBeanFactory     : Creating shared instance of singleton bean 'org.springframework.boot.autoconfigure.websocket.servlet.WebSocketServletAutoConfiguration'
2024-04-29T22:16:07.497-04:00 DEBUG 13756 --- [pacientes] [           main] o.s.b.f.s.DefaultListableBeanFactory     : Creating shared instance of singleton bean 'org.springframework.boot.autoconfigure.web.servlet.ServletWebServerFactoryConfiguration$EmbeddedTomcat'
2024-04-29T22:16:07.497-04:00 DEBUG 13756 --- [pacientes] [           main] o.s.b.f.s.DefaultListableBeanFactory     : Creating shared instance of singleton bean 'tomcatServletWebServerFactory'
2024-04-29T22:16:07.549-04:00 DEBUG 13756 --- [pacientes] [           main] o.s.b.f.s.DefaultListableBeanFactory     : Creating shared instance of singleton bean 'servletWebServerFactoryCustomizer'
2024-04-29T22:16:07.551-04:00 DEBUG 13756 --- [pacientes] [           main] o.s.b.f.s.DefaultListableBeanFactory     : Creating shared instance of singleton bean 'org.springframework.boot.autoconfigure.web.servlet.ServletWebServerFactoryAutoConfiguration'
2024-04-29T22:16:07.554-04:00 DEBUG 13756 --- [pacientes] [           main] o.s.b.f.s.DefaultListableBeanFactory     : Creating shared instance of singleton bean 'server-org.springframework.boot.autoconfigure.web.ServerProperties'
2024-04-29T22:16:07.571-04:00 DEBUG 13756 --- [pacientes] [           main] o.s.b.f.s.DefaultListableBeanFactory     : Autowiring by type from bean name 'servletWebServerFactoryCustomizer' via factory method to bean named 'server-org.springframework.boot.autoconfigure.web.ServerProperties'
2024-04-29T22:16:07.577-04:00 DEBUG 13756 --- [pacientes] [           main] o.s.b.f.s.DefaultListableBeanFactory     : Creating shared instance of singleton bean 'tomcatServletWebServerFactoryCustomizer'
2024-04-29T22:16:07.577-04:00 DEBUG 13756 --- [pacientes] [           main] o.s.b.f.s.DefaultListableBeanFactory     : Autowiring by type from bean name 'tomcatServletWebServerFactoryCustomizer' via factory method to bean named 'server-org.springframework.boot.autoconfigure.web.ServerProperties'
2024-04-29T22:16:07.579-04:00 DEBUG 13756 --- [pacientes] [           main] o.s.b.f.s.DefaultListableBeanFactory     : Creating shared instance of singleton bean 'localeCharsetMappingsCustomizer'
2024-04-29T22:16:07.579-04:00 DEBUG 13756 --- [pacientes] [           main] o.s.b.f.s.DefaultListableBeanFactory     : Creating shared instance of singleton bean 'org.springframework.boot.autoconfigure.web.servlet.HttpEncodingAutoConfiguration'
2024-04-29T22:16:07.579-04:00 DEBUG 13756 --- [pacientes] [           main] o.s.b.f.s.DefaultListableBeanFactory     : Autowiring by type from bean name 'org.springframework.boot.autoconfigure.web.servlet.HttpEncodingAutoConfiguration' via constructor to bean named 'server-org.springframework.boot.autoconfigure.web.ServerProperties'
2024-04-29T22:16:07.601-04:00 DEBUG 13756 --- [pacientes] [           main] o.s.b.f.s.DefaultListableBeanFactory     : Creating shared instance of singleton bean 'errorPageCustomizer'
2024-04-29T22:16:07.601-04:00 DEBUG 13756 --- [pacientes] [           main] o.s.b.f.s.DefaultListableBeanFactory     : Creating shared instance of singleton bean 'org.springframework.boot.autoconfigure.web.servlet.error.ErrorMvcAutoConfiguration'
2024-04-29T22:16:07.602-04:00 DEBUG 13756 --- [pacientes] [           main] o.s.b.f.s.DefaultListableBeanFactory     : Autowiring by type from bean name 'org.springframework.boot.autoconfigure.web.servlet.error.ErrorMvcAutoConfiguration' via constructor to bean named 'server-org.springframework.boot.autoconfigure.web.ServerProperties'
2024-04-29T22:16:07.603-04:00 DEBUG 13756 --- [pacientes] [           main] o.s.b.f.s.DefaultListableBeanFactory     : Creating shared instance of singleton bean 'dispatcherServletRegistration'
2024-04-29T22:16:07.603-04:00 DEBUG 13756 --- [pacientes] [           main] o.s.b.f.s.DefaultListableBeanFactory     : Creating shared instance of singleton bean 'org.springframework.boot.autoconfigure.web.servlet.DispatcherServletAutoConfiguration$DispatcherServletRegistrationConfiguration'
2024-04-29T22:16:07.605-04:00 DEBUG 13756 --- [pacientes] [           main] o.s.b.f.s.DefaultListableBeanFactory     : Creating shared instance of singleton bean 'dispatcherServlet'
2024-04-29T22:16:07.605-04:00 DEBUG 13756 --- [pacientes] [           main] o.s.b.f.s.DefaultListableBeanFactory     : Creating shared instance of singleton bean 'org.springframework.boot.autoconfigure.web.servlet.DispatcherServletAutoConfiguration$DispatcherServletConfiguration'
2024-04-29T22:16:07.606-04:00 DEBUG 13756 --- [pacientes] [           main] o.s.b.f.s.DefaultListableBeanFactory     : Creating shared instance of singleton bean 'spring.mvc-org.springframework.boot.autoconfigure.web.servlet.WebMvcProperties'
2024-04-29T22:16:07.645-04:00 DEBUG 13756 --- [pacientes] [           main] o.s.b.f.s.DefaultListableBeanFactory     : Autowiring by type from bean name 'dispatcherServlet' via factory method to bean named 'spring.mvc-org.springframework.boot.autoconfigure.web.servlet.WebMvcProperties'
2024-04-29T22:16:07.832-04:00 DEBUG 13756 --- [pacientes] [           main] o.s.b.f.s.DefaultListableBeanFactory     : Autowiring by type from bean name 'dispatcherServletRegistration' via factory method to bean named 'dispatcherServlet'
2024-04-29T22:16:07.841-04:00 DEBUG 13756 --- [pacientes] [           main] o.s.b.f.s.DefaultListableBeanFactory     : Autowiring by type from bean name 'dispatcherServletRegistration' via factory method to bean named 'spring.mvc-org.springframework.boot.autoconfigure.web.servlet.WebMvcProperties'
2024-04-29T22:16:07.894-04:00 DEBUG 13756 --- [pacientes] [           main] o.s.b.f.s.DefaultListableBeanFactory     : Creating shared instance of singleton bean 'multipartConfigElement'
2024-04-29T22:16:07.896-04:00 DEBUG 13756 --- [pacientes] [           main] o.s.b.f.s.DefaultListableBeanFactory     : Creating shared instance of singleton bean 'org.springframework.boot.autoconfigure.web.servlet.MultipartAutoConfiguration'
2024-04-29T22:16:07.902-04:00 DEBUG 13756 --- [pacientes] [           main] o.s.b.f.s.DefaultListableBeanFactory     : Creating shared instance of singleton bean 'spring.servlet.multipart-org.springframework.boot.autoconfigure.web.servlet.MultipartProperties'
2024-04-29T22:16:07.958-04:00 DEBUG 13756 --- [pacientes] [           main] o.s.b.f.s.DefaultListableBeanFactory     : Autowiring by type from bean name 'org.springframework.boot.autoconfigure.web.servlet.MultipartAutoConfiguration' via constructor to bean named 'spring.servlet.multipart-org.springframework.boot.autoconfigure.web.servlet.MultipartProperties'
2024-04-29T22:16:07.989-04:00 DEBUG 13756 --- [pacientes] [           main] o.s.b.f.s.DefaultListableBeanFactory     : Autowiring by type from bean name 'errorPageCustomizer' via factory method to bean named 'dispatcherServletRegistration'
2024-04-29T22:16:08.018-04:00 DEBUG 13756 --- [pacientes] [           main] o.s.b.f.s.DefaultListableBeanFactory     : Creating shared instance of singleton bean 'org.springframework.boot.autoconfigure.web.servlet.DispatcherServletAutoConfiguration'
2024-04-29T22:16:08.020-04:00 DEBUG 13756 --- [pacientes] [           main] o.s.b.f.s.DefaultListableBeanFactory     : Creating shared instance of singleton bean 'org.springframework.boot.autoconfigure.task.TaskExecutorConfigurations$ThreadPoolTaskExecutorBuilderConfiguration'
2024-04-29T22:16:08.022-04:00 DEBUG 13756 --- [pacientes] [           main] o.s.b.f.s.DefaultListableBeanFactory     : Creating shared instance of singleton bean 'threadPoolTaskExecutorBuilder'
2024-04-29T22:16:08.024-04:00 DEBUG 13756 --- [pacientes] [           main] o.s.b.f.s.DefaultListableBeanFactory     : Creating shared instance of singleton bean 'spring.task.execution-org.springframework.boot.autoconfigure.task.TaskExecutionProperties'
2024-04-29T22:16:08.032-04:00 DEBUG 13756 --- [pacientes] [           main] o.s.b.f.s.DefaultListableBeanFactory     : Autowiring by type from bean name 'threadPoolTaskExecutorBuilder' via factory method to bean named 'spring.task.execution-org.springframework.boot.autoconfigure.task.TaskExecutionProperties'
2024-04-29T22:16:08.045-04:00 DEBUG 13756 --- [pacientes] [           main] o.s.b.f.s.DefaultListableBeanFactory     : Creating shared instance of singleton bean 'org.springframework.boot.autoconfigure.task.TaskExecutorConfigurations$TaskExecutorBuilderConfiguration'
2024-04-29T22:16:08.050-04:00 DEBUG 13756 --- [pacientes] [           main] o.s.b.f.s.DefaultListableBeanFactory     : Creating shared instance of singleton bean 'taskExecutorBuilder'
2024-04-29T22:16:08.052-04:00 DEBUG 13756 --- [pacientes] [           main] o.s.b.f.s.DefaultListableBeanFactory     : Autowiring by type from bean name 'taskExecutorBuilder' via factory method to bean named 'spring.task.execution-org.springframework.boot.autoconfigure.task.TaskExecutionProperties'
2024-04-29T22:16:08.056-04:00 DEBUG 13756 --- [pacientes] [           main] o.s.b.f.s.DefaultListableBeanFactory     : Creating shared instance of singleton bean 'org.springframework.boot.autoconfigure.task.TaskExecutorConfigurations$SimpleAsyncTaskExecutorBuilderConfiguration'
2024-04-29T22:16:08.058-04:00 DEBUG 13756 --- [pacientes] [           main] o.s.b.f.s.DefaultListableBeanFactory     : Autowiring by type from bean name 'org.springframework.boot.autoconfigure.task.TaskExecutorConfigurations$SimpleAsyncTaskExecutorBuilderConfiguration' via constructor to bean named 'spring.task.execution-org.springframework.boot.autoconfigure.task.TaskExecutionProperties'
2024-04-29T22:16:08.065-04:00 DEBUG 13756 --- [pacientes] [           main] o.s.b.f.s.DefaultListableBeanFactory     : Creating shared instance of singleton bean 'simpleAsyncTaskExecutorBuilder'
2024-04-29T22:16:08.068-04:00 DEBUG 13756 --- [pacientes] [           main] o.s.b.f.s.DefaultListableBeanFactory     : Creating shared instance of singleton bean 'org.springframework.boot.autoconfigure.task.TaskExecutorConfigurations$TaskExecutorConfiguration'
2024-04-29T22:16:08.070-04:00 DEBUG 13756 --- [pacientes] [           main] o.s.b.f.s.DefaultListableBeanFactory     : Creating shared instance of singleton bean 'org.springframework.boot.autoconfigure.task.TaskExecutionAutoConfiguration'
2024-04-29T22:16:08.071-04:00 DEBUG 13756 --- [pacientes] [           main] o.s.b.f.s.DefaultListableBeanFactory     : Creating shared instance of singleton bean 'org.springframework.boot.autoconfigure.validation.ValidationAutoConfiguration'
2024-04-29T22:16:08.073-04:00 DEBUG 13756 --- [pacientes] [           main] o.s.b.f.s.DefaultListableBeanFactory     : Creating shared instance of singleton bean 'defaultValidator'
2024-04-29T22:16:08.075-04:00 DEBUG 13756 --- [pacientes] [           main] o.s.b.f.s.DefaultListableBeanFactory     : Autowiring by type from bean name 'defaultValidator' via factory method to bean named 'org.springframework.web.context.support.GenericWebApplicationContext@7df3da0b'
2024-04-29T22:16:08.081-04:00 DEBUG 13756 --- [pacientes] [           main] .h.v.m.ResourceBundleMessageInterpolator : Loaded expression factory via original TCCL
2024-04-29T22:16:08.084-04:00 DEBUG 13756 --- [pacientes] [           main] o.h.v.i.e.AbstractConfigurationImpl      : Setting custom MessageInterpolator of type org.springframework.validation.beanvalidation.LocaleContextMessageInterpolator
2024-04-29T22:16:08.084-04:00 DEBUG 13756 --- [pacientes] [           main] o.h.v.i.e.AbstractConfigurationImpl      : Setting custom ConstraintValidatorFactory of type org.springframework.validation.beanvalidation.SpringConstraintValidatorFactory
2024-04-29T22:16:08.088-04:00 DEBUG 13756 --- [pacientes] [           main] o.h.v.i.xml.config.ValidationXmlParser   : Trying to load META-INF/validation.xml for XML based Validator configuration.
2024-04-29T22:16:08.088-04:00 DEBUG 13756 --- [pacientes] [           main] o.h.v.i.xml.config.ResourceLoaderHelper  : Trying to load META-INF/validation.xml via user class loader
2024-04-29T22:16:08.089-04:00 DEBUG 13756 --- [pacientes] [           main] o.h.v.i.xml.config.ResourceLoaderHelper  : Trying to load META-INF/validation.xml via TCCL
2024-04-29T22:16:08.090-04:00 DEBUG 13756 --- [pacientes] [           main] o.h.v.i.xml.config.ResourceLoaderHelper  : Trying to load META-INF/validation.xml via Hibernate Validator's class loader
2024-04-29T22:16:08.091-04:00 DEBUG 13756 --- [pacientes] [           main] o.h.v.i.xml.config.ValidationXmlParser   : No META-INF/validation.xml found. Using annotation based configuration only.
2024-04-29T22:16:08.092-04:00 DEBUG 13756 --- [pacientes] [           main] o.h.v.i.e.resolver.TraversableResolvers  : Found jakarta.persistence.Persistence on classpath containing 'getPersistenceUtil'. Assuming JPA 2 environment. Trying to instantiate JPA aware TraversableResolver
2024-04-29T22:16:08.092-04:00 DEBUG 13756 --- [pacientes] [           main] o.h.v.i.e.resolver.TraversableResolvers  : Instantiated JPA aware TraversableResolver of type org.hibernate.validator.internal.engine.resolver.JPATraversableResolver.
2024-04-29T22:16:08.101-04:00 DEBUG 13756 --- [pacientes] [           main] .i.e.ValidatorFactoryConfigurationHelper : HV000252: Using org.hibernate.validator.internal.engine.DefaultPropertyNodeNameProvider as property node name provider.
2024-04-29T22:16:08.106-04:00 DEBUG 13756 --- [pacientes] [           main] .i.e.ValidatorFactoryConfigurationHelper : HV000234: Using org.springframework.validation.beanvalidation.LocaleContextMessageInterpolator as ValidatorFactory-scoped message interpolator.
2024-04-29T22:16:08.106-04:00 DEBUG 13756 --- [pacientes] [           main] .i.e.ValidatorFactoryConfigurationHelper : HV000234: Using org.hibernate.validator.internal.engine.resolver.JPATraversableResolver as ValidatorFactory-scoped traversable resolver.
2024-04-29T22:16:08.106-04:00 DEBUG 13756 --- [pacientes] [           main] .i.e.ValidatorFactoryConfigurationHelper : HV000234: Using org.hibernate.validator.internal.util.ExecutableParameterNameProvider as ValidatorFactory-scoped parameter name provider.
2024-04-29T22:16:08.106-04:00 DEBUG 13756 --- [pacientes] [           main] .i.e.ValidatorFactoryConfigurationHelper : HV000234: Using org.hibernate.validator.internal.engine.DefaultClockProvider as ValidatorFactory-scoped clock provider.
2024-04-29T22:16:08.106-04:00 DEBUG 13756 --- [pacientes] [           main] .i.e.ValidatorFactoryConfigurationHelper : HV000234: Using org.hibernate.validator.internal.engine.scripting.DefaultScriptEvaluatorFactory as ValidatorFactory-scoped script evaluator factory.
2024-04-29T22:16:08.125-04:00 DEBUG 13756 --- [pacientes] [           main] o.s.b.f.s.DefaultListableBeanFactory     : Creating shared instance of singleton bean 'org.springframework.boot.autoconfigure.web.servlet.error.ErrorMvcAutoConfiguration$WhitelabelErrorViewConfiguration'
2024-04-29T22:16:08.128-04:00 DEBUG 13756 --- [pacientes] [           main] o.s.b.f.s.DefaultListableBeanFactory     : Creating shared instance of singleton bean 'error'
2024-04-29T22:16:08.134-04:00 DEBUG 13756 --- [pacientes] [           main] o.s.b.f.s.DefaultListableBeanFactory     : Creating shared instance of singleton bean 'beanNameViewResolver'
2024-04-29T22:16:08.139-04:00 DEBUG 13756 --- [pacientes] [           main] o.s.b.f.s.DefaultListableBeanFactory     : Creating shared instance of singleton bean 'org.springframework.boot.autoconfigure.web.servlet.error.ErrorMvcAutoConfiguration$DefaultErrorViewResolverConfiguration'
2024-04-29T22:16:08.141-04:00 DEBUG 13756 --- [pacientes] [           main] o.s.b.f.s.DefaultListableBeanFactory     : Creating shared instance of singleton bean 'spring.web-org.springframework.boot.autoconfigure.web.WebProperties'
2024-04-29T22:16:08.149-04:00 DEBUG 13756 --- [pacientes] [           main] o.s.b.f.s.DefaultListableBeanFactory     : Autowiring by type from bean name 'org.springframework.boot.autoconfigure.web.servlet.error.ErrorMvcAutoConfiguration$DefaultErrorViewResolverConfiguration' via constructor to bean named 'org.springframework.web.context.support.GenericWebApplicationContext@7df3da0b'
2024-04-29T22:16:08.150-04:00 DEBUG 13756 --- [pacientes] [           main] o.s.b.f.s.DefaultListableBeanFactory     : Autowiring by type from bean name 'org.springframework.boot.autoconfigure.web.servlet.error.ErrorMvcAutoConfiguration$DefaultErrorViewResolverConfiguration' via constructor to bean named 'spring.web-org.springframework.boot.autoconfigure.web.WebProperties'
2024-04-29T22:16:08.153-04:00 DEBUG 13756 --- [pacientes] [           main] o.s.b.f.s.DefaultListableBeanFactory     : Creating shared instance of singleton bean 'conventionErrorViewResolver'
2024-04-29T22:16:08.158-04:00 DEBUG 13756 --- [pacientes] [           main] o.s.b.f.s.DefaultListableBeanFactory     : Creating shared instance of singleton bean 'errorAttributes'
2024-04-29T22:16:08.161-04:00 DEBUG 13756 --- [pacientes] [           main] o.s.b.f.s.DefaultListableBeanFactory     : Creating shared instance of singleton bean 'basicErrorController'
2024-04-29T22:16:08.163-04:00 DEBUG 13756 --- [pacientes] [           main] o.s.b.f.s.DefaultListableBeanFactory     : Autowiring by type from bean name 'basicErrorController' via factory method to bean named 'errorAttributes'
2024-04-29T22:16:08.167-04:00 DEBUG 13756 --- [pacientes] [           main] o.s.b.f.s.DefaultListableBeanFactory     : Creating shared instance of singleton bean 'org.springframework.boot.autoconfigure.web.servlet.WebMvcAutoConfiguration$EnableWebMvcConfiguration'
2024-04-29T22:16:08.173-04:00 DEBUG 13756 --- [pacientes] [           main] o.s.b.f.s.DefaultListableBeanFactory     : Autowiring by type from bean name 'org.springframework.boot.autoconfigure.web.servlet.WebMvcAutoConfiguration$EnableWebMvcConfiguration' via constructor to bean named 'spring.mvc-org.springframework.boot.autoconfigure.web.servlet.WebMvcProperties'
2024-04-29T22:16:08.174-04:00 DEBUG 13756 --- [pacientes] [           main] o.s.b.f.s.DefaultListableBeanFactory     : Autowiring by type from bean name 'org.springframework.boot.autoconfigure.web.servlet.WebMvcAutoConfiguration$EnableWebMvcConfiguration' via constructor to bean named 'spring.web-org.springframework.boot.autoconfigure.web.WebProperties'
2024-04-29T22:16:08.174-04:00 DEBUG 13756 --- [pacientes] [           main] o.s.b.f.s.DefaultListableBeanFactory     : Autowiring by type from bean name 'org.springframework.boot.autoconfigure.web.servlet.WebMvcAutoConfiguration$EnableWebMvcConfiguration' via constructor to bean named 'org.springframework.beans.factory.support.DefaultListableBeanFactory@50f3ba6a'
2024-04-29T22:16:08.184-04:00 DEBUG 13756 --- [pacientes] [           main] o.s.b.f.s.DefaultListableBeanFactory     : Creating shared instance of singleton bean 'org.springframework.boot.autoconfigure.web.servlet.WebMvcAutoConfiguration$WebMvcAutoConfigurationAdapter'
2024-04-29T22:16:08.187-04:00 DEBUG 13756 --- [pacientes] [           main] o.s.b.f.s.DefaultListableBeanFactory     : Autowiring by type from bean name 'org.springframework.boot.autoconfigure.web.servlet.WebMvcAutoConfiguration$WebMvcAutoConfigurationAdapter' via constructor to bean named 'spring.web-org.springframework.boot.autoconfigure.web.WebProperties'
2024-04-29T22:16:08.188-04:00 DEBUG 13756 --- [pacientes] [           main] o.s.b.f.s.DefaultListableBeanFactory     : Autowiring by type from bean name 'org.springframework.boot.autoconfigure.web.servlet.WebMvcAutoConfiguration$WebMvcAutoConfigurationAdapter' via constructor to bean named 'spring.mvc-org.springframework.boot.autoconfigure.web.servlet.WebMvcProperties'
2024-04-29T22:16:08.188-04:00 DEBUG 13756 --- [pacientes] [           main] o.s.b.f.s.DefaultListableBeanFactory     : Autowiring by type from bean name 'org.springframework.boot.autoconfigure.web.servlet.WebMvcAutoConfiguration$WebMvcAutoConfigurationAdapter' via constructor to bean named 'org.springframework.beans.factory.support.DefaultListableBeanFactory@50f3ba6a'
2024-04-29T22:16:08.193-04:00 DEBUG 13756 --- [pacientes] [           main] o.s.b.f.s.DefaultListableBeanFactory     : Creating shared instance of singleton bean 'openEntityManagerInViewInterceptorConfigurer'
2024-04-29T22:16:08.193-04:00 DEBUG 13756 --- [pacientes] [           main] o.s.b.f.s.DefaultListableBeanFactory     : Creating shared instance of singleton bean 'org.springframework.boot.autoconfigure.orm.jpa.JpaBaseConfiguration$JpaWebConfiguration'
2024-04-29T22:16:08.193-04:00 DEBUG 13756 --- [pacientes] [           main] o.s.b.f.s.DefaultListableBeanFactory     : Autowiring by type from bean name 'org.springframework.boot.autoconfigure.orm.jpa.JpaBaseConfiguration$JpaWebConfiguration' via constructor to bean named 'spring.jpa-org.springframework.boot.autoconfigure.orm.jpa.JpaProperties'
2024-04-29T22:16:08.195-04:00 DEBUG 13756 --- [pacientes] [           main] o.s.b.f.s.DefaultListableBeanFactory     : Creating shared instance of singleton bean 'openEntityManagerInViewInterceptor'
2024-04-29T22:16:08.197-04:00  WARN 13756 --- [pacientes] [           main] JpaBaseConfiguration$JpaWebConfiguration : spring.jpa.open-in-view is enabled by default. Therefore, database queries may be performed during view rendering. Explicitly configure spring.jpa.open-in-view to disable this warning
2024-04-29T22:16:08.202-04:00 DEBUG 13756 --- [pacientes] [           main] o.s.b.f.s.DefaultListableBeanFactory     : Autowiring by type from bean name 'openEntityManagerInViewInterceptorConfigurer' via factory method to bean named 'openEntityManagerInViewInterceptor'
2024-04-29T22:16:08.206-04:00 DEBUG 13756 --- [pacientes] [           main] o.s.b.f.s.DefaultListableBeanFactory     : Creating shared instance of singleton bean 'org.springframework.data.web.config.HateoasAwareSpringDataWebConfiguration'
2024-04-29T22:16:08.208-04:00 DEBUG 13756 --- [pacientes] [           main] o.s.b.f.s.DefaultListableBeanFactory     : Autowiring by type from bean name 'org.springframework.data.web.config.HateoasAwareSpringDataWebConfiguration' via constructor to bean named 'org.springframework.web.context.support.GenericWebApplicationContext@7df3da0b'
2024-04-29T22:16:08.219-04:00 DEBUG 13756 --- [pacientes] [           main] o.s.b.f.s.DefaultListableBeanFactory     : Creating shared instance of singleton bean 'hypermediaWebMvcConfigurer'
2024-04-29T22:16:08.220-04:00 DEBUG 13756 --- [pacientes] [           main] o.s.b.f.s.DefaultListableBeanFactory     : Creating shared instance of singleton bean 'org.springframework.hateoas.config.WebMvcHateoasConfiguration'
2024-04-29T22:16:08.223-04:00 DEBUG 13756 --- [pacientes] [           main] o.s.b.f.s.DefaultListableBeanFactory     : Creating shared instance of singleton bean 'hypermediaWebMvcConverters'
2024-04-29T22:16:08.223-04:00 DEBUG 13756 --- [pacientes] [           main] o.s.b.f.s.DefaultListableBeanFactory     : Creating shared instance of singleton bean 'org.springframework.hateoas.config.HateoasConfiguration'
2024-04-29T22:16:08.230-04:00 DEBUG 13756 --- [pacientes] [           main] o.s.b.f.s.DefaultListableBeanFactory     : Creating shared instance of singleton bean 'org.springframework.hateoas.mediatype.hal.HalMediaTypeConfiguration'
2024-04-29T22:16:08.232-04:00 DEBUG 13756 --- [pacientes] [           main] o.s.b.f.s.DefaultListableBeanFactory     : Creating shared instance of singleton bean '_relProvider'
2024-04-29T22:16:08.236-04:00 DEBUG 13756 --- [pacientes] [           main] o.s.b.f.s.DefaultListableBeanFactory     : Creating shared instance of singleton bean 'relProviderPluginRegistry'
2024-04-29T22:16:08.237-04:00 DEBUG 13756 --- [pacientes] [           main] o.s.b.f.s.DefaultListableBeanFactory     : Autowiring by type from bean name 'relProviderPluginRegistry' via factory method to bean named 'org.springframework.web.context.support.GenericWebApplicationContext@7df3da0b'
2024-04-29T22:16:08.248-04:00 DEBUG 13756 --- [pacientes] [           main] o.s.b.f.s.DefaultListableBeanFactory     : Autowiring by type from bean name '_relProvider' via factory method to bean named 'relProviderPluginRegistry'
2024-04-29T22:16:08.251-04:00 DEBUG 13756 --- [pacientes] [           main] o.s.b.f.s.DefaultListableBeanFactory     : Creating shared instance of singleton bean 'messageResolver'
2024-04-29T22:16:08.271-04:00 DEBUG 13756 --- [pacientes] [           main] o.s.b.f.s.DefaultListableBeanFactory     : Autowiring by type from bean name 'org.springframework.hateoas.mediatype.hal.HalMediaTypeConfiguration' via constructor to bean named '_relProvider'
2024-04-29T22:16:08.271-04:00 DEBUG 13756 --- [pacientes] [           main] o.s.b.f.s.DefaultListableBeanFactory     : Autowiring by type from bean name 'org.springframework.hateoas.mediatype.hal.HalMediaTypeConfiguration' via constructor to bean named 'messageResolver'
2024-04-29T22:16:08.271-04:00 DEBUG 13756 --- [pacientes] [           main] o.s.b.f.s.DefaultListableBeanFactory     : Autowiring by type from bean name 'org.springframework.hateoas.mediatype.hal.HalMediaTypeConfiguration' via constructor to bean named 'org.springframework.beans.factory.support.DefaultListableBeanFactory@50f3ba6a'
2024-04-29T22:16:08.277-04:00 DEBUG 13756 --- [pacientes] [           main] o.s.b.f.s.DefaultListableBeanFactory     : Autowiring by type from bean name 'hypermediaWebMvcConverters' via factory method to bean named 'org.springframework.hateoas.mediatype.hal.HalMediaTypeConfiguration'
2024-04-29T22:16:08.279-04:00 DEBUG 13756 --- [pacientes] [           main] o.s.b.f.s.DefaultListableBeanFactory     : Creating shared instance of singleton bean 'jacksonObjectMapper'
2024-04-29T22:16:08.279-04:00 DEBUG 13756 --- [pacientes] [           main] o.s.b.f.s.DefaultListableBeanFactory     : Creating shared instance of singleton bean 'org.springframework.boot.autoconfigure.jackson.JacksonAutoConfiguration$JacksonObjectMapperConfiguration'
2024-04-29T22:16:08.282-04:00 DEBUG 13756 --- [pacientes] [           main] o.s.b.f.s.DefaultListableBeanFactory     : Creating shared instance of singleton bean 'org.springframework.boot.autoconfigure.jackson.JacksonAutoConfiguration$JacksonObjectMapperBuilderConfiguration'
2024-04-29T22:16:08.284-04:00 DEBUG 13756 --- [pacientes] [           main] o.s.b.f.s.DefaultListableBeanFactory     : Creating shared instance of singleton bean 'standardJacksonObjectMapperBuilderCustomizer'
2024-04-29T22:16:08.285-04:00 DEBUG 13756 --- [pacientes] [           main] o.s.b.f.s.DefaultListableBeanFactory     : Creating shared instance of singleton bean 'org.springframework.boot.autoconfigure.jackson.JacksonAutoConfiguration$Jackson2ObjectMapperBuilderCustomizerConfiguration'
2024-04-29T22:16:08.286-04:00 DEBUG 13756 --- [pacientes] [           main] o.s.b.f.s.DefaultListableBeanFactory     : Creating shared instance of singleton bean 'spring.jackson-org.springframework.boot.autoconfigure.jackson.JacksonProperties'
2024-04-29T22:16:08.299-04:00 DEBUG 13756 --- [pacientes] [           main] o.s.b.f.s.DefaultListableBeanFactory     : Autowiring by type from bean name 'standardJacksonObjectMapperBuilderCustomizer' via factory method to bean named 'spring.jackson-org.springframework.boot.autoconfigure.jackson.JacksonProperties'
2024-04-29T22:16:08.300-04:00 DEBUG 13756 --- [pacientes] [           main] o.s.b.f.s.DefaultListableBeanFactory     : Creating shared instance of singleton bean 'parameterNamesModule'
2024-04-29T22:16:08.301-04:00 DEBUG 13756 --- [pacientes] [           main] o.s.b.f.s.DefaultListableBeanFactory     : Creating shared instance of singleton bean 'org.springframework.boot.autoconfigure.jackson.JacksonAutoConfiguration$ParameterNamesModuleConfiguration'
2024-04-29T22:16:08.310-04:00 DEBUG 13756 --- [pacientes] [           main] o.s.b.f.s.DefaultListableBeanFactory     : Creating shared instance of singleton bean 'jsonMixinModule'
2024-04-29T22:16:08.311-04:00 DEBUG 13756 --- [pacientes] [           main] o.s.b.f.s.DefaultListableBeanFactory     : Creating shared instance of singleton bean 'org.springframework.boot.autoconfigure.jackson.JacksonAutoConfiguration$JacksonMixinConfiguration'
2024-04-29T22:16:08.313-04:00 DEBUG 13756 --- [pacientes] [           main] o.s.b.f.s.DefaultListableBeanFactory     : Creating shared instance of singleton bean 'jsonMixinModuleEntries'
2024-04-29T22:16:08.313-04:00 DEBUG 13756 --- [pacientes] [           main] o.s.b.f.s.DefaultListableBeanFactory     : Autowiring by type from bean name 'jsonMixinModuleEntries' via factory method to bean named 'org.springframework.web.context.support.GenericWebApplicationContext@7df3da0b'
2024-04-29T22:16:08.339-04:00 DEBUG 13756 --- [pacientes] [           main] o.s.b.f.s.DefaultListableBeanFactory     : Autowiring by type from bean name 'jsonMixinModule' via factory method to bean named 'org.springframework.web.context.support.GenericWebApplicationContext@7df3da0b'
2024-04-29T22:16:08.340-04:00 DEBUG 13756 --- [pacientes] [           main] o.s.b.f.s.DefaultListableBeanFactory     : Autowiring by type from bean name 'jsonMixinModule' via factory method to bean named 'jsonMixinModuleEntries'
2024-04-29T22:16:08.345-04:00 DEBUG 13756 --- [pacientes] [           main] o.s.b.f.s.DefaultListableBeanFactory     : Creating shared instance of singleton bean 'jsonComponentModule'
2024-04-29T22:16:08.345-04:00 DEBUG 13756 --- [pacientes] [           main] o.s.b.f.s.DefaultListableBeanFactory     : Creating shared instance of singleton bean 'org.springframework.boot.autoconfigure.jackson.JacksonAutoConfiguration'
2024-04-29T22:16:08.353-04:00 DEBUG 13756 --- [pacientes] [           main] o.s.b.f.s.DefaultListableBeanFactory     : Creating shared instance of singleton bean 'jacksonGeoModule'
2024-04-29T22:16:08.353-04:00 DEBUG 13756 --- [pacientes] [           main] o.s.b.f.s.DefaultListableBeanFactory     : Creating shared instance of singleton bean 'org.springframework.data.web.config.SpringDataJacksonConfiguration'
2024-04-29T22:16:08.358-04:00 DEBUG 13756 --- [pacientes] [           main] o.s.b.f.s.DefaultListableBeanFactory     : Creating shared instance of singleton bean 'pageModule'
2024-04-29T22:16:08.362-04:00 DEBUG 13756 --- [pacientes] [           main] o.s.b.f.s.DefaultListableBeanFactory     : Autowiring by type from bean name 'jacksonObjectMapperBuilder' via factory method to bean named 'org.springframework.web.context.support.GenericWebApplicationContext@7df3da0b'
2024-04-29T22:16:08.363-04:00 DEBUG 13756 --- [pacientes] [           main] o.s.b.f.s.DefaultListableBeanFactory     : Autowiring by type from bean name 'jacksonObjectMapperBuilder' via factory method to bean named 'standardJacksonObjectMapperBuilderCustomizer'
2024-04-29T22:16:08.365-04:00 DEBUG 13756 --- [pacientes] [           main] o.s.b.f.s.DefaultListableBeanFactory     : Autowiring by type from bean name 'jacksonObjectMapper' via factory method to bean named 'jacksonObjectMapperBuilder'
2024-04-29T22:16:08.510-04:00 DEBUG 13756 --- [pacientes] [           main] o.s.b.f.s.DefaultListableBeanFactory     : Autowiring by type from bean name 'hypermediaWebMvcConfigurer' via factory method to bean named 'hypermediaWebMvcConverters'
2024-04-29T22:16:08.528-04:00 DEBUG 13756 --- [pacientes] [           main] o.s.b.f.s.DefaultListableBeanFactory     : Creating shared instance of singleton bean 'welcomePageHandlerMapping'
2024-04-29T22:16:08.536-04:00 DEBUG 13756 --- [pacientes] [           main] o.s.b.f.s.DefaultListableBeanFactory     : Creating shared instance of singleton bean 'mvcConversionService'
2024-04-29T22:16:08.614-04:00 DEBUG 13756 --- [pacientes] [           main] o.s.b.f.s.DefaultListableBeanFactory     : Creating shared instance of singleton bean 'mvcResourceUrlProvider'
2024-04-29T22:16:08.627-04:00 DEBUG 13756 --- [pacientes] [           main] o.s.b.f.s.DefaultListableBeanFactory     : Autowiring by type from bean name 'welcomePageHandlerMapping' via factory method to bean named 'org.springframework.web.context.support.GenericWebApplicationContext@7df3da0b'
2024-04-29T22:16:08.627-04:00 DEBUG 13756 --- [pacientes] [           main] o.s.b.f.s.DefaultListableBeanFactory     : Autowiring by type from bean name 'welcomePageHandlerMapping' via factory method to bean named 'mvcConversionService'
2024-04-29T22:16:08.627-04:00 DEBUG 13756 --- [pacientes] [           main] o.s.b.f.s.DefaultListableBeanFactory     : Autowiring by type from bean name 'welcomePageHandlerMapping' via factory method to bean named 'mvcResourceUrlProvider'
2024-04-29T22:16:08.663-04:00 DEBUG 13756 --- [pacientes] [           main] o.s.b.f.s.DefaultListableBeanFactory     : Creating shared instance of singleton bean 'welcomePageNotAcceptableHandlerMapping'
2024-04-29T22:16:08.665-04:00 DEBUG 13756 --- [pacientes] [           main] o.s.b.f.s.DefaultListableBeanFactory     : Autowiring by type from bean name 'welcomePageNotAcceptableHandlerMapping' via factory method to bean named 'org.springframework.web.context.support.GenericWebApplicationContext@7df3da0b'
2024-04-29T22:16:08.665-04:00 DEBUG 13756 --- [pacientes] [           main] o.s.b.f.s.DefaultListableBeanFactory     : Autowiring by type from bean name 'welcomePageNotAcceptableHandlerMapping' via factory method to bean named 'mvcConversionService'
2024-04-29T22:16:08.665-04:00 DEBUG 13756 --- [pacientes] [           main] o.s.b.f.s.DefaultListableBeanFactory     : Autowiring by type from bean name 'welcomePageNotAcceptableHandlerMapping' via factory method to bean named 'mvcResourceUrlProvider'
2024-04-29T22:16:08.681-04:00 DEBUG 13756 --- [pacientes] [           main] o.s.b.f.s.DefaultListableBeanFactory     : Creating shared instance of singleton bean 'localeResolver'
2024-04-29T22:16:08.691-04:00 DEBUG 13756 --- [pacientes] [           main] o.s.b.f.s.DefaultListableBeanFactory     : Creating shared instance of singleton bean 'themeResolver'
2024-04-29T22:16:08.695-04:00 DEBUG 13756 --- [pacientes] [           main] o.s.b.f.s.DefaultListableBeanFactory     : Creating shared instance of singleton bean 'flashMapManager'
2024-04-29T22:16:08.697-04:00 DEBUG 13756 --- [pacientes] [           main] o.s.b.f.s.DefaultListableBeanFactory     : Creating shared instance of singleton bean 'mvcValidator'
2024-04-29T22:16:08.699-04:00 DEBUG 13756 --- [pacientes] [           main] o.s.b.f.s.DefaultListableBeanFactory     : Creating shared instance of singleton bean 'mvcContentNegotiationManager'
2024-04-29T22:16:08.701-04:00 DEBUG 13756 --- [pacientes] [           main] o.s.b.f.s.DefaultListableBeanFactory     : Creating shared instance of singleton bean 'requestMappingHandlerMapping'
2024-04-29T22:16:08.706-04:00 DEBUG 13756 --- [pacientes] [           main] o.s.b.f.s.DefaultListableBeanFactory     : Autowiring by type from bean name 'requestMappingHandlerMapping' via factory method to bean named 'mvcContentNegotiationManager'
2024-04-29T22:16:08.706-04:00 DEBUG 13756 --- [pacientes] [           main] o.s.b.f.s.DefaultListableBeanFactory     : Autowiring by type from bean name 'requestMappingHandlerMapping' via factory method to bean named 'mvcConversionService'
2024-04-29T22:16:08.706-04:00 DEBUG 13756 --- [pacientes] [           main] o.s.b.f.s.DefaultListableBeanFactory     : Autowiring by type from bean name 'requestMappingHandlerMapping' via factory method to bean named 'mvcResourceUrlProvider'
2024-04-29T22:16:08.923-04:00 DEBUG 13756 --- [pacientes] [           main] s.w.s.m.m.a.RequestMappingHandlerMapping : 17 mappings in 'requestMappingHandlerMapping'
2024-04-29T22:16:08.974-04:00 DEBUG 13756 --- [pacientes] [           main] o.s.b.f.s.DefaultListableBeanFactory     : Creating shared instance of singleton bean 'mvcPatternParser'
2024-04-29T22:16:08.993-04:00 DEBUG 13756 --- [pacientes] [           main] o.s.b.f.s.DefaultListableBeanFactory     : Creating shared instance of singleton bean 'mvcUrlPathHelper'
2024-04-29T22:16:09.013-04:00 DEBUG 13756 --- [pacientes] [           main] o.s.b.f.s.DefaultListableBeanFactory     : Creating shared instance of singleton bean 'mvcPathMatcher'
2024-04-29T22:16:09.016-04:00 DEBUG 13756 --- [pacientes] [           main] o.s.b.f.s.DefaultListableBeanFactory     : Creating shared instance of singleton bean 'viewControllerHandlerMapping'
2024-04-29T22:16:09.020-04:00 DEBUG 13756 --- [pacientes] [           main] o.s.b.f.s.DefaultListableBeanFactory     : Autowiring by type from bean name 'viewControllerHandlerMapping' via factory method to bean named 'mvcConversionService'
2024-04-29T22:16:09.020-04:00 DEBUG 13756 --- [pacientes] [           main] o.s.b.f.s.DefaultListableBeanFactory     : Autowiring by type from bean name 'viewControllerHandlerMapping' via factory method to bean named 'mvcResourceUrlProvider'
2024-04-29T22:16:09.021-04:00 DEBUG 13756 --- [pacientes] [           main] o.s.b.f.s.DefaultListableBeanFactory     : Creating shared instance of singleton bean 'beanNameHandlerMapping'
2024-04-29T22:16:09.021-04:00 DEBUG 13756 --- [pacientes] [           main] o.s.b.f.s.DefaultListableBeanFactory     : Autowiring by type from bean name 'beanNameHandlerMapping' via factory method to bean named 'mvcConversionService'
2024-04-29T22:16:09.021-04:00 DEBUG 13756 --- [pacientes] [           main] o.s.b.f.s.DefaultListableBeanFactory     : Autowiring by type from bean name 'beanNameHandlerMapping' via factory method to bean named 'mvcResourceUrlProvider'
2024-04-29T22:16:09.033-04:00 DEBUG 13756 --- [pacientes] [           main] o.s.b.f.s.DefaultListableBeanFactory     : Creating shared instance of singleton bean 'routerFunctionMapping'
2024-04-29T22:16:09.034-04:00 DEBUG 13756 --- [pacientes] [           main] o.s.b.f.s.DefaultListableBeanFactory     : Autowiring by type from bean name 'routerFunctionMapping' via factory method to bean named 'mvcConversionService'
2024-04-29T22:16:09.034-04:00 DEBUG 13756 --- [pacientes] [           main] o.s.b.f.s.DefaultListableBeanFactory     : Autowiring by type from bean name 'routerFunctionMapping' via factory method to bean named 'mvcResourceUrlProvider'
2024-04-29T22:16:09.038-04:00 DEBUG 13756 --- [pacientes] [           main] o.s.b.f.s.DefaultListableBeanFactory     : Creating shared instance of singleton bean 'messageConverters'
2024-04-29T22:16:09.040-04:00 DEBUG 13756 --- [pacientes] [           main] o.s.b.f.s.DefaultListableBeanFactory     : Creating shared instance of singleton bean 'org.springframework.boot.autoconfigure.http.HttpMessageConvertersAutoConfiguration'
2024-04-29T22:16:09.059-04:00 DEBUG 13756 --- [pacientes] [           main] o.s.b.f.s.DefaultListableBeanFactory     : Creating shared instance of singleton bean 'stringHttpMessageConverter'
2024-04-29T22:16:09.059-04:00 DEBUG 13756 --- [pacientes] [           main] o.s.b.f.s.DefaultListableBeanFactory     : Creating shared instance of singleton bean 'org.springframework.boot.autoconfigure.http.HttpMessageConvertersAutoConfiguration$StringHttpMessageConverterConfiguration'
2024-04-29T22:16:09.063-04:00 DEBUG 13756 --- [pacientes] [           main] o.s.b.f.s.DefaultListableBeanFactory     : Autowiring by type from bean name 'stringHttpMessageConverter' via factory method to bean named 'environment'
2024-04-29T22:16:09.087-04:00 DEBUG 13756 --- [pacientes] [           main] o.s.b.f.s.DefaultListableBeanFactory     : Creating shared instance of singleton bean 'mappingJackson2HttpMessageConverter'
2024-04-29T22:16:09.088-04:00 DEBUG 13756 --- [pacientes] [           main] o.s.b.f.s.DefaultListableBeanFactory     : Creating shared instance of singleton bean 'org.springframework.boot.autoconfigure.http.JacksonHttpMessageConvertersConfiguration$MappingJackson2HttpMessageConverterConfiguration'
2024-04-29T22:16:09.089-04:00 DEBUG 13756 --- [pacientes] [           main] o.s.b.f.s.DefaultListableBeanFactory     : Autowiring by type from bean name 'mappingJackson2HttpMessageConverter' via factory method to bean named 'jacksonObjectMapper'
2024-04-29T22:16:09.115-04:00 DEBUG 13756 --- [pacientes] [           main] o.s.b.f.s.DefaultListableBeanFactory     : Creating shared instance of singleton bean 'applicationJsonHalConfiguration'
2024-04-29T22:16:09.116-04:00 DEBUG 13756 --- [pacientes] [           main] o.s.b.f.s.DefaultListableBeanFactory     : Creating shared instance of singleton bean 'org.springframework.boot.autoconfigure.hateoas.HypermediaAutoConfiguration'
2024-04-29T22:16:09.123-04:00 DEBUG 13756 --- [pacientes] [           main] o.s.b.f.s.DefaultListableBeanFactory     : Creating shared instance of singleton bean 'resourceHandlerMapping'
2024-04-29T22:16:09.125-04:00 DEBUG 13756 --- [pacientes] [           main] o.s.b.f.s.DefaultListableBeanFactory     : Autowiring by type from bean name 'resourceHandlerMapping' via factory method to bean named 'mvcContentNegotiationManager'
2024-04-29T22:16:09.125-04:00 DEBUG 13756 --- [pacientes] [           main] o.s.b.f.s.DefaultListableBeanFactory     : Autowiring by type from bean name 'resourceHandlerMapping' via factory method to bean named 'mvcConversionService'
2024-04-29T22:16:09.126-04:00 DEBUG 13756 --- [pacientes] [           main] o.s.b.f.s.DefaultListableBeanFactory     : Autowiring by type from bean name 'resourceHandlerMapping' via factory method to bean named 'mvcResourceUrlProvider'
2024-04-29T22:16:09.129-04:00 DEBUG 13756 --- [pacientes] [           main] o.s.w.s.handler.SimpleUrlHandlerMapping  : Patterns [/webjars/**, /**] in 'resourceHandlerMapping'
2024-04-29T22:16:09.135-04:00 DEBUG 13756 --- [pacientes] [           main] o.s.b.f.s.DefaultListableBeanFactory     : Creating shared instance of singleton bean 'defaultServletHandlerMapping'
2024-04-29T22:16:09.135-04:00 DEBUG 13756 --- [pacientes] [           main] o.s.b.f.s.DefaultListableBeanFactory     : Creating shared instance of singleton bean 'requestMappingHandlerAdapter'
2024-04-29T22:16:09.137-04:00 DEBUG 13756 --- [pacientes] [           main] o.s.b.f.s.DefaultListableBeanFactory     : Autowiring by type from bean name 'requestMappingHandlerAdapter' via factory method to bean named 'mvcContentNegotiationManager'
2024-04-29T22:16:09.137-04:00 DEBUG 13756 --- [pacientes] [           main] o.s.b.f.s.DefaultListableBeanFactory     : Autowiring by type from bean name 'requestMappingHandlerAdapter' via factory method to bean named 'mvcConversionService'
2024-04-29T22:16:09.138-04:00 DEBUG 13756 --- [pacientes] [           main] o.s.b.f.s.DefaultListableBeanFactory     : Autowiring by type from bean name 'requestMappingHandlerAdapter' via factory method to bean named 'mvcValidator'
2024-04-29T22:16:09.138-04:00 DEBUG 13756 --- [pacientes] [           main] o.s.b.f.s.DefaultListableBeanFactory     : Creating shared instance of singleton bean 'sortResolver'
2024-04-29T22:16:09.140-04:00 DEBUG 13756 --- [pacientes] [           main] o.s.b.f.s.DefaultListableBeanFactory     : Creating shared instance of singleton bean 'sortCustomizer'
2024-04-29T22:16:09.141-04:00 DEBUG 13756 --- [pacientes] [           main] o.s.b.f.s.DefaultListableBeanFactory     : Creating shared instance of singleton bean 'org.springframework.boot.autoconfigure.data.web.SpringDataWebAutoConfiguration'
2024-04-29T22:16:09.142-04:00 DEBUG 13756 --- [pacientes] [           main] o.s.b.f.s.DefaultListableBeanFactory     : Creating shared instance of singleton bean 'spring.data.web-org.springframework.boot.autoconfigure.data.web.SpringDataWebProperties'
2024-04-29T22:16:09.144-04:00 DEBUG 13756 --- [pacientes] [           main] o.s.b.f.s.DefaultListableBeanFactory     : Autowiring by type from bean name 'org.springframework.boot.autoconfigure.data.web.SpringDataWebAutoConfiguration' via constructor to bean named 'spring.data.web-org.springframework.boot.autoconfigure.data.web.SpringDataWebProperties'
2024-04-29T22:16:09.151-04:00 DEBUG 13756 --- [pacientes] [           main] o.s.b.f.s.DefaultListableBeanFactory     : Creating shared instance of singleton bean 'pageableResolver'
2024-04-29T22:16:09.153-04:00 DEBUG 13756 --- [pacientes] [           main] o.s.b.f.s.DefaultListableBeanFactory     : Creating shared instance of singleton bean 'pageableCustomizer'
2024-04-29T22:16:09.158-04:00 DEBUG 13756 --- [pacientes] [           main] o.s.b.f.s.DefaultListableBeanFactory     : Creating shared instance of singleton bean 'pagedResourcesAssemblerArgumentResolver'
2024-04-29T22:16:09.159-04:00 DEBUG 13756 --- [pacientes] [           main] o.s.b.f.s.DefaultListableBeanFactory     : Creating shared instance of singleton bean 'slicedResourcesAssemblerArgumentResolver'
2024-04-29T22:16:09.163-04:00 DEBUG 13756 --- [pacientes] [           main] o.s.b.f.s.DefaultListableBeanFactory     : Creating shared instance of singleton bean 'applicationTaskExecutor'
2024-04-29T22:16:09.165-04:00 DEBUG 13756 --- [pacientes] [           main] o.s.b.f.s.DefaultListableBeanFactory     : Autowiring by type from bean name 'applicationTaskExecutor' via factory method to bean named 'taskExecutorBuilder'
2024-04-29T22:16:09.166-04:00 DEBUG 13756 --- [pacientes] [           main] o.s.s.concurrent.ThreadPoolTaskExecutor  : Initializing ExecutorService 'applicationTaskExecutor'
2024-04-29T22:16:09.185-04:00 DEBUG 13756 --- [pacientes] [           main] s.w.s.m.m.a.RequestMappingHandlerAdapter : ControllerAdvice beans: 0 @ModelAttribute, 0 @InitBinder, 1 RequestBodyAdvice, 1 ResponseBodyAdvice
2024-04-29T22:16:09.192-04:00 DEBUG 13756 --- [pacientes] [           main] o.s.b.f.s.DefaultListableBeanFactory     : Creating shared instance of singleton bean 'handlerFunctionAdapter'
2024-04-29T22:16:09.193-04:00 DEBUG 13756 --- [pacientes] [           main] o.s.b.f.s.DefaultListableBeanFactory     : Creating shared instance of singleton bean 'mvcUriComponentsContributor'
2024-04-29T22:16:09.196-04:00 DEBUG 13756 --- [pacientes] [           main] o.s.b.f.s.DefaultListableBeanFactory     : Autowiring by type from bean name 'mvcUriComponentsContributor' via factory method to bean named 'mvcConversionService'
2024-04-29T22:16:09.197-04:00 DEBUG 13756 --- [pacientes] [           main] o.s.b.f.s.DefaultListableBeanFactory     : Autowiring by type from bean name 'mvcUriComponentsContributor' via factory method to bean named 'requestMappingHandlerAdapter'
2024-04-29T22:16:09.198-04:00 DEBUG 13756 --- [pacientes] [           main] o.s.b.f.s.DefaultListableBeanFactory     : Creating shared instance of singleton bean 'httpRequestHandlerAdapter'
2024-04-29T22:16:09.198-04:00 DEBUG 13756 --- [pacientes] [           main] o.s.b.f.s.DefaultListableBeanFactory     : Creating shared instance of singleton bean 'simpleControllerHandlerAdapter'
2024-04-29T22:16:09.199-04:00 DEBUG 13756 --- [pacientes] [           main] o.s.b.f.s.DefaultListableBeanFactory     : Creating shared instance of singleton bean 'handlerExceptionResolver'
2024-04-29T22:16:09.199-04:00 DEBUG 13756 --- [pacientes] [           main] o.s.b.f.s.DefaultListableBeanFactory     : Autowiring by type from bean name 'handlerExceptionResolver' via factory method to bean named 'mvcContentNegotiationManager'
2024-04-29T22:16:09.215-04:00 DEBUG 13756 --- [pacientes] [           main] .m.m.a.ExceptionHandlerExceptionResolver : ControllerAdvice beans: 0 @ExceptionHandler, 1 ResponseBodyAdvice
2024-04-29T22:16:09.220-04:00 DEBUG 13756 --- [pacientes] [           main] o.s.b.f.s.DefaultListableBeanFactory     : Creating shared instance of singleton bean 'mvcViewResolver'
2024-04-29T22:16:09.221-04:00 DEBUG 13756 --- [pacientes] [           main] o.s.b.f.s.DefaultListableBeanFactory     : Autowiring by type from bean name 'mvcViewResolver' via factory method to bean named 'mvcContentNegotiationManager'
2024-04-29T22:16:09.225-04:00 DEBUG 13756 --- [pacientes] [           main] o.s.b.f.s.DefaultListableBeanFactory     : Creating shared instance of singleton bean 'viewNameTranslator'
2024-04-29T22:16:09.226-04:00 DEBUG 13756 --- [pacientes] [           main] o.s.b.f.s.DefaultListableBeanFactory     : Creating shared instance of singleton bean 'defaultViewResolver'
2024-04-29T22:16:09.228-04:00 DEBUG 13756 --- [pacientes] [           main] o.s.b.f.s.DefaultListableBeanFactory     : Creating shared instance of singleton bean 'viewResolver'
2024-04-29T22:16:09.228-04:00 DEBUG 13756 --- [pacientes] [           main] o.s.b.f.s.DefaultListableBeanFactory     : Autowiring by type from bean name 'viewResolver' via factory method to bean named 'org.springframework.beans.factory.support.DefaultListableBeanFactory@50f3ba6a'
2024-04-29T22:16:09.229-04:00 DEBUG 13756 --- [pacientes] [           main] o.s.b.f.s.DefaultListableBeanFactory     : Creating shared instance of singleton bean 'viewResolver'
2024-04-29T22:16:09.230-04:00 DEBUG 13756 --- [pacientes] [           main] o.s.b.f.s.DefaultListableBeanFactory     : Creating shared instance of singleton bean 'requestContextFilter'
2024-04-29T22:16:09.231-04:00 DEBUG 13756 --- [pacientes] [           main] o.s.b.f.s.DefaultListableBeanFactory     : Creating shared instance of singleton bean 'org.springframework.boot.autoconfigure.web.servlet.WebMvcAutoConfiguration'
2024-04-29T22:16:09.233-04:00 DEBUG 13756 --- [pacientes] [           main] o.s.b.f.s.DefaultListableBeanFactory     : Creating shared instance of singleton bean 'formContentFilter'
2024-04-29T22:16:09.235-04:00 DEBUG 13756 --- [pacientes] [           main] o.s.b.f.s.DefaultListableBeanFactory     : Creating shared instance of singleton bean 'org.springframework.boot.autoconfigure.aop.AopAutoConfiguration$AspectJAutoProxyingConfiguration$CglibAutoProxyConfiguration'
2024-04-29T22:16:09.243-04:00 DEBUG 13756 --- [pacientes] [           main] o.s.b.f.s.DefaultListableBeanFactory     : Creating shared instance of singleton bean 'org.springframework.boot.autoconfigure.aop.AopAutoConfiguration$AspectJAutoProxyingConfiguration'
2024-04-29T22:16:09.244-04:00 DEBUG 13756 --- [pacientes] [           main] o.s.b.f.s.DefaultListableBeanFactory     : Creating shared instance of singleton bean 'org.springframework.boot.autoconfigure.aop.AopAutoConfiguration'
2024-04-29T22:16:09.245-04:00 DEBUG 13756 --- [pacientes] [           main] o.s.b.f.s.DefaultListableBeanFactory     : Creating shared instance of singleton bean 'org.springframework.boot.autoconfigure.availability.ApplicationAvailabilityAutoConfiguration'
2024-04-29T22:16:09.245-04:00 DEBUG 13756 --- [pacientes] [           main] o.s.b.f.s.DefaultListableBeanFactory     : Creating shared instance of singleton bean 'applicationAvailability'
2024-04-29T22:16:09.253-04:00 DEBUG 13756 --- [pacientes] [           main] o.s.b.f.s.DefaultListableBeanFactory     : Creating shared instance of singleton bean 'org.springframework.boot.autoconfigure.transaction.jta.JtaAutoConfiguration'
2024-04-29T22:16:09.259-04:00 DEBUG 13756 --- [pacientes] [           main] o.s.b.f.s.DefaultListableBeanFactory     : Creating shared instance of singleton bean 'org.springframework.boot.autoconfigure.jdbc.metadata.DataSourcePoolMetadataProvidersConfiguration'
2024-04-29T22:16:09.260-04:00 DEBUG 13756 --- [pacientes] [           main] o.s.b.f.s.DefaultListableBeanFactory     : Creating shared instance of singleton bean 'org.springframework.boot.autoconfigure.jdbc.DataSourceAutoConfiguration'
2024-04-29T22:16:09.266-04:00 DEBUG 13756 --- [pacientes] [           main] o.s.b.f.s.DefaultListableBeanFactory     : Creating shared instance of singleton bean 'org.springframework.boot.autoconfigure.transaction.TransactionManagerCustomizationAutoConfiguration'
2024-04-29T22:16:09.267-04:00 DEBUG 13756 --- [pacientes] [           main] o.s.b.f.s.DefaultListableBeanFactory     : Creating shared instance of singleton bean 'platformTransactionManagerCustomizers'
2024-04-29T22:16:09.271-04:00 DEBUG 13756 --- [pacientes] [           main] o.s.b.f.s.DefaultListableBeanFactory     : Creating shared instance of singleton bean 'transactionExecutionListeners'
2024-04-29T22:16:09.282-04:00 DEBUG 13756 --- [pacientes] [           main] o.s.b.f.s.DefaultListableBeanFactory     : Creating shared instance of singleton bean 'spring.transaction-org.springframework.boot.autoconfigure.transaction.TransactionProperties'
2024-04-29T22:16:09.326-04:00 DEBUG 13756 --- [pacientes] [           main] o.s.b.f.s.DefaultListableBeanFactory     : Creating shared instance of singleton bean 'org.springframework.boot.autoconfigure.orm.jpa.JpaBaseConfiguration$PersistenceManagedTypesConfiguration'
2024-04-29T22:16:09.328-04:00 DEBUG 13756 --- [pacientes] [           main] o.s.b.f.s.DefaultListableBeanFactory     : Creating shared instance of singleton bean 'transactionManager'
2024-04-29T22:16:09.361-04:00 DEBUG 13756 --- [pacientes] [           main] o.s.b.f.s.DefaultListableBeanFactory     : Creating shared instance of singleton bean 'org.springframework.boot.autoconfigure.orm.jpa.HibernateJpaAutoConfiguration'
2024-04-29T22:16:09.363-04:00 DEBUG 13756 --- [pacientes] [           main] o.s.b.f.s.DefaultListableBeanFactory     : Creating shared instance of singleton bean 'org.springframework.boot.autoconfigure.context.ConfigurationPropertiesAutoConfiguration'
2024-04-29T22:16:09.364-04:00 DEBUG 13756 --- [pacientes] [           main] o.s.b.f.s.DefaultListableBeanFactory     : Creating shared instance of singleton bean 'org.springframework.boot.autoconfigure.context.LifecycleAutoConfiguration'
2024-04-29T22:16:09.364-04:00 DEBUG 13756 --- [pacientes] [           main] o.s.b.f.s.DefaultListableBeanFactory     : Creating shared instance of singleton bean 'lifecycleProcessor'
2024-04-29T22:16:09.365-04:00 DEBUG 13756 --- [pacientes] [           main] o.s.b.f.s.DefaultListableBeanFactory     : Creating shared instance of singleton bean 'spring.lifecycle-org.springframework.boot.autoconfigure.context.LifecycleProperties'
2024-04-29T22:16:09.367-04:00 DEBUG 13756 --- [pacientes] [           main] o.s.b.f.s.DefaultListableBeanFactory     : Autowiring by type from bean name 'lifecycleProcessor' via factory method to bean named 'spring.lifecycle-org.springframework.boot.autoconfigure.context.LifecycleProperties'
2024-04-29T22:16:09.371-04:00 DEBUG 13756 --- [pacientes] [           main] o.s.b.f.s.DefaultListableBeanFactory     : Creating shared instance of singleton bean 'org.springframework.boot.autoconfigure.dao.PersistenceExceptionTranslationAutoConfiguration'
2024-04-29T22:16:09.372-04:00 DEBUG 13756 --- [pacientes] [           main] o.s.b.f.s.DefaultListableBeanFactory     : Creating shared instance of singleton bean 'org.springframework.boot.autoconfigure.data.jpa.JpaRepositoriesAutoConfiguration'
2024-04-29T22:16:09.374-04:00 DEBUG 13756 --- [pacientes] [           main] o.s.b.f.s.DefaultListableBeanFactory     : Creating shared instance of singleton bean 'org.springframework.data.jpa.util.JpaMetamodelCacheCleanup'
2024-04-29T22:16:09.375-04:00 DEBUG 13756 --- [pacientes] [           main] o.s.b.f.s.DefaultListableBeanFactory     : Creating shared instance of singleton bean 'org.springframework.data.jpa.repository.support.JpaEvaluationContextExtension'
2024-04-29T22:16:09.393-04:00 DEBUG 13756 --- [pacientes] [           main] o.s.b.f.s.DefaultListableBeanFactory     : Creating shared instance of singleton bean 'data-jpa.repository-aot-processor#0'
2024-04-29T22:16:09.413-04:00 DEBUG 13756 --- [pacientes] [           main] o.s.b.f.s.DefaultListableBeanFactory     : Creating shared instance of singleton bean 'org.springframework.boot.autoconfigure.http.JacksonHttpMessageConvertersConfiguration'
2024-04-29T22:16:09.413-04:00 DEBUG 13756 --- [pacientes] [           main] o.s.b.f.s.DefaultListableBeanFactory     : Creating shared instance of singleton bean 'org.springframework.data.web.config.ProjectingArgumentResolverRegistrar'
2024-04-29T22:16:09.414-04:00 DEBUG 13756 --- [pacientes] [           main] o.s.b.f.s.DefaultListableBeanFactory     : Creating shared instance of singleton bean 'pagedResourcesAssembler'
2024-04-29T22:16:09.415-04:00 DEBUG 13756 --- [pacientes] [           main] o.s.b.f.s.DefaultListableBeanFactory     : Creating shared instance of singleton bean 'slicedResourcesAssembler'
2024-04-29T22:16:09.417-04:00 DEBUG 13756 --- [pacientes] [           main] o.s.b.f.s.DefaultListableBeanFactory     : Creating shared instance of singleton bean 'offsetResolver'
2024-04-29T22:16:09.418-04:00 DEBUG 13756 --- [pacientes] [           main] o.s.b.f.s.DefaultListableBeanFactory     : Creating shared instance of singleton bean 'halLinkDisocoverer'
2024-04-29T22:16:09.421-04:00 DEBUG 13756 --- [pacientes] [           main] o.s.b.f.s.DefaultListableBeanFactory     : Creating shared instance of singleton bean 'org.springframework.hateoas.config.WebTestHateoasConfiguration'
2024-04-29T22:16:09.423-04:00 DEBUG 13756 --- [pacientes] [           main] o.s.b.f.s.DefaultListableBeanFactory     : Creating shared instance of singleton bean 'defaultRelProvider'
2024-04-29T22:16:09.425-04:00 DEBUG 13756 --- [pacientes] [           main] o.s.b.f.s.DefaultListableBeanFactory     : Creating shared instance of singleton bean 'annotationRelProvider'
2024-04-29T22:16:09.426-04:00 DEBUG 13756 --- [pacientes] [           main] o.s.b.f.s.DefaultListableBeanFactory     : Creating shared instance of singleton bean 'linkDiscoverers'
2024-04-29T22:16:09.427-04:00 DEBUG 13756 --- [pacientes] [           main] o.s.b.f.s.DefaultListableBeanFactory     : Creating shared instance of singleton bean 'linkDiscovererRegistry'
2024-04-29T22:16:09.432-04:00 DEBUG 13756 --- [pacientes] [           main] o.s.b.f.s.DefaultListableBeanFactory     : Autowiring by type from bean name 'linkDiscoverers' via factory method to bean named 'linkDiscovererRegistry'
2024-04-29T22:16:09.433-04:00 DEBUG 13756 --- [pacientes] [           main] o.s.b.f.s.DefaultListableBeanFactory     : Creating shared instance of singleton bean 'org.springframework.hateoas.config.WebMvcEntityLinksConfiguration'
2024-04-29T22:16:09.433-04:00 DEBUG 13756 --- [pacientes] [           main] o.s.b.f.s.DefaultListableBeanFactory     : Creating shared instance of singleton bean 'webMvcEntityLinks'
2024-04-29T22:16:09.435-04:00 DEBUG 13756 --- [pacientes] [           main] o.s.b.f.s.DefaultListableBeanFactory     : Creating shared instance of singleton bean 'webMvcLinkBuilderFactory'
2024-04-29T22:16:09.444-04:00 DEBUG 13756 --- [pacientes] [           main] o.s.b.f.s.DefaultListableBeanFactory     : Creating shared instance of singleton bean 'entityLinksPluginRegistry'
2024-04-29T22:16:09.445-04:00 DEBUG 13756 --- [pacientes] [           main] o.s.b.f.s.DefaultListableBeanFactory     : Autowiring by type from bean name 'entityLinksPluginRegistry' via factory method to bean named 'org.springframework.web.context.support.GenericWebApplicationContext@7df3da0b'
2024-04-29T22:16:09.446-04:00 DEBUG 13756 --- [pacientes] [           main] o.s.b.f.s.DefaultListableBeanFactory     : Creating shared instance of singleton bean 'delegatingEntityLinks'
2024-04-29T22:16:09.448-04:00 DEBUG 13756 --- [pacientes] [           main] o.s.b.f.s.DefaultListableBeanFactory     : Autowiring by type from bean name 'delegatingEntityLinks' via factory method to bean named 'entityLinksPluginRegistry'
2024-04-29T22:16:09.450-04:00 DEBUG 13756 --- [pacientes] [           main] o.s.b.f.s.DefaultListableBeanFactory     : Creating shared instance of singleton bean 'representationModelProcessorInvoker'
2024-04-29T22:16:09.452-04:00 DEBUG 13756 --- [pacientes] [           main] o.s.b.f.s.DefaultListableBeanFactory     : Creating shared instance of singleton bean 'org.springframework.hateoas.config.RestTemplateHateoasConfiguration'
2024-04-29T22:16:09.454-04:00 DEBUG 13756 --- [pacientes] [           main] o.s.b.f.s.DefaultListableBeanFactory     : Creating shared instance of singleton bean 'org.springframework.boot.autoconfigure.hateoas.HypermediaAutoConfiguration$HypermediaConfiguration'
2024-04-29T22:16:09.454-04:00 DEBUG 13756 --- [pacientes] [           main] o.s.b.f.s.DefaultListableBeanFactory     : Creating shared instance of singleton bean 'spring.hateoas-org.springframework.boot.autoconfigure.hateoas.HateoasProperties'
2024-04-29T22:16:09.456-04:00 DEBUG 13756 --- [pacientes] [           main] o.s.b.f.s.DefaultListableBeanFactory     : Creating shared instance of singleton bean 'org.springframework.boot.autoconfigure.info.ProjectInfoAutoConfiguration'
2024-04-29T22:16:09.461-04:00 DEBUG 13756 --- [pacientes] [           main] o.s.b.f.s.DefaultListableBeanFactory     : Creating shared instance of singleton bean 'spring.info-org.springframework.boot.autoconfigure.info.ProjectInfoProperties'
2024-04-29T22:16:09.465-04:00 DEBUG 13756 --- [pacientes] [           main] o.s.b.f.s.DefaultListableBeanFactory     : Autowiring by type from bean name 'org.springframework.boot.autoconfigure.info.ProjectInfoAutoConfiguration' via constructor to bean named 'spring.info-org.springframework.boot.autoconfigure.info.ProjectInfoProperties'
2024-04-29T22:16:09.466-04:00 DEBUG 13756 --- [pacientes] [           main] o.s.b.f.s.DefaultListableBeanFactory     : Creating shared instance of singleton bean 'org.springframework.boot.autoconfigure.jdbc.JdbcTemplateConfiguration'
2024-04-29T22:16:09.467-04:00 DEBUG 13756 --- [pacientes] [           main] o.s.b.f.s.DefaultListableBeanFactory     : Creating shared instance of singleton bean 'jdbcTemplate'
2024-04-29T22:16:09.468-04:00 DEBUG 13756 --- [pacientes] [           main] o.s.b.f.s.DefaultListableBeanFactory     : Creating shared instance of singleton bean 'spring.jdbc-org.springframework.boot.autoconfigure.jdbc.JdbcProperties'
2024-04-29T22:16:09.470-04:00 DEBUG 13756 --- [pacientes] [           main] o.s.b.f.s.DefaultListableBeanFactory     : Autowiring by type from bean name 'jdbcTemplate' via factory method to bean named 'dataSource'
2024-04-29T22:16:09.470-04:00 DEBUG 13756 --- [pacientes] [           main] o.s.b.f.s.DefaultListableBeanFactory     : Autowiring by type from bean name 'jdbcTemplate' via factory method to bean named 'spring.jdbc-org.springframework.boot.autoconfigure.jdbc.JdbcProperties'
2024-04-29T22:16:09.500-04:00 DEBUG 13756 --- [pacientes] [           main] o.s.b.f.s.DefaultListableBeanFactory     : Creating shared instance of singleton bean 'org.springframework.boot.autoconfigure.jdbc.NamedParameterJdbcTemplateConfiguration'
2024-04-29T22:16:09.502-04:00 DEBUG 13756 --- [pacientes] [           main] o.s.b.f.s.DefaultListableBeanFactory     : Creating shared instance of singleton bean 'namedParameterJdbcTemplate'
2024-04-29T22:16:09.502-04:00 DEBUG 13756 --- [pacientes] [           main] o.s.b.f.s.DefaultListableBeanFactory     : Autowiring by type from bean name 'namedParameterJdbcTemplate' via factory method to bean named 'jdbcTemplate'
2024-04-29T22:16:09.502-04:00 DEBUG 13756 --- [pacientes] [           main] o.s.b.f.s.DefaultListableBeanFactory     : Creating shared instance of singleton bean 'org.springframework.boot.autoconfigure.jdbc.JdbcTemplateAutoConfiguration'
2024-04-29T22:16:09.502-04:00 DEBUG 13756 --- [pacientes] [           main] o.s.b.f.s.DefaultListableBeanFactory     : Creating shared instance of singleton bean 'org.springframework.boot.autoconfigure.jdbc.JdbcClientAutoConfiguration'
2024-04-29T22:16:09.513-04:00 DEBUG 13756 --- [pacientes] [           main] o.s.b.f.s.DefaultListableBeanFactory     : Creating shared instance of singleton bean 'jdbcClient'
2024-04-29T22:16:09.513-04:00 DEBUG 13756 --- [pacientes] [           main] o.s.b.f.s.DefaultListableBeanFactory     : Autowiring by type from bean name 'jdbcClient' via factory method to bean named 'namedParameterJdbcTemplate'
2024-04-29T22:16:09.515-04:00 DEBUG 13756 --- [pacientes] [           main] o.s.b.f.s.DefaultListableBeanFactory     : Creating shared instance of singleton bean 'org.springframework.boot.autoconfigure.sql.init.SqlInitializationAutoConfiguration'
2024-04-29T22:16:09.516-04:00 DEBUG 13756 --- [pacientes] [           main] o.s.b.f.s.DefaultListableBeanFactory     : Creating shared instance of singleton bean 'org.springframework.boot.autoconfigure.task.TaskSchedulingConfigurations$ThreadPoolTaskSchedulerBuilderConfiguration'
2024-04-29T22:16:09.517-04:00 DEBUG 13756 --- [pacientes] [           main] o.s.b.f.s.DefaultListableBeanFactory     : Creating shared instance of singleton bean 'threadPoolTaskSchedulerBuilder'
2024-04-29T22:16:09.518-04:00 DEBUG 13756 --- [pacientes] [           main] o.s.b.f.s.DefaultListableBeanFactory     : Creating shared instance of singleton bean 'spring.task.scheduling-org.springframework.boot.autoconfigure.task.TaskSchedulingProperties'
2024-04-29T22:16:09.521-04:00 DEBUG 13756 --- [pacientes] [           main] o.s.b.f.s.DefaultListableBeanFactory     : Autowiring by type from bean name 'threadPoolTaskSchedulerBuilder' via factory method to bean named 'spring.task.scheduling-org.springframework.boot.autoconfigure.task.TaskSchedulingProperties'
2024-04-29T22:16:09.527-04:00 DEBUG 13756 --- [pacientes] [           main] o.s.b.f.s.DefaultListableBeanFactory     : Creating shared instance of singleton bean 'org.springframework.boot.autoconfigure.task.TaskSchedulingConfigurations$TaskSchedulerBuilderConfiguration'
2024-04-29T22:16:09.528-04:00 DEBUG 13756 --- [pacientes] [           main] o.s.b.f.s.DefaultListableBeanFactory     : Creating shared instance of singleton bean 'taskSchedulerBuilder'
2024-04-29T22:16:09.530-04:00 DEBUG 13756 --- [pacientes] [           main] o.s.b.f.s.DefaultListableBeanFactory     : Autowiring by type from bean name 'taskSchedulerBuilder' via factory method to bean named 'spring.task.scheduling-org.springframework.boot.autoconfigure.task.TaskSchedulingProperties'
2024-04-29T22:16:09.532-04:00 DEBUG 13756 --- [pacientes] [           main] o.s.b.f.s.DefaultListableBeanFactory     : Creating shared instance of singleton bean 'org.springframework.boot.autoconfigure.task.TaskSchedulingConfigurations$SimpleAsyncTaskSchedulerBuilderConfiguration'
2024-04-29T22:16:09.534-04:00 DEBUG 13756 --- [pacientes] [           main] o.s.b.f.s.DefaultListableBeanFactory     : Autowiring by type from bean name 'org.springframework.boot.autoconfigure.task.TaskSchedulingConfigurations$SimpleAsyncTaskSchedulerBuilderConfiguration' via constructor to bean named 'spring.task.scheduling-org.springframework.boot.autoconfigure.task.TaskSchedulingProperties'
2024-04-29T22:16:09.535-04:00 DEBUG 13756 --- [pacientes] [           main] o.s.b.f.s.DefaultListableBeanFactory     : Creating shared instance of singleton bean 'simpleAsyncTaskSchedulerBuilder'
2024-04-29T22:16:09.539-04:00 DEBUG 13756 --- [pacientes] [           main] o.s.b.f.s.DefaultListableBeanFactory     : Creating shared instance of singleton bean 'org.springframework.boot.autoconfigure.task.TaskSchedulingAutoConfiguration'
2024-04-29T22:16:09.540-04:00 DEBUG 13756 --- [pacientes] [           main] o.s.b.f.s.DefaultListableBeanFactory     : Creating shared instance of singleton bean 'org.springframework.boot.autoconfigure.jdbc.DataSourceTransactionManagerAutoConfiguration$JdbcTransactionManagerConfiguration'
2024-04-29T22:16:09.540-04:00 DEBUG 13756 --- [pacientes] [           main] o.s.b.f.s.DefaultListableBeanFactory     : Creating shared instance of singleton bean 'org.springframework.boot.autoconfigure.jdbc.DataSourceTransactionManagerAutoConfiguration'
2024-04-29T22:16:09.541-04:00 DEBUG 13756 --- [pacientes] [           main] o.s.b.f.s.DefaultListableBeanFactory     : Creating shared instance of singleton bean 'org.springframework.boot.autoconfigure.transaction.TransactionAutoConfiguration$EnableTransactionManagementConfiguration$CglibAutoProxyConfiguration'
2024-04-29T22:16:09.542-04:00 DEBUG 13756 --- [pacientes] [           main] o.s.b.f.s.DefaultListableBeanFactory     : Creating shared instance of singleton bean 'org.springframework.boot.autoconfigure.transaction.TransactionAutoConfiguration$EnableTransactionManagementConfiguration'
2024-04-29T22:16:09.542-04:00 DEBUG 13756 --- [pacientes] [           main] o.s.b.f.s.DefaultListableBeanFactory     : Creating shared instance of singleton bean 'org.springframework.boot.autoconfigure.transaction.TransactionAutoConfiguration$TransactionTemplateConfiguration'
2024-04-29T22:16:09.542-04:00 DEBUG 13756 --- [pacientes] [           main] o.s.b.f.s.DefaultListableBeanFactory     : Creating shared instance of singleton bean 'transactionTemplate'
2024-04-29T22:16:09.543-04:00 DEBUG 13756 --- [pacientes] [           main] o.s.b.f.s.DefaultListableBeanFactory     : Autowiring by type from bean name 'transactionTemplate' via factory method to bean named 'transactionManager'
2024-04-29T22:16:09.549-04:00 DEBUG 13756 --- [pacientes] [           main] o.s.b.f.s.DefaultListableBeanFactory     : Creating shared instance of singleton bean 'org.springframework.boot.autoconfigure.transaction.TransactionAutoConfiguration'
2024-04-29T22:16:09.552-04:00 DEBUG 13756 --- [pacientes] [           main] o.s.b.f.s.DefaultListableBeanFactory     : Creating shared instance of singleton bean 'org.springframework.boot.autoconfigure.web.client.RestClientAutoConfiguration'
2024-04-29T22:16:09.552-04:00 DEBUG 13756 --- [pacientes] [           main] o.s.b.f.s.DefaultListableBeanFactory     : Creating shared instance of singleton bean 'httpMessageConvertersRestClientCustomizer'
2024-04-29T22:16:09.554-04:00 DEBUG 13756 --- [pacientes] [           main] o.s.b.f.s.DefaultListableBeanFactory     : Creating shared instance of singleton bean 'restClientSsl'
2024-04-29T22:16:09.555-04:00 DEBUG 13756 --- [pacientes] [           main] o.s.b.f.s.DefaultListableBeanFactory     : Autowiring by type from bean name 'restClientSsl' via factory method to bean named 'sslBundleRegistry'
2024-04-29T22:16:09.558-04:00 DEBUG 13756 --- [pacientes] [           main] o.s.b.f.s.DefaultListableBeanFactory     : Creating shared instance of singleton bean 'restClientBuilderConfigurer'
2024-04-29T22:16:09.559-04:00 DEBUG 13756 --- [pacientes] [           main] o.s.b.f.s.DefaultListableBeanFactory     : Creating shared instance of singleton bean 'org.springframework.boot.autoconfigure.web.client.RestTemplateAutoConfiguration'
2024-04-29T22:16:09.563-04:00 DEBUG 13756 --- [pacientes] [           main] o.s.b.f.s.DefaultListableBeanFactory     : Creating shared instance of singleton bean 'characterEncodingFilter'
2024-04-29T22:16:09.565-04:00 DEBUG 13756 --- [pacientes] [           main] o.s.b.f.s.DefaultListableBeanFactory     : Creating shared instance of singleton bean 'multipartResolver'
2024-04-29T22:16:09.582-04:00 DEBUG 13756 --- [pacientes] [           main] o.s.c.support.DefaultLifecycleProcessor  : Starting beans in phase -2147483647
2024-04-29T22:16:09.582-04:00 DEBUG 13756 --- [pacientes] [           main] o.s.c.support.DefaultLifecycleProcessor  : Successfully started bean 'springBootLoggingLifecycle'
2024-04-29T22:16:09.582-04:00 DEBUG 13756 --- [pacientes] [           main] o.s.c.support.DefaultLifecycleProcessor  : Starting beans in phase 2147483647
2024-04-29T22:16:09.612-04:00 DEBUG 13756 --- [pacientes] [           main] .s.b.a.l.ConditionEvaluationReportLogger : 


============================
CONDITIONS EVALUATION REPORT
============================


Positive matches:
-----------------

   AopAutoConfiguration matched:
      - @ConditionalOnProperty (spring.aop.auto=true) matched (OnPropertyCondition)

   AopAutoConfiguration.AspectJAutoProxyingConfiguration matched:
      - @ConditionalOnClass found required class 'org.aspectj.weaver.Advice' (OnClassCondition)

   AopAutoConfiguration.AspectJAutoProxyingConfiguration.CglibAutoProxyConfiguration matched:
      - @ConditionalOnProperty (spring.aop.proxy-target-class=true) matched (OnPropertyCondition)

   ApplicationAvailabilityAutoConfiguration#applicationAvailability matched:
      - @ConditionalOnMissingBean (types: org.springframework.boot.availability.ApplicationAvailability; SearchStrategy: all) did not find any beans (OnBeanCondition)

   DataSourceAutoConfiguration matched:
      - @ConditionalOnClass found required classes 'javax.sql.DataSource', 'org.springframework.jdbc.datasource.embedded.EmbeddedDatabaseType' (OnClassCondition)
      - @ConditionalOnMissingBean (types: io.r2dbc.spi.ConnectionFactory; SearchStrategy: all) did not find any beans (OnBeanCondition)

   DataSourceAutoConfiguration.PooledDataSourceConfiguration matched:
      - AnyNestedCondition 1 matched 1 did not; NestedCondition on DataSourceAutoConfiguration.PooledDataSourceCondition.PooledDataSourceAvailable PooledDataSource found supported DataSource; NestedCondition on DataSourceAutoConfiguration.PooledDataSourceCondition.ExplicitType @ConditionalOnProperty (spring.datasource.type) did not find property 'type' (DataSourceAutoConfiguration.PooledDataSourceCondition)
      - @ConditionalOnMissingBean (types: javax.sql.DataSource,javax.sql.XADataSource; SearchStrategy: all) did not find any beans (OnBeanCondition)

   DataSourceAutoConfiguration.PooledDataSourceConfiguration#jdbcConnectionDetails matched:
      - @ConditionalOnMissingBean (types: org.springframework.boot.autoconfigure.jdbc.JdbcConnectionDetails; SearchStrategy: all) did not find any beans (OnBeanCondition)

   DataSourceConfiguration.Hikari matched:
      - @ConditionalOnClass found required class 'com.zaxxer.hikari.HikariDataSource' (OnClassCondition)
      - @ConditionalOnProperty (spring.datasource.type=com.zaxxer.hikari.HikariDataSource) matched (OnPropertyCondition)
      - @ConditionalOnMissingBean (types: javax.sql.DataSource; SearchStrategy: all) did not find any beans (OnBeanCondition)

   DataSourceInitializationConfiguration matched:
      - @ConditionalOnClass found required class 'org.springframework.jdbc.datasource.init.DatabasePopulator' (OnClassCondition)
      - @ConditionalOnSingleCandidate (types: javax.sql.DataSource; SearchStrategy: all) found a single bean 'dataSource'; @ConditionalOnMissingBean (types: org.springframework.boot.autoconfigure.sql.init.SqlDataSourceScriptDatabaseInitializer,org.springframework.boot.autoconfigure.sql.init.SqlR2dbcScriptDatabaseInitializer; SearchStrategy: all) did not find any beans (OnBeanCondition)

   DataSourcePoolMetadataProvidersConfiguration.HikariPoolDataSourceMetadataProviderConfiguration matched:
      - @ConditionalOnClass found required class 'com.zaxxer.hikari.HikariDataSource' (OnClassCondition)

   DataSourceTransactionManagerAutoConfiguration matched:
      - @ConditionalOnClass found required classes 'org.springframework.jdbc.core.JdbcTemplate', 'org.springframework.transaction.TransactionManager' (OnClassCondition)

   DataSourceTransactionManagerAutoConfiguration.JdbcTransactionManagerConfiguration matched:
      - @ConditionalOnSingleCandidate (types: javax.sql.DataSource; SearchStrategy: all) found a single bean 'dataSource' (OnBeanCondition)

   DispatcherServletAutoConfiguration matched:
      - @ConditionalOnClass found required class 'org.springframework.web.servlet.DispatcherServlet' (OnClassCondition)
      - found 'session' scope (OnWebApplicationCondition)

   DispatcherServletAutoConfiguration.DispatcherServletConfiguration matched:
      - @ConditionalOnClass found required class 'jakarta.servlet.ServletRegistration' (OnClassCondition)
      - Default DispatcherServlet did not find dispatcher servlet beans (DispatcherServletAutoConfiguration.DefaultDispatcherServletCondition)

   DispatcherServletAutoConfiguration.DispatcherServletRegistrationConfiguration matched:
      - @ConditionalOnClass found required class 'jakarta.servlet.ServletRegistration' (OnClassCondition)
      - DispatcherServlet Registration did not find servlet registration bean (DispatcherServletAutoConfiguration.DispatcherServletRegistrationCondition)

   DispatcherServletAutoConfiguration.DispatcherServletRegistrationConfiguration#dispatcherServletRegistration matched:
      - @ConditionalOnBean (names: dispatcherServlet types: org.springframework.web.servlet.DispatcherServlet; SearchStrategy: all) found bean 'dispatcherServlet' (OnBeanCondition)

   ErrorMvcAutoConfiguration matched:
      - @ConditionalOnClass found required classes 'jakarta.servlet.Servlet', 'org.springframework.web.servlet.DispatcherServlet' (OnClassCondition)
      - found 'session' scope (OnWebApplicationCondition)

   ErrorMvcAutoConfiguration#basicErrorController matched:
      - @ConditionalOnMissingBean (types: org.springframework.boot.web.servlet.error.ErrorController; SearchStrategy: current) did not find any beans (OnBeanCondition)

   ErrorMvcAutoConfiguration#errorAttributes matched:
      - @ConditionalOnMissingBean (types: org.springframework.boot.web.servlet.error.ErrorAttributes; SearchStrategy: current) did not find any beans (OnBeanCondition)

   ErrorMvcAutoConfiguration.DefaultErrorViewResolverConfiguration#conventionErrorViewResolver matched:
      - @ConditionalOnBean (types: org.springframework.web.servlet.DispatcherServlet; SearchStrategy: all) found bean 'dispatcherServlet'; @ConditionalOnMissingBean (types: org.springframework.boot.autoconfigure.web.servlet.error.ErrorViewResolver; SearchStrategy: all) did not find any beans (OnBeanCondition)

   ErrorMvcAutoConfiguration.WhitelabelErrorViewConfiguration matched:
      - @ConditionalOnProperty (server.error.whitelabel.enabled) matched (OnPropertyCondition)
      - ErrorTemplate Missing did not find error template view (ErrorMvcAutoConfiguration.ErrorTemplateMissingCondition)

   ErrorMvcAutoConfiguration.WhitelabelErrorViewConfiguration#beanNameViewResolver matched:
      - @ConditionalOnMissingBean (types: org.springframework.web.servlet.view.BeanNameViewResolver; SearchStrategy: all) did not find any beans (OnBeanCondition)

   ErrorMvcAutoConfiguration.WhitelabelErrorViewConfiguration#defaultErrorView matched:
      - @ConditionalOnMissingBean (names: error; SearchStrategy: all) did not find any beans (OnBeanCondition)

   GenericCacheConfiguration matched:
      - Cache org.springframework.boot.autoconfigure.cache.GenericCacheConfiguration automatic cache type (CacheCondition)

   HibernateJpaAutoConfiguration matched:
      - @ConditionalOnClass found required classes 'org.springframework.orm.jpa.LocalContainerEntityManagerFactoryBean', 'jakarta.persistence.EntityManager', 'org.hibernate.engine.spi.SessionImplementor' (OnClassCondition)

   HibernateJpaConfiguration matched:
      - @ConditionalOnSingleCandidate (types: javax.sql.DataSource; SearchStrategy: all) found a single bean 'dataSource' (OnBeanCondition)

   HttpEncodingAutoConfiguration matched:
      - @ConditionalOnClass found required class 'org.springframework.web.filter.CharacterEncodingFilter' (OnClassCondition)
      - found 'session' scope (OnWebApplicationCondition)
      - @ConditionalOnProperty (server.servlet.encoding.enabled) matched (OnPropertyCondition)

   HttpEncodingAutoConfiguration#characterEncodingFilter matched:
      - @ConditionalOnMissingBean (types: org.springframework.web.filter.CharacterEncodingFilter; SearchStrategy: all) did not find any beans (OnBeanCondition)

   HttpMessageConvertersAutoConfiguration matched:
      - @ConditionalOnClass found required class 'org.springframework.http.converter.HttpMessageConverter' (OnClassCondition)
      - NoneNestedConditions 0 matched 1 did not; NestedCondition on HttpMessageConvertersAutoConfiguration.NotReactiveWebApplicationCondition.ReactiveWebApplication did not find reactive web application classes (HttpMessageConvertersAutoConfiguration.NotReactiveWebApplicationCondition)

   HttpMessageConvertersAutoConfiguration#messageConverters matched:
      - @ConditionalOnMissingBean (types: org.springframework.boot.autoconfigure.http.HttpMessageConverters; SearchStrategy: all) did not find any beans (OnBeanCondition)

   HttpMessageConvertersAutoConfiguration.StringHttpMessageConverterConfiguration matched:
      - @ConditionalOnClass found required class 'org.springframework.http.converter.StringHttpMessageConverter' (OnClassCondition)

   HttpMessageConvertersAutoConfiguration.StringHttpMessageConverterConfiguration#stringHttpMessageConverter matched:
      - @ConditionalOnMissingBean (types: org.springframework.http.converter.StringHttpMessageConverter; SearchStrategy: all) did not find any beans (OnBeanCondition)

   HypermediaAutoConfiguration matched:
      - @ConditionalOnClass found required classes 'org.springframework.hateoas.EntityModel', 'org.springframework.web.bind.annotation.RequestMapping', 'org.springframework.web.servlet.mvc.method.annotation.RequestMappingHandlerAdapter', 'org.springframework.plugin.core.Plugin' (OnClassCondition)
      - @ConditionalOnWebApplication (required) found 'session' scope (OnWebApplicationCondition)

   HypermediaAutoConfiguration#applicationJsonHalConfiguration matched:
      - @ConditionalOnClass found required class 'com.fasterxml.jackson.databind.ObjectMapper' (OnClassCondition)
      - @ConditionalOnProperty (spring.hateoas.use-hal-as-default-json-media-type) matched (OnPropertyCondition)
      - @ConditionalOnMissingBean (types: org.springframework.hateoas.mediatype.hal.HalConfiguration; SearchStrategy: all) did not find any beans (OnBeanCondition)

   HypermediaAutoConfiguration.HypermediaConfiguration matched:
      - @ConditionalOnClass found required class 'com.fasterxml.jackson.databind.ObjectMapper' (OnClassCondition)
      - @ConditionalOnMissingBean (types: org.springframework.hateoas.client.LinkDiscoverers; SearchStrategy: all) did not find any beans (OnBeanCondition)

   JacksonAutoConfiguration matched:
      - @ConditionalOnClass found required class 'com.fasterxml.jackson.databind.ObjectMapper' (OnClassCondition)

   JacksonAutoConfiguration.Jackson2ObjectMapperBuilderCustomizerConfiguration matched:
      - @ConditionalOnClass found required class 'org.springframework.http.converter.json.Jackson2ObjectMapperBuilder' (OnClassCondition)

   JacksonAutoConfiguration.JacksonObjectMapperBuilderConfiguration matched:
      - @ConditionalOnClass found required class 'org.springframework.http.converter.json.Jackson2ObjectMapperBuilder' (OnClassCondition)

   JacksonAutoConfiguration.JacksonObjectMapperBuilderConfiguration#jacksonObjectMapperBuilder matched:
      - @ConditionalOnMissingBean (types: org.springframework.http.converter.json.Jackson2ObjectMapperBuilder; SearchStrategy: all) did not find any beans (OnBeanCondition)

   JacksonAutoConfiguration.JacksonObjectMapperConfiguration matched:
      - @ConditionalOnClass found required class 'org.springframework.http.converter.json.Jackson2ObjectMapperBuilder' (OnClassCondition)

   JacksonAutoConfiguration.JacksonObjectMapperConfiguration#jacksonObjectMapper matched:
      - @ConditionalOnMissingBean (types: com.fasterxml.jackson.databind.ObjectMapper; SearchStrategy: all) did not find any beans (OnBeanCondition)

   JacksonAutoConfiguration.ParameterNamesModuleConfiguration matched:
      - @ConditionalOnClass found required class 'com.fasterxml.jackson.module.paramnames.ParameterNamesModule' (OnClassCondition)

   JacksonAutoConfiguration.ParameterNamesModuleConfiguration#parameterNamesModule matched:
      - @ConditionalOnMissingBean (types: com.fasterxml.jackson.module.paramnames.ParameterNamesModule; SearchStrategy: all) did not find any beans (OnBeanCondition)

   JacksonHttpMessageConvertersConfiguration.MappingJackson2HttpMessageConverterConfiguration matched:
      - @ConditionalOnClass found required class 'com.fasterxml.jackson.databind.ObjectMapper' (OnClassCondition)
      - @ConditionalOnProperty (spring.mvc.converters.preferred-json-mapper=jackson) matched (OnPropertyCondition)
      - @ConditionalOnBean (types: com.fasterxml.jackson.databind.ObjectMapper; SearchStrategy: all) found bean 'jacksonObjectMapper' (OnBeanCondition)

   JacksonHttpMessageConvertersConfiguration.MappingJackson2HttpMessageConverterConfiguration#mappingJackson2HttpMessageConverter matched:
      - @ConditionalOnMissingBean (types: org.springframework.http.converter.json.MappingJackson2HttpMessageConverter ignored: org.springframework.hateoas.server.mvc.TypeConstrainedMappingJackson2HttpMessageConverter,org.springframework.data.rest.webmvc.alps.AlpsJsonHttpMessageConverter; SearchStrategy: all) did not find any beans (OnBeanCondition)

   JdbcClientAutoConfiguration matched:
      - @ConditionalOnSingleCandidate (types: org.springframework.jdbc.core.namedparam.NamedParameterJdbcTemplate; SearchStrategy: all) found a single bean 'namedParameterJdbcTemplate'; @ConditionalOnMissingBean (types: org.springframework.jdbc.core.simple.JdbcClient; SearchStrategy: all) did not find any beans (OnBeanCondition)

   JdbcTemplateAutoConfiguration matched:
      - @ConditionalOnClass found required classes 'javax.sql.DataSource', 'org.springframework.jdbc.core.JdbcTemplate' (OnClassCondition)
      - @ConditionalOnSingleCandidate (types: javax.sql.DataSource; SearchStrategy: all) found a single bean 'dataSource' (OnBeanCondition)

   JdbcTemplateConfiguration matched:
      - @ConditionalOnMissingBean (types: org.springframework.jdbc.core.JdbcOperations; SearchStrategy: all) did not find any beans (OnBeanCondition)

   JpaBaseConfiguration#entityManagerFactory matched:
      - @ConditionalOnMissingBean (types: org.springframework.orm.jpa.LocalContainerEntityManagerFactoryBean,jakarta.persistence.EntityManagerFactory; SearchStrategy: all) did not find any beans (OnBeanCondition)

   JpaBaseConfiguration#entityManagerFactoryBuilder matched:
      - @ConditionalOnMissingBean (types: org.springframework.boot.orm.jpa.EntityManagerFactoryBuilder; SearchStrategy: all) did not find any beans (OnBeanCondition)

   JpaBaseConfiguration#jpaVendorAdapter matched:
      - @ConditionalOnMissingBean (types: org.springframework.orm.jpa.JpaVendorAdapter; SearchStrategy: all) did not find any beans (OnBeanCondition)

   JpaBaseConfiguration#transactionManager matched:
      - @ConditionalOnMissingBean (types: org.springframework.transaction.TransactionManager; SearchStrategy: all) did not find any beans (OnBeanCondition)

   JpaBaseConfiguration.JpaWebConfiguration matched:
      - @ConditionalOnClass found required class 'org.springframework.web.servlet.config.annotation.WebMvcConfigurer' (OnClassCondition)
      - found 'session' scope (OnWebApplicationCondition)
      - @ConditionalOnProperty (spring.jpa.open-in-view=true) matched (OnPropertyCondition)
      - @ConditionalOnMissingBean (types: org.springframework.orm.jpa.support.OpenEntityManagerInViewInterceptor,org.springframework.orm.jpa.support.OpenEntityManagerInViewFilter; SearchStrategy: all) did not find any beans (OnBeanCondition)

   JpaBaseConfiguration.PersistenceManagedTypesConfiguration matched:
      - @ConditionalOnMissingBean (types: org.springframework.orm.jpa.LocalContainerEntityManagerFactoryBean,jakarta.persistence.EntityManagerFactory; SearchStrategy: all) did not find any beans (OnBeanCondition)

   JpaBaseConfiguration.PersistenceManagedTypesConfiguration#persistenceManagedTypes matched:
      - @ConditionalOnMissingBean (types: org.springframework.orm.jpa.persistenceunit.PersistenceManagedTypes; SearchStrategy: all) did not find any beans (OnBeanCondition)

   JpaRepositoriesAutoConfiguration matched:
      - @ConditionalOnClass found required class 'org.springframework.data.jpa.repository.JpaRepository' (OnClassCondition)
      - @ConditionalOnProperty (spring.data.jpa.repositories.enabled=true) matched (OnPropertyCondition)
      - @ConditionalOnBean (types: javax.sql.DataSource; SearchStrategy: all) found bean 'dataSource'; @ConditionalOnMissingBean (types: org.springframework.data.jpa.repository.support.JpaRepositoryFactoryBean,org.springframework.data.jpa.repository.config.JpaRepositoryConfigExtension; SearchStrategy: all) did not find any beans (OnBeanCondition)

   JtaAutoConfiguration matched:
      - @ConditionalOnClass found required class 'jakarta.transaction.Transaction' (OnClassCondition)
      - @ConditionalOnProperty (spring.jta.enabled) matched (OnPropertyCondition)

   LifecycleAutoConfiguration#defaultLifecycleProcessor matched:
      - @ConditionalOnMissingBean (names: lifecycleProcessor; SearchStrategy: current) did not find any beans (OnBeanCondition)

   MultipartAutoConfiguration matched:
      - @ConditionalOnClass found required classes 'jakarta.servlet.Servlet', 'org.springframework.web.multipart.support.StandardServletMultipartResolver', 'jakarta.servlet.MultipartConfigElement' (OnClassCondition)
      - found 'session' scope (OnWebApplicationCondition)
      - @ConditionalOnProperty (spring.servlet.multipart.enabled) matched (OnPropertyCondition)

   MultipartAutoConfiguration#multipartConfigElement matched:
      - @ConditionalOnMissingBean (types: jakarta.servlet.MultipartConfigElement; SearchStrategy: all) did not find any beans (OnBeanCondition)

   MultipartAutoConfiguration#multipartResolver matched:
      - @ConditionalOnMissingBean (types: org.springframework.web.multipart.MultipartResolver; SearchStrategy: all) did not find any beans (OnBeanCondition)

   NamedParameterJdbcTemplateConfiguration matched:
      - @ConditionalOnSingleCandidate (types: org.springframework.jdbc.core.JdbcTemplate; SearchStrategy: all) found a single bean 'jdbcTemplate'; @ConditionalOnMissingBean (types: org.springframework.jdbc.core.namedparam.NamedParameterJdbcOperations; SearchStrategy: all) did not find any beans (OnBeanCondition)

   NoOpCacheConfiguration matched:
      - Cache org.springframework.boot.autoconfigure.cache.NoOpCacheConfiguration automatic cache type (CacheCondition)

   PersistenceExceptionTranslationAutoConfiguration matched:
      - @ConditionalOnClass found required class 'org.springframework.dao.annotation.PersistenceExceptionTranslationPostProcessor' (OnClassCondition)

   PersistenceExceptionTranslationAutoConfiguration#persistenceExceptionTranslationPostProcessor matched:
      - @ConditionalOnProperty (spring.dao.exceptiontranslation.enabled) matched (OnPropertyCondition)
      - @ConditionalOnMissingBean (types: org.springframework.dao.annotation.PersistenceExceptionTranslationPostProcessor; SearchStrategy: all) did not find any beans (OnBeanCondition)

   PropertyPlaceholderAutoConfiguration#propertySourcesPlaceholderConfigurer matched:
      - @ConditionalOnMissingBean (types: org.springframework.context.support.PropertySourcesPlaceholderConfigurer; SearchStrategy: current) did not find any beans (OnBeanCondition)

   RestClientAutoConfiguration matched:
      - @ConditionalOnClass found required class 'org.springframework.web.client.RestClient' (OnClassCondition)
      - NoneNestedConditions 0 matched 1 did not; NestedCondition on NotReactiveWebApplicationCondition.ReactiveWebApplication did not find reactive web application classes (NotReactiveWebApplicationCondition)

   RestClientAutoConfiguration#httpMessageConvertersRestClientCustomizer matched:
      - @ConditionalOnMissingBean (types: org.springframework.boot.autoconfigure.web.client.HttpMessageConvertersRestClientCustomizer; SearchStrategy: all) did not find any beans (OnBeanCondition)

   RestClientAutoConfiguration#restClientBuilder matched:
      - @ConditionalOnMissingBean (types: org.springframework.web.client.RestClient$Builder; SearchStrategy: all) did not find any beans (OnBeanCondition)

   RestClientAutoConfiguration#restClientBuilderConfigurer matched:
      - @ConditionalOnMissingBean (types: org.springframework.boot.autoconfigure.web.client.RestClientBuilderConfigurer; SearchStrategy: all) did not find any beans (OnBeanCondition)

   RestClientAutoConfiguration#restClientSsl matched:
      - @ConditionalOnBean (types: org.springframework.boot.ssl.SslBundles; SearchStrategy: all) found bean 'sslBundleRegistry'; @ConditionalOnMissingBean (types: org.springframework.boot.autoconfigure.web.client.RestClientSsl; SearchStrategy: all) did not find any beans (OnBeanCondition)

   RestTemplateAutoConfiguration matched:
      - @ConditionalOnClass found required class 'org.springframework.web.client.RestTemplate' (OnClassCondition)
      - NoneNestedConditions 0 matched 1 did not; NestedCondition on NotReactiveWebApplicationCondition.ReactiveWebApplication did not find reactive web application classes (NotReactiveWebApplicationCondition)

   RestTemplateAutoConfiguration#restTemplateBuilder matched:
      - @ConditionalOnMissingBean (types: org.springframework.boot.web.client.RestTemplateBuilder; SearchStrategy: all) did not find any beans (OnBeanCondition)

   ServletWebServerFactoryAutoConfiguration matched:
      - @ConditionalOnClass found required class 'jakarta.servlet.ServletRequest' (OnClassCondition)
      - found 'session' scope (OnWebApplicationCondition)

   ServletWebServerFactoryAutoConfiguration#tomcatServletWebServerFactoryCustomizer matched:
      - @ConditionalOnClass found required class 'org.apache.catalina.startup.Tomcat' (OnClassCondition)

   ServletWebServerFactoryConfiguration.EmbeddedTomcat matched:
      - @ConditionalOnClass found required classes 'jakarta.servlet.Servlet', 'org.apache.catalina.startup.Tomcat', 'org.apache.coyote.UpgradeProtocol' (OnClassCondition)
      - @ConditionalOnMissingBean (types: org.springframework.boot.web.servlet.server.ServletWebServerFactory; SearchStrategy: current) did not find any beans (OnBeanCondition)

   SimpleCacheConfiguration matched:
      - Cache org.springframework.boot.autoconfigure.cache.SimpleCacheConfiguration automatic cache type (CacheCondition)

   SpringDataWebAutoConfiguration matched:
      - @ConditionalOnClass found required classes 'org.springframework.data.web.PageableHandlerMethodArgumentResolver', 'org.springframework.web.servlet.config.annotation.WebMvcConfigurer' (OnClassCondition)
      - found 'session' scope (OnWebApplicationCondition)
      - @ConditionalOnMissingBean (types: org.springframework.data.web.PageableHandlerMethodArgumentResolver; SearchStrategy: all) did not find any beans (OnBeanCondition)

   SpringDataWebAutoConfiguration#pageableCustomizer matched:
      - @ConditionalOnMissingBean (types: org.springframework.data.web.config.PageableHandlerMethodArgumentResolverCustomizer; SearchStrategy: all) did not find any beans (OnBeanCondition)

   SpringDataWebAutoConfiguration#sortCustomizer matched:
      - @ConditionalOnMissingBean (types: org.springframework.data.web.config.SortHandlerMethodArgumentResolverCustomizer; SearchStrategy: all) did not find any beans (OnBeanCondition)

   SqlInitializationAutoConfiguration matched:
      - @ConditionalOnProperty (spring.sql.init.enabled) matched (OnPropertyCondition)
      - NoneNestedConditions 0 matched 1 did not; NestedCondition on SqlInitializationAutoConfiguration.SqlInitializationModeCondition.ModeIsNever @ConditionalOnProperty (spring.sql.init.mode=never) did not find property 'mode' (SqlInitializationAutoConfiguration.SqlInitializationModeCondition)

   SslAutoConfiguration#sslBundleRegistry matched:
      - @ConditionalOnMissingBean (types: org.springframework.boot.ssl.SslBundleRegistry,org.springframework.boot.ssl.SslBundles; SearchStrategy: all) did not find any beans (OnBeanCondition)

   TaskExecutionAutoConfiguration matched:
      - @ConditionalOnClass found required class 'org.springframework.scheduling.concurrent.ThreadPoolTaskExecutor' (OnClassCondition)

   TaskExecutorConfigurations.SimpleAsyncTaskExecutorBuilderConfiguration#simpleAsyncTaskExecutorBuilder matched:
      - @ConditionalOnMissingBean (types: org.springframework.boot.task.SimpleAsyncTaskExecutorBuilder; SearchStrategy: all) did not find any beans (OnBeanCondition)
      - @ConditionalOnThreading found PLATFORM (OnThreadingCondition)

   TaskExecutorConfigurations.TaskExecutorBuilderConfiguration#taskExecutorBuilder matched:
      - @ConditionalOnMissingBean (types: org.springframework.boot.task.TaskExecutorBuilder; SearchStrategy: all) did not find any beans (OnBeanCondition)

   TaskExecutorConfigurations.TaskExecutorConfiguration matched:
      - @ConditionalOnMissingBean (types: java.util.concurrent.Executor; SearchStrategy: all) did not find any beans (OnBeanCondition)

   TaskExecutorConfigurations.TaskExecutorConfiguration#applicationTaskExecutor matched:
      - @ConditionalOnThreading found PLATFORM (OnThreadingCondition)

   TaskExecutorConfigurations.ThreadPoolTaskExecutorBuilderConfiguration#threadPoolTaskExecutorBuilder matched:
      - @ConditionalOnMissingBean (types: org.springframework.boot.task.TaskExecutorBuilder,org.springframework.boot.task.ThreadPoolTaskExecutorBuilder; SearchStrategy: all) did not find any beans (OnBeanCondition)

   TaskSchedulingAutoConfiguration matched:
      - @ConditionalOnClass found required class 'org.springframework.scheduling.concurrent.ThreadPoolTaskScheduler' (OnClassCondition)

   TaskSchedulingConfigurations.SimpleAsyncTaskSchedulerBuilderConfiguration#simpleAsyncTaskSchedulerBuilder matched:
      - @ConditionalOnMissingBean (types: org.springframework.boot.task.SimpleAsyncTaskSchedulerBuilder; SearchStrategy: all) did not find any beans (OnBeanCondition)
      - @ConditionalOnThreading found PLATFORM (OnThreadingCondition)

   TaskSchedulingConfigurations.TaskSchedulerBuilderConfiguration#taskSchedulerBuilder matched:
      - @ConditionalOnMissingBean (types: org.springframework.boot.task.TaskSchedulerBuilder; SearchStrategy: all) did not find any beans (OnBeanCondition)

   TaskSchedulingConfigurations.ThreadPoolTaskSchedulerBuilderConfiguration#threadPoolTaskSchedulerBuilder matched:
      - @ConditionalOnMissingBean (types: org.springframework.boot.task.TaskSchedulerBuilder,org.springframework.boot.task.ThreadPoolTaskSchedulerBuilder; SearchStrategy: all) did not find any beans (OnBeanCondition)

   TransactionAutoConfiguration matched:
      - @ConditionalOnClass found required class 'org.springframework.transaction.PlatformTransactionManager' (OnClassCondition)

   TransactionAutoConfiguration.EnableTransactionManagementConfiguration matched:
      - @ConditionalOnBean (types: org.springframework.transaction.TransactionManager; SearchStrategy: all) found bean 'transactionManager'; @ConditionalOnMissingBean (types: org.springframework.transaction.annotation.AbstractTransactionManagementConfiguration; SearchStrategy: all) did not find any beans (OnBeanCondition)

   TransactionAutoConfiguration.EnableTransactionManagementConfiguration.CglibAutoProxyConfiguration matched:
      - @ConditionalOnProperty (spring.aop.proxy-target-class=true) matched (OnPropertyCondition)

   TransactionAutoConfiguration.TransactionTemplateConfiguration matched:
      - @ConditionalOnSingleCandidate (types: org.springframework.transaction.PlatformTransactionManager; SearchStrategy: all) found a single bean 'transactionManager' (OnBeanCondition)

   TransactionAutoConfiguration.TransactionTemplateConfiguration#transactionTemplate matched:
      - @ConditionalOnMissingBean (types: org.springframework.transaction.support.TransactionOperations; SearchStrategy: all) did not find any beans (OnBeanCondition)

   TransactionManagerCustomizationAutoConfiguration matched:
      - @ConditionalOnClass found required class 'org.springframework.transaction.PlatformTransactionManager' (OnClassCondition)

   TransactionManagerCustomizationAutoConfiguration#platformTransactionManagerCustomizers matched:
      - @ConditionalOnMissingBean (types: org.springframework.boot.autoconfigure.transaction.TransactionManagerCustomizers; SearchStrategy: all) did not find any beans (OnBeanCondition)

   ValidationAutoConfiguration matched:
      - @ConditionalOnClass found required class 'jakarta.validation.executable.ExecutableValidator' (OnClassCondition)
      - @ConditionalOnResource found location classpath:META-INF/services/jakarta.validation.spi.ValidationProvider (OnResourceCondition)

   ValidationAutoConfiguration#defaultValidator matched:
      - @ConditionalOnMissingBean (types: jakarta.validation.Validator; SearchStrategy: all) did not find any beans (OnBeanCondition)

   ValidationAutoConfiguration#methodValidationPostProcessor matched:
      - @ConditionalOnMissingBean (types: org.springframework.validation.beanvalidation.MethodValidationPostProcessor; SearchStrategy: current) did not find any beans (OnBeanCondition)

   WebMvcAutoConfiguration matched:
      - @ConditionalOnClass found required classes 'jakarta.servlet.Servlet', 'org.springframework.web.servlet.DispatcherServlet', 'org.springframework.web.servlet.config.annotation.WebMvcConfigurer' (OnClassCondition)
      - found 'session' scope (OnWebApplicationCondition)
      - @ConditionalOnMissingBean (types: org.springframework.web.servlet.config.annotation.WebMvcConfigurationSupport; SearchStrategy: all) did not find any beans (OnBeanCondition)

   WebMvcAutoConfiguration#formContentFilter matched:
      - @ConditionalOnProperty (spring.mvc.formcontent.filter.enabled) matched (OnPropertyCondition)
      - @ConditionalOnMissingBean (types: org.springframework.web.filter.FormContentFilter; SearchStrategy: all) did not find any beans (OnBeanCondition)

   WebMvcAutoConfiguration.EnableWebMvcConfiguration#flashMapManager matched:
      - @ConditionalOnMissingBean (names: flashMapManager; SearchStrategy: all) did not find any beans (OnBeanCondition)

   WebMvcAutoConfiguration.EnableWebMvcConfiguration#localeResolver matched:
      - @ConditionalOnMissingBean (names: localeResolver; SearchStrategy: all) did not find any beans (OnBeanCondition)

   WebMvcAutoConfiguration.EnableWebMvcConfiguration#themeResolver matched:
      - @ConditionalOnMissingBean (names: themeResolver; SearchStrategy: all) did not find any beans (OnBeanCondition)

   WebMvcAutoConfiguration.WebMvcAutoConfigurationAdapter#defaultViewResolver matched:
      - @ConditionalOnMissingBean (types: org.springframework.web.servlet.view.InternalResourceViewResolver; SearchStrategy: all) did not find any beans (OnBeanCondition)

   WebMvcAutoConfiguration.WebMvcAutoConfigurationAdapter#requestContextFilter matched:
      - @ConditionalOnMissingBean (types: org.springframework.web.context.request.RequestContextListener,org.springframework.web.filter.RequestContextFilter; SearchStrategy: all) did not find any beans (OnBeanCondition)

   WebMvcAutoConfiguration.WebMvcAutoConfigurationAdapter#viewResolver matched:
      - @ConditionalOnBean (types: org.springframework.web.servlet.ViewResolver; SearchStrategy: all) found beans 'defaultViewResolver', 'beanNameViewResolver', 'mvcViewResolver'; @ConditionalOnMissingBean (names: viewResolver types: org.springframework.web.servlet.view.ContentNegotiatingViewResolver; SearchStrategy: all) did not find any beans (OnBeanCondition)

   WebSocketServletAutoConfiguration matched:
      - @ConditionalOnClass found required classes 'jakarta.servlet.Servlet', 'jakarta.websocket.server.ServerContainer' (OnClassCondition)
      - found 'session' scope (OnWebApplicationCondition)

   WebSocketServletAutoConfiguration.TomcatWebSocketConfiguration matched:
      - @ConditionalOnClass found required classes 'org.apache.catalina.startup.Tomcat', 'org.apache.tomcat.websocket.server.WsSci' (OnClassCondition)

   WebSocketServletAutoConfiguration.TomcatWebSocketConfiguration#websocketServletWebServerCustomizer matched:
      - @ConditionalOnMissingBean (names: websocketServletWebServerCustomizer; SearchStrategy: all) did not find any beans (OnBeanCondition)


Negative matches:
-----------------

   ActiveMQAutoConfiguration:
      Did not match:
         - @ConditionalOnClass did not find required class 'jakarta.jms.ConnectionFactory' (OnClassCondition)

   AopAutoConfiguration.AspectJAutoProxyingConfiguration.JdkDynamicAutoProxyConfiguration:
      Did not match:
         - @ConditionalOnProperty (spring.aop.proxy-target-class=false) did not find property 'proxy-target-class' (OnPropertyCondition)

   AopAutoConfiguration.ClassProxyingConfiguration:
      Did not match:
         - @ConditionalOnMissingClass found unwanted class 'org.aspectj.weaver.Advice' (OnClassCondition)

   ArtemisAutoConfiguration:
      Did not match:
         - @ConditionalOnClass did not find required class 'jakarta.jms.ConnectionFactory' (OnClassCondition)

   BatchAutoConfiguration:
      Did not match:
         - @ConditionalOnClass did not find required class 'org.springframework.batch.core.launch.JobLauncher' (OnClassCondition)

   Cache2kCacheConfiguration:
      Did not match:
         - @ConditionalOnClass did not find required class 'org.cache2k.Cache2kBuilder' (OnClassCondition)

   CacheAutoConfiguration:
      Did not match:
         - @ConditionalOnBean (types: org.springframework.cache.interceptor.CacheAspectSupport; SearchStrategy: all) did not find any beans of type org.springframework.cache.interceptor.CacheAspectSupport (OnBeanCondition)
      Matched:
         - @ConditionalOnClass found required class 'org.springframework.cache.CacheManager' (OnClassCondition)

   CacheAutoConfiguration.CacheManagerEntityManagerFactoryDependsOnPostProcessor:
      Did not match:
         - Ancestor org.springframework.boot.autoconfigure.cache.CacheAutoConfiguration did not match (ConditionEvaluationReport.AncestorsMatchedCondition)
      Matched:
         - @ConditionalOnClass found required class 'org.springframework.orm.jpa.LocalContainerEntityManagerFactoryBean' (OnClassCondition)

   CaffeineCacheConfiguration:
      Did not match:
         - @ConditionalOnClass did not find required class 'com.github.benmanes.caffeine.cache.Caffeine' (OnClassCondition)

   CassandraAutoConfiguration:
      Did not match:
         - @ConditionalOnClass did not find required class 'com.datastax.oss.driver.api.core.CqlSession' (OnClassCondition)

   CassandraDataAutoConfiguration:
      Did not match:
         - @ConditionalOnClass did not find required class 'com.datastax.oss.driver.api.core.CqlSession' (OnClassCondition)

   CassandraReactiveDataAutoConfiguration:
      Did not match:
         - @ConditionalOnClass did not find required class 'com.datastax.oss.driver.api.core.CqlSession' (OnClassCondition)

   CassandraReactiveRepositoriesAutoConfiguration:
      Did not match:
         - @ConditionalOnClass did not find required class 'org.springframework.data.cassandra.ReactiveSession' (OnClassCondition)

   CassandraRepositoriesAutoConfiguration:
      Did not match:
         - @ConditionalOnClass did not find required class 'com.datastax.oss.driver.api.core.CqlSession' (OnClassCondition)

   ClientHttpConnectorAutoConfiguration:
      Did not match:
         - @ConditionalOnClass did not find required class 'org.springframework.web.reactive.function.client.WebClient' (OnClassCondition)

   CodecsAutoConfiguration:
      Did not match:
         - @ConditionalOnClass did not find required class 'org.springframework.web.reactive.function.client.WebClient' (OnClassCondition)

   CouchbaseAutoConfiguration:
      Did not match:
         - @ConditionalOnClass did not find required class 'com.couchbase.client.java.Cluster' (OnClassCondition)

   CouchbaseCacheConfiguration:
      Did not match:
         - @ConditionalOnClass did not find required class 'com.couchbase.client.java.Cluster' (OnClassCondition)

   CouchbaseDataAutoConfiguration:
      Did not match:
         - @ConditionalOnClass did not find required class 'com.couchbase.client.java.Bucket' (OnClassCondition)

   CouchbaseReactiveDataAutoConfiguration:
      Did not match:
         - @ConditionalOnClass did not find required class 'com.couchbase.client.java.Cluster' (OnClassCondition)

   CouchbaseReactiveRepositoriesAutoConfiguration:
      Did not match:
         - @ConditionalOnClass did not find required class 'com.couchbase.client.java.Cluster' (OnClassCondition)

   CouchbaseRepositoriesAutoConfiguration:
      Did not match:
         - @ConditionalOnClass did not find required class 'com.couchbase.client.java.Bucket' (OnClassCondition)

   DataSourceAutoConfiguration.EmbeddedDatabaseConfiguration:
      Did not match:
         - EmbeddedDataSource spring.datasource.url is set (DataSourceAutoConfiguration.EmbeddedDatabaseCondition)

   DataSourceCheckpointRestoreConfiguration:
      Did not match:
         - @ConditionalOnClass did not find required class 'org.crac.Resource' (OnClassCondition)

   DataSourceConfiguration.Dbcp2:
      Did not match:
         - @ConditionalOnClass did not find required class 'org.apache.commons.dbcp2.BasicDataSource' (OnClassCondition)

   DataSourceConfiguration.Generic:
      Did not match:
         - @ConditionalOnProperty (spring.datasource.type) did not find property 'spring.datasource.type' (OnPropertyCondition)

   DataSourceConfiguration.OracleUcp:
      Did not match:
         - @ConditionalOnClass did not find required class 'oracle.ucp.jdbc.PoolDataSourceImpl' (OnClassCondition)

   DataSourceConfiguration.Tomcat:
      Did not match:
         - @ConditionalOnClass did not find required class 'org.apache.tomcat.jdbc.pool.DataSource' (OnClassCondition)

   DataSourceJmxConfiguration:
      Did not match:
         - @ConditionalOnProperty (spring.jmx.enabled=true) found different value in property 'enabled' (OnPropertyCondition)

   DataSourcePoolMetadataProvidersConfiguration.CommonsDbcp2PoolDataSourceMetadataProviderConfiguration:
      Did not match:
         - @ConditionalOnClass did not find required class 'org.apache.commons.dbcp2.BasicDataSource' (OnClassCondition)

   DataSourcePoolMetadataProvidersConfiguration.OracleUcpPoolDataSourceMetadataProviderConfiguration:
      Did not match:
         - @ConditionalOnClass did not find required class 'oracle.ucp.jdbc.PoolDataSource' (OnClassCondition)

   DataSourcePoolMetadataProvidersConfiguration.TomcatDataSourcePoolMetadataProviderConfiguration:
      Did not match:
         - @ConditionalOnClass did not find required class 'org.apache.tomcat.jdbc.pool.DataSource' (OnClassCondition)

   DataSourceTransactionManagerAutoConfiguration.JdbcTransactionManagerConfiguration#transactionManager:
      Did not match:
         - @ConditionalOnMissingBean (types: org.springframework.transaction.TransactionManager; SearchStrategy: all) found beans of type 'org.springframework.transaction.TransactionManager' transactionManager (OnBeanCondition)

   DevToolsDataSourceAutoConfiguration:
      Did not match:
         - Devtools devtools is disabled for current context. (OnEnabledDevToolsCondition)

   DevToolsR2dbcAutoConfiguration:
      Did not match:
         - @ConditionalOnClass did not find required class 'io.r2dbc.spi.ConnectionFactory' (OnClassCondition)

   DispatcherServletAutoConfiguration.DispatcherServletConfiguration#multipartResolver:
      Did not match:
         - @ConditionalOnBean (types: org.springframework.web.multipart.MultipartResolver; SearchStrategy: all) did not find any beans of type org.springframework.web.multipart.MultipartResolver (OnBeanCondition)

   ElasticsearchClientAutoConfiguration:
      Did not match:
         - @ConditionalOnClass did not find required class 'co.elastic.clients.elasticsearch.ElasticsearchClient' (OnClassCondition)

   ElasticsearchDataAutoConfiguration:
      Did not match:
         - @ConditionalOnClass did not find required class 'org.springframework.data.elasticsearch.client.elc.ElasticsearchTemplate' (OnClassCondition)

   ElasticsearchRepositoriesAutoConfiguration:
      Did not match:
         - @ConditionalOnClass did not find required class 'org.springframework.data.elasticsearch.repository.ElasticsearchRepository' (OnClassCondition)

   ElasticsearchRestClientAutoConfiguration:
      Did not match:
         - @ConditionalOnClass did not find required class 'org.elasticsearch.client.RestClientBuilder' (OnClassCondition)

   EmbeddedLdapAutoConfiguration:
      Did not match:
         - @ConditionalOnClass did not find required class 'com.unboundid.ldap.listener.InMemoryDirectoryServer' (OnClassCondition)

   EmbeddedWebServerFactoryCustomizerAutoConfiguration:
      Did not match:
         - Application is deployed as a WAR file. (OnWarDeploymentCondition)
      Matched:
         - @ConditionalOnWebApplication (required) found 'session' scope (OnWebApplicationCondition)

   ErrorWebFluxAutoConfiguration:
      Did not match:
         - @ConditionalOnClass did not find required class 'org.springframework.web.reactive.config.WebFluxConfigurer' (OnClassCondition)

   FlywayAutoConfiguration:
      Did not match:
         - @ConditionalOnClass did not find required class 'org.flywaydb.core.Flyway' (OnClassCondition)

   FreeMarkerAutoConfiguration:
      Did not match:
         - @ConditionalOnClass did not find required class 'freemarker.template.Configuration' (OnClassCondition)

   GraphQlAutoConfiguration:
      Did not match:
         - @ConditionalOnClass did not find required class 'graphql.GraphQL' (OnClassCondition)

   GraphQlQueryByExampleAutoConfiguration:
      Did not match:
         - @ConditionalOnClass did not find required class 'graphql.GraphQL' (OnClassCondition)

   GraphQlQuerydslAutoConfiguration:
      Did not match:
         - @ConditionalOnClass did not find required class 'com.querydsl.core.Query' (OnClassCondition)

   GraphQlRSocketAutoConfiguration:
      Did not match:
         - @ConditionalOnClass did not find required class 'graphql.GraphQL' (OnClassCondition)

   GraphQlReactiveQueryByExampleAutoConfiguration:
      Did not match:
         - @ConditionalOnClass did not find required class 'graphql.GraphQL' (OnClassCondition)

   GraphQlReactiveQuerydslAutoConfiguration:
      Did not match:
         - @ConditionalOnClass did not find required class 'com.querydsl.core.Query' (OnClassCondition)

   GraphQlWebFluxAutoConfiguration:
      Did not match:
         - @ConditionalOnClass did not find required class 'graphql.GraphQL' (OnClassCondition)

   GraphQlWebFluxSecurityAutoConfiguration:
      Did not match:
         - @ConditionalOnClass did not find required class 'graphql.GraphQL' (OnClassCondition)

   GraphQlWebMvcAutoConfiguration:
      Did not match:
         - @ConditionalOnClass did not find required class 'graphql.GraphQL' (OnClassCondition)

   GraphQlWebMvcSecurityAutoConfiguration:
      Did not match:
         - @ConditionalOnClass did not find required class 'graphql.GraphQL' (OnClassCondition)

   GroovyTemplateAutoConfiguration:
      Did not match:
         - @ConditionalOnClass did not find required class 'groovy.text.markup.MarkupTemplateEngine' (OnClassCondition)

   GsonAutoConfiguration:
      Did not match:
         - @ConditionalOnClass did not find required class 'com.google.gson.Gson' (OnClassCondition)

   GsonHttpMessageConvertersConfiguration:
      Did not match:
         - @ConditionalOnClass did not find required class 'com.google.gson.Gson' (OnClassCondition)

   H2ConsoleAutoConfiguration:
      Did not match:
         - @ConditionalOnClass did not find required class 'org.h2.server.web.JakartaWebServlet' (OnClassCondition)

   HazelcastAutoConfiguration:
      Did not match:
         - @ConditionalOnClass did not find required class 'com.hazelcast.core.HazelcastInstance' (OnClassCondition)

   HazelcastCacheConfiguration:
      Did not match:
         - @ConditionalOnClass did not find required class 'com.hazelcast.core.HazelcastInstance' (OnClassCondition)

   HazelcastJpaDependencyAutoConfiguration:
      Did not match:
         - @ConditionalOnClass did not find required class 'com.hazelcast.core.HazelcastInstance' (OnClassCondition)

   HttpHandlerAutoConfiguration:
      Did not match:
         - @ConditionalOnClass did not find required class 'org.springframework.web.reactive.DispatcherHandler' (OnClassCondition)

   InfinispanCacheConfiguration:
      Did not match:
         - @ConditionalOnClass did not find required class 'org.infinispan.spring.embedded.provider.SpringEmbeddedCacheManager' (OnClassCondition)

   InfluxDbAutoConfiguration:
      Did not match:
         - @ConditionalOnClass did not find required class 'org.influxdb.InfluxDB' (OnClassCondition)

   IntegrationAutoConfiguration:
      Did not match:
         - @ConditionalOnClass did not find required class 'org.springframework.integration.config.EnableIntegration' (OnClassCondition)

   JCacheCacheConfiguration:
      Did not match:
         - @ConditionalOnClass did not find required class 'javax.cache.Caching' (OnClassCondition)

   JacksonHttpMessageConvertersConfiguration.MappingJackson2XmlHttpMessageConverterConfiguration:
      Did not match:
         - @ConditionalOnClass did not find required class 'com.fasterxml.jackson.dataformat.xml.XmlMapper' (OnClassCondition)

   JdbcRepositoriesAutoConfiguration:
      Did not match:
         - @ConditionalOnClass did not find required class 'org.springframework.data.jdbc.repository.config.AbstractJdbcConfiguration' (OnClassCondition)

   JerseyAutoConfiguration:
      Did not match:
         - @ConditionalOnClass did not find required class 'org.glassfish.jersey.server.spring.SpringComponentProvider' (OnClassCondition)

   JmsAutoConfiguration:
      Did not match:
         - @ConditionalOnClass did not find required class 'jakarta.jms.Message' (OnClassCondition)

   JmxAutoConfiguration:
      Did not match:
         - @ConditionalOnProperty (spring.jmx.enabled=true) found different value in property 'enabled' (OnPropertyCondition)
      Matched:
         - @ConditionalOnClass found required class 'org.springframework.jmx.export.MBeanExporter' (OnClassCondition)

   JndiConnectionFactoryAutoConfiguration:
      Did not match:
         - @ConditionalOnClass did not find required class 'org.springframework.jms.core.JmsTemplate' (OnClassCondition)

   JndiDataSourceAutoConfiguration:
      Did not match:
         - @ConditionalOnProperty (spring.datasource.jndi-name) did not find property 'jndi-name' (OnPropertyCondition)
      Matched:
         - @ConditionalOnClass found required classes 'javax.sql.DataSource', 'org.springframework.jdbc.datasource.embedded.EmbeddedDatabaseType' (OnClassCondition)

   JndiJtaConfiguration:
      Did not match:
         - @ConditionalOnJndi JNDI environment is not available (OnJndiCondition)
      Matched:
         - @ConditionalOnClass found required class 'org.springframework.transaction.jta.JtaTransactionManager' (OnClassCondition)

   JooqAutoConfiguration:
      Did not match:
         - @ConditionalOnClass did not find required class 'org.jooq.DSLContext' (OnClassCondition)

   JpaRepositoriesAutoConfiguration#entityManagerFactoryBootstrapExecutorCustomizer:
      Did not match:
         - AnyNestedCondition 0 matched 2 did not; NestedCondition on JpaRepositoriesAutoConfiguration.BootstrapExecutorCondition.LazyBootstrapMode @ConditionalOnProperty (spring.data.jpa.repositories.bootstrap-mode=lazy) did not find property 'bootstrap-mode'; NestedCondition on JpaRepositoriesAutoConfiguration.BootstrapExecutorCondition.DeferredBootstrapMode @ConditionalOnProperty (spring.data.jpa.repositories.bootstrap-mode=deferred) did not find property 'bootstrap-mode' (JpaRepositoriesAutoConfiguration.BootstrapExecutorCondition)

   JsonbAutoConfiguration:
      Did not match:
         - @ConditionalOnClass did not find required class 'jakarta.json.bind.Jsonb' (OnClassCondition)

   JsonbHttpMessageConvertersConfiguration:
      Did not match:
         - @ConditionalOnClass did not find required class 'jakarta.json.bind.Jsonb' (OnClassCondition)

   KafkaAutoConfiguration:
      Did not match:
         - @ConditionalOnClass did not find required class 'org.springframework.kafka.core.KafkaTemplate' (OnClassCondition)

   LdapAutoConfiguration:
      Did not match:
         - @ConditionalOnClass did not find required class 'org.springframework.ldap.core.ContextSource' (OnClassCondition)

   LdapRepositoriesAutoConfiguration:
      Did not match:
         - @ConditionalOnClass did not find required class 'org.springframework.data.ldap.repository.LdapRepository' (OnClassCondition)

   LiquibaseAutoConfiguration:
      Did not match:
         - @ConditionalOnClass did not find required class 'liquibase.change.DatabaseChange' (OnClassCondition)

   LocalDevToolsAutoConfiguration:
      Did not match:
         - Initialized Restarter Condition initialized without URLs (OnInitializedRestarterCondition)

   MailSenderAutoConfiguration:
      Did not match:
         - @ConditionalOnClass did not find required class 'jakarta.mail.internet.MimeMessage' (OnClassCondition)

   MailSenderValidatorAutoConfiguration:
      Did not match:
         - @ConditionalOnSingleCandidate did not find required type 'org.springframework.mail.javamail.JavaMailSenderImpl' (OnBeanCondition)

   MessageSourceAutoConfiguration:
      Did not match:
         - ResourceBundle did not find bundle with basename messages (MessageSourceAutoConfiguration.ResourceBundleCondition)

   MongoAutoConfiguration:
      Did not match:
         - @ConditionalOnClass did not find required class 'com.mongodb.client.MongoClient' (OnClassCondition)

   MongoDataAutoConfiguration:
      Did not match:
         - @ConditionalOnClass did not find required class 'com.mongodb.client.MongoClient' (OnClassCondition)

   MongoReactiveAutoConfiguration:
      Did not match:
         - @ConditionalOnClass did not find required class 'com.mongodb.reactivestreams.client.MongoClient' (OnClassCondition)

   MongoReactiveDataAutoConfiguration:
      Did not match:
         - @ConditionalOnClass did not find required class 'com.mongodb.reactivestreams.client.MongoClient' (OnClassCondition)

   MongoReactiveRepositoriesAutoConfiguration:
      Did not match:
         - @ConditionalOnClass did not find required class 'com.mongodb.reactivestreams.client.MongoClient' (OnClassCondition)

   MongoRepositoriesAutoConfiguration:
      Did not match:
         - @ConditionalOnClass did not find required class 'com.mongodb.client.MongoClient' (OnClassCondition)

   MustacheAutoConfiguration:
      Did not match:
         - @ConditionalOnClass did not find required class 'com.samskivert.mustache.Mustache' (OnClassCondition)

   Neo4jAutoConfiguration:
      Did not match:
         - @ConditionalOnClass did not find required class 'org.neo4j.driver.Driver' (OnClassCondition)

   Neo4jDataAutoConfiguration:
      Did not match:
         - @ConditionalOnClass did not find required class 'org.neo4j.driver.Driver' (OnClassCondition)

   Neo4jReactiveDataAutoConfiguration:
      Did not match:
         - @ConditionalOnClass did not find required class 'org.neo4j.driver.Driver' (OnClassCondition)

   Neo4jReactiveRepositoriesAutoConfiguration:
      Did not match:
         - @ConditionalOnClass did not find required class 'org.neo4j.driver.Driver' (OnClassCondition)

   Neo4jRepositoriesAutoConfiguration:
      Did not match:
         - @ConditionalOnClass did not find required class 'org.neo4j.driver.Driver' (OnClassCondition)

   NettyAutoConfiguration:
      Did not match:
         - @ConditionalOnClass did not find required class 'io.netty.util.NettyRuntime' (OnClassCondition)

   OAuth2AuthorizationServerAutoConfiguration:
      Did not match:
         - @ConditionalOnClass did not find required class 'org.springframework.security.oauth2.server.authorization.OAuth2Authorization' (OnClassCondition)

   OAuth2AuthorizationServerJwtAutoConfiguration:
      Did not match:
         - @ConditionalOnClass did not find required class 'org.springframework.security.oauth2.server.authorization.OAuth2Authorization' (OnClassCondition)

   OAuth2ClientAutoConfiguration:
      Did not match:
         - @ConditionalOnClass did not find required class 'org.springframework.security.config.annotation.web.configuration.EnableWebSecurity' (OnClassCondition)

   OAuth2ResourceServerAutoConfiguration:
      Did not match:
         - @ConditionalOnClass did not find required class 'org.springframework.security.oauth2.server.resource.authentication.BearerTokenAuthenticationToken' (OnClassCondition)

   ProjectInfoAutoConfiguration#buildProperties:
      Did not match:
         - @ConditionalOnResource did not find resource '${spring.info.build.location:classpath:META-INF/build-info.properties}' (OnResourceCondition)

   ProjectInfoAutoConfiguration#gitProperties:
      Did not match:
         - GitResource did not find git info at classpath:git.properties (ProjectInfoAutoConfiguration.GitResourceAvailableCondition)

   PulsarAutoConfiguration:
      Did not match:
         - @ConditionalOnClass did not find required class 'org.apache.pulsar.client.api.PulsarClient' (OnClassCondition)

   PulsarReactiveAutoConfiguration:
      Did not match:
         - @ConditionalOnClass did not find required class 'org.apache.pulsar.client.api.PulsarClient' (OnClassCondition)

   QuartzAutoConfiguration:
      Did not match:
         - @ConditionalOnClass did not find required class 'org.quartz.Scheduler' (OnClassCondition)

   R2dbcAutoConfiguration:
      Did not match:
         - @ConditionalOnClass did not find required class 'io.r2dbc.spi.ConnectionFactory' (OnClassCondition)

   R2dbcDataAutoConfiguration:
      Did not match:
         - @ConditionalOnClass did not find required class 'org.springframework.data.r2dbc.core.R2dbcEntityTemplate' (OnClassCondition)

   R2dbcInitializationConfiguration:
      Did not match:
         - @ConditionalOnClass did not find required classes 'io.r2dbc.spi.ConnectionFactory', 'org.springframework.r2dbc.connection.init.DatabasePopulator' (OnClassCondition)

   R2dbcRepositoriesAutoConfiguration:
      Did not match:
         - @ConditionalOnClass did not find required class 'io.r2dbc.spi.ConnectionFactory' (OnClassCondition)

   R2dbcTransactionManagerAutoConfiguration:
      Did not match:
         - @ConditionalOnClass did not find required class 'org.springframework.r2dbc.connection.R2dbcTransactionManager' (OnClassCondition)

   RSocketGraphQlClientAutoConfiguration:
      Did not match:
         - @ConditionalOnClass did not find required class 'graphql.GraphQL' (OnClassCondition)

   RSocketMessagingAutoConfiguration:
      Did not match:
         - @ConditionalOnClass did not find required class 'io.rsocket.RSocket' (OnClassCondition)

   RSocketRequesterAutoConfiguration:
      Did not match:
         - @ConditionalOnClass did not find required class 'io.rsocket.RSocket' (OnClassCondition)

   RSocketSecurityAutoConfiguration:
      Did not match:
         - @ConditionalOnClass did not find required class 'org.springframework.security.rsocket.core.SecuritySocketAcceptorInterceptor' (OnClassCondition)

   RSocketServerAutoConfiguration:
      Did not match:
         - @ConditionalOnClass did not find required class 'io.rsocket.core.RSocketServer' (OnClassCondition)

   RSocketStrategiesAutoConfiguration:
      Did not match:
         - @ConditionalOnClass did not find required class 'io.netty.buffer.PooledByteBufAllocator' (OnClassCondition)

   RabbitAutoConfiguration:
      Did not match:
         - @ConditionalOnClass did not find required class 'com.rabbitmq.client.Channel' (OnClassCondition)

   ReactiveElasticsearchClientAutoConfiguration:
      Did not match:
         - @ConditionalOnClass did not find required class 'co.elastic.clients.transport.ElasticsearchTransport' (OnClassCondition)

   ReactiveElasticsearchRepositoriesAutoConfiguration:
      Did not match:
         - @ConditionalOnClass did not find required class 'org.springframework.data.elasticsearch.client.elc.ReactiveElasticsearchClient' (OnClassCondition)

   ReactiveMultipartAutoConfiguration:
      Did not match:
         - @ConditionalOnClass did not find required class 'org.springframework.web.reactive.config.WebFluxConfigurer' (OnClassCondition)

   ReactiveOAuth2ClientAutoConfiguration:
      Did not match:
         - @ConditionalOnClass did not find required class 'reactor.core.publisher.Flux' (OnClassCondition)

   ReactiveOAuth2ResourceServerAutoConfiguration:
      Did not match:
         - @ConditionalOnClass did not find required class 'org.springframework.security.config.annotation.web.reactive.EnableWebFluxSecurity' (OnClassCondition)

   ReactiveSecurityAutoConfiguration:
      Did not match:
         - @ConditionalOnClass did not find required class 'reactor.core.publisher.Flux' (OnClassCondition)

   ReactiveUserDetailsServiceAutoConfiguration:
      Did not match:
         - @ConditionalOnClass did not find required class 'org.springframework.security.authentication.ReactiveAuthenticationManager' (OnClassCondition)

   ReactiveWebServerFactoryAutoConfiguration:
      Did not match:
         - @ConditionalOnWebApplication did not find reactive web application classes (OnWebApplicationCondition)

   ReactorAutoConfiguration:
      Did not match:
         - @ConditionalOnClass did not find required class 'reactor.core.publisher.Hooks' (OnClassCondition)

   RedisAutoConfiguration:
      Did not match:
         - @ConditionalOnClass did not find required class 'org.springframework.data.redis.core.RedisOperations' (OnClassCondition)

   RedisCacheConfiguration:
      Did not match:
         - @ConditionalOnClass did not find required class 'org.springframework.data.redis.connection.RedisConnectionFactory' (OnClassCondition)

   RedisReactiveAutoConfiguration:
      Did not match:
         - @ConditionalOnClass did not find required class 'reactor.core.publisher.Flux' (OnClassCondition)

   RedisRepositoriesAutoConfiguration:
      Did not match:
         - @ConditionalOnClass did not find required class 'org.springframework.data.redis.repository.configuration.EnableRedisRepositories' (OnClassCondition)

   RemoteDevToolsAutoConfiguration:
      Did not match:
         - @ConditionalOnProperty (spring.devtools.remote.secret) did not find property 'secret' (OnPropertyCondition)
      Matched:
         - @ConditionalOnClass found required classes 'jakarta.servlet.Filter', 'org.springframework.http.server.ServerHttpRequest' (OnClassCondition)

   RepositoryRestMvcAutoConfiguration:
      Did not match:
         - @ConditionalOnClass did not find required class 'org.springframework.data.rest.webmvc.config.RepositoryRestMvcConfiguration' (OnClassCondition)

   Saml2RelyingPartyAutoConfiguration:
      Did not match:
         - @ConditionalOnClass did not find required class 'org.springframework.security.saml2.provider.service.registration.RelyingPartyRegistrationRepository' (OnClassCondition)

   SecurityAutoConfiguration:
      Did not match:
         - @ConditionalOnClass did not find required class 'org.springframework.security.authentication.DefaultAuthenticationEventPublisher' (OnClassCondition)

   SecurityFilterAutoConfiguration:
      Did not match:
         - @ConditionalOnClass did not find required class 'org.springframework.security.config.http.SessionCreationPolicy' (OnClassCondition)

   SendGridAutoConfiguration:
      Did not match:
         - @ConditionalOnClass did not find required class 'com.sendgrid.SendGrid' (OnClassCondition)

   ServletWebServerFactoryAutoConfiguration.ForwardedHeaderFilterConfiguration:
      Did not match:
         - @ConditionalOnProperty (server.forward-headers-strategy=framework) did not find property 'server.forward-headers-strategy' (OnPropertyCondition)

   ServletWebServerFactoryConfiguration.EmbeddedJetty:
      Did not match:
         - @ConditionalOnClass did not find required classes 'org.eclipse.jetty.server.Server', 'org.eclipse.jetty.util.Loader', 'org.eclipse.jetty.ee10.webapp.WebAppContext' (OnClassCondition)

   ServletWebServerFactoryConfiguration.EmbeddedUndertow:
      Did not match:
         - @ConditionalOnClass did not find required classes 'io.undertow.Undertow', 'org.xnio.SslClientAuthMode' (OnClassCondition)

   SessionAutoConfiguration:
      Did not match:
         - @ConditionalOnClass did not find required class 'org.springframework.session.Session' (OnClassCondition)

   SpringApplicationAdminJmxAutoConfiguration:
      Did not match:
         - @ConditionalOnProperty (spring.application.admin.enabled=true) did not find property 'enabled' (OnPropertyCondition)

   TaskExecutorConfigurations.SimpleAsyncTaskExecutorBuilderConfiguration#simpleAsyncTaskExecutorBuilderVirtualThreads:
      Did not match:
         - @ConditionalOnMissingBean (types: org.springframework.boot.task.SimpleAsyncTaskExecutorBuilder; SearchStrategy: all) found beans of type 'org.springframework.boot.task.SimpleAsyncTaskExecutorBuilder' simpleAsyncTaskExecutorBuilder (OnBeanCondition)

   TaskExecutorConfigurations.TaskExecutorConfiguration#applicationTaskExecutorVirtualThreads:
      Did not match:
         - @ConditionalOnThreading did not find VIRTUAL (OnThreadingCondition)

   TaskSchedulingAutoConfiguration#scheduledBeanLazyInitializationExcludeFilter:
      Did not match:
         - @ConditionalOnBean (names: org.springframework.context.annotation.internalScheduledAnnotationProcessor; SearchStrategy: all) did not find any beans named org.springframework.context.annotation.internalScheduledAnnotationProcessor (OnBeanCondition)

   TaskSchedulingConfigurations.SimpleAsyncTaskSchedulerBuilderConfiguration#simpleAsyncTaskSchedulerBuilderVirtualThreads:
      Did not match:
         - @ConditionalOnMissingBean (types: org.springframework.boot.task.SimpleAsyncTaskSchedulerBuilder; SearchStrategy: all) found beans of type 'org.springframework.boot.task.SimpleAsyncTaskSchedulerBuilder' simpleAsyncTaskSchedulerBuilder (OnBeanCondition)

   TaskSchedulingConfigurations.TaskSchedulerConfiguration:
      Did not match:
         - @ConditionalOnBean (names: org.springframework.context.annotation.internalScheduledAnnotationProcessor; SearchStrategy: all) did not find any beans named org.springframework.context.annotation.internalScheduledAnnotationProcessor (OnBeanCondition)

   ThymeleafAutoConfiguration:
      Did not match:
         - @ConditionalOnClass did not find required class 'org.thymeleaf.spring6.SpringTemplateEngine' (OnClassCondition)

   TransactionAutoConfiguration#transactionalOperator:
      Did not match:
         - @ConditionalOnSingleCandidate (types: org.springframework.transaction.ReactiveTransactionManager; SearchStrategy: all) did not find any beans (OnBeanCondition)

   TransactionAutoConfiguration.AspectJTransactionManagementConfiguration:
      Did not match:
         - @ConditionalOnBean (types: org.springframework.transaction.aspectj.AbstractTransactionAspect; SearchStrategy: all) did not find any beans of type org.springframework.transaction.aspectj.AbstractTransactionAspect (OnBeanCondition)

   TransactionAutoConfiguration.EnableTransactionManagementConfiguration.JdkDynamicAutoProxyConfiguration:
      Did not match:
         - @ConditionalOnProperty (spring.aop.proxy-target-class=false) did not find property 'proxy-target-class' (OnPropertyCondition)

   UserDetailsServiceAutoConfiguration:
      Did not match:
         - @ConditionalOnClass did not find required class 'org.springframework.security.authentication.AuthenticationManager' (OnClassCondition)

   WebClientAutoConfiguration:
      Did not match:
         - @ConditionalOnClass did not find required class 'org.springframework.web.reactive.function.client.WebClient' (OnClassCondition)

   WebFluxAutoConfiguration:
      Did not match:
         - @ConditionalOnClass did not find required class 'org.springframework.web.reactive.config.WebFluxConfigurer' (OnClassCondition)

   WebMvcAutoConfiguration#hiddenHttpMethodFilter:
      Did not match:
         - @ConditionalOnProperty (spring.mvc.hiddenmethod.filter.enabled) did not find property 'enabled' (OnPropertyCondition)

   WebMvcAutoConfiguration.ProblemDetailsErrorHandlingConfiguration:
      Did not match:
         - @ConditionalOnProperty (spring.mvc.problemdetails.enabled=true) did not find property 'enabled' (OnPropertyCondition)

   WebMvcAutoConfiguration.ResourceChainCustomizerConfiguration:
      Did not match:
         - @ConditionalOnEnabledResourceChain did not find class org.webjars.WebJarAssetLocator (OnEnabledResourceChainCondition)

   WebMvcAutoConfiguration.WebMvcAutoConfigurationAdapter#beanNameViewResolver:
      Did not match:
         - @ConditionalOnMissingBean (types: org.springframework.web.servlet.view.BeanNameViewResolver; SearchStrategy: all) found beans of type 'org.springframework.web.servlet.view.BeanNameViewResolver' beanNameViewResolver (OnBeanCondition)

   WebServiceTemplateAutoConfiguration:
      Did not match:
         - @ConditionalOnClass did not find required class 'org.springframework.oxm.Marshaller' (OnClassCondition)

   WebServicesAutoConfiguration:
      Did not match:
         - @ConditionalOnClass did not find required class 'org.springframework.ws.transport.http.MessageDispatcherServlet' (OnClassCondition)

   WebSessionIdResolverAutoConfiguration:
      Did not match:
         - @ConditionalOnClass did not find required class 'reactor.core.publisher.Mono' (OnClassCondition)

   WebSocketMessagingAutoConfiguration:
      Did not match:
         - @ConditionalOnClass did not find required class 'org.springframework.web.socket.config.annotation.WebSocketMessageBrokerConfigurer' (OnClassCondition)

   WebSocketReactiveAutoConfiguration:
      Did not match:
         - @ConditionalOnWebApplication did not find reactive web application classes (OnWebApplicationCondition)

   WebSocketServletAutoConfiguration.JettyWebSocketConfiguration:
      Did not match:
         - @ConditionalOnClass did not find required class 'org.eclipse.jetty.ee10.websocket.jakarta.server.config.JakartaWebSocketServletContainerInitializer' (OnClassCondition)

   WebSocketServletAutoConfiguration.UndertowWebSocketConfiguration:
      Did not match:
         - @ConditionalOnClass did not find required class 'io.undertow.websockets.jsr.Bootstrap' (OnClassCondition)

   XADataSourceAutoConfiguration:
      Did not match:
         - @ConditionalOnBean (types: org.springframework.boot.jdbc.XADataSourceWrapper; SearchStrategy: all) did not find any beans of type org.springframework.boot.jdbc.XADataSourceWrapper (OnBeanCondition)
      Matched:
         - @ConditionalOnClass found required classes 'javax.sql.DataSource', 'jakarta.transaction.TransactionManager', 'org.springframework.jdbc.datasource.embedded.EmbeddedDatabaseType' (OnClassCondition)


Exclusions:
-----------

    None


Unconditional classes:
----------------------

    org.springframework.boot.autoconfigure.context.ConfigurationPropertiesAutoConfiguration

    org.springframework.boot.autoconfigure.ssl.SslAutoConfiguration

    org.springframework.boot.autoconfigure.context.LifecycleAutoConfiguration

    org.springframework.boot.autoconfigure.context.PropertyPlaceholderAutoConfiguration

    org.springframework.boot.autoconfigure.availability.ApplicationAvailabilityAutoConfiguration

    org.springframework.boot.autoconfigure.info.ProjectInfoAutoConfiguration



2024-04-29T22:16:09.622-04:00  INFO 13756 --- [pacientes] [           main] c.e.pacientes.PacientesApplicationTests  : Started PacientesApplicationTests in 11.06 seconds (process running for 21.643)
2024-04-29T22:16:09.630-04:00 DEBUG 13756 --- [pacientes] [           main] o.s.b.a.ApplicationAvailabilityBean      : Application availability state LivenessState changed to CORRECT
2024-04-29T22:16:09.632-04:00 DEBUG 13756 --- [pacientes] [           main] o.s.b.a.ApplicationAvailabilityBean      : Application availability state ReadinessState changed to ACCEPTING_TRAFFIC
2024-04-29T22:16:09.634-04:00 DEBUG 13756 --- [pacientes] [           main] org.springframework.test.context.cache   : Spring test ApplicationContext cache statistics: [DefaultContextCache@699e0bf0 size = 2, maxSize = 32, parentContextCount = 0, hitCount = 72, missCount = 2, failureCount = 0]
2024-04-29T22:16:09.636-04:00 DEBUG 13756 --- [pacientes] [           main] o.s.t.c.w.ServletTestExecutionListener   : Setting up MockHttpServletRequest, MockHttpServletResponse, ServletWebRequest, and RequestContextHolder for test class com.example.pacientes.PacientesApplicationTests
2024-04-29T22:16:09.644-04:00 DEBUG 13756 --- [pacientes] [           main] DependencyInjectionTestExecutionListener : Performing dependency injection for test class com.example.pacientes.PacientesApplicationTests
2024-04-29T22:16:09.645-04:00 DEBUG 13756 --- [pacientes] [           main] org.springframework.test.context.cache   : Spring test ApplicationContext cache statistics: [DefaultContextCache@699e0bf0 size = 2, maxSize = 32, parentContextCount = 0, hitCount = 73, missCount = 2, failureCount = 0]
2024-04-29T22:16:09.665-04:00 DEBUG 13756 --- [pacientes] [           main] org.springframework.test.context.cache   : Spring test ApplicationContext cache statistics: [DefaultContextCache@699e0bf0 size = 2, maxSize = 32, parentContextCount = 0, hitCount = 74, missCount = 2, failureCount = 0]
2024-04-29T22:16:09.690-04:00 DEBUG 13756 --- [pacientes] [           main] sContextBeforeModesTestExecutionListener : Before test method: class [PacientesApplicationTests], method [contextLoads], class annotated with @DirtiesContext [false] with mode [null], method annotated with @DirtiesContext [false] with mode [null]
2024-04-29T22:16:09.691-04:00 DEBUG 13756 --- [pacientes] [           main] org.springframework.test.context.cache   : Spring test ApplicationContext cache statistics: [DefaultContextCache@699e0bf0 size = 2, maxSize = 32, parentContextCount = 0, hitCount = 75, missCount = 2, failureCount = 0]
2024-04-29T22:16:09.692-04:00 DEBUG 13756 --- [pacientes] [           main] org.springframework.test.context.cache   : Spring test ApplicationContext cache statistics: [DefaultContextCache@699e0bf0 size = 2, maxSize = 32, parentContextCount = 0, hitCount = 76, missCount = 2, failureCount = 0]
2024-04-29T22:16:09.705-04:00 DEBUG 13756 --- [pacientes] [           main] org.springframework.test.context.cache   : Spring test ApplicationContext cache statistics: [DefaultContextCache@699e0bf0 size = 2, maxSize = 32, parentContextCount = 0, hitCount = 77, missCount = 2, failureCount = 0]
2024-04-29T22:16:09.707-04:00 DEBUG 13756 --- [pacientes] [           main] org.springframework.test.context.cache   : Spring test ApplicationContext cache statistics: [DefaultContextCache@699e0bf0 size = 2, maxSize = 32, parentContextCount = 0, hitCount = 78, missCount = 2, failureCount = 0]
2024-04-29T22:16:09.707-04:00 DEBUG 13756 --- [pacientes] [           main] org.springframework.test.context.cache   : Spring test ApplicationContext cache statistics: [DefaultContextCache@699e0bf0 size = 2, maxSize = 32, parentContextCount = 0, hitCount = 79, missCount = 2, failureCount = 0]
2024-04-29T22:16:09.707-04:00 DEBUG 13756 --- [pacientes] [           main] org.springframework.test.context.cache   : Spring test ApplicationContext cache statistics: [DefaultContextCache@699e0bf0 size = 2, maxSize = 32, parentContextCount = 0, hitCount = 80, missCount = 2, failureCount = 0]
2024-04-29T22:16:09.708-04:00 DEBUG 13756 --- [pacientes] [           main] org.springframework.test.context.cache   : Spring test ApplicationContext cache statistics: [DefaultContextCache@699e0bf0 size = 2, maxSize = 32, parentContextCount = 0, hitCount = 81, missCount = 2, failureCount = 0]
2024-04-29T22:16:09.708-04:00 DEBUG 13756 --- [pacientes] [           main] org.springframework.test.context.cache   : Spring test ApplicationContext cache statistics: [DefaultContextCache@699e0bf0 size = 2, maxSize = 32, parentContextCount = 0, hitCount = 82, missCount = 2, failureCount = 0]
2024-04-29T22:16:09.711-04:00 DEBUG 13756 --- [pacientes] [           main] org.springframework.test.context.cache   : Spring test ApplicationContext cache statistics: [DefaultContextCache@699e0bf0 size = 2, maxSize = 32, parentContextCount = 0, hitCount = 83, missCount = 2, failureCount = 0]
2024-04-29T22:16:09.712-04:00 DEBUG 13756 --- [pacientes] [           main] .c.s.DirtiesContextTestExecutionListener : After test method: class [PacientesApplicationTests], method [contextLoads], class annotated with @DirtiesContext [false] with mode [null], method annotated with @DirtiesContext [false] with mode [null]
2024-04-29T22:16:09.712-04:00 DEBUG 13756 --- [pacientes] [           main] o.s.t.c.w.ServletTestExecutionListener   : Resetting RequestContextHolder for test class com.example.pacientes.PacientesApplicationTests
]]></system-out>
  </testcase>
</testsuite>