<?xml version="1.0" encoding="UTF-8"?>
<testsuite xmlns:xsi="http://www.w3.org/2001/XMLSchema-instance" xsi:noNamespaceSchemaLocation="https://maven.apache.org/surefire/maven-surefire-plugin/xsd/surefire-test-report-3.0.xsd" version="3.0" name="com.example.pacientes.repository.HistorialMedicoRepositoryTest" time="3.763" tests="2" errors="0" skipped="0" failures="0">
  <properties>
    <property name="java.specification.version" value="21"/>
    <property name="sun.cpu.isalist" value="amd64"/>
    <property name="sun.jnu.encoding" value="Cp1252"/>
    <property name="java.class.path" value="C:\Users\gonzaloduranadasme\Documents\GitHub\gon.duran\pacientes\target\test-classes;C:\Users\gonzaloduranadasme\Documents\GitHub\gon.duran\pacientes\target\classes;C:\Users\gonzaloduranadasme\.m2\repository\org\springframework\boot\spring-boot-starter-web\3.2.4\spring-boot-starter-web-3.2.4.jar;C:\Users\gonzaloduranadasme\.m2\repository\org\springframework\boot\spring-boot-starter\3.2.4\spring-boot-starter-3.2.4.jar;C:\Users\gonzaloduranadasme\.m2\repository\org\springframework\boot\spring-boot-starter-logging\3.2.4\spring-boot-starter-logging-3.2.4.jar;C:\Users\gonzaloduranadasme\.m2\repository\ch\qos\logback\logback-classic\1.4.14\logback-classic-1.4.14.jar;C:\Users\gonzaloduranadasme\.m2\repository\ch\qos\logback\logback-core\1.4.14\logback-core-1.4.14.jar;C:\Users\gonzaloduranadasme\.m2\repository\org\apache\logging\log4j\log4j-to-slf4j\2.21.1\log4j-to-slf4j-2.21.1.jar;C:\Users\gonzaloduranadasme\.m2\repository\org\apache\logging\log4j\log4j-api\2.21.1\log4j-api-2.21.1.jar;C:\Users\gonzaloduranadasme\.m2\repository\org\slf4j\jul-to-slf4j\2.0.12\jul-to-slf4j-2.0.12.jar;C:\Users\gonzaloduranadasme\.m2\repository\jakarta\annotation\jakarta.annotation-api\2.1.1\jakarta.annotation-api-2.1.1.jar;C:\Users\gonzaloduranadasme\.m2\repository\org\yaml\snakeyaml\2.2\snakeyaml-2.2.jar;C:\Users\gonzaloduranadasme\.m2\repository\org\springframework\boot\spring-boot-starter-json\3.2.4\spring-boot-starter-json-3.2.4.jar;C:\Users\gonzaloduranadasme\.m2\repository\com\fasterxml\jackson\core\jackson-databind\2.15.4\jackson-databind-2.15.4.jar;C:\Users\gonzaloduranadasme\.m2\repository\com\fasterxml\jackson\core\jackson-annotations\2.15.4\jackson-annotations-2.15.4.jar;C:\Users\gonzaloduranadasme\.m2\repository\com\fasterxml\jackson\core\jackson-core\2.15.4\jackson-core-2.15.4.jar;C:\Users\gonzaloduranadasme\.m2\repository\com\fasterxml\jackson\datatype\jackson-datatype-jdk8\2.15.4\jackson-datatype-jdk8-2.15.4.jar;C:\Users\gonzaloduranadasme\.m2\repository\com\fasterxml\jackson\datatype\jackson-datatype-jsr310\2.15.4\jackson-datatype-jsr310-2.15.4.jar;C:\Users\gonzaloduranadasme\.m2\repository\com\fasterxml\jackson\module\jackson-module-parameter-names\2.15.4\jackson-module-parameter-names-2.15.4.jar;C:\Users\gonzaloduranadasme\.m2\repository\org\springframework\boot\spring-boot-starter-tomcat\3.2.4\spring-boot-starter-tomcat-3.2.4.jar;C:\Users\gonzaloduranadasme\.m2\repository\org\apache\tomcat\embed\tomcat-embed-core\10.1.19\tomcat-embed-core-10.1.19.jar;C:\Users\gonzaloduranadasme\.m2\repository\org\apache\tomcat\embed\tomcat-embed-websocket\10.1.19\tomcat-embed-websocket-10.1.19.jar;C:\Users\gonzaloduranadasme\.m2\repository\org\springframework\spring-web\6.1.5\spring-web-6.1.5.jar;C:\Users\gonzaloduranadasme\.m2\repository\org\springframework\spring-beans\6.1.5\spring-beans-6.1.5.jar;C:\Users\gonzaloduranadasme\.m2\repository\io\micrometer\micrometer-observation\1.12.4\micrometer-observation-1.12.4.jar;C:\Users\gonzaloduranadasme\.m2\repository\io\micrometer\micrometer-commons\1.12.4\micrometer-commons-1.12.4.jar;C:\Users\gonzaloduranadasme\.m2\repository\org\springframework\spring-webmvc\6.1.5\spring-webmvc-6.1.5.jar;C:\Users\gonzaloduranadasme\.m2\repository\org\springframework\spring-aop\6.1.5\spring-aop-6.1.5.jar;C:\Users\gonzaloduranadasme\.m2\repository\org\springframework\spring-context\6.1.5\spring-context-6.1.5.jar;C:\Users\gonzaloduranadasme\.m2\repository\org\springframework\spring-expression\6.1.5\spring-expression-6.1.5.jar;C:\Users\gonzaloduranadasme\.m2\repository\org\springframework\boot\spring-boot-devtools\3.2.4\spring-boot-devtools-3.2.4.jar;C:\Users\gonzaloduranadasme\.m2\repository\org\springframework\boot\spring-boot\3.2.4\spring-boot-3.2.4.jar;C:\Users\gonzaloduranadasme\.m2\repository\org\springframework\boot\spring-boot-autoconfigure\3.2.4\spring-boot-autoconfigure-3.2.4.jar;C:\Users\gonzaloduranadasme\.m2\repository\org\projectlombok\lombok\1.18.30\lombok-1.18.30.jar;C:\Users\gonzaloduranadasme\.m2\repository\org\springframework\boot\spring-boot-starter-test\3.2.4\spring-boot-starter-test-3.2.4.jar;C:\Users\gonzaloduranadasme\.m2\repository\org\springframework\boot\spring-boot-test\3.2.4\spring-boot-test-3.2.4.jar;C:\Users\gonzaloduranadasme\.m2\repository\org\springframework\boot\spring-boot-test-autoconfigure\3.2.4\spring-boot-test-autoconfigure-3.2.4.jar;C:\Users\gonzaloduranadasme\.m2\repository\com\jayway\jsonpath\json-path\2.9.0\json-path-2.9.0.jar;C:\Users\gonzaloduranadasme\.m2\repository\org\slf4j\slf4j-api\2.0.12\slf4j-api-2.0.12.jar;C:\Users\gonzaloduranadasme\.m2\repository\jakarta\xml\bind\jakarta.xml.bind-api\4.0.2\jakarta.xml.bind-api-4.0.2.jar;C:\Users\gonzaloduranadasme\.m2\repository\jakarta\activation\jakarta.activation-api\2.1.3\jakarta.activation-api-2.1.3.jar;C:\Users\gonzaloduranadasme\.m2\repository\net\minidev\json-smart\2.5.0\json-smart-2.5.0.jar;C:\Users\gonzaloduranadasme\.m2\repository\net\minidev\accessors-smart\2.5.0\accessors-smart-2.5.0.jar;C:\Users\gonzaloduranadasme\.m2\repository\org\ow2\asm\asm\9.3\asm-9.3.jar;C:\Users\gonzaloduranadasme\.m2\repository\org\assertj\assertj-core\3.24.2\assertj-core-3.24.2.jar;C:\Users\gonzaloduranadasme\.m2\repository\net\bytebuddy\byte-buddy\1.14.12\byte-buddy-1.14.12.jar;C:\Users\gonzaloduranadasme\.m2\repository\org\awaitility\awaitility\4.2.0\awaitility-4.2.0.jar;C:\Users\gonzaloduranadasme\.m2\repository\org\hamcrest\hamcrest\2.2\hamcrest-2.2.jar;C:\Users\gonzaloduranadasme\.m2\repository\org\junit\jupiter\junit-jupiter\5.10.2\junit-jupiter-5.10.2.jar;C:\Users\gonzaloduranadasme\.m2\repository\org\junit\jupiter\junit-jupiter-api\5.10.2\junit-jupiter-api-5.10.2.jar;C:\Users\gonzaloduranadasme\.m2\repository\org\opentest4j\opentest4j\1.3.0\opentest4j-1.3.0.jar;C:\Users\gonzaloduranadasme\.m2\repository\org\junit\platform\junit-platform-commons\1.10.2\junit-platform-commons-1.10.2.jar;C:\Users\gonzaloduranadasme\.m2\repository\org\apiguardian\apiguardian-api\1.1.2\apiguardian-api-1.1.2.jar;C:\Users\gonzaloduranadasme\.m2\repository\org\junit\jupiter\junit-jupiter-params\5.10.2\junit-jupiter-params-5.10.2.jar;C:\Users\gonzaloduranadasme\.m2\repository\org\junit\jupiter\junit-jupiter-engine\5.10.2\junit-jupiter-engine-5.10.2.jar;C:\Users\gonzaloduranadasme\.m2\repository\org\junit\platform\junit-platform-engine\1.10.2\junit-platform-engine-1.10.2.jar;C:\Users\gonzaloduranadasme\.m2\repository\org\mockito\mockito-core\5.7.0\mockito-core-5.7.0.jar;C:\Users\gonzaloduranadasme\.m2\repository\net\bytebuddy\byte-buddy-agent\1.14.12\byte-buddy-agent-1.14.12.jar;C:\Users\gonzaloduranadasme\.m2\repository\org\objenesis\objenesis\3.3\objenesis-3.3.jar;C:\Users\gonzaloduranadasme\.m2\repository\org\mockito\mockito-junit-jupiter\5.7.0\mockito-junit-jupiter-5.7.0.jar;C:\Users\gonzaloduranadasme\.m2\repository\org\skyscreamer\jsonassert\1.5.1\jsonassert-1.5.1.jar;C:\Users\gonzaloduranadasme\.m2\repository\com\vaadin\external\google\android-json\0.0.20131108.vaadin1\android-json-0.0.20131108.vaadin1.jar;C:\Users\gonzaloduranadasme\.m2\repository\org\springframework\spring-core\6.1.5\spring-core-6.1.5.jar;C:\Users\gonzaloduranadasme\.m2\repository\org\springframework\spring-jcl\6.1.5\spring-jcl-6.1.5.jar;C:\Users\gonzaloduranadasme\.m2\repository\org\springframework\spring-test\6.1.5\spring-test-6.1.5.jar;C:\Users\gonzaloduranadasme\.m2\repository\org\xmlunit\xmlunit-core\2.9.1\xmlunit-core-2.9.1.jar;C:\Users\gonzaloduranadasme\.m2\repository\org\springframework\boot\spring-boot-starter-data-jpa\3.2.4\spring-boot-starter-data-jpa-3.2.4.jar;C:\Users\gonzaloduranadasme\.m2\repository\org\springframework\boot\spring-boot-starter-aop\3.2.4\spring-boot-starter-aop-3.2.4.jar;C:\Users\gonzaloduranadasme\.m2\repository\org\aspectj\aspectjweaver\1.9.21\aspectjweaver-1.9.21.jar;C:\Users\gonzaloduranadasme\.m2\repository\org\springframework\boot\spring-boot-starter-jdbc\3.2.4\spring-boot-starter-jdbc-3.2.4.jar;C:\Users\gonzaloduranadasme\.m2\repository\com\zaxxer\HikariCP\5.0.1\HikariCP-5.0.1.jar;C:\Users\gonzaloduranadasme\.m2\repository\org\springframework\spring-jdbc\6.1.5\spring-jdbc-6.1.5.jar;C:\Users\gonzaloduranadasme\.m2\repository\org\hibernate\orm\hibernate-core\6.4.4.Final\hibernate-core-6.4.4.Final.jar;C:\Users\gonzaloduranadasme\.m2\repository\jakarta\persistence\jakarta.persistence-api\3.1.0\jakarta.persistence-api-3.1.0.jar;C:\Users\gonzaloduranadasme\.m2\repository\jakarta\transaction\jakarta.transaction-api\2.0.1\jakarta.transaction-api-2.0.1.jar;C:\Users\gonzaloduranadasme\.m2\repository\org\jboss\logging\jboss-logging\3.5.3.Final\jboss-logging-3.5.3.Final.jar;C:\Users\gonzaloduranadasme\.m2\repository\org\hibernate\common\hibernate-commons-annotations\6.0.6.Final\hibernate-commons-annotations-6.0.6.Final.jar;C:\Users\gonzaloduranadasme\.m2\repository\io\smallrye\jandex\3.1.2\jandex-3.1.2.jar;C:\Users\gonzaloduranadasme\.m2\repository\com\fasterxml\classmate\1.6.0\classmate-1.6.0.jar;C:\Users\gonzaloduranadasme\.m2\repository\org\glassfish\jaxb\jaxb-runtime\4.0.5\jaxb-runtime-4.0.5.jar;C:\Users\gonzaloduranadasme\.m2\repository\org\glassfish\jaxb\jaxb-core\4.0.5\jaxb-core-4.0.5.jar;C:\Users\gonzaloduranadasme\.m2\repository\org\eclipse\angus\angus-activation\2.0.2\angus-activation-2.0.2.jar;C:\Users\gonzaloduranadasme\.m2\repository\org\glassfish\jaxb\txw2\4.0.5\txw2-4.0.5.jar;C:\Users\gonzaloduranadasme\.m2\repository\com\sun\istack\istack-commons-runtime\4.1.2\istack-commons-runtime-4.1.2.jar;C:\Users\gonzaloduranadasme\.m2\repository\jakarta\inject\jakarta.inject-api\2.0.1\jakarta.inject-api-2.0.1.jar;C:\Users\gonzaloduranadasme\.m2\repository\org\antlr\antlr4-runtime\4.13.0\antlr4-runtime-4.13.0.jar;C:\Users\gonzaloduranadasme\.m2\repository\org\springframework\data\spring-data-jpa\3.2.4\spring-data-jpa-3.2.4.jar;C:\Users\gonzaloduranadasme\.m2\repository\org\springframework\data\spring-data-commons\3.2.4\spring-data-commons-3.2.4.jar;C:\Users\gonzaloduranadasme\.m2\repository\org\springframework\spring-orm\6.1.5\spring-orm-6.1.5.jar;C:\Users\gonzaloduranadasme\.m2\repository\org\springframework\spring-tx\6.1.5\spring-tx-6.1.5.jar;C:\Users\gonzaloduranadasme\.m2\repository\org\springframework\spring-aspects\6.1.5\spring-aspects-6.1.5.jar;C:\Users\gonzaloduranadasme\.m2\repository\com\oracle\database\jdbc\ojdbc11\21.9.0.0\ojdbc11-21.9.0.0.jar;C:\Users\gonzaloduranadasme\.m2\repository\com\oracle\database\security\oraclepki\21.5.0.0\oraclepki-21.5.0.0.jar;C:\Users\gonzaloduranadasme\.m2\repository\com\oracle\database\security\osdt_cert\21.5.0.0\osdt_cert-21.5.0.0.jar;C:\Users\gonzaloduranadasme\.m2\repository\com\oracle\database\security\osdt_core\21.5.0.0\osdt_core-21.5.0.0.jar;C:\Users\gonzaloduranadasme\.m2\repository\org\springframework\boot\spring-boot-starter-validation\3.2.4\spring-boot-starter-validation-3.2.4.jar;C:\Users\gonzaloduranadasme\.m2\repository\org\apache\tomcat\embed\tomcat-embed-el\10.1.19\tomcat-embed-el-10.1.19.jar;C:\Users\gonzaloduranadasme\.m2\repository\org\hibernate\validator\hibernate-validator\8.0.1.Final\hibernate-validator-8.0.1.Final.jar;C:\Users\gonzaloduranadasme\.m2\repository\jakarta\validation\jakarta.validation-api\3.0.2\jakarta.validation-api-3.0.2.jar;C:\Users\gonzaloduranadasme\.m2\repository\org\springframework\boot\spring-boot-starter-hateoas\3.2.4\spring-boot-starter-hateoas-3.2.4.jar;C:\Users\gonzaloduranadasme\.m2\repository\org\springframework\hateoas\spring-hateoas\2.2.1\spring-hateoas-2.2.1.jar;C:\Users\gonzaloduranadasme\.m2\repository\org\springframework\plugin\spring-plugin-core\3.0.0\spring-plugin-core-3.0.0.jar;"/>
    <property name="java.vm.vendor" value="Oracle Corporation"/>
    <property name="sun.arch.data.model" value="64"/>
    <property name="user.variant" value=""/>
    <property name="java.vendor.url" value="https://java.oracle.com/"/>
    <property name="user.timezone" value="America/Santiago"/>
    <property name="org.jboss.logging.provider" value="slf4j"/>
    <property name="os.name" value="Windows 11"/>
    <property name="java.vm.specification.version" value="21"/>
    <property name="sun.java.launcher" value="SUN_STANDARD"/>
    <property name="user.country" value="CL"/>
    <property name="sun.boot.library.path" value="C:\Program Files\Java\jdk-21\bin"/>
    <property name="sun.java.command" value="C:\Users\gonzaloduranadasme\AppData\Local\Temp\surefire13811486604983559334\surefirebooter-20240429221547736_3.jar C:\Users\gonzaloduranadasme\AppData\Local\Temp\surefire13811486604983559334 2024-04-29T22-15-47_434-jvmRun1 surefire-20240429221547736_1tmp surefire_0-20240429221547736_2tmp"/>
    <property name="jdk.debug" value="release"/>
    <property name="surefire.test.class.path" value="C:\Users\gonzaloduranadasme\Documents\GitHub\gon.duran\pacientes\target\test-classes;C:\Users\gonzaloduranadasme\Documents\GitHub\gon.duran\pacientes\target\classes;C:\Users\gonzaloduranadasme\.m2\repository\org\springframework\boot\spring-boot-starter-web\3.2.4\spring-boot-starter-web-3.2.4.jar;C:\Users\gonzaloduranadasme\.m2\repository\org\springframework\boot\spring-boot-starter\3.2.4\spring-boot-starter-3.2.4.jar;C:\Users\gonzaloduranadasme\.m2\repository\org\springframework\boot\spring-boot-starter-logging\3.2.4\spring-boot-starter-logging-3.2.4.jar;C:\Users\gonzaloduranadasme\.m2\repository\ch\qos\logback\logback-classic\1.4.14\logback-classic-1.4.14.jar;C:\Users\gonzaloduranadasme\.m2\repository\ch\qos\logback\logback-core\1.4.14\logback-core-1.4.14.jar;C:\Users\gonzaloduranadasme\.m2\repository\org\apache\logging\log4j\log4j-to-slf4j\2.21.1\log4j-to-slf4j-2.21.1.jar;C:\Users\gonzaloduranadasme\.m2\repository\org\apache\logging\log4j\log4j-api\2.21.1\log4j-api-2.21.1.jar;C:\Users\gonzaloduranadasme\.m2\repository\org\slf4j\jul-to-slf4j\2.0.12\jul-to-slf4j-2.0.12.jar;C:\Users\gonzaloduranadasme\.m2\repository\jakarta\annotation\jakarta.annotation-api\2.1.1\jakarta.annotation-api-2.1.1.jar;C:\Users\gonzaloduranadasme\.m2\repository\org\yaml\snakeyaml\2.2\snakeyaml-2.2.jar;C:\Users\gonzaloduranadasme\.m2\repository\org\springframework\boot\spring-boot-starter-json\3.2.4\spring-boot-starter-json-3.2.4.jar;C:\Users\gonzaloduranadasme\.m2\repository\com\fasterxml\jackson\core\jackson-databind\2.15.4\jackson-databind-2.15.4.jar;C:\Users\gonzaloduranadasme\.m2\repository\com\fasterxml\jackson\core\jackson-annotations\2.15.4\jackson-annotations-2.15.4.jar;C:\Users\gonzaloduranadasme\.m2\repository\com\fasterxml\jackson\core\jackson-core\2.15.4\jackson-core-2.15.4.jar;C:\Users\gonzaloduranadasme\.m2\repository\com\fasterxml\jackson\datatype\jackson-datatype-jdk8\2.15.4\jackson-datatype-jdk8-2.15.4.jar;C:\Users\gonzaloduranadasme\.m2\repository\com\fasterxml\jackson\datatype\jackson-datatype-jsr310\2.15.4\jackson-datatype-jsr310-2.15.4.jar;C:\Users\gonzaloduranadasme\.m2\repository\com\fasterxml\jackson\module\jackson-module-parameter-names\2.15.4\jackson-module-parameter-names-2.15.4.jar;C:\Users\gonzaloduranadasme\.m2\repository\org\springframework\boot\spring-boot-starter-tomcat\3.2.4\spring-boot-starter-tomcat-3.2.4.jar;C:\Users\gonzaloduranadasme\.m2\repository\org\apache\tomcat\embed\tomcat-embed-core\10.1.19\tomcat-embed-core-10.1.19.jar;C:\Users\gonzaloduranadasme\.m2\repository\org\apache\tomcat\embed\tomcat-embed-websocket\10.1.19\tomcat-embed-websocket-10.1.19.jar;C:\Users\gonzaloduranadasme\.m2\repository\org\springframework\spring-web\6.1.5\spring-web-6.1.5.jar;C:\Users\gonzaloduranadasme\.m2\repository\org\springframework\spring-beans\6.1.5\spring-beans-6.1.5.jar;C:\Users\gonzaloduranadasme\.m2\repository\io\micrometer\micrometer-observation\1.12.4\micrometer-observation-1.12.4.jar;C:\Users\gonzaloduranadasme\.m2\repository\io\micrometer\micrometer-commons\1.12.4\micrometer-commons-1.12.4.jar;C:\Users\gonzaloduranadasme\.m2\repository\org\springframework\spring-webmvc\6.1.5\spring-webmvc-6.1.5.jar;C:\Users\gonzaloduranadasme\.m2\repository\org\springframework\spring-aop\6.1.5\spring-aop-6.1.5.jar;C:\Users\gonzaloduranadasme\.m2\repository\org\springframework\spring-context\6.1.5\spring-context-6.1.5.jar;C:\Users\gonzaloduranadasme\.m2\repository\org\springframework\spring-expression\6.1.5\spring-expression-6.1.5.jar;C:\Users\gonzaloduranadasme\.m2\repository\org\springframework\boot\spring-boot-devtools\3.2.4\spring-boot-devtools-3.2.4.jar;C:\Users\gonzaloduranadasme\.m2\repository\org\springframework\boot\spring-boot\3.2.4\spring-boot-3.2.4.jar;C:\Users\gonzaloduranadasme\.m2\repository\org\springframework\boot\spring-boot-autoconfigure\3.2.4\spring-boot-autoconfigure-3.2.4.jar;C:\Users\gonzaloduranadasme\.m2\repository\org\projectlombok\lombok\1.18.30\lombok-1.18.30.jar;C:\Users\gonzaloduranadasme\.m2\repository\org\springframework\boot\spring-boot-starter-test\3.2.4\spring-boot-starter-test-3.2.4.jar;C:\Users\gonzaloduranadasme\.m2\repository\org\springframework\boot\spring-boot-test\3.2.4\spring-boot-test-3.2.4.jar;C:\Users\gonzaloduranadasme\.m2\repository\org\springframework\boot\spring-boot-test-autoconfigure\3.2.4\spring-boot-test-autoconfigure-3.2.4.jar;C:\Users\gonzaloduranadasme\.m2\repository\com\jayway\jsonpath\json-path\2.9.0\json-path-2.9.0.jar;C:\Users\gonzaloduranadasme\.m2\repository\org\slf4j\slf4j-api\2.0.12\slf4j-api-2.0.12.jar;C:\Users\gonzaloduranadasme\.m2\repository\jakarta\xml\bind\jakarta.xml.bind-api\4.0.2\jakarta.xml.bind-api-4.0.2.jar;C:\Users\gonzaloduranadasme\.m2\repository\jakarta\activation\jakarta.activation-api\2.1.3\jakarta.activation-api-2.1.3.jar;C:\Users\gonzaloduranadasme\.m2\repository\net\minidev\json-smart\2.5.0\json-smart-2.5.0.jar;C:\Users\gonzaloduranadasme\.m2\repository\net\minidev\accessors-smart\2.5.0\accessors-smart-2.5.0.jar;C:\Users\gonzaloduranadasme\.m2\repository\org\ow2\asm\asm\9.3\asm-9.3.jar;C:\Users\gonzaloduranadasme\.m2\repository\org\assertj\assertj-core\3.24.2\assertj-core-3.24.2.jar;C:\Users\gonzaloduranadasme\.m2\repository\net\bytebuddy\byte-buddy\1.14.12\byte-buddy-1.14.12.jar;C:\Users\gonzaloduranadasme\.m2\repository\org\awaitility\awaitility\4.2.0\awaitility-4.2.0.jar;C:\Users\gonzaloduranadasme\.m2\repository\org\hamcrest\hamcrest\2.2\hamcrest-2.2.jar;C:\Users\gonzaloduranadasme\.m2\repository\org\junit\jupiter\junit-jupiter\5.10.2\junit-jupiter-5.10.2.jar;C:\Users\gonzaloduranadasme\.m2\repository\org\junit\jupiter\junit-jupiter-api\5.10.2\junit-jupiter-api-5.10.2.jar;C:\Users\gonzaloduranadasme\.m2\repository\org\opentest4j\opentest4j\1.3.0\opentest4j-1.3.0.jar;C:\Users\gonzaloduranadasme\.m2\repository\org\junit\platform\junit-platform-commons\1.10.2\junit-platform-commons-1.10.2.jar;C:\Users\gonzaloduranadasme\.m2\repository\org\apiguardian\apiguardian-api\1.1.2\apiguardian-api-1.1.2.jar;C:\Users\gonzaloduranadasme\.m2\repository\org\junit\jupiter\junit-jupiter-params\5.10.2\junit-jupiter-params-5.10.2.jar;C:\Users\gonzaloduranadasme\.m2\repository\org\junit\jupiter\junit-jupiter-engine\5.10.2\junit-jupiter-engine-5.10.2.jar;C:\Users\gonzaloduranadasme\.m2\repository\org\junit\platform\junit-platform-engine\1.10.2\junit-platform-engine-1.10.2.jar;C:\Users\gonzaloduranadasme\.m2\repository\org\mockito\mockito-core\5.7.0\mockito-core-5.7.0.jar;C:\Users\gonzaloduranadasme\.m2\repository\net\bytebuddy\byte-buddy-agent\1.14.12\byte-buddy-agent-1.14.12.jar;C:\Users\gonzaloduranadasme\.m2\repository\org\objenesis\objenesis\3.3\objenesis-3.3.jar;C:\Users\gonzaloduranadasme\.m2\repository\org\mockito\mockito-junit-jupiter\5.7.0\mockito-junit-jupiter-5.7.0.jar;C:\Users\gonzaloduranadasme\.m2\repository\org\skyscreamer\jsonassert\1.5.1\jsonassert-1.5.1.jar;C:\Users\gonzaloduranadasme\.m2\repository\com\vaadin\external\google\android-json\0.0.20131108.vaadin1\android-json-0.0.20131108.vaadin1.jar;C:\Users\gonzaloduranadasme\.m2\repository\org\springframework\spring-core\6.1.5\spring-core-6.1.5.jar;C:\Users\gonzaloduranadasme\.m2\repository\org\springframework\spring-jcl\6.1.5\spring-jcl-6.1.5.jar;C:\Users\gonzaloduranadasme\.m2\repository\org\springframework\spring-test\6.1.5\spring-test-6.1.5.jar;C:\Users\gonzaloduranadasme\.m2\repository\org\xmlunit\xmlunit-core\2.9.1\xmlunit-core-2.9.1.jar;C:\Users\gonzaloduranadasme\.m2\repository\org\springframework\boot\spring-boot-starter-data-jpa\3.2.4\spring-boot-starter-data-jpa-3.2.4.jar;C:\Users\gonzaloduranadasme\.m2\repository\org\springframework\boot\spring-boot-starter-aop\3.2.4\spring-boot-starter-aop-3.2.4.jar;C:\Users\gonzaloduranadasme\.m2\repository\org\aspectj\aspectjweaver\1.9.21\aspectjweaver-1.9.21.jar;C:\Users\gonzaloduranadasme\.m2\repository\org\springframework\boot\spring-boot-starter-jdbc\3.2.4\spring-boot-starter-jdbc-3.2.4.jar;C:\Users\gonzaloduranadasme\.m2\repository\com\zaxxer\HikariCP\5.0.1\HikariCP-5.0.1.jar;C:\Users\gonzaloduranadasme\.m2\repository\org\springframework\spring-jdbc\6.1.5\spring-jdbc-6.1.5.jar;C:\Users\gonzaloduranadasme\.m2\repository\org\hibernate\orm\hibernate-core\6.4.4.Final\hibernate-core-6.4.4.Final.jar;C:\Users\gonzaloduranadasme\.m2\repository\jakarta\persistence\jakarta.persistence-api\3.1.0\jakarta.persistence-api-3.1.0.jar;C:\Users\gonzaloduranadasme\.m2\repository\jakarta\transaction\jakarta.transaction-api\2.0.1\jakarta.transaction-api-2.0.1.jar;C:\Users\gonzaloduranadasme\.m2\repository\org\jboss\logging\jboss-logging\3.5.3.Final\jboss-logging-3.5.3.Final.jar;C:\Users\gonzaloduranadasme\.m2\repository\org\hibernate\common\hibernate-commons-annotations\6.0.6.Final\hibernate-commons-annotations-6.0.6.Final.jar;C:\Users\gonzaloduranadasme\.m2\repository\io\smallrye\jandex\3.1.2\jandex-3.1.2.jar;C:\Users\gonzaloduranadasme\.m2\repository\com\fasterxml\classmate\1.6.0\classmate-1.6.0.jar;C:\Users\gonzaloduranadasme\.m2\repository\org\glassfish\jaxb\jaxb-runtime\4.0.5\jaxb-runtime-4.0.5.jar;C:\Users\gonzaloduranadasme\.m2\repository\org\glassfish\jaxb\jaxb-core\4.0.5\jaxb-core-4.0.5.jar;C:\Users\gonzaloduranadasme\.m2\repository\org\eclipse\angus\angus-activation\2.0.2\angus-activation-2.0.2.jar;C:\Users\gonzaloduranadasme\.m2\repository\org\glassfish\jaxb\txw2\4.0.5\txw2-4.0.5.jar;C:\Users\gonzaloduranadasme\.m2\repository\com\sun\istack\istack-commons-runtime\4.1.2\istack-commons-runtime-4.1.2.jar;C:\Users\gonzaloduranadasme\.m2\repository\jakarta\inject\jakarta.inject-api\2.0.1\jakarta.inject-api-2.0.1.jar;C:\Users\gonzaloduranadasme\.m2\repository\org\antlr\antlr4-runtime\4.13.0\antlr4-runtime-4.13.0.jar;C:\Users\gonzaloduranadasme\.m2\repository\org\springframework\data\spring-data-jpa\3.2.4\spring-data-jpa-3.2.4.jar;C:\Users\gonzaloduranadasme\.m2\repository\org\springframework\data\spring-data-commons\3.2.4\spring-data-commons-3.2.4.jar;C:\Users\gonzaloduranadasme\.m2\repository\org\springframework\spring-orm\6.1.5\spring-orm-6.1.5.jar;C:\Users\gonzaloduranadasme\.m2\repository\org\springframework\spring-tx\6.1.5\spring-tx-6.1.5.jar;C:\Users\gonzaloduranadasme\.m2\repository\org\springframework\spring-aspects\6.1.5\spring-aspects-6.1.5.jar;C:\Users\gonzaloduranadasme\.m2\repository\com\oracle\database\jdbc\ojdbc11\21.9.0.0\ojdbc11-21.9.0.0.jar;C:\Users\gonzaloduranadasme\.m2\repository\com\oracle\database\security\oraclepki\21.5.0.0\oraclepki-21.5.0.0.jar;C:\Users\gonzaloduranadasme\.m2\repository\com\oracle\database\security\osdt_cert\21.5.0.0\osdt_cert-21.5.0.0.jar;C:\Users\gonzaloduranadasme\.m2\repository\com\oracle\database\security\osdt_core\21.5.0.0\osdt_core-21.5.0.0.jar;C:\Users\gonzaloduranadasme\.m2\repository\org\springframework\boot\spring-boot-starter-validation\3.2.4\spring-boot-starter-validation-3.2.4.jar;C:\Users\gonzaloduranadasme\.m2\repository\org\apache\tomcat\embed\tomcat-embed-el\10.1.19\tomcat-embed-el-10.1.19.jar;C:\Users\gonzaloduranadasme\.m2\repository\org\hibernate\validator\hibernate-validator\8.0.1.Final\hibernate-validator-8.0.1.Final.jar;C:\Users\gonzaloduranadasme\.m2\repository\jakarta\validation\jakarta.validation-api\3.0.2\jakarta.validation-api-3.0.2.jar;C:\Users\gonzaloduranadasme\.m2\repository\org\springframework\boot\spring-boot-starter-hateoas\3.2.4\spring-boot-starter-hateoas-3.2.4.jar;C:\Users\gonzaloduranadasme\.m2\repository\org\springframework\hateoas\spring-hateoas\2.2.1\spring-hateoas-2.2.1.jar;C:\Users\gonzaloduranadasme\.m2\repository\org\springframework\plugin\spring-plugin-core\3.0.0\spring-plugin-core-3.0.0.jar;"/>
    <property name="sun.cpu.endian" value="little"/>
    <property name="user.home" value="C:\Users\gonzaloduranadasme"/>
    <property name="user.language" value="es"/>
    <property name="java.specification.vendor" value="Oracle Corporation"/>
    <property name="java.version.date" value="2024-01-16"/>
    <property name="java.home" value="C:\Program Files\Java\jdk-21"/>
    <property name="file.separator" value="\"/>
    <property name="basedir" value="C:\Users\gonzaloduranadasme\Documents\GitHub\gon.duran\pacientes"/>
    <property name="java.vm.compressedOopsMode" value="32-bit"/>
    <property name="line.separator" value="&#10;"/>
    <property name="java.vm.specification.vendor" value="Oracle Corporation"/>
    <property name="java.specification.name" value="Java Platform API Specification"/>
    <property name="FILE_LOG_CHARSET" value="UTF-8"/>
    <property name="java.awt.headless" value="true"/>
    <property name="surefire.real.class.path" value="C:\Users\gonzaloduranadasme\AppData\Local\Temp\surefire13811486604983559334\surefirebooter-20240429221547736_3.jar"/>
    <property name="user.script" value=""/>
    <property name="sun.management.compiler" value="HotSpot 64-Bit Tiered Compilers"/>
    <property name="java.runtime.version" value="21.0.2+13-LTS-58"/>
    <property name="user.name" value="gonzaloduranadasme"/>
    <property name="stdout.encoding" value="Cp1252"/>
    <property name="path.separator" value=";"/>
    <property name="os.version" value="10.0"/>
    <property name="java.runtime.name" value="Java(TM) SE Runtime Environment"/>
    <property name="file.encoding" value="UTF-8"/>
    <property name="java.vm.name" value="Java HotSpot(TM) 64-Bit Server VM"/>
    <property name="localRepository" value="C:\Users\gonzaloduranadasme\.m2\repository"/>
    <property name="java.vendor.url.bug" value="https://bugreport.java.com/bugreport/"/>
    <property name="java.io.tmpdir" value="C:\Users\GONZAL~1\AppData\Local\Temp\"/>
    <property name="com.zaxxer.hikari.pool_number" value="3"/>
    <property name="java.version" value="21.0.2"/>
    <property name="user.dir" value="C:\Users\gonzaloduranadasme\Documents\GitHub\gon.duran\pacientes"/>
    <property name="os.arch" value="amd64"/>
    <property name="java.vm.specification.name" value="Java Virtual Machine Specification"/>
    <property name="PID" value="13756"/>
    <property name="sun.os.patch.level" value=""/>
    <property name="CONSOLE_LOG_CHARSET" value="UTF-8"/>
    <property name="native.encoding" value="Cp1252"/>
    <property name="java.library.path" value="C:\Program Files\Java\jdk-21\bin;C:\Windows\Sun\Java\bin;C:\Windows\system32;C:\Windows;C:\Program Files\Parallels\Parallels Tools\Applications;C:\Oracle\Product\OraDB19c\bin;C:\Program Files\Common Files\Oracle\Java\javapath;C:\Windows\system32;C:\Windows;C:\Windows\System32\Wbem;C:\Windows\System32\WindowsPowerShell\v1.0\;C:\Windows\System32\OpenSSH\;C:\Program Files\Git\cmd;C:\Program Files\Docker\Docker\resources\bin;C:\Program Files\WinMerge;C:\Users\gonzaloduranadasme\AppData\Local\Microsoft\WindowsApps;C:\Users\gonzaloduranadasme\AppData\Local\Programs\Microsoft VS Code\bin;C:\Users\gonzaloduranadasme\AppData\Local\GitHubDesktop\bin;C:\apache-maven-3.9.6\bin;;."/>
    <property name="java.vm.info" value="mixed mode, sharing"/>
    <property name="stderr.encoding" value="Cp1252"/>
    <property name="java.vendor" value="Oracle Corporation"/>
    <property name="java.vm.version" value="21.0.2+13-LTS-58"/>
    <property name="sun.io.unicode.encoding" value="UnicodeLittle"/>
    <property name="java.class.version" value="65.0"/>
    <property name="LOGGED_APPLICATION_NAME" value="[pacientes] "/>
  </properties>
  <testcase name="guardarHistorialMedicoTest" classname="com.example.pacientes.repository.HistorialMedicoRepositoryTest" time="0.152">
    <system-out><![CDATA[2024-04-29T22:16:13.630-04:00 DEBUG 13756 --- [pacientes] [           main] b.t.a.o.j.DataJpaTestContextBootstrapper : Neither @ContextConfiguration nor @ContextHierarchy found for test class [HistorialMedicoRepositoryTest]: using SpringBootContextLoader
2024-04-29T22:16:13.635-04:00 DEBUG 13756 --- [pacientes] [           main] o.s.t.c.support.AbstractContextLoader    : Could not detect default resource locations for test class [com.example.pacientes.repository.HistorialMedicoRepositoryTest]: no resource found for suffixes {-context.xml, Context.groovy}.
2024-04-29T22:16:13.635-04:00  INFO 13756 --- [pacientes] [           main] t.c.s.AnnotationConfigContextLoaderUtils : Could not detect default configuration classes for test class [com.example.pacientes.repository.HistorialMedicoRepositoryTest]: HistorialMedicoRepositoryTest does not declare any static, non-private, non-final, nested classes annotated with @Configuration.
2024-04-29T22:16:13.636-04:00 DEBUG 13756 --- [pacientes] [           main] b.t.a.o.j.DataJpaTestContextBootstrapper : Using ContextCustomizerFactory implementations for test class [HistorialMedicoRepositoryTest]: [ImportsContextCustomizerFactory, ExcludeFilterContextCustomizerFactory, HttpGraphQlTesterContextCustomizerFactory, DuplicateJsonObjectContextCustomizerFactory, MockitoContextCustomizerFactory, TestRestTemplateContextCustomizerFactory, WebTestClientContextCustomizerFactory, OverrideAutoConfigurationContextCustomizerFactory, ObservabilityContextCustomizerFactory, TypeExcludeFiltersContextCustomizerFactory, PropertyMappingContextCustomizerFactory, WebDriverContextCustomizerFactory, MockServerContainerContextCustomizerFactory, DynamicPropertiesContextCustomizerFactory]
2024-04-29T22:16:13.688-04:00 DEBUG 13756 --- [pacientes] [           main] b.t.a.o.j.DataJpaTestContextBootstrapper : Using ContextCustomizers for test class [HistorialMedicoRepositoryTest]: [ImportsContextCustomizer, ExcludeFilterContextCustomizer, DuplicateJsonObjectContextCustomizer, MockitoContextCustomizer, DisableAutoConfigurationContextCustomizer, DisableObservabilityContextCustomizer, TypeExcludeFiltersContextCustomizer, PropertyMappingContextCustomizer, WebDriverContextCustomizer]
2024-04-29T22:16:13.690-04:00  INFO 13756 --- [pacientes] [           main] .b.t.c.SpringBootTestContextBootstrapper : Found @SpringBootConfiguration com.example.pacientes.PacientesApplication for test class com.example.pacientes.repository.HistorialMedicoRepositoryTest
2024-04-29T22:16:13.690-04:00 DEBUG 13756 --- [pacientes] [           main] .s.t.c.u.TestContextSpringFactoriesUtils : Skipping candidate TestExecutionListener [org.springframework.test.context.observation.MicrometerObservationRegistryTestExecutionListener] due to a missing dependency. Specify custom TestExecutionListener classes or make the default TestExecutionListener classes and their required dependencies available. Offending class: io.micrometer.context.ThreadLocalAccessor. MicrometerObservationRegistryTestExecutionListener requires io.micrometer:micrometer-observation:1.10.8 or higher and io.micrometer:context-propagation:1.0.3 or higher.
2024-04-29T22:16:13.690-04:00 DEBUG 13756 --- [pacientes] [           main] b.t.a.o.j.DataJpaTestContextBootstrapper : Using TestExecutionListeners for test class [HistorialMedicoRepositoryTest]: [ServletTestExecutionListener, DirtiesContextBeforeModesTestExecutionListener, ApplicationEventsTestExecutionListener, MockitoTestExecutionListener, DependencyInjectionTestExecutionListener, DirtiesContextTestExecutionListener, TransactionalTestExecutionListener, SqlScriptsTestExecutionListener, EventPublishingTestExecutionListener, ResetMocksTestExecutionListener, RestDocsTestExecutionListener, MockRestServiceServerResetTestExecutionListener, MockMvcPrintOnlyOnFailureTestExecutionListener, WebDriverTestExecutionListener, MockWebServiceServerTestExecutionListener]
2024-04-29T22:16:13.690-04:00 DEBUG 13756 --- [pacientes] [           main] sContextBeforeModesTestExecutionListener : Before test class: class [HistorialMedicoRepositoryTest], class annotated with @DirtiesContext [false] with mode [null]
2024-04-29T22:16:13.690-04:00 DEBUG 13756 --- [pacientes] [           main] DependencyInjectionTestExecutionListener : Performing dependency injection for test class com.example.pacientes.repository.HistorialMedicoRepositoryTest
2024-04-29T22:16:13.690-04:00  INFO 13756 --- [pacientes] [           main] o.s.b.d.r.RestartApplicationListener     : Restart disabled due to context in which it is running
2024-04-29T22:16:13.797-04:00 DEBUG 13756 --- [pacientes] [           main] o.s.boot.ApplicationEnvironment          : Activating profiles []
2024-04-29T22:16:13.809-04:00 DEBUG 13756 --- [pacientes] [           main] o.s.c.e.PropertySourcesPropertyResolver  : Found key 'spring.application.name' in PropertySource 'configurationProperties' with value of type String

  .   ____          _            __ _ _
 /\\ / ___'_ __ _ _(_)_ __  __ _ \ \ \ \
( ( )\___ | '_ | '_| | '_ \/ _` | \ \ \ \
 \\/  ___)| |_)| | | | | || (_| |  ) ) ) )
  '  |____| .__|_| |_|_| |_\__, | / / / /
 =========|_|==============|___/=/_/_/_/
 :: Spring Boot ::                (v3.2.4)

2024-04-29T22:16:13.837-04:00  INFO 13756 --- [pacientes] [           main] c.e.p.r.HistorialMedicoRepositoryTest    : Starting HistorialMedicoRepositoryTest using Java 21.0.2 with PID 13756 (started by gonzaloduranadasme in C:\Users\gonzaloduranadasme\Documents\GitHub\gon.duran\pacientes)
2024-04-29T22:16:13.837-04:00  INFO 13756 --- [pacientes] [           main] c.e.p.r.HistorialMedicoRepositoryTest    : No active profile set, falling back to 1 default profile: "default"
2024-04-29T22:16:13.838-04:00 DEBUG 13756 --- [pacientes] [           main] o.s.boot.SpringApplication               : Loading source class com.example.pacientes.PacientesApplication
2024-04-29T22:16:13.844-04:00 DEBUG 13756 --- [pacientes] [           main] s.c.a.AnnotationConfigApplicationContext : Refreshing org.springframework.context.annotation.AnnotationConfigApplicationContext@66a5f996
2024-04-29T22:16:13.853-04:00 DEBUG 13756 --- [pacientes] [           main] o.s.b.f.s.DefaultListableBeanFactory     : Creating shared instance of singleton bean 'org.springframework.context.annotation.internalConfigurationAnnotationProcessor'
2024-04-29T22:16:13.856-04:00 DEBUG 13756 --- [pacientes] [           main] o.s.b.f.s.DefaultListableBeanFactory     : Creating shared instance of singleton bean 'org.springframework.boot.autoconfigure.internalCachingMetadataReaderFactory'
2024-04-29T22:16:14.340-04:00  INFO 13756 --- [pacientes] [           main] .s.d.r.c.RepositoryConfigurationDelegate : Bootstrapping Spring Data JPA repositories in DEFAULT mode.
2024-04-29T22:16:14.350-04:00 DEBUG 13756 --- [pacientes] [           main] o.s.b.f.s.DefaultListableBeanFactory     : Creating shared instance of singleton bean 'org.springframework.boot.autoconfigure.AutoConfigurationPackages'
2024-04-29T22:16:14.350-04:00 DEBUG 13756 --- [pacientes] [           main] o.s.b.a.AutoConfigurationPackages        : @EnableAutoConfiguration was declared on a class in the package 'com.example.pacientes'. Automatic @Repository and @Entity scanning is enabled.
2024-04-29T22:16:14.350-04:00 DEBUG 13756 --- [pacientes] [           main] .s.d.r.c.RepositoryConfigurationDelegate : Scanning for JPA repositories in packages com.example.pacientes.
2024-04-29T22:16:14.388-04:00 DEBUG 13756 --- [pacientes] [           main] o.s.d.r.c.RepositoryComponentProvider    : Identified candidate component class: file [C:\Users\gonzaloduranadasme\Documents\GitHub\gon.duran\pacientes\target\classes\com\example\pacientes\repository\ConsultaRepository.class]
2024-04-29T22:16:14.388-04:00 DEBUG 13756 --- [pacientes] [           main] o.s.d.r.c.RepositoryComponentProvider    : Identified candidate component class: file [C:\Users\gonzaloduranadasme\Documents\GitHub\gon.duran\pacientes\target\classes\com\example\pacientes\repository\HistorialMedicoRepository.class]
2024-04-29T22:16:14.388-04:00 DEBUG 13756 --- [pacientes] [           main] o.s.d.r.c.RepositoryComponentProvider    : Identified candidate component class: file [C:\Users\gonzaloduranadasme\Documents\GitHub\gon.duran\pacientes\target\classes\com\example\pacientes\repository\PacienteRepository.class]
2024-04-29T22:16:14.409-04:00 DEBUG 13756 --- [pacientes] [           main] ssPathScanningCandidateComponentProvider : Identified candidate component class: file [C:\Users\gonzaloduranadasme\Documents\GitHub\gon.duran\pacientes\target\classes\com\example\pacientes\service\ConsultaServiceImpl.class]
2024-04-29T22:16:14.409-04:00 DEBUG 13756 --- [pacientes] [           main] ssPathScanningCandidateComponentProvider : Identified candidate component class: file [C:\Users\gonzaloduranadasme\Documents\GitHub\gon.duran\pacientes\target\classes\com\example\pacientes\service\HistorialMedicoServiceImpl.class]
2024-04-29T22:16:14.409-04:00 DEBUG 13756 --- [pacientes] [           main] ssPathScanningCandidateComponentProvider : Identified candidate component class: file [C:\Users\gonzaloduranadasme\Documents\GitHub\gon.duran\pacientes\target\classes\com\example\pacientes\service\PacienteServiceImpl.class]
2024-04-29T22:16:14.420-04:00  INFO 13756 --- [pacientes] [           main] .s.d.r.c.RepositoryConfigurationDelegate : Finished Spring Data repository scanning in 56 ms. Found 3 JPA repository interfaces.
2024-04-29T22:16:14.465-04:00 DEBUG 13756 --- [pacientes] [           main] o.s.b.f.s.DefaultListableBeanFactory     : Creating shared instance of singleton bean 'org.springframework.boot.test.context.ImportsContextCustomizer$ImportsCleanupPostProcessor'
2024-04-29T22:16:14.477-04:00 DEBUG 13756 --- [pacientes] [           main] o.s.b.f.s.DefaultListableBeanFactory     : Creating shared instance of singleton bean 'org.springframework.boot.test.mock.mockito.MockitoPostProcessor'
2024-04-29T22:16:14.485-04:00 DEBUG 13756 --- [pacientes] [           main] o.s.b.f.s.DefaultListableBeanFactory     : Creating shared instance of singleton bean 'emBeanDefinitionRegistrarPostProcessor'
2024-04-29T22:16:14.486-04:00 DEBUG 13756 --- [pacientes] [           main] o.s.b.f.s.DefaultListableBeanFactory     : Creating shared instance of singleton bean 'org.springframework.boot.sql.init.dependency.DatabaseInitializationDependencyConfigurer$DependsOnDatabaseInitializationPostProcessor'
2024-04-29T22:16:14.510-04:00 DEBUG 13756 --- [pacientes] [           main] o.s.b.f.s.DefaultListableBeanFactory     : Creating shared instance of singleton bean 'org.springframework.context.event.internalEventListenerProcessor'
2024-04-29T22:16:14.511-04:00 DEBUG 13756 --- [pacientes] [           main] o.s.b.f.s.DefaultListableBeanFactory     : Creating shared instance of singleton bean 'org.springframework.context.event.internalEventListenerFactory'
2024-04-29T22:16:14.512-04:00 DEBUG 13756 --- [pacientes] [           main] o.s.b.f.s.DefaultListableBeanFactory     : Creating shared instance of singleton bean 'org.springframework.transaction.config.internalTransactionalEventListenerFactory'
2024-04-29T22:16:14.517-04:00 DEBUG 13756 --- [pacientes] [           main] o.s.b.f.s.DefaultListableBeanFactory     : Creating shared instance of singleton bean 'org.springframework.context.annotation.internalAutowiredAnnotationProcessor'
2024-04-29T22:16:14.517-04:00 DEBUG 13756 --- [pacientes] [           main] o.s.b.f.s.DefaultListableBeanFactory     : Creating shared instance of singleton bean 'org.springframework.context.annotation.internalCommonAnnotationProcessor'
2024-04-29T22:16:14.518-04:00 DEBUG 13756 --- [pacientes] [           main] o.s.b.f.s.DefaultListableBeanFactory     : Creating shared instance of singleton bean 'org.springframework.context.annotation.internalPersistenceAnnotationProcessor'
2024-04-29T22:16:14.518-04:00 DEBUG 13756 --- [pacientes] [           main] o.s.b.f.s.DefaultListableBeanFactory     : Creating shared instance of singleton bean 'org.springframework.boot.test.mock.mockito.MockitoPostProcessor$SpyPostProcessor'
2024-04-29T22:16:14.519-04:00 DEBUG 13756 --- [pacientes] [           main] o.s.b.f.s.DefaultListableBeanFactory     : Creating shared instance of singleton bean 'jdbcConnectionDetailsHikariBeanPostProcessor'
2024-04-29T22:16:14.523-04:00 DEBUG 13756 --- [pacientes] [           main] o.s.b.f.s.DefaultListableBeanFactory     : Creating shared instance of singleton bean 'org.springframework.boot.context.properties.ConfigurationPropertiesBindingPostProcessor'
2024-04-29T22:16:14.523-04:00 DEBUG 13756 --- [pacientes] [           main] o.s.b.f.s.DefaultListableBeanFactory     : Creating shared instance of singleton bean 'org.springframework.boot.context.internalConfigurationPropertiesBinder'
2024-04-29T22:16:14.524-04:00 DEBUG 13756 --- [pacientes] [           main] o.s.b.f.s.DefaultListableBeanFactory     : Creating shared instance of singleton bean 'org.springframework.aop.config.internalAutoProxyCreator'
2024-04-29T22:16:14.548-04:00 DEBUG 13756 --- [pacientes] [           main] o.s.b.f.s.DefaultListableBeanFactory     : Creating shared instance of singleton bean 'dataSourceScriptDatabaseInitializer'
2024-04-29T22:16:14.548-04:00 DEBUG 13756 --- [pacientes] [           main] o.s.b.f.s.DefaultListableBeanFactory     : Creating shared instance of singleton bean 'org.springframework.boot.autoconfigure.sql.init.DataSourceInitializationConfiguration'
2024-04-29T22:16:14.554-04:00 DEBUG 13756 --- [pacientes] [           main] o.s.b.f.s.DefaultListableBeanFactory     : Creating shared instance of singleton bean 'org.springframework.transaction.config.internalTransactionAdvisor'
2024-04-29T22:16:14.554-04:00 DEBUG 13756 --- [pacientes] [           main] o.s.b.f.s.DefaultListableBeanFactory     : Creating shared instance of singleton bean 'org.springframework.transaction.annotation.ProxyTransactionManagementConfiguration'
2024-04-29T22:16:14.585-04:00 DEBUG 13756 --- [pacientes] [           main] o.s.b.f.s.DefaultListableBeanFactory     : Creating shared instance of singleton bean 'transactionAttributeSource'
2024-04-29T22:16:14.591-04:00 DEBUG 13756 --- [pacientes] [           main] o.s.b.f.s.DefaultListableBeanFactory     : Creating shared instance of singleton bean 'transactionInterceptor'
2024-04-29T22:16:14.592-04:00 DEBUG 13756 --- [pacientes] [           main] o.s.b.f.s.DefaultListableBeanFactory     : Autowiring by type from bean name 'transactionInterceptor' via factory method to bean named 'transactionAttributeSource'
2024-04-29T22:16:14.594-04:00 DEBUG 13756 --- [pacientes] [           main] o.s.b.f.s.DefaultListableBeanFactory     : Autowiring by type from bean name 'org.springframework.transaction.config.internalTransactionAdvisor' via factory method to bean named 'transactionAttributeSource'
2024-04-29T22:16:14.594-04:00 DEBUG 13756 --- [pacientes] [           main] o.s.b.f.s.DefaultListableBeanFactory     : Autowiring by type from bean name 'org.springframework.transaction.config.internalTransactionAdvisor' via factory method to bean named 'transactionInterceptor'
2024-04-29T22:16:14.599-04:00 DEBUG 13756 --- [pacientes] [           main] o.s.b.f.s.DefaultListableBeanFactory     : Creating shared instance of singleton bean 'dataSource'
2024-04-29T22:16:14.599-04:00 DEBUG 13756 --- [pacientes] [           main] o.s.b.f.s.DefaultListableBeanFactory     : Creating shared instance of singleton bean 'org.springframework.boot.autoconfigure.jdbc.DataSourceConfiguration$Hikari'
2024-04-29T22:16:14.601-04:00 DEBUG 13756 --- [pacientes] [           main] o.s.b.f.s.DefaultListableBeanFactory     : Creating shared instance of singleton bean 'spring.datasource-org.springframework.boot.autoconfigure.jdbc.DataSourceProperties'
2024-04-29T22:16:14.602-04:00 DEBUG 13756 --- [pacientes] [           main] o.s.b.f.s.DefaultListableBeanFactory     : Creating shared instance of singleton bean 'org.springframework.boot.context.properties.BoundConfigurationProperties'
2024-04-29T22:16:14.631-04:00 DEBUG 13756 --- [pacientes] [           main] o.s.b.f.s.DefaultListableBeanFactory     : Creating shared instance of singleton bean 'jdbcConnectionDetails'
2024-04-29T22:16:14.631-04:00 DEBUG 13756 --- [pacientes] [           main] o.s.b.f.s.DefaultListableBeanFactory     : Creating shared instance of singleton bean 'org.springframework.boot.autoconfigure.jdbc.DataSourceAutoConfiguration$PooledDataSourceConfiguration'
2024-04-29T22:16:14.634-04:00 DEBUG 13756 --- [pacientes] [           main] o.s.b.f.s.DefaultListableBeanFactory     : Autowiring by type from bean name 'jdbcConnectionDetails' via factory method to bean named 'spring.datasource-org.springframework.boot.autoconfigure.jdbc.DataSourceProperties'
2024-04-29T22:16:14.637-04:00 DEBUG 13756 --- [pacientes] [           main] o.s.b.f.s.DefaultListableBeanFactory     : Autowiring by type from bean name 'dataSource' via factory method to bean named 'spring.datasource-org.springframework.boot.autoconfigure.jdbc.DataSourceProperties'
2024-04-29T22:16:14.637-04:00 DEBUG 13756 --- [pacientes] [           main] o.s.b.f.s.DefaultListableBeanFactory     : Autowiring by type from bean name 'dataSource' via factory method to bean named 'jdbcConnectionDetails'
2024-04-29T22:16:14.679-04:00 DEBUG 13756 --- [pacientes] [           main] o.s.b.f.s.DefaultListableBeanFactory     : Creating shared instance of singleton bean 'spring.sql.init-org.springframework.boot.autoconfigure.sql.init.SqlInitializationProperties'
2024-04-29T22:16:14.691-04:00 DEBUG 13756 --- [pacientes] [           main] o.s.b.f.s.DefaultListableBeanFactory     : Autowiring by type from bean name 'dataSourceScriptDatabaseInitializer' via factory method to bean named 'dataSource'
2024-04-29T22:16:14.691-04:00 DEBUG 13756 --- [pacientes] [           main] o.s.b.f.s.DefaultListableBeanFactory     : Autowiring by type from bean name 'dataSourceScriptDatabaseInitializer' via factory method to bean named 'spring.sql.init-org.springframework.boot.autoconfigure.sql.init.SqlInitializationProperties'
2024-04-29T22:16:14.694-04:00 DEBUG 13756 --- [pacientes] [           main] o.s.b.f.s.DefaultListableBeanFactory     : Creating shared instance of singleton bean 'entityManagerFactory'
2024-04-29T22:16:14.694-04:00 DEBUG 13756 --- [pacientes] [           main] o.s.b.f.s.DefaultListableBeanFactory     : Creating shared instance of singleton bean 'org.springframework.boot.autoconfigure.orm.jpa.HibernateJpaConfiguration'
2024-04-29T22:16:14.696-04:00 DEBUG 13756 --- [pacientes] [           main] o.s.b.f.s.DefaultListableBeanFactory     : Creating shared instance of singleton bean 'spring.jpa-org.springframework.boot.autoconfigure.orm.jpa.JpaProperties'
2024-04-29T22:16:14.706-04:00 DEBUG 13756 --- [pacientes] [           main] o.s.b.f.s.DefaultListableBeanFactory     : Creating shared instance of singleton bean 'spring.jpa.hibernate-org.springframework.boot.autoconfigure.orm.jpa.HibernateProperties'
2024-04-29T22:16:14.707-04:00 DEBUG 13756 --- [pacientes] [           main] o.s.b.f.s.DefaultListableBeanFactory     : Autowiring by type from bean name 'org.springframework.boot.autoconfigure.orm.jpa.HibernateJpaConfiguration' via constructor to bean named 'dataSource'
2024-04-29T22:16:14.707-04:00 DEBUG 13756 --- [pacientes] [           main] o.s.b.f.s.DefaultListableBeanFactory     : Autowiring by type from bean name 'org.springframework.boot.autoconfigure.orm.jpa.HibernateJpaConfiguration' via constructor to bean named 'spring.jpa-org.springframework.boot.autoconfigure.orm.jpa.JpaProperties'
2024-04-29T22:16:14.707-04:00 DEBUG 13756 --- [pacientes] [           main] o.s.b.f.s.DefaultListableBeanFactory     : Autowiring by type from bean name 'org.springframework.boot.autoconfigure.orm.jpa.HibernateJpaConfiguration' via constructor to bean named 'org.springframework.beans.factory.support.DefaultListableBeanFactory@46d8d38'
2024-04-29T22:16:14.707-04:00 DEBUG 13756 --- [pacientes] [           main] o.s.b.f.s.DefaultListableBeanFactory     : Autowiring by type from bean name 'org.springframework.boot.autoconfigure.orm.jpa.HibernateJpaConfiguration' via constructor to bean named 'spring.jpa.hibernate-org.springframework.boot.autoconfigure.orm.jpa.HibernateProperties'
2024-04-29T22:16:14.709-04:00 DEBUG 13756 --- [pacientes] [           main] o.s.b.f.s.DefaultListableBeanFactory     : Creating shared instance of singleton bean 'hikariPoolDataSourceMetadataProvider'
2024-04-29T22:16:14.709-04:00 DEBUG 13756 --- [pacientes] [           main] o.s.b.f.s.DefaultListableBeanFactory     : Creating shared instance of singleton bean 'org.springframework.boot.autoconfigure.jdbc.metadata.DataSourcePoolMetadataProvidersConfiguration$HikariPoolDataSourceMetadataProviderConfiguration'
2024-04-29T22:16:14.714-04:00 DEBUG 13756 --- [pacientes] [           main] o.s.b.f.s.DefaultListableBeanFactory     : Creating shared instance of singleton bean 'entityManagerFactoryBuilder'
2024-04-29T22:16:14.715-04:00 DEBUG 13756 --- [pacientes] [           main] o.s.b.f.s.DefaultListableBeanFactory     : Creating shared instance of singleton bean 'jpaVendorAdapter'
2024-04-29T22:16:14.717-04:00 DEBUG 13756 --- [pacientes] [           main] o.s.b.f.s.DefaultListableBeanFactory     : Autowiring by type from bean name 'entityManagerFactoryBuilder' via factory method to bean named 'jpaVendorAdapter'
2024-04-29T22:16:14.719-04:00 DEBUG 13756 --- [pacientes] [           main] o.s.b.f.s.DefaultListableBeanFactory     : Creating shared instance of singleton bean 'persistenceManagedTypes'
2024-04-29T22:16:14.719-04:00 DEBUG 13756 --- [pacientes] [           main] o.s.b.f.s.DefaultListableBeanFactory     : Autowiring by type from bean name 'persistenceManagedTypes' via factory method to bean named 'org.springframework.beans.factory.support.DefaultListableBeanFactory@46d8d38'
2024-04-29T22:16:14.719-04:00 DEBUG 13756 --- [pacientes] [           main] o.s.b.f.s.DefaultListableBeanFactory     : Autowiring by type from bean name 'persistenceManagedTypes' via factory method to bean named 'org.springframework.context.annotation.AnnotationConfigApplicationContext@66a5f996'
2024-04-29T22:16:14.734-04:00 DEBUG 13756 --- [pacientes] [           main] o.s.b.f.s.DefaultListableBeanFactory     : Autowiring by type from bean name 'entityManagerFactory' via factory method to bean named 'entityManagerFactoryBuilder'
2024-04-29T22:16:14.734-04:00 DEBUG 13756 --- [pacientes] [           main] o.s.b.f.s.DefaultListableBeanFactory     : Autowiring by type from bean name 'entityManagerFactory' via factory method to bean named 'persistenceManagedTypes'
2024-04-29T22:16:14.738-04:00 DEBUG 13756 --- [pacientes] [           main] j.LocalContainerEntityManagerFactoryBean : Building JPA container EntityManagerFactory for persistence unit 'default'
2024-04-29T22:16:14.739-04:00 DEBUG 13756 --- [pacientes] [           main] o.hibernate.jpa.internal.util.LogHelper  : PersistenceUnitInfo [
	name: default
	persistence provider classname: null
	classloader: jdk.internal.loader.ClassLoaders$AppClassLoader@70dea4e
	excludeUnlistedClasses: true
	JTA datasource: null
	Non JTA datasource: HikariDataSource (null)
	Transaction type: RESOURCE_LOCAL
	PU root URL: file:/C:/Users/gonzaloduranadasme/Documents/GitHub/gon.duran/pacientes/target/test-classes/
	Shared Cache Mode: UNSPECIFIED
	Validation Mode: AUTO
	Jar files URLs []
	Managed classes names [
		com.example.pacientes.model.Consulta
		com.example.pacientes.model.HistorialMedico
		com.example.pacientes.model.Paciente]
	Mapping files names []
	Properties []
2024-04-29T22:16:14.747-04:00 DEBUG 13756 --- [pacientes] [           main] o.h.i.internal.IntegratorServiceImpl     : Adding Integrator [org.hibernate.boot.beanvalidation.BeanValidationIntegrator].
2024-04-29T22:16:14.747-04:00 DEBUG 13756 --- [pacientes] [           main] o.h.i.internal.IntegratorServiceImpl     : Adding Integrator [org.hibernate.cache.internal.CollectionCacheInvalidator].
2024-04-29T22:16:14.758-04:00 DEBUG 13756 --- [pacientes] [           main] org.hibernate.orm.idgen.factory          : Registering IdentifierGenerator strategy [uuid2] -> [org.hibernate.id.UUIDGenerator]
2024-04-29T22:16:14.758-04:00 DEBUG 13756 --- [pacientes] [           main] org.hibernate.orm.idgen.factory          : Registering IdentifierGenerator strategy [guid] -> [org.hibernate.id.GUIDGenerator]
2024-04-29T22:16:14.758-04:00 DEBUG 13756 --- [pacientes] [           main] org.hibernate.orm.idgen.factory          : Registering IdentifierGenerator strategy [uuid] -> [org.hibernate.id.UUIDHexGenerator]
2024-04-29T22:16:14.759-04:00 DEBUG 13756 --- [pacientes] [           main] org.hibernate.orm.idgen.factory          : Registering IdentifierGenerator strategy [uuid.hex] -> [org.hibernate.id.UUIDHexGenerator]
2024-04-29T22:16:14.759-04:00 DEBUG 13756 --- [pacientes] [           main] org.hibernate.orm.idgen.factory          : Registering IdentifierGenerator strategy [assigned] -> [org.hibernate.id.Assigned]
2024-04-29T22:16:14.759-04:00 DEBUG 13756 --- [pacientes] [           main] org.hibernate.orm.idgen.factory          : Registering IdentifierGenerator strategy [identity] -> [org.hibernate.id.IdentityGenerator]
2024-04-29T22:16:14.759-04:00 DEBUG 13756 --- [pacientes] [           main] org.hibernate.orm.idgen.factory          : Registering IdentifierGenerator strategy [select] -> [org.hibernate.id.SelectGenerator]
2024-04-29T22:16:14.759-04:00 DEBUG 13756 --- [pacientes] [           main] org.hibernate.orm.idgen.factory          : Registering IdentifierGenerator strategy [sequence] -> [org.hibernate.id.enhanced.SequenceStyleGenerator]
2024-04-29T22:16:14.759-04:00 DEBUG 13756 --- [pacientes] [           main] org.hibernate.orm.idgen.factory          : Registering IdentifierGenerator strategy [increment] -> [org.hibernate.id.IncrementGenerator]
2024-04-29T22:16:14.759-04:00 DEBUG 13756 --- [pacientes] [           main] org.hibernate.orm.idgen.factory          : Registering IdentifierGenerator strategy [foreign] -> [org.hibernate.id.ForeignGenerator]
2024-04-29T22:16:14.759-04:00 DEBUG 13756 --- [pacientes] [           main] org.hibernate.orm.idgen.factory          : Registering IdentifierGenerator strategy [enhanced-sequence] -> [org.hibernate.id.enhanced.SequenceStyleGenerator]
2024-04-29T22:16:14.759-04:00 DEBUG 13756 --- [pacientes] [           main] org.hibernate.orm.idgen.factory          : Registering IdentifierGenerator strategy [enhanced-table] -> [org.hibernate.id.enhanced.TableGenerator]
2024-04-29T22:16:14.759-04:00 DEBUG 13756 --- [pacientes] [           main] o.h.c.internal.RegionFactoryInitiator    : Cannot default RegionFactory based on registered strategies as `[]` RegionFactory strategies were registered
2024-04-29T22:16:14.760-04:00  INFO 13756 --- [pacientes] [           main] o.h.c.internal.RegionFactoryInitiator    : HHH000026: Second-level cache disabled
2024-04-29T22:16:14.761-04:00 DEBUG 13756 --- [pacientes] [           main] org.hibernate.type.BasicTypeRegistry     : Adding type registration boolean -> org.hibernate.type.BasicTypeReference@787a4519
2024-04-29T22:16:14.761-04:00 DEBUG 13756 --- [pacientes] [           main] org.hibernate.type.BasicTypeRegistry     : Adding type registration boolean -> org.hibernate.type.BasicTypeReference@787a4519
2024-04-29T22:16:14.761-04:00 DEBUG 13756 --- [pacientes] [           main] org.hibernate.type.BasicTypeRegistry     : Adding type registration java.lang.Boolean -> org.hibernate.type.BasicTypeReference@787a4519
2024-04-29T22:16:14.762-04:00 DEBUG 13756 --- [pacientes] [           main] org.hibernate.type.BasicTypeRegistry     : Adding type registration numeric_boolean -> org.hibernate.type.BasicTypeReference@627d5f1
2024-04-29T22:16:14.762-04:00 DEBUG 13756 --- [pacientes] [           main] org.hibernate.type.BasicTypeRegistry     : Adding type registration org.hibernate.type.NumericBooleanConverter -> org.hibernate.type.BasicTypeReference@627d5f1
2024-04-29T22:16:14.762-04:00 DEBUG 13756 --- [pacientes] [           main] org.hibernate.type.BasicTypeRegistry     : Adding type registration true_false -> org.hibernate.type.BasicTypeReference@105fe81e
2024-04-29T22:16:14.762-04:00 DEBUG 13756 --- [pacientes] [           main] org.hibernate.type.BasicTypeRegistry     : Adding type registration org.hibernate.type.TrueFalseConverter -> org.hibernate.type.BasicTypeReference@105fe81e
2024-04-29T22:16:14.762-04:00 DEBUG 13756 --- [pacientes] [           main] org.hibernate.type.BasicTypeRegistry     : Adding type registration yes_no -> org.hibernate.type.BasicTypeReference@af94b0b
2024-04-29T22:16:14.762-04:00 DEBUG 13756 --- [pacientes] [           main] org.hibernate.type.BasicTypeRegistry     : Adding type registration org.hibernate.type.YesNoConverter -> org.hibernate.type.BasicTypeReference@af94b0b
2024-04-29T22:16:14.762-04:00 DEBUG 13756 --- [pacientes] [           main] org.hibernate.type.BasicTypeRegistry     : Adding type registration byte -> org.hibernate.type.BasicTypeReference@208185c0
2024-04-29T22:16:14.762-04:00 DEBUG 13756 --- [pacientes] [           main] org.hibernate.type.BasicTypeRegistry     : Adding type registration byte -> org.hibernate.type.BasicTypeReference@208185c0
2024-04-29T22:16:14.762-04:00 DEBUG 13756 --- [pacientes] [           main] org.hibernate.type.BasicTypeRegistry     : Adding type registration java.lang.Byte -> org.hibernate.type.BasicTypeReference@208185c0
2024-04-29T22:16:14.762-04:00 DEBUG 13756 --- [pacientes] [           main] org.hibernate.type.BasicTypeRegistry     : Adding type registration binary -> org.hibernate.type.BasicTypeReference@1831447c
2024-04-29T22:16:14.762-04:00 DEBUG 13756 --- [pacientes] [           main] org.hibernate.type.BasicTypeRegistry     : Adding type registration byte[] -> org.hibernate.type.BasicTypeReference@1831447c
2024-04-29T22:16:14.762-04:00 DEBUG 13756 --- [pacientes] [           main] org.hibernate.type.BasicTypeRegistry     : Adding type registration [B -> org.hibernate.type.BasicTypeReference@1831447c
2024-04-29T22:16:14.762-04:00 DEBUG 13756 --- [pacientes] [           main] org.hibernate.type.BasicTypeRegistry     : Adding type registration binary_wrapper -> org.hibernate.type.BasicTypeReference@7741507c
2024-04-29T22:16:14.762-04:00 DEBUG 13756 --- [pacientes] [           main] org.hibernate.type.BasicTypeRegistry     : Adding type registration wrapper-binary -> org.hibernate.type.BasicTypeReference@7741507c
2024-04-29T22:16:14.762-04:00 DEBUG 13756 --- [pacientes] [           main] org.hibernate.type.BasicTypeRegistry     : Adding type registration image -> org.hibernate.type.BasicTypeReference@37a0fc8c
2024-04-29T22:16:14.762-04:00 DEBUG 13756 --- [pacientes] [           main] org.hibernate.type.BasicTypeRegistry     : Adding type registration blob -> org.hibernate.type.BasicTypeReference@1ba3c03d
2024-04-29T22:16:14.762-04:00 DEBUG 13756 --- [pacientes] [           main] org.hibernate.type.BasicTypeRegistry     : Adding type registration java.sql.Blob -> org.hibernate.type.BasicTypeReference@1ba3c03d
2024-04-29T22:16:14.762-04:00 DEBUG 13756 --- [pacientes] [           main] org.hibernate.type.BasicTypeRegistry     : Adding type registration materialized_blob -> org.hibernate.type.BasicTypeReference@9a37591
2024-04-29T22:16:14.762-04:00 DEBUG 13756 --- [pacientes] [           main] org.hibernate.type.BasicTypeRegistry     : Adding type registration materialized_blob_wrapper -> org.hibernate.type.BasicTypeReference@749c0669
2024-04-29T22:16:14.763-04:00 DEBUG 13756 --- [pacientes] [           main] org.hibernate.type.BasicTypeRegistry     : Adding type registration short -> org.hibernate.type.BasicTypeReference@4468c0ea
2024-04-29T22:16:14.763-04:00 DEBUG 13756 --- [pacientes] [           main] org.hibernate.type.BasicTypeRegistry     : Adding type registration short -> org.hibernate.type.BasicTypeReference@4468c0ea
2024-04-29T22:16:14.763-04:00 DEBUG 13756 --- [pacientes] [           main] org.hibernate.type.BasicTypeRegistry     : Adding type registration java.lang.Short -> org.hibernate.type.BasicTypeReference@4468c0ea
2024-04-29T22:16:14.763-04:00 DEBUG 13756 --- [pacientes] [           main] org.hibernate.type.BasicTypeRegistry     : Adding type registration integer -> org.hibernate.type.BasicTypeReference@41cf4272
2024-04-29T22:16:14.763-04:00 DEBUG 13756 --- [pacientes] [           main] org.hibernate.type.BasicTypeRegistry     : Adding type registration int -> org.hibernate.type.BasicTypeReference@41cf4272
2024-04-29T22:16:14.763-04:00 DEBUG 13756 --- [pacientes] [           main] org.hibernate.type.BasicTypeRegistry     : Adding type registration java.lang.Integer -> org.hibernate.type.BasicTypeReference@41cf4272
2024-04-29T22:16:14.763-04:00 DEBUG 13756 --- [pacientes] [           main] org.hibernate.type.BasicTypeRegistry     : Adding type registration long -> org.hibernate.type.BasicTypeReference@53d2b827
2024-04-29T22:16:14.763-04:00 DEBUG 13756 --- [pacientes] [           main] org.hibernate.type.BasicTypeRegistry     : Adding type registration long -> org.hibernate.type.BasicTypeReference@53d2b827
2024-04-29T22:16:14.763-04:00 DEBUG 13756 --- [pacientes] [           main] org.hibernate.type.BasicTypeRegistry     : Adding type registration java.lang.Long -> org.hibernate.type.BasicTypeReference@53d2b827
2024-04-29T22:16:14.763-04:00 DEBUG 13756 --- [pacientes] [           main] org.hibernate.type.BasicTypeRegistry     : Adding type registration float -> org.hibernate.type.BasicTypeReference@4769537a
2024-04-29T22:16:14.763-04:00 DEBUG 13756 --- [pacientes] [           main] org.hibernate.type.BasicTypeRegistry     : Adding type registration float -> org.hibernate.type.BasicTypeReference@4769537a
2024-04-29T22:16:14.763-04:00 DEBUG 13756 --- [pacientes] [           main] org.hibernate.type.BasicTypeRegistry     : Adding type registration java.lang.Float -> org.hibernate.type.BasicTypeReference@4769537a
2024-04-29T22:16:14.763-04:00 DEBUG 13756 --- [pacientes] [           main] org.hibernate.type.BasicTypeRegistry     : Adding type registration double -> org.hibernate.type.BasicTypeReference@4504a4ed
2024-04-29T22:16:14.764-04:00 DEBUG 13756 --- [pacientes] [           main] org.hibernate.type.BasicTypeRegistry     : Adding type registration double -> org.hibernate.type.BasicTypeReference@4504a4ed
2024-04-29T22:16:14.764-04:00 DEBUG 13756 --- [pacientes] [           main] org.hibernate.type.BasicTypeRegistry     : Adding type registration java.lang.Double -> org.hibernate.type.BasicTypeReference@4504a4ed
2024-04-29T22:16:14.764-04:00 DEBUG 13756 --- [pacientes] [           main] org.hibernate.type.BasicTypeRegistry     : Adding type registration big_integer -> org.hibernate.type.BasicTypeReference@7ee3a2ed
2024-04-29T22:16:14.764-04:00 DEBUG 13756 --- [pacientes] [           main] org.hibernate.type.BasicTypeRegistry     : Adding type registration java.math.BigInteger -> org.hibernate.type.BasicTypeReference@7ee3a2ed
2024-04-29T22:16:14.764-04:00 DEBUG 13756 --- [pacientes] [           main] org.hibernate.type.BasicTypeRegistry     : Adding type registration big_decimal -> org.hibernate.type.BasicTypeReference@38363e96
2024-04-29T22:16:14.764-04:00 DEBUG 13756 --- [pacientes] [           main] org.hibernate.type.BasicTypeRegistry     : Adding type registration java.math.BigDecimal -> org.hibernate.type.BasicTypeReference@38363e96
2024-04-29T22:16:14.764-04:00 DEBUG 13756 --- [pacientes] [           main] org.hibernate.type.BasicTypeRegistry     : Adding type registration character -> org.hibernate.type.BasicTypeReference@35c95869
2024-04-29T22:16:14.764-04:00 DEBUG 13756 --- [pacientes] [           main] org.hibernate.type.BasicTypeRegistry     : Adding type registration char -> org.hibernate.type.BasicTypeReference@35c95869
2024-04-29T22:16:14.764-04:00 DEBUG 13756 --- [pacientes] [           main] org.hibernate.type.BasicTypeRegistry     : Adding type registration java.lang.Character -> org.hibernate.type.BasicTypeReference@35c95869
2024-04-29T22:16:14.764-04:00 DEBUG 13756 --- [pacientes] [           main] org.hibernate.type.BasicTypeRegistry     : Adding type registration character_nchar -> org.hibernate.type.BasicTypeReference@558aa1f1
2024-04-29T22:16:14.765-04:00 DEBUG 13756 --- [pacientes] [           main] org.hibernate.type.BasicTypeRegistry     : Adding type registration string -> org.hibernate.type.BasicTypeReference@361d8567
2024-04-29T22:16:14.765-04:00 DEBUG 13756 --- [pacientes] [           main] org.hibernate.type.BasicTypeRegistry     : Adding type registration java.lang.String -> org.hibernate.type.BasicTypeReference@361d8567
2024-04-29T22:16:14.765-04:00 DEBUG 13756 --- [pacientes] [           main] org.hibernate.type.BasicTypeRegistry     : Adding type registration nstring -> org.hibernate.type.BasicTypeReference@3fd6dfbc
2024-04-29T22:16:14.765-04:00 DEBUG 13756 --- [pacientes] [           main] org.hibernate.type.BasicTypeRegistry     : Adding type registration characters -> org.hibernate.type.BasicTypeReference@4023d23f
2024-04-29T22:16:14.765-04:00 DEBUG 13756 --- [pacientes] [           main] org.hibernate.type.BasicTypeRegistry     : Adding type registration char[] -> org.hibernate.type.BasicTypeReference@4023d23f
2024-04-29T22:16:14.765-04:00 DEBUG 13756 --- [pacientes] [           main] org.hibernate.type.BasicTypeRegistry     : Adding type registration [C -> org.hibernate.type.BasicTypeReference@4023d23f
2024-04-29T22:16:14.765-04:00 DEBUG 13756 --- [pacientes] [           main] org.hibernate.type.BasicTypeRegistry     : Adding type registration wrapper-characters -> org.hibernate.type.BasicTypeReference@402676e3
2024-04-29T22:16:14.765-04:00 DEBUG 13756 --- [pacientes] [           main] org.hibernate.type.BasicTypeRegistry     : Adding type registration text -> org.hibernate.type.BasicTypeReference@1a4ae53d
2024-04-29T22:16:14.765-04:00 DEBUG 13756 --- [pacientes] [           main] org.hibernate.type.BasicTypeRegistry     : Adding type registration ntext -> org.hibernate.type.BasicTypeReference@1368e2f7
2024-04-29T22:16:14.765-04:00 DEBUG 13756 --- [pacientes] [           main] org.hibernate.type.BasicTypeRegistry     : Adding type registration clob -> org.hibernate.type.BasicTypeReference@4d84688f
2024-04-29T22:16:14.765-04:00 DEBUG 13756 --- [pacientes] [           main] org.hibernate.type.BasicTypeRegistry     : Adding type registration java.sql.Clob -> org.hibernate.type.BasicTypeReference@4d84688f
2024-04-29T22:16:14.765-04:00 DEBUG 13756 --- [pacientes] [           main] org.hibernate.type.BasicTypeRegistry     : Adding type registration nclob -> org.hibernate.type.BasicTypeReference@3ee68eb2
2024-04-29T22:16:14.765-04:00 DEBUG 13756 --- [pacientes] [           main] org.hibernate.type.BasicTypeRegistry     : Adding type registration java.sql.NClob -> org.hibernate.type.BasicTypeReference@3ee68eb2
2024-04-29T22:16:14.765-04:00 DEBUG 13756 --- [pacientes] [           main] org.hibernate.type.BasicTypeRegistry     : Adding type registration materialized_clob -> org.hibernate.type.BasicTypeReference@7348e75e
2024-04-29T22:16:14.765-04:00 DEBUG 13756 --- [pacientes] [           main] org.hibernate.type.BasicTypeRegistry     : Adding type registration materialized_clob_char_array -> org.hibernate.type.BasicTypeReference@27e3dc9a
2024-04-29T22:16:14.765-04:00 DEBUG 13756 --- [pacientes] [           main] org.hibernate.type.BasicTypeRegistry     : Adding type registration materialized_clob_character_array -> org.hibernate.type.BasicTypeReference@49cd08f9
2024-04-29T22:16:14.765-04:00 DEBUG 13756 --- [pacientes] [           main] org.hibernate.type.BasicTypeRegistry     : Adding type registration materialized_nclob -> org.hibernate.type.BasicTypeReference@43549c6c
2024-04-29T22:16:14.765-04:00 DEBUG 13756 --- [pacientes] [           main] org.hibernate.type.BasicTypeRegistry     : Adding type registration materialized_nclob_character_array -> org.hibernate.type.BasicTypeReference@7792e14f
2024-04-29T22:16:14.765-04:00 DEBUG 13756 --- [pacientes] [           main] org.hibernate.type.BasicTypeRegistry     : Adding type registration materialized_nclob_char_array -> org.hibernate.type.BasicTypeReference@4eace42b
2024-04-29T22:16:14.766-04:00 DEBUG 13756 --- [pacientes] [           main] org.hibernate.type.BasicTypeRegistry     : Adding type registration Duration -> org.hibernate.type.BasicTypeReference@6f87a7c7
2024-04-29T22:16:14.766-04:00 DEBUG 13756 --- [pacientes] [           main] org.hibernate.type.BasicTypeRegistry     : Adding type registration java.time.Duration -> org.hibernate.type.BasicTypeReference@6f87a7c7
2024-04-29T22:16:14.766-04:00 DEBUG 13756 --- [pacientes] [           main] org.hibernate.type.BasicTypeRegistry     : Adding type registration LocalDateTime -> org.hibernate.type.BasicTypeReference@857f1a7
2024-04-29T22:16:14.766-04:00 DEBUG 13756 --- [pacientes] [           main] org.hibernate.type.BasicTypeRegistry     : Adding type registration java.time.LocalDateTime -> org.hibernate.type.BasicTypeReference@857f1a7
2024-04-29T22:16:14.766-04:00 DEBUG 13756 --- [pacientes] [           main] org.hibernate.type.BasicTypeRegistry     : Adding type registration LocalDate -> org.hibernate.type.BasicTypeReference@682fe17b
2024-04-29T22:16:14.766-04:00 DEBUG 13756 --- [pacientes] [           main] org.hibernate.type.BasicTypeRegistry     : Adding type registration java.time.LocalDate -> org.hibernate.type.BasicTypeReference@682fe17b
2024-04-29T22:16:14.766-04:00 DEBUG 13756 --- [pacientes] [           main] org.hibernate.type.BasicTypeRegistry     : Adding type registration LocalTime -> org.hibernate.type.BasicTypeReference@418bdde9
2024-04-29T22:16:14.766-04:00 DEBUG 13756 --- [pacientes] [           main] org.hibernate.type.BasicTypeRegistry     : Adding type registration java.time.LocalTime -> org.hibernate.type.BasicTypeReference@418bdde9
2024-04-29T22:16:14.766-04:00 DEBUG 13756 --- [pacientes] [           main] org.hibernate.type.BasicTypeRegistry     : Adding type registration OffsetDateTime -> org.hibernate.type.BasicTypeReference@13e0f380
2024-04-29T22:16:14.766-04:00 DEBUG 13756 --- [pacientes] [           main] org.hibernate.type.BasicTypeRegistry     : Adding type registration java.time.OffsetDateTime -> org.hibernate.type.BasicTypeReference@13e0f380
2024-04-29T22:16:14.766-04:00 DEBUG 13756 --- [pacientes] [           main] org.hibernate.type.BasicTypeRegistry     : Adding type registration OffsetDateTimeWithTimezone -> org.hibernate.type.BasicTypeReference@240df292
2024-04-29T22:16:14.766-04:00 DEBUG 13756 --- [pacientes] [           main] org.hibernate.type.BasicTypeRegistry     : Adding type registration OffsetDateTimeWithoutTimezone -> org.hibernate.type.BasicTypeReference@333efb51
2024-04-29T22:16:14.766-04:00 DEBUG 13756 --- [pacientes] [           main] org.hibernate.type.BasicTypeRegistry     : Adding type registration OffsetTime -> org.hibernate.type.BasicTypeReference@2c451c4a
2024-04-29T22:16:14.766-04:00 DEBUG 13756 --- [pacientes] [           main] org.hibernate.type.BasicTypeRegistry     : Adding type registration java.time.OffsetTime -> org.hibernate.type.BasicTypeReference@2c451c4a
2024-04-29T22:16:14.766-04:00 DEBUG 13756 --- [pacientes] [           main] org.hibernate.type.BasicTypeRegistry     : Adding type registration OffsetTimeUtc -> org.hibernate.type.BasicTypeReference@38ad86b1
2024-04-29T22:16:14.766-04:00 DEBUG 13756 --- [pacientes] [           main] org.hibernate.type.BasicTypeRegistry     : Adding type registration OffsetTimeWithTimezone -> org.hibernate.type.BasicTypeReference@73ff7a54
2024-04-29T22:16:14.766-04:00 DEBUG 13756 --- [pacientes] [           main] org.hibernate.type.BasicTypeRegistry     : Adding type registration OffsetTimeWithoutTimezone -> org.hibernate.type.BasicTypeReference@337c0ee4
2024-04-29T22:16:14.767-04:00 DEBUG 13756 --- [pacientes] [           main] org.hibernate.type.BasicTypeRegistry     : Adding type registration ZonedDateTime -> org.hibernate.type.BasicTypeReference@67b09e34
2024-04-29T22:16:14.767-04:00 DEBUG 13756 --- [pacientes] [           main] org.hibernate.type.BasicTypeRegistry     : Adding type registration java.time.ZonedDateTime -> org.hibernate.type.BasicTypeReference@67b09e34
2024-04-29T22:16:14.767-04:00 DEBUG 13756 --- [pacientes] [           main] org.hibernate.type.BasicTypeRegistry     : Adding type registration ZonedDateTimeWithTimezone -> org.hibernate.type.BasicTypeReference@6f95654c
2024-04-29T22:16:14.767-04:00 DEBUG 13756 --- [pacientes] [           main] org.hibernate.type.BasicTypeRegistry     : Adding type registration ZonedDateTimeWithoutTimezone -> org.hibernate.type.BasicTypeReference@271a140c
2024-04-29T22:16:14.767-04:00 DEBUG 13756 --- [pacientes] [           main] org.hibernate.type.BasicTypeRegistry     : Adding type registration date -> org.hibernate.type.BasicTypeReference@74c23525
2024-04-29T22:16:14.767-04:00 DEBUG 13756 --- [pacientes] [           main] org.hibernate.type.BasicTypeRegistry     : Adding type registration java.sql.Date -> org.hibernate.type.BasicTypeReference@74c23525
2024-04-29T22:16:14.767-04:00 DEBUG 13756 --- [pacientes] [           main] org.hibernate.type.BasicTypeRegistry     : Adding type registration time -> org.hibernate.type.BasicTypeReference@176054b7
2024-04-29T22:16:14.767-04:00 DEBUG 13756 --- [pacientes] [           main] org.hibernate.type.BasicTypeRegistry     : Adding type registration java.sql.Time -> org.hibernate.type.BasicTypeReference@176054b7
2024-04-29T22:16:14.767-04:00 DEBUG 13756 --- [pacientes] [           main] org.hibernate.type.BasicTypeRegistry     : Adding type registration timestamp -> org.hibernate.type.BasicTypeReference@531bec12
2024-04-29T22:16:14.767-04:00 DEBUG 13756 --- [pacientes] [           main] org.hibernate.type.BasicTypeRegistry     : Adding type registration java.sql.Timestamp -> org.hibernate.type.BasicTypeReference@531bec12
2024-04-29T22:16:14.767-04:00 DEBUG 13756 --- [pacientes] [           main] org.hibernate.type.BasicTypeRegistry     : Adding type registration java.util.Date -> org.hibernate.type.BasicTypeReference@531bec12
2024-04-29T22:16:14.767-04:00 DEBUG 13756 --- [pacientes] [           main] org.hibernate.type.BasicTypeRegistry     : Adding type registration calendar -> org.hibernate.type.BasicTypeReference@24563809
2024-04-29T22:16:14.767-04:00 DEBUG 13756 --- [pacientes] [           main] org.hibernate.type.BasicTypeRegistry     : Adding type registration java.util.Calendar -> org.hibernate.type.BasicTypeReference@24563809
2024-04-29T22:16:14.767-04:00 DEBUG 13756 --- [pacientes] [           main] org.hibernate.type.BasicTypeRegistry     : Adding type registration java.util.GregorianCalendar -> org.hibernate.type.BasicTypeReference@24563809
2024-04-29T22:16:14.767-04:00 DEBUG 13756 --- [pacientes] [           main] org.hibernate.type.BasicTypeRegistry     : Adding type registration calendar_date -> org.hibernate.type.BasicTypeReference@41d84abb
2024-04-29T22:16:14.767-04:00 DEBUG 13756 --- [pacientes] [           main] org.hibernate.type.BasicTypeRegistry     : Adding type registration calendar_time -> org.hibernate.type.BasicTypeReference@54087bdb
2024-04-29T22:16:14.767-04:00 DEBUG 13756 --- [pacientes] [           main] org.hibernate.type.BasicTypeRegistry     : Adding type registration instant -> org.hibernate.type.BasicTypeReference@587f6634
2024-04-29T22:16:14.767-04:00 DEBUG 13756 --- [pacientes] [           main] org.hibernate.type.BasicTypeRegistry     : Adding type registration java.time.Instant -> org.hibernate.type.BasicTypeReference@587f6634
2024-04-29T22:16:14.767-04:00 DEBUG 13756 --- [pacientes] [           main] org.hibernate.type.BasicTypeRegistry     : Adding type registration uuid -> org.hibernate.type.BasicTypeReference@4d7c9b42
2024-04-29T22:16:14.767-04:00 DEBUG 13756 --- [pacientes] [           main] org.hibernate.type.BasicTypeRegistry     : Adding type registration java.util.UUID -> org.hibernate.type.BasicTypeReference@4d7c9b42
2024-04-29T22:16:14.767-04:00 DEBUG 13756 --- [pacientes] [           main] org.hibernate.type.BasicTypeRegistry     : Adding type registration pg-uuid -> org.hibernate.type.BasicTypeReference@4d7c9b42
2024-04-29T22:16:14.767-04:00 DEBUG 13756 --- [pacientes] [           main] org.hibernate.type.BasicTypeRegistry     : Adding type registration uuid-binary -> org.hibernate.type.BasicTypeReference@4ef28dc4
2024-04-29T22:16:14.767-04:00 DEBUG 13756 --- [pacientes] [           main] org.hibernate.type.BasicTypeRegistry     : Adding type registration uuid-char -> org.hibernate.type.BasicTypeReference@59b3f162
2024-04-29T22:16:14.768-04:00 DEBUG 13756 --- [pacientes] [           main] org.hibernate.type.BasicTypeRegistry     : Adding type registration class -> org.hibernate.type.BasicTypeReference@7ade62a6
2024-04-29T22:16:14.768-04:00 DEBUG 13756 --- [pacientes] [           main] org.hibernate.type.BasicTypeRegistry     : Adding type registration java.lang.Class -> org.hibernate.type.BasicTypeReference@7ade62a6
2024-04-29T22:16:14.768-04:00 DEBUG 13756 --- [pacientes] [           main] org.hibernate.type.BasicTypeRegistry     : Adding type registration currency -> org.hibernate.type.BasicTypeReference@53d15034
2024-04-29T22:16:14.768-04:00 DEBUG 13756 --- [pacientes] [           main] org.hibernate.type.BasicTypeRegistry     : Adding type registration Currency -> org.hibernate.type.BasicTypeReference@53d15034
2024-04-29T22:16:14.768-04:00 DEBUG 13756 --- [pacientes] [           main] org.hibernate.type.BasicTypeRegistry     : Adding type registration java.util.Currency -> org.hibernate.type.BasicTypeReference@53d15034
2024-04-29T22:16:14.768-04:00 DEBUG 13756 --- [pacientes] [           main] org.hibernate.type.BasicTypeRegistry     : Adding type registration locale -> org.hibernate.type.BasicTypeReference@9976b27
2024-04-29T22:16:14.768-04:00 DEBUG 13756 --- [pacientes] [           main] org.hibernate.type.BasicTypeRegistry     : Adding type registration java.util.Locale -> org.hibernate.type.BasicTypeReference@9976b27
2024-04-29T22:16:14.768-04:00 DEBUG 13756 --- [pacientes] [           main] org.hibernate.type.BasicTypeRegistry     : Adding type registration serializable -> org.hibernate.type.BasicTypeReference@4fe9a396
2024-04-29T22:16:14.768-04:00 DEBUG 13756 --- [pacientes] [           main] org.hibernate.type.BasicTypeRegistry     : Adding type registration java.io.Serializable -> org.hibernate.type.BasicTypeReference@4fe9a396
2024-04-29T22:16:14.768-04:00 DEBUG 13756 --- [pacientes] [           main] org.hibernate.type.BasicTypeRegistry     : Adding type registration timezone -> org.hibernate.type.BasicTypeReference@462b239f
2024-04-29T22:16:14.768-04:00 DEBUG 13756 --- [pacientes] [           main] org.hibernate.type.BasicTypeRegistry     : Adding type registration java.util.TimeZone -> org.hibernate.type.BasicTypeReference@462b239f
2024-04-29T22:16:14.768-04:00 DEBUG 13756 --- [pacientes] [           main] org.hibernate.type.BasicTypeRegistry     : Adding type registration ZoneOffset -> org.hibernate.type.BasicTypeReference@1fa29b9e
2024-04-29T22:16:14.768-04:00 DEBUG 13756 --- [pacientes] [           main] org.hibernate.type.BasicTypeRegistry     : Adding type registration java.time.ZoneOffset -> org.hibernate.type.BasicTypeReference@1fa29b9e
2024-04-29T22:16:14.768-04:00 DEBUG 13756 --- [pacientes] [           main] org.hibernate.type.BasicTypeRegistry     : Adding type registration url -> org.hibernate.type.BasicTypeReference@2d5e051e
2024-04-29T22:16:14.768-04:00 DEBUG 13756 --- [pacientes] [           main] org.hibernate.type.BasicTypeRegistry     : Adding type registration java.net.URL -> org.hibernate.type.BasicTypeReference@2d5e051e
2024-04-29T22:16:14.768-04:00 DEBUG 13756 --- [pacientes] [           main] org.hibernate.type.BasicTypeRegistry     : Adding type registration vector -> org.hibernate.type.BasicTypeReference@2f29e630
2024-04-29T22:16:14.768-04:00 DEBUG 13756 --- [pacientes] [           main] org.hibernate.type.BasicTypeRegistry     : Adding type registration row_version -> org.hibernate.type.BasicTypeReference@30811f91
2024-04-29T22:16:14.768-04:00 DEBUG 13756 --- [pacientes] [           main] org.hibernate.type.BasicTypeRegistry     : Adding type registration object -> org.hibernate.type.JavaObjectType@a44ad33
2024-04-29T22:16:14.768-04:00 DEBUG 13756 --- [pacientes] [           main] org.hibernate.type.BasicTypeRegistry     : Adding type registration java.lang.Object -> org.hibernate.type.JavaObjectType@a44ad33
2024-04-29T22:16:14.769-04:00 DEBUG 13756 --- [pacientes] [           main] org.hibernate.type.BasicTypeRegistry     : Adding type registration null -> org.hibernate.type.NullType@3d1b43d8
2024-04-29T22:16:14.769-04:00 DEBUG 13756 --- [pacientes] [           main] org.hibernate.type.BasicTypeRegistry     : Adding type registration imm_date -> org.hibernate.type.BasicTypeReference@54b48b
2024-04-29T22:16:14.769-04:00 DEBUG 13756 --- [pacientes] [           main] org.hibernate.type.BasicTypeRegistry     : Adding type registration imm_time -> org.hibernate.type.BasicTypeReference@481d6644
2024-04-29T22:16:14.769-04:00 DEBUG 13756 --- [pacientes] [           main] org.hibernate.type.BasicTypeRegistry     : Adding type registration imm_timestamp -> org.hibernate.type.BasicTypeReference@3d3362f5
2024-04-29T22:16:14.769-04:00 DEBUG 13756 --- [pacientes] [           main] org.hibernate.type.BasicTypeRegistry     : Adding type registration imm_calendar -> org.hibernate.type.BasicTypeReference@1e717745
2024-04-29T22:16:14.769-04:00 DEBUG 13756 --- [pacientes] [           main] org.hibernate.type.BasicTypeRegistry     : Adding type registration imm_calendar_date -> org.hibernate.type.BasicTypeReference@3ba468ec
2024-04-29T22:16:14.769-04:00 DEBUG 13756 --- [pacientes] [           main] org.hibernate.type.BasicTypeRegistry     : Adding type registration imm_calendar_time -> org.hibernate.type.BasicTypeReference@1828069a
2024-04-29T22:16:14.769-04:00 DEBUG 13756 --- [pacientes] [           main] org.hibernate.type.BasicTypeRegistry     : Adding type registration imm_binary -> org.hibernate.type.BasicTypeReference@3e2afba0
2024-04-29T22:16:14.769-04:00 DEBUG 13756 --- [pacientes] [           main] org.hibernate.type.BasicTypeRegistry     : Adding type registration imm_serializable -> org.hibernate.type.BasicTypeReference@2b74787f
2024-04-29T22:16:14.772-04:00 DEBUG 13756 --- [pacientes] [           main] o.h.boot.internal.BootstrapContextImpl   : Injecting JPA temp ClassLoader [org.springframework.instrument.classloading.SimpleThrowawayClassLoader@6b4b5ac8] into BootstrapContext; was [null]
2024-04-29T22:16:14.773-04:00 DEBUG 13756 --- [pacientes] [           main] o.h.boot.internal.ClassLoaderAccessImpl  : ClassLoaderAccessImpl#injectTempClassLoader(org.springframework.instrument.classloading.SimpleThrowawayClassLoader@6b4b5ac8) [was null]
2024-04-29T22:16:14.773-04:00 DEBUG 13756 --- [pacientes] [           main] o.h.boot.internal.BootstrapContextImpl   : Injecting ScanEnvironment [org.hibernate.jpa.boot.internal.StandardJpaScanEnvironmentImpl@2554bfa] into BootstrapContext; was [null]
2024-04-29T22:16:14.773-04:00 DEBUG 13756 --- [pacientes] [           main] o.h.boot.internal.BootstrapContextImpl   : Injecting ScanOptions [org.hibernate.boot.archive.scan.internal.StandardScanOptions@a6a7c4f] into BootstrapContext; was [org.hibernate.boot.archive.scan.internal.StandardScanOptions@451d6bc9]
2024-04-29T22:16:14.781-04:00  INFO 13756 --- [pacientes] [           main] o.s.o.j.p.SpringPersistenceUnitInfo      : No LoadTimeWeaver setup: ignoring JPA class transformer
2024-04-29T22:16:14.784-04:00 DEBUG 13756 --- [pacientes] [           main] o.h.boot.internal.BootstrapContextImpl   : Injecting JPA temp ClassLoader [null] into BootstrapContext; was [org.springframework.instrument.classloading.SimpleThrowawayClassLoader@6b4b5ac8]
2024-04-29T22:16:14.784-04:00 DEBUG 13756 --- [pacientes] [           main] o.h.boot.internal.ClassLoaderAccessImpl  : ClassLoaderAccessImpl#injectTempClassLoader(null) [was org.springframework.instrument.classloading.SimpleThrowawayClassLoader@6b4b5ac8]
2024-04-29T22:16:14.787-04:00  INFO 13756 --- [pacientes] [           main] com.zaxxer.hikari.HikariDataSource       : HikariPool-3 - Starting...
2024-04-29T22:16:14.787-04:00  WARN 13756 --- [pacientes] [           main] c.zaxxer.hikari.util.DriverDataSource    : Registered driver with driverClassName=oracle.jdbc.driver.OracleDriver was not found, trying direct instantiation.
2024-04-29T22:16:15.227-04:00  INFO 13756 --- [pacientes] [           main] com.zaxxer.hikari.pool.HikariPool        : HikariPool-3 - Added connection oracle.jdbc.driver.T4CConnection@2522bea6
2024-04-29T22:16:15.228-04:00  INFO 13756 --- [pacientes] [           main] com.zaxxer.hikari.HikariDataSource       : HikariPool-3 - Start completed.
2024-04-29T22:16:15.228-04:00 DEBUG 13756 --- [pacientes] [           main] o.h.e.j.e.i.JdbcEnvironmentInitiator     : Database ->
       name : Oracle
    version : Oracle Database 19c Enterprise Edition Release 19.0.0.0.0 - Production
Version 19.23.0.1.0
      major : 19
      minor : 0
2024-04-29T22:16:15.228-04:00 DEBUG 13756 --- [pacientes] [           main] o.h.e.j.e.i.JdbcEnvironmentInitiator     : Driver ->
       name : Oracle JDBC driver
    version : 21.9.0.0.0
      major : 21
      minor : 9
2024-04-29T22:16:15.228-04:00 DEBUG 13756 --- [pacientes] [           main] o.h.e.j.e.i.JdbcEnvironmentInitiator     : JDBC version : 4.3
2024-04-29T22:16:15.243-04:00  WARN 13756 --- [pacientes] [           main] org.hibernate.orm.deprecation            : HHH90000025: OracleDialect does not need to be specified explicitly using 'hibernate.dialect' (remove the property setting and it will be selected by default)
2024-04-29T22:16:15.243-04:00 DEBUG 13756 --- [pacientes] [           main] org.hibernate.orm.dialect                : HHH035001: Using dialect: org.hibernate.dialect.OracleDialect, version: 19.0
2024-04-29T22:16:15.272-04:00 DEBUG 13756 --- [pacientes] [           main] o.h.t.d.jdbc.spi.JdbcTypeRegistry        : addDescriptor(NCharTypeDescriptor) replaced previous registration(CharTypeDescriptor)
2024-04-29T22:16:15.272-04:00 DEBUG 13756 --- [pacientes] [           main] o.h.t.d.jdbc.spi.JdbcTypeRegistry        : addDescriptor(NVarcharTypeDescriptor) replaced previous registration(VarcharTypeDescriptor)
2024-04-29T22:16:15.272-04:00 DEBUG 13756 --- [pacientes] [           main] o.h.t.d.jdbc.spi.JdbcTypeRegistry        : addDescriptor(LongNVarcharTypeDescriptor) replaced previous registration(LongVarcharTypeDescriptor)
2024-04-29T22:16:15.272-04:00 DEBUG 13756 --- [pacientes] [           main] o.h.t.d.jdbc.spi.JdbcTypeRegistry        : addDescriptor(NClobTypeDescriptor(DEFAULT)) replaced previous registration(ClobTypeDescriptor(DEFAULT))
2024-04-29T22:16:15.273-04:00 DEBUG 13756 --- [pacientes] [           main] o.h.t.d.jdbc.spi.JdbcTypeRegistry        : addDescriptor(2005, ClobTypeDescriptor(STREAM_BINDING)) replaced previous registration(ClobTypeDescriptor(DEFAULT))
2024-04-29T22:16:15.273-04:00 DEBUG 13756 --- [pacientes] [           main] o.h.t.d.jdbc.spi.JdbcTypeRegistry        : addDescriptor(BooleanTypeDescriptor) replaced previous registration(BooleanTypeDescriptor)
2024-04-29T22:16:15.273-04:00 DEBUG 13756 --- [pacientes] [           main] org.hibernate.type.BasicTypeRegistry     : Adding type registration null -> org.hibernate.type.NullType@379899f4
2024-04-29T22:16:15.273-04:00 DEBUG 13756 --- [pacientes] [           main] org.hibernate.type.BasicTypeRegistry     : Type registration key [null] overrode previous entry : `org.hibernate.type.NullType@3d1b43d8`
2024-04-29T22:16:15.273-04:00 DEBUG 13756 --- [pacientes] [           main] org.hibernate.type.BasicTypeRegistry     : Adding type registration JAVA_OBJECT -> org.hibernate.type.JavaObjectType@1a4eb337
2024-04-29T22:16:15.273-04:00 DEBUG 13756 --- [pacientes] [           main] org.hibernate.type.BasicTypeRegistry     : Adding type registration java.lang.Object -> org.hibernate.type.JavaObjectType@1a4eb337
2024-04-29T22:16:15.273-04:00 DEBUG 13756 --- [pacientes] [           main] org.hibernate.type.BasicTypeRegistry     : Type registration key [java.lang.Object] overrode previous entry : `org.hibernate.type.JavaObjectType@a44ad33`
2024-04-29T22:16:15.274-04:00 DEBUG 13756 --- [pacientes] [           main] org.hibernate.type.BasicTypeRegistry     : Adding type registration org.hibernate.type.DurationType -> basicType@43(java.time.Duration,3015)
2024-04-29T22:16:15.274-04:00 DEBUG 13756 --- [pacientes] [           main] org.hibernate.type.BasicTypeRegistry     : Adding type registration Duration -> basicType@43(java.time.Duration,3015)
2024-04-29T22:16:15.274-04:00 DEBUG 13756 --- [pacientes] [           main] org.hibernate.type.BasicTypeRegistry     : Adding type registration java.time.Duration -> basicType@43(java.time.Duration,3015)
2024-04-29T22:16:15.274-04:00 DEBUG 13756 --- [pacientes] [           main] o.h.type.spi.TypeConfiguration$Scope     : Scoping TypeConfiguration [org.hibernate.type.spi.TypeConfiguration@cec9f23] to MetadataBuildingContext [org.hibernate.boot.internal.MetadataBuildingContextRootImpl@243deb3f]
2024-04-29T22:16:15.275-04:00 DEBUG 13756 --- [pacientes] [           main] o.h.boot.model.relational.Namespace      : Created database namespace [logicalName=Name{catalog=null, schema=null}, physicalName=Name{catalog=null, schema=null}]
2024-04-29T22:16:15.277-04:00 DEBUG 13756 --- [pacientes] [           main] o.h.boot.model.internal.EntityBinder     : Binding entity from annotated class: com.example.pacientes.model.Consulta
2024-04-29T22:16:15.278-04:00 DEBUG 13756 --- [pacientes] [           main] o.h.boot.model.internal.EntityBinder     : Import with entity name Consulta
2024-04-29T22:16:15.278-04:00 DEBUG 13756 --- [pacientes] [           main] o.h.boot.model.internal.EntityBinder     : Bind entity com.example.pacientes.model.Consulta on table consulta
2024-04-29T22:16:15.279-04:00 DEBUG 13756 --- [pacientes] [           main] o.h.boot.model.internal.AnnotatedColumn  : Binding column: AnnotatedDiscriminatorColumn(column='DTYPE')
2024-04-29T22:16:15.283-04:00 DEBUG 13756 --- [pacientes] [           main] o.h.boot.model.internal.AnnotatedColumn  : Binding column: AnnotatedColumn(column='idConsulta')
2024-04-29T22:16:15.283-04:00 DEBUG 13756 --- [pacientes] [           main] o.h.boot.internal.ClassLoaderAccessImpl  : Not known whether passed class name [com.example.pacientes.model.Consulta] is safe
2024-04-29T22:16:15.283-04:00 DEBUG 13756 --- [pacientes] [           main] o.h.boot.internal.ClassLoaderAccessImpl  : No temp ClassLoader provided; using live ClassLoader for loading potentially unsafe class : com.example.pacientes.model.Consulta
2024-04-29T22:16:15.284-04:00 DEBUG 13756 --- [pacientes] [           main] o.h.boot.model.internal.PropertyBinder   : MetadataSourceProcessor property id with lazy=false
2024-04-29T22:16:15.284-04:00 DEBUG 13756 --- [pacientes] [           main] o.h.b.m.internal.AbstractPropertyHolder  : Attempting to locate auto-apply AttributeConverter for property [com.example.pacientes.model.Consulta:id]
2024-04-29T22:16:15.284-04:00 DEBUG 13756 --- [pacientes] [           main] o.h.b.model.internal.BasicValueBinder    : building BasicValue for id
2024-04-29T22:16:15.284-04:00 DEBUG 13756 --- [pacientes] [           main] org.hibernate.mapping.BasicValue         : Skipping column re-registration: consulta.id_consulta
2024-04-29T22:16:15.285-04:00 DEBUG 13756 --- [pacientes] [           main] o.h.boot.model.internal.PropertyBinder   : Building property id
2024-04-29T22:16:15.285-04:00 DEBUG 13756 --- [pacientes] [           main] o.h.boot.model.internal.BinderHelper     : #makeIdGenerator(BasicValue([Column(id_consulta)]), id, identity, , ...)
2024-04-29T22:16:15.286-04:00 DEBUG 13756 --- [pacientes] [           main] o.h.boot.model.internal.AnnotatedColumn  : Binding column: AnnotatedColumn(column='diagnostico')
2024-04-29T22:16:15.286-04:00 DEBUG 13756 --- [pacientes] [           main] o.h.boot.model.internal.PropertyBinder   : MetadataSourceProcessor property diagnostico with lazy=false
2024-04-29T22:16:15.286-04:00 DEBUG 13756 --- [pacientes] [           main] o.h.b.m.internal.AbstractPropertyHolder  : Attempting to locate auto-apply AttributeConverter for property [com.example.pacientes.model.Consulta:diagnostico]
2024-04-29T22:16:15.286-04:00 DEBUG 13756 --- [pacientes] [           main] o.h.b.model.internal.BasicValueBinder    : building BasicValue for diagnostico
2024-04-29T22:16:15.286-04:00 DEBUG 13756 --- [pacientes] [           main] org.hibernate.mapping.BasicValue         : Skipping column re-registration: consulta.diagnostico
2024-04-29T22:16:15.286-04:00 DEBUG 13756 --- [pacientes] [           main] o.h.boot.model.internal.PropertyBinder   : Building property diagnostico
2024-04-29T22:16:15.287-04:00 DEBUG 13756 --- [pacientes] [           main] o.h.boot.model.internal.AnnotatedColumn  : Binding column: AnnotatedColumn(column='fechaConsulta')
2024-04-29T22:16:15.287-04:00 DEBUG 13756 --- [pacientes] [           main] o.h.boot.model.internal.PropertyBinder   : MetadataSourceProcessor property fechaConsulta with lazy=false
2024-04-29T22:16:15.287-04:00 DEBUG 13756 --- [pacientes] [           main] o.h.b.m.internal.AbstractPropertyHolder  : Attempting to locate auto-apply AttributeConverter for property [com.example.pacientes.model.Consulta:fechaConsulta]
2024-04-29T22:16:15.287-04:00 DEBUG 13756 --- [pacientes] [           main] o.h.b.model.internal.BasicValueBinder    : building BasicValue for fechaConsulta
2024-04-29T22:16:15.287-04:00 DEBUG 13756 --- [pacientes] [           main] org.hibernate.mapping.BasicValue         : Skipping column re-registration: consulta.fecha_consulta
2024-04-29T22:16:15.288-04:00 DEBUG 13756 --- [pacientes] [           main] o.h.boot.model.internal.PropertyBinder   : Building property fechaConsulta
2024-04-29T22:16:15.288-04:00 DEBUG 13756 --- [pacientes] [           main] o.h.boot.model.internal.AnnotatedColumn  : Binding column: AnnotatedColumn(column='motivo')
2024-04-29T22:16:15.288-04:00 DEBUG 13756 --- [pacientes] [           main] o.h.boot.model.internal.PropertyBinder   : MetadataSourceProcessor property motivo with lazy=false
2024-04-29T22:16:15.288-04:00 DEBUG 13756 --- [pacientes] [           main] o.h.b.m.internal.AbstractPropertyHolder  : Attempting to locate auto-apply AttributeConverter for property [com.example.pacientes.model.Consulta:motivo]
2024-04-29T22:16:15.288-04:00 DEBUG 13756 --- [pacientes] [           main] o.h.b.model.internal.BasicValueBinder    : building BasicValue for motivo
2024-04-29T22:16:15.288-04:00 DEBUG 13756 --- [pacientes] [           main] org.hibernate.mapping.BasicValue         : Skipping column re-registration: consulta.motivo
2024-04-29T22:16:15.288-04:00 DEBUG 13756 --- [pacientes] [           main] o.h.boot.model.internal.PropertyBinder   : Building property motivo
2024-04-29T22:16:15.289-04:00 DEBUG 13756 --- [pacientes] [           main] o.h.boot.model.internal.AnnotatedColumn  : Binding column: AnnotatedColumn(column='nombreMedico')
2024-04-29T22:16:15.289-04:00 DEBUG 13756 --- [pacientes] [           main] o.h.boot.model.internal.PropertyBinder   : MetadataSourceProcessor property nombreMedico with lazy=false
2024-04-29T22:16:15.289-04:00 DEBUG 13756 --- [pacientes] [           main] o.h.b.m.internal.AbstractPropertyHolder  : Attempting to locate auto-apply AttributeConverter for property [com.example.pacientes.model.Consulta:nombreMedico]
2024-04-29T22:16:15.289-04:00 DEBUG 13756 --- [pacientes] [           main] o.h.b.model.internal.BasicValueBinder    : building BasicValue for nombreMedico
2024-04-29T22:16:15.289-04:00 DEBUG 13756 --- [pacientes] [           main] org.hibernate.mapping.BasicValue         : Skipping column re-registration: consulta.nombre_medico
2024-04-29T22:16:15.289-04:00 DEBUG 13756 --- [pacientes] [           main] o.h.boot.model.internal.PropertyBinder   : Building property nombreMedico
2024-04-29T22:16:15.290-04:00 DEBUG 13756 --- [pacientes] [           main] o.h.boot.model.internal.AnnotatedColumn  : Binding column: AnnotatedJoinColumn(column='paciente_id')
2024-04-29T22:16:15.290-04:00 DEBUG 13756 --- [pacientes] [           main] o.h.boot.model.internal.AnnotatedColumn  : Binding column: AnnotatedColumn()
2024-04-29T22:16:15.290-04:00 DEBUG 13756 --- [pacientes] [           main] o.h.boot.model.internal.PropertyBinder   : Building property paciente
2024-04-29T22:16:15.291-04:00 DEBUG 13756 --- [pacientes] [           main] o.h.boot.model.internal.AnnotatedColumn  : Binding column: AnnotatedColumn(column='tratamiento')
2024-04-29T22:16:15.291-04:00 DEBUG 13756 --- [pacientes] [           main] o.h.boot.model.internal.PropertyBinder   : MetadataSourceProcessor property tratamiento with lazy=false
2024-04-29T22:16:15.291-04:00 DEBUG 13756 --- [pacientes] [           main] o.h.b.m.internal.AbstractPropertyHolder  : Attempting to locate auto-apply AttributeConverter for property [com.example.pacientes.model.Consulta:tratamiento]
2024-04-29T22:16:15.291-04:00 DEBUG 13756 --- [pacientes] [           main] o.h.b.model.internal.BasicValueBinder    : building BasicValue for tratamiento
2024-04-29T22:16:15.291-04:00 DEBUG 13756 --- [pacientes] [           main] org.hibernate.mapping.BasicValue         : Skipping column re-registration: consulta.tratamiento
2024-04-29T22:16:15.291-04:00 DEBUG 13756 --- [pacientes] [           main] o.h.boot.model.internal.PropertyBinder   : Building property tratamiento
2024-04-29T22:16:15.292-04:00 DEBUG 13756 --- [pacientes] [           main] o.h.b.r.c.i.ClassLoaderServiceImpl       : HHH000194: Package not found or wo package-info.java: com.example.pacientes.model
2024-04-29T22:16:15.293-04:00 DEBUG 13756 --- [pacientes] [           main] o.h.boot.model.internal.EntityBinder     : Binding entity from annotated class: com.example.pacientes.model.HistorialMedico
2024-04-29T22:16:15.294-04:00 DEBUG 13756 --- [pacientes] [           main] o.h.boot.model.internal.EntityBinder     : Import with entity name HistorialMedico
2024-04-29T22:16:15.294-04:00 DEBUG 13756 --- [pacientes] [           main] o.h.boot.model.internal.EntityBinder     : Bind entity com.example.pacientes.model.HistorialMedico on table historial_medico
2024-04-29T22:16:15.294-04:00 DEBUG 13756 --- [pacientes] [           main] o.h.boot.model.internal.AnnotatedColumn  : Binding column: AnnotatedDiscriminatorColumn(column='DTYPE')
2024-04-29T22:16:15.298-04:00 DEBUG 13756 --- [pacientes] [           main] o.h.boot.model.internal.AnnotatedColumn  : Binding column: AnnotatedColumn(column='idHistorialMedico')
2024-04-29T22:16:15.299-04:00 DEBUG 13756 --- [pacientes] [           main] o.h.boot.internal.ClassLoaderAccessImpl  : Not known whether passed class name [com.example.pacientes.model.HistorialMedico] is safe
2024-04-29T22:16:15.299-04:00 DEBUG 13756 --- [pacientes] [           main] o.h.boot.internal.ClassLoaderAccessImpl  : No temp ClassLoader provided; using live ClassLoader for loading potentially unsafe class : com.example.pacientes.model.HistorialMedico
2024-04-29T22:16:15.299-04:00 DEBUG 13756 --- [pacientes] [           main] o.h.boot.model.internal.PropertyBinder   : MetadataSourceProcessor property id with lazy=false
2024-04-29T22:16:15.299-04:00 DEBUG 13756 --- [pacientes] [           main] o.h.b.m.internal.AbstractPropertyHolder  : Attempting to locate auto-apply AttributeConverter for property [com.example.pacientes.model.HistorialMedico:id]
2024-04-29T22:16:15.299-04:00 DEBUG 13756 --- [pacientes] [           main] o.h.b.model.internal.BasicValueBinder    : building BasicValue for id
2024-04-29T22:16:15.299-04:00 DEBUG 13756 --- [pacientes] [           main] org.hibernate.mapping.BasicValue         : Skipping column re-registration: historial_medico.id_historial_medico
2024-04-29T22:16:15.299-04:00 DEBUG 13756 --- [pacientes] [           main] o.h.boot.model.internal.PropertyBinder   : Building property id
2024-04-29T22:16:15.299-04:00 DEBUG 13756 --- [pacientes] [           main] o.h.boot.model.internal.BinderHelper     : #makeIdGenerator(BasicValue([Column(id_historial_medico)]), id, identity, , ...)
2024-04-29T22:16:15.300-04:00 DEBUG 13756 --- [pacientes] [           main] o.h.boot.model.internal.AnnotatedColumn  : Binding column: AnnotatedColumn(column='antecedentes')
2024-04-29T22:16:15.300-04:00 DEBUG 13756 --- [pacientes] [           main] o.h.boot.model.internal.PropertyBinder   : MetadataSourceProcessor property antecedentes with lazy=false
2024-04-29T22:16:15.300-04:00 DEBUG 13756 --- [pacientes] [           main] o.h.b.m.internal.AbstractPropertyHolder  : Attempting to locate auto-apply AttributeConverter for property [com.example.pacientes.model.HistorialMedico:antecedentes]
2024-04-29T22:16:15.300-04:00 DEBUG 13756 --- [pacientes] [           main] o.h.b.model.internal.BasicValueBinder    : building BasicValue for antecedentes
2024-04-29T22:16:15.300-04:00 DEBUG 13756 --- [pacientes] [           main] org.hibernate.mapping.BasicValue         : Skipping column re-registration: historial_medico.antecedentes
2024-04-29T22:16:15.300-04:00 DEBUG 13756 --- [pacientes] [           main] o.h.boot.model.internal.PropertyBinder   : Building property antecedentes
2024-04-29T22:16:15.300-04:00 DEBUG 13756 --- [pacientes] [           main] o.h.boot.model.internal.AnnotatedColumn  : Binding column: AnnotatedColumn(column='estudios')
2024-04-29T22:16:15.300-04:00 DEBUG 13756 --- [pacientes] [           main] o.h.boot.model.internal.PropertyBinder   : MetadataSourceProcessor property estudios with lazy=false
2024-04-29T22:16:15.300-04:00 DEBUG 13756 --- [pacientes] [           main] o.h.b.m.internal.AbstractPropertyHolder  : Attempting to locate auto-apply AttributeConverter for property [com.example.pacientes.model.HistorialMedico:estudios]
2024-04-29T22:16:15.301-04:00 DEBUG 13756 --- [pacientes] [           main] o.h.b.model.internal.BasicValueBinder    : building BasicValue for estudios
2024-04-29T22:16:15.301-04:00 DEBUG 13756 --- [pacientes] [           main] org.hibernate.mapping.BasicValue         : Skipping column re-registration: historial_medico.estudios
2024-04-29T22:16:15.301-04:00 DEBUG 13756 --- [pacientes] [           main] o.h.boot.model.internal.PropertyBinder   : Building property estudios
2024-04-29T22:16:15.302-04:00 DEBUG 13756 --- [pacientes] [           main] o.h.boot.model.internal.AnnotatedColumn  : Binding column: AnnotatedColumn(column='examenes')
2024-04-29T22:16:15.302-04:00 DEBUG 13756 --- [pacientes] [           main] o.h.boot.model.internal.PropertyBinder   : MetadataSourceProcessor property examenes with lazy=false
2024-04-29T22:16:15.302-04:00 DEBUG 13756 --- [pacientes] [           main] o.h.b.m.internal.AbstractPropertyHolder  : Attempting to locate auto-apply AttributeConverter for property [com.example.pacientes.model.HistorialMedico:examenes]
2024-04-29T22:16:15.302-04:00 DEBUG 13756 --- [pacientes] [           main] o.h.b.model.internal.BasicValueBinder    : building BasicValue for examenes
2024-04-29T22:16:15.302-04:00 DEBUG 13756 --- [pacientes] [           main] org.hibernate.mapping.BasicValue         : Skipping column re-registration: historial_medico.examenes
2024-04-29T22:16:15.303-04:00 DEBUG 13756 --- [pacientes] [           main] o.h.boot.model.internal.PropertyBinder   : Building property examenes
2024-04-29T22:16:15.303-04:00 DEBUG 13756 --- [pacientes] [           main] o.h.boot.model.internal.AnnotatedColumn  : Binding column: AnnotatedColumn(column='fechaHistorialMedico')
2024-04-29T22:16:15.303-04:00 DEBUG 13756 --- [pacientes] [           main] o.h.boot.model.internal.PropertyBinder   : MetadataSourceProcessor property fechaHistorialMedico with lazy=false
2024-04-29T22:16:15.303-04:00 DEBUG 13756 --- [pacientes] [           main] o.h.b.m.internal.AbstractPropertyHolder  : Attempting to locate auto-apply AttributeConverter for property [com.example.pacientes.model.HistorialMedico:fechaHistorialMedico]
2024-04-29T22:16:15.304-04:00 DEBUG 13756 --- [pacientes] [           main] o.h.b.model.internal.BasicValueBinder    : building BasicValue for fechaHistorialMedico
2024-04-29T22:16:15.304-04:00 DEBUG 13756 --- [pacientes] [           main] org.hibernate.mapping.BasicValue         : Skipping column re-registration: historial_medico.fecha_historial_medico
2024-04-29T22:16:15.304-04:00 DEBUG 13756 --- [pacientes] [           main] o.h.boot.model.internal.PropertyBinder   : Building property fechaHistorialMedico
2024-04-29T22:16:15.304-04:00 DEBUG 13756 --- [pacientes] [           main] o.h.boot.model.internal.AnnotatedColumn  : Binding column: AnnotatedColumn(column='internaciones')
2024-04-29T22:16:15.305-04:00 DEBUG 13756 --- [pacientes] [           main] o.h.boot.model.internal.PropertyBinder   : MetadataSourceProcessor property internaciones with lazy=false
2024-04-29T22:16:15.305-04:00 DEBUG 13756 --- [pacientes] [           main] o.h.b.m.internal.AbstractPropertyHolder  : Attempting to locate auto-apply AttributeConverter for property [com.example.pacientes.model.HistorialMedico:internaciones]
2024-04-29T22:16:15.305-04:00 DEBUG 13756 --- [pacientes] [           main] o.h.b.model.internal.BasicValueBinder    : building BasicValue for internaciones
2024-04-29T22:16:15.305-04:00 DEBUG 13756 --- [pacientes] [           main] org.hibernate.mapping.BasicValue         : Skipping column re-registration: historial_medico.internaciones
2024-04-29T22:16:15.305-04:00 DEBUG 13756 --- [pacientes] [           main] o.h.boot.model.internal.PropertyBinder   : Building property internaciones
2024-04-29T22:16:15.306-04:00 DEBUG 13756 --- [pacientes] [           main] o.h.boot.model.internal.AnnotatedColumn  : Binding column: AnnotatedColumn(column='medicamentos')
2024-04-29T22:16:15.306-04:00 DEBUG 13756 --- [pacientes] [           main] o.h.boot.model.internal.PropertyBinder   : MetadataSourceProcessor property medicamentos with lazy=false
2024-04-29T22:16:15.306-04:00 DEBUG 13756 --- [pacientes] [           main] o.h.b.m.internal.AbstractPropertyHolder  : Attempting to locate auto-apply AttributeConverter for property [com.example.pacientes.model.HistorialMedico:medicamentos]
2024-04-29T22:16:15.306-04:00 DEBUG 13756 --- [pacientes] [           main] o.h.b.model.internal.BasicValueBinder    : building BasicValue for medicamentos
2024-04-29T22:16:15.306-04:00 DEBUG 13756 --- [pacientes] [           main] org.hibernate.mapping.BasicValue         : Skipping column re-registration: historial_medico.medicamentos
2024-04-29T22:16:15.306-04:00 DEBUG 13756 --- [pacientes] [           main] o.h.boot.model.internal.PropertyBinder   : Building property medicamentos
2024-04-29T22:16:15.307-04:00 DEBUG 13756 --- [pacientes] [           main] o.h.boot.model.internal.AnnotatedColumn  : Binding column: AnnotatedColumn(column='nombreMedico')
2024-04-29T22:16:15.308-04:00 DEBUG 13756 --- [pacientes] [           main] o.h.boot.model.internal.PropertyBinder   : MetadataSourceProcessor property nombreMedico with lazy=false
2024-04-29T22:16:15.308-04:00 DEBUG 13756 --- [pacientes] [           main] o.h.b.m.internal.AbstractPropertyHolder  : Attempting to locate auto-apply AttributeConverter for property [com.example.pacientes.model.HistorialMedico:nombreMedico]
2024-04-29T22:16:15.308-04:00 DEBUG 13756 --- [pacientes] [           main] o.h.b.model.internal.BasicValueBinder    : building BasicValue for nombreMedico
2024-04-29T22:16:15.308-04:00 DEBUG 13756 --- [pacientes] [           main] org.hibernate.mapping.BasicValue         : Skipping column re-registration: historial_medico.nombre_medico
2024-04-29T22:16:15.308-04:00 DEBUG 13756 --- [pacientes] [           main] o.h.boot.model.internal.PropertyBinder   : Building property nombreMedico
2024-04-29T22:16:15.308-04:00 DEBUG 13756 --- [pacientes] [           main] o.h.boot.model.internal.AnnotatedColumn  : Binding column: AnnotatedColumn(column='operaciones')
2024-04-29T22:16:15.308-04:00 DEBUG 13756 --- [pacientes] [           main] o.h.boot.model.internal.PropertyBinder   : MetadataSourceProcessor property operaciones with lazy=false
2024-04-29T22:16:15.308-04:00 DEBUG 13756 --- [pacientes] [           main] o.h.b.m.internal.AbstractPropertyHolder  : Attempting to locate auto-apply AttributeConverter for property [com.example.pacientes.model.HistorialMedico:operaciones]
2024-04-29T22:16:15.308-04:00 DEBUG 13756 --- [pacientes] [           main] o.h.b.model.internal.BasicValueBinder    : building BasicValue for operaciones
2024-04-29T22:16:15.308-04:00 DEBUG 13756 --- [pacientes] [           main] org.hibernate.mapping.BasicValue         : Skipping column re-registration: historial_medico.operaciones
2024-04-29T22:16:15.308-04:00 DEBUG 13756 --- [pacientes] [           main] o.h.boot.model.internal.PropertyBinder   : Building property operaciones
2024-04-29T22:16:15.309-04:00 DEBUG 13756 --- [pacientes] [           main] o.h.boot.model.internal.AnnotatedColumn  : Binding column: AnnotatedJoinColumn(column='paciente_id')
2024-04-29T22:16:15.309-04:00 DEBUG 13756 --- [pacientes] [           main] o.h.boot.model.internal.AnnotatedColumn  : Binding column: AnnotatedColumn()
2024-04-29T22:16:15.309-04:00 DEBUG 13756 --- [pacientes] [           main] o.h.boot.model.internal.PropertyBinder   : Building property paciente
2024-04-29T22:16:15.311-04:00 DEBUG 13756 --- [pacientes] [           main] o.h.boot.model.internal.AnnotatedColumn  : Binding column: AnnotatedColumn(column='tratamientos')
2024-04-29T22:16:15.311-04:00 DEBUG 13756 --- [pacientes] [           main] o.h.boot.model.internal.PropertyBinder   : MetadataSourceProcessor property tratamientos with lazy=false
2024-04-29T22:16:15.311-04:00 DEBUG 13756 --- [pacientes] [           main] o.h.b.m.internal.AbstractPropertyHolder  : Attempting to locate auto-apply AttributeConverter for property [com.example.pacientes.model.HistorialMedico:tratamientos]
2024-04-29T22:16:15.311-04:00 DEBUG 13756 --- [pacientes] [           main] o.h.b.model.internal.BasicValueBinder    : building BasicValue for tratamientos
2024-04-29T22:16:15.311-04:00 DEBUG 13756 --- [pacientes] [           main] org.hibernate.mapping.BasicValue         : Skipping column re-registration: historial_medico.tratamientos
2024-04-29T22:16:15.311-04:00 DEBUG 13756 --- [pacientes] [           main] o.h.boot.model.internal.PropertyBinder   : Building property tratamientos
2024-04-29T22:16:15.312-04:00 DEBUG 13756 --- [pacientes] [           main] o.h.b.r.c.i.ClassLoaderServiceImpl       : HHH000194: Package not found or wo package-info.java: com.example.pacientes.model
2024-04-29T22:16:15.315-04:00 DEBUG 13756 --- [pacientes] [           main] o.h.boot.model.internal.EntityBinder     : Binding entity from annotated class: com.example.pacientes.model.Paciente
2024-04-29T22:16:15.316-04:00 DEBUG 13756 --- [pacientes] [           main] o.h.boot.model.internal.EntityBinder     : Import with entity name Paciente
2024-04-29T22:16:15.316-04:00 DEBUG 13756 --- [pacientes] [           main] o.h.boot.model.internal.EntityBinder     : Bind entity com.example.pacientes.model.Paciente on table paciente
2024-04-29T22:16:15.317-04:00 DEBUG 13756 --- [pacientes] [           main] o.h.boot.model.internal.AnnotatedColumn  : Binding column: AnnotatedDiscriminatorColumn(column='DTYPE')
2024-04-29T22:16:15.319-04:00 DEBUG 13756 --- [pacientes] [           main] o.h.boot.model.internal.AnnotatedColumn  : Binding column: AnnotatedColumn(column='idPaciente')
2024-04-29T22:16:15.320-04:00 DEBUG 13756 --- [pacientes] [           main] o.h.boot.internal.ClassLoaderAccessImpl  : Not known whether passed class name [com.example.pacientes.model.Paciente] is safe
2024-04-29T22:16:15.320-04:00 DEBUG 13756 --- [pacientes] [           main] o.h.boot.internal.ClassLoaderAccessImpl  : No temp ClassLoader provided; using live ClassLoader for loading potentially unsafe class : com.example.pacientes.model.Paciente
2024-04-29T22:16:15.320-04:00 DEBUG 13756 --- [pacientes] [           main] o.h.boot.model.internal.PropertyBinder   : MetadataSourceProcessor property id with lazy=false
2024-04-29T22:16:15.320-04:00 DEBUG 13756 --- [pacientes] [           main] o.h.b.m.internal.AbstractPropertyHolder  : Attempting to locate auto-apply AttributeConverter for property [com.example.pacientes.model.Paciente:id]
2024-04-29T22:16:15.320-04:00 DEBUG 13756 --- [pacientes] [           main] o.h.b.model.internal.BasicValueBinder    : building BasicValue for id
2024-04-29T22:16:15.320-04:00 DEBUG 13756 --- [pacientes] [           main] org.hibernate.mapping.BasicValue         : Skipping column re-registration: paciente.id_paciente
2024-04-29T22:16:15.320-04:00 DEBUG 13756 --- [pacientes] [           main] o.h.boot.model.internal.PropertyBinder   : Building property id
2024-04-29T22:16:15.321-04:00 DEBUG 13756 --- [pacientes] [           main] o.h.boot.model.internal.BinderHelper     : #makeIdGenerator(BasicValue([Column(id_paciente)]), id, identity, , ...)
2024-04-29T22:16:15.321-04:00 DEBUG 13756 --- [pacientes] [           main] o.h.boot.model.internal.AnnotatedColumn  : Binding column: AnnotatedColumn(column='apellidoMaterno')
2024-04-29T22:16:15.321-04:00 DEBUG 13756 --- [pacientes] [           main] o.h.boot.model.internal.PropertyBinder   : MetadataSourceProcessor property apellidoMaterno with lazy=false
2024-04-29T22:16:15.321-04:00 DEBUG 13756 --- [pacientes] [           main] o.h.b.m.internal.AbstractPropertyHolder  : Attempting to locate auto-apply AttributeConverter for property [com.example.pacientes.model.Paciente:apellidoMaterno]
2024-04-29T22:16:15.321-04:00 DEBUG 13756 --- [pacientes] [           main] o.h.b.model.internal.BasicValueBinder    : building BasicValue for apellidoMaterno
2024-04-29T22:16:15.321-04:00 DEBUG 13756 --- [pacientes] [           main] org.hibernate.mapping.BasicValue         : Skipping column re-registration: paciente.apellido_materno
2024-04-29T22:16:15.321-04:00 DEBUG 13756 --- [pacientes] [           main] o.h.boot.model.internal.PropertyBinder   : Building property apellidoMaterno
2024-04-29T22:16:15.321-04:00 DEBUG 13756 --- [pacientes] [           main] o.h.boot.model.internal.AnnotatedColumn  : Binding column: AnnotatedColumn(column='apellidoPaterno')
2024-04-29T22:16:15.321-04:00 DEBUG 13756 --- [pacientes] [           main] o.h.boot.model.internal.PropertyBinder   : MetadataSourceProcessor property apellidoPaterno with lazy=false
2024-04-29T22:16:15.321-04:00 DEBUG 13756 --- [pacientes] [           main] o.h.b.m.internal.AbstractPropertyHolder  : Attempting to locate auto-apply AttributeConverter for property [com.example.pacientes.model.Paciente:apellidoPaterno]
2024-04-29T22:16:15.321-04:00 DEBUG 13756 --- [pacientes] [           main] o.h.b.model.internal.BasicValueBinder    : building BasicValue for apellidoPaterno
2024-04-29T22:16:15.321-04:00 DEBUG 13756 --- [pacientes] [           main] org.hibernate.mapping.BasicValue         : Skipping column re-registration: paciente.apellido_paterno
2024-04-29T22:16:15.321-04:00 DEBUG 13756 --- [pacientes] [           main] o.h.boot.model.internal.PropertyBinder   : Building property apellidoPaterno
2024-04-29T22:16:15.323-04:00 DEBUG 13756 --- [pacientes] [           main] o.h.boot.model.internal.AnnotatedColumn  : Binding column: AnnotatedJoinColumn()
2024-04-29T22:16:15.324-04:00 DEBUG 13756 --- [pacientes] [           main] o.h.boot.model.internal.AnnotatedColumn  : Binding column: AnnotatedColumn()
2024-04-29T22:16:15.324-04:00 DEBUG 13756 --- [pacientes] [           main] o.h.boot.model.internal.AnnotatedColumn  : Binding column: IndexColumn(column='consultas_ORDER')
2024-04-29T22:16:15.324-04:00 DEBUG 13756 --- [pacientes] [           main] o.h.boot.model.internal.AnnotatedColumn  : Binding column: AnnotatedColumn()
2024-04-29T22:16:15.324-04:00 DEBUG 13756 --- [pacientes] [           main] o.h.boot.model.internal.AnnotatedColumn  : Binding column: AnnotatedColumn(column='consultas_KEY')
2024-04-29T22:16:15.324-04:00 DEBUG 13756 --- [pacientes] [           main] o.h.boot.model.internal.AnnotatedColumn  : Binding column: AnnotatedJoinColumn(column='consultas_KEY')
2024-04-29T22:16:15.325-04:00 DEBUG 13756 --- [pacientes] [           main] o.h.boot.model.internal.AnnotatedColumn  : Binding column: AnnotatedJoinColumn()
2024-04-29T22:16:15.325-04:00 DEBUG 13756 --- [pacientes] [           main] o.h.boot.model.internal.AnnotatedColumn  : Binding column: AnnotatedJoinColumn()
2024-04-29T22:16:15.325-04:00 DEBUG 13756 --- [pacientes] [           main] o.h.b.model.internal.CollectionBinder    : Collection role: com.example.pacientes.model.Paciente.consultas
2024-04-29T22:16:15.325-04:00 DEBUG 13756 --- [pacientes] [           main] o.h.boot.model.internal.PropertyBinder   : Building property consultas
2024-04-29T22:16:15.326-04:00 DEBUG 13756 --- [pacientes] [           main] o.h.boot.model.internal.AnnotatedColumn  : Binding column: AnnotatedColumn(column='contactoEmerg')
2024-04-29T22:16:15.326-04:00 DEBUG 13756 --- [pacientes] [           main] o.h.boot.model.internal.PropertyBinder   : MetadataSourceProcessor property contactoEmerg with lazy=false
2024-04-29T22:16:15.326-04:00 DEBUG 13756 --- [pacientes] [           main] o.h.b.m.internal.AbstractPropertyHolder  : Attempting to locate auto-apply AttributeConverter for property [com.example.pacientes.model.Paciente:contactoEmerg]
2024-04-29T22:16:15.326-04:00 DEBUG 13756 --- [pacientes] [           main] o.h.b.model.internal.BasicValueBinder    : building BasicValue for contactoEmerg
2024-04-29T22:16:15.326-04:00 DEBUG 13756 --- [pacientes] [           main] org.hibernate.mapping.BasicValue         : Skipping column re-registration: paciente.contacto_emerg
2024-04-29T22:16:15.326-04:00 DEBUG 13756 --- [pacientes] [           main] o.h.boot.model.internal.PropertyBinder   : Building property contactoEmerg
2024-04-29T22:16:15.326-04:00 DEBUG 13756 --- [pacientes] [           main] o.h.boot.model.internal.AnnotatedColumn  : Binding column: AnnotatedColumn(column='calle')
2024-04-29T22:16:15.326-04:00 DEBUG 13756 --- [pacientes] [           main] o.h.boot.model.internal.PropertyBinder   : MetadataSourceProcessor property direccion with lazy=false
2024-04-29T22:16:15.326-04:00 DEBUG 13756 --- [pacientes] [           main] o.h.b.m.internal.AbstractPropertyHolder  : Attempting to locate auto-apply AttributeConverter for property [com.example.pacientes.model.Paciente:direccion]
2024-04-29T22:16:15.326-04:00 DEBUG 13756 --- [pacientes] [           main] o.h.b.model.internal.BasicValueBinder    : building BasicValue for direccion
2024-04-29T22:16:15.326-04:00 DEBUG 13756 --- [pacientes] [           main] org.hibernate.mapping.BasicValue         : Skipping column re-registration: paciente.calle
2024-04-29T22:16:15.326-04:00 DEBUG 13756 --- [pacientes] [           main] o.h.boot.model.internal.PropertyBinder   : Building property direccion
2024-04-29T22:16:15.327-04:00 DEBUG 13756 --- [pacientes] [           main] o.h.boot.model.internal.AnnotatedColumn  : Binding column: AnnotatedColumn(column='email')
2024-04-29T22:16:15.327-04:00 DEBUG 13756 --- [pacientes] [           main] o.h.boot.model.internal.PropertyBinder   : MetadataSourceProcessor property email with lazy=false
2024-04-29T22:16:15.327-04:00 DEBUG 13756 --- [pacientes] [           main] o.h.b.m.internal.AbstractPropertyHolder  : Attempting to locate auto-apply AttributeConverter for property [com.example.pacientes.model.Paciente:email]
2024-04-29T22:16:15.327-04:00 DEBUG 13756 --- [pacientes] [           main] o.h.b.model.internal.BasicValueBinder    : building BasicValue for email
2024-04-29T22:16:15.327-04:00 DEBUG 13756 --- [pacientes] [           main] org.hibernate.mapping.BasicValue         : Skipping column re-registration: paciente.email
2024-04-29T22:16:15.327-04:00 DEBUG 13756 --- [pacientes] [           main] o.h.boot.model.internal.PropertyBinder   : Building property email
2024-04-29T22:16:15.328-04:00 DEBUG 13756 --- [pacientes] [           main] o.h.boot.model.internal.AnnotatedColumn  : Binding column: AnnotatedColumn(column='fechaNacimiento')
2024-04-29T22:16:15.328-04:00 DEBUG 13756 --- [pacientes] [           main] o.h.boot.model.internal.PropertyBinder   : MetadataSourceProcessor property fechaNacimiento with lazy=false
2024-04-29T22:16:15.328-04:00 DEBUG 13756 --- [pacientes] [           main] o.h.b.m.internal.AbstractPropertyHolder  : Attempting to locate auto-apply AttributeConverter for property [com.example.pacientes.model.Paciente:fechaNacimiento]
2024-04-29T22:16:15.328-04:00 DEBUG 13756 --- [pacientes] [           main] o.h.b.model.internal.BasicValueBinder    : building BasicValue for fechaNacimiento
2024-04-29T22:16:15.329-04:00 DEBUG 13756 --- [pacientes] [           main] org.hibernate.mapping.BasicValue         : Skipping column re-registration: paciente.fecha_nacimiento
2024-04-29T22:16:15.329-04:00 DEBUG 13756 --- [pacientes] [           main] o.h.boot.model.internal.PropertyBinder   : Building property fechaNacimiento
2024-04-29T22:16:15.329-04:00 DEBUG 13756 --- [pacientes] [           main] o.h.boot.model.internal.AnnotatedColumn  : Binding column: AnnotatedJoinColumn()
2024-04-29T22:16:15.330-04:00 DEBUG 13756 --- [pacientes] [           main] o.h.boot.model.internal.AnnotatedColumn  : Binding column: AnnotatedColumn()
2024-04-29T22:16:15.330-04:00 DEBUG 13756 --- [pacientes] [           main] o.h.boot.model.internal.AnnotatedColumn  : Binding column: IndexColumn(column='historialMedico_ORDER')
2024-04-29T22:16:15.330-04:00 DEBUG 13756 --- [pacientes] [           main] o.h.boot.model.internal.AnnotatedColumn  : Binding column: AnnotatedColumn()
2024-04-29T22:16:15.330-04:00 DEBUG 13756 --- [pacientes] [           main] o.h.boot.model.internal.AnnotatedColumn  : Binding column: AnnotatedColumn(column='historialMedico_KEY')
2024-04-29T22:16:15.331-04:00 DEBUG 13756 --- [pacientes] [           main] o.h.boot.model.internal.AnnotatedColumn  : Binding column: AnnotatedJoinColumn(column='historialMedico_KEY')
2024-04-29T22:16:15.331-04:00 DEBUG 13756 --- [pacientes] [           main] o.h.boot.model.internal.AnnotatedColumn  : Binding column: AnnotatedJoinColumn()
2024-04-29T22:16:15.331-04:00 DEBUG 13756 --- [pacientes] [           main] o.h.boot.model.internal.AnnotatedColumn  : Binding column: AnnotatedJoinColumn()
2024-04-29T22:16:15.331-04:00 DEBUG 13756 --- [pacientes] [           main] o.h.b.model.internal.CollectionBinder    : Collection role: com.example.pacientes.model.Paciente.historialMedico
2024-04-29T22:16:15.331-04:00 DEBUG 13756 --- [pacientes] [           main] o.h.boot.model.internal.PropertyBinder   : Building property historialMedico
2024-04-29T22:16:15.331-04:00 DEBUG 13756 --- [pacientes] [           main] o.h.boot.model.internal.AnnotatedColumn  : Binding column: AnnotatedColumn(column='nombre')
2024-04-29T22:16:15.331-04:00 DEBUG 13756 --- [pacientes] [           main] o.h.boot.model.internal.PropertyBinder   : MetadataSourceProcessor property nombre with lazy=false
2024-04-29T22:16:15.331-04:00 DEBUG 13756 --- [pacientes] [           main] o.h.b.m.internal.AbstractPropertyHolder  : Attempting to locate auto-apply AttributeConverter for property [com.example.pacientes.model.Paciente:nombre]
2024-04-29T22:16:15.331-04:00 DEBUG 13756 --- [pacientes] [           main] o.h.b.model.internal.BasicValueBinder    : building BasicValue for nombre
2024-04-29T22:16:15.331-04:00 DEBUG 13756 --- [pacientes] [           main] org.hibernate.mapping.BasicValue         : Skipping column re-registration: paciente.nombre
2024-04-29T22:16:15.331-04:00 DEBUG 13756 --- [pacientes] [           main] o.h.boot.model.internal.PropertyBinder   : Building property nombre
2024-04-29T22:16:15.332-04:00 DEBUG 13756 --- [pacientes] [           main] o.h.boot.model.internal.AnnotatedColumn  : Binding column: AnnotatedColumn(column='rut')
2024-04-29T22:16:15.332-04:00 DEBUG 13756 --- [pacientes] [           main] o.h.boot.model.internal.PropertyBinder   : MetadataSourceProcessor property rut with lazy=false
2024-04-29T22:16:15.332-04:00 DEBUG 13756 --- [pacientes] [           main] o.h.b.m.internal.AbstractPropertyHolder  : Attempting to locate auto-apply AttributeConverter for property [com.example.pacientes.model.Paciente:rut]
2024-04-29T22:16:15.332-04:00 DEBUG 13756 --- [pacientes] [           main] o.h.b.model.internal.BasicValueBinder    : building BasicValue for rut
2024-04-29T22:16:15.332-04:00 DEBUG 13756 --- [pacientes] [           main] org.hibernate.mapping.BasicValue         : Skipping column re-registration: paciente.rut
2024-04-29T22:16:15.332-04:00 DEBUG 13756 --- [pacientes] [           main] o.h.boot.model.internal.PropertyBinder   : Building property rut
2024-04-29T22:16:15.332-04:00 DEBUG 13756 --- [pacientes] [           main] o.h.boot.model.internal.AnnotatedColumn  : Binding column: AnnotatedColumn(column='telefono')
2024-04-29T22:16:15.332-04:00 DEBUG 13756 --- [pacientes] [           main] o.h.boot.model.internal.PropertyBinder   : MetadataSourceProcessor property telefono with lazy=false
2024-04-29T22:16:15.332-04:00 DEBUG 13756 --- [pacientes] [           main] o.h.b.m.internal.AbstractPropertyHolder  : Attempting to locate auto-apply AttributeConverter for property [com.example.pacientes.model.Paciente:telefono]
2024-04-29T22:16:15.333-04:00 DEBUG 13756 --- [pacientes] [           main] o.h.b.model.internal.BasicValueBinder    : building BasicValue for telefono
2024-04-29T22:16:15.333-04:00 DEBUG 13756 --- [pacientes] [           main] org.hibernate.mapping.BasicValue         : Skipping column re-registration: paciente.telefono
2024-04-29T22:16:15.333-04:00 DEBUG 13756 --- [pacientes] [           main] o.h.boot.model.internal.PropertyBinder   : Building property telefono
2024-04-29T22:16:15.333-04:00 DEBUG 13756 --- [pacientes] [           main] o.h.boot.model.internal.AnnotatedColumn  : Binding column: AnnotatedColumn(column='tipoSangre')
2024-04-29T22:16:15.333-04:00 DEBUG 13756 --- [pacientes] [           main] o.h.boot.model.internal.PropertyBinder   : MetadataSourceProcessor property tipoSangre with lazy=false
2024-04-29T22:16:15.333-04:00 DEBUG 13756 --- [pacientes] [           main] o.h.b.m.internal.AbstractPropertyHolder  : Attempting to locate auto-apply AttributeConverter for property [com.example.pacientes.model.Paciente:tipoSangre]
2024-04-29T22:16:15.333-04:00 DEBUG 13756 --- [pacientes] [           main] o.h.b.model.internal.BasicValueBinder    : building BasicValue for tipoSangre
2024-04-29T22:16:15.333-04:00 DEBUG 13756 --- [pacientes] [           main] org.hibernate.mapping.BasicValue         : Skipping column re-registration: paciente.tipo_sangre
2024-04-29T22:16:15.334-04:00 DEBUG 13756 --- [pacientes] [           main] o.h.boot.model.internal.PropertyBinder   : Building property tipoSangre
2024-04-29T22:16:15.335-04:00 DEBUG 13756 --- [pacientes] [           main] o.h.b.r.c.i.ClassLoaderServiceImpl       : HHH000194: Package not found or wo package-info.java: com.example.pacientes.model
2024-04-29T22:16:15.341-04:00 DEBUG 13756 --- [pacientes] [           main] o.h.b.model.internal.BasicValueBinder    : Starting `BasicValueBinder#fillSimpleValue` for id
2024-04-29T22:16:15.341-04:00 DEBUG 13756 --- [pacientes] [           main] o.h.b.model.internal.BasicValueBinder    : Starting `BasicValueBinder#fillSimpleValue` for diagnostico
2024-04-29T22:16:15.341-04:00 DEBUG 13756 --- [pacientes] [           main] o.h.b.model.internal.BasicValueBinder    : Starting `BasicValueBinder#fillSimpleValue` for fechaConsulta
2024-04-29T22:16:15.341-04:00 DEBUG 13756 --- [pacientes] [           main] o.h.b.model.internal.BasicValueBinder    : Starting `BasicValueBinder#fillSimpleValue` for motivo
2024-04-29T22:16:15.341-04:00 DEBUG 13756 --- [pacientes] [           main] o.h.b.model.internal.BasicValueBinder    : Starting `BasicValueBinder#fillSimpleValue` for nombreMedico
2024-04-29T22:16:15.341-04:00 DEBUG 13756 --- [pacientes] [           main] o.h.b.model.internal.BasicValueBinder    : Starting `BasicValueBinder#fillSimpleValue` for tratamiento
2024-04-29T22:16:15.341-04:00 DEBUG 13756 --- [pacientes] [           main] o.h.b.model.internal.BasicValueBinder    : Starting `BasicValueBinder#fillSimpleValue` for id
2024-04-29T22:16:15.341-04:00 DEBUG 13756 --- [pacientes] [           main] o.h.b.model.internal.BasicValueBinder    : Starting `BasicValueBinder#fillSimpleValue` for antecedentes
2024-04-29T22:16:15.342-04:00 DEBUG 13756 --- [pacientes] [           main] o.h.b.model.internal.BasicValueBinder    : Starting `BasicValueBinder#fillSimpleValue` for estudios
2024-04-29T22:16:15.342-04:00 DEBUG 13756 --- [pacientes] [           main] o.h.b.model.internal.BasicValueBinder    : Starting `BasicValueBinder#fillSimpleValue` for examenes
2024-04-29T22:16:15.342-04:00 DEBUG 13756 --- [pacientes] [           main] o.h.b.model.internal.BasicValueBinder    : Starting `BasicValueBinder#fillSimpleValue` for fechaHistorialMedico
2024-04-29T22:16:15.342-04:00 DEBUG 13756 --- [pacientes] [           main] o.h.b.model.internal.BasicValueBinder    : Starting `BasicValueBinder#fillSimpleValue` for internaciones
2024-04-29T22:16:15.342-04:00 DEBUG 13756 --- [pacientes] [           main] o.h.b.model.internal.BasicValueBinder    : Starting `BasicValueBinder#fillSimpleValue` for medicamentos
2024-04-29T22:16:15.342-04:00 DEBUG 13756 --- [pacientes] [           main] o.h.b.model.internal.BasicValueBinder    : Starting `BasicValueBinder#fillSimpleValue` for nombreMedico
2024-04-29T22:16:15.342-04:00 DEBUG 13756 --- [pacientes] [           main] o.h.b.model.internal.BasicValueBinder    : Starting `BasicValueBinder#fillSimpleValue` for operaciones
2024-04-29T22:16:15.342-04:00 DEBUG 13756 --- [pacientes] [           main] o.h.b.model.internal.BasicValueBinder    : Starting `BasicValueBinder#fillSimpleValue` for tratamientos
2024-04-29T22:16:15.342-04:00 DEBUG 13756 --- [pacientes] [           main] o.h.b.model.internal.BasicValueBinder    : Starting `BasicValueBinder#fillSimpleValue` for id
2024-04-29T22:16:15.343-04:00 DEBUG 13756 --- [pacientes] [           main] o.h.b.model.internal.BasicValueBinder    : Starting `BasicValueBinder#fillSimpleValue` for apellidoMaterno
2024-04-29T22:16:15.343-04:00 DEBUG 13756 --- [pacientes] [           main] o.h.b.model.internal.BasicValueBinder    : Starting `BasicValueBinder#fillSimpleValue` for apellidoPaterno
2024-04-29T22:16:15.343-04:00 DEBUG 13756 --- [pacientes] [           main] o.h.b.model.internal.BasicValueBinder    : Starting `BasicValueBinder#fillSimpleValue` for contactoEmerg
2024-04-29T22:16:15.343-04:00 DEBUG 13756 --- [pacientes] [           main] o.h.b.model.internal.BasicValueBinder    : Starting `BasicValueBinder#fillSimpleValue` for direccion
2024-04-29T22:16:15.343-04:00 DEBUG 13756 --- [pacientes] [           main] o.h.b.model.internal.BasicValueBinder    : Starting `BasicValueBinder#fillSimpleValue` for email
2024-04-29T22:16:15.344-04:00 DEBUG 13756 --- [pacientes] [           main] o.h.b.model.internal.BasicValueBinder    : Starting `BasicValueBinder#fillSimpleValue` for fechaNacimiento
2024-04-29T22:16:15.344-04:00 DEBUG 13756 --- [pacientes] [           main] o.h.b.model.internal.BasicValueBinder    : Starting `BasicValueBinder#fillSimpleValue` for nombre
2024-04-29T22:16:15.344-04:00 DEBUG 13756 --- [pacientes] [           main] o.h.b.model.internal.BasicValueBinder    : Starting `BasicValueBinder#fillSimpleValue` for rut
2024-04-29T22:16:15.344-04:00 DEBUG 13756 --- [pacientes] [           main] o.h.b.model.internal.BasicValueBinder    : Starting `BasicValueBinder#fillSimpleValue` for telefono
2024-04-29T22:16:15.344-04:00 DEBUG 13756 --- [pacientes] [           main] o.h.b.model.internal.BasicValueBinder    : Starting `BasicValueBinder#fillSimpleValue` for tipoSangre
2024-04-29T22:16:15.348-04:00 DEBUG 13756 --- [pacientes] [           main] org.hibernate.mapping.PrimaryKey         : Forcing column [id_consulta] to be non-null as it is part of the primary key for table [consulta]
2024-04-29T22:16:15.348-04:00 DEBUG 13756 --- [pacientes] [           main] org.hibernate.mapping.PrimaryKey         : Forcing column [id_historial_medico] to be non-null as it is part of the primary key for table [historial_medico]
2024-04-29T22:16:15.348-04:00 DEBUG 13756 --- [pacientes] [           main] org.hibernate.mapping.PrimaryKey         : Forcing column [id_paciente] to be non-null as it is part of the primary key for table [paciente]
2024-04-29T22:16:15.350-04:00 DEBUG 13756 --- [pacientes] [           main] o.h.b.m.internal.CollectionSecondPass    : Second pass for collection: com.example.pacientes.model.Paciente.consultas
2024-04-29T22:16:15.352-04:00 DEBUG 13756 --- [pacientes] [           main] o.h.b.model.internal.CollectionBinder    : Binding a OneToMany: com.example.pacientes.model.Paciente.consultas through a foreign key
2024-04-29T22:16:15.352-04:00 DEBUG 13756 --- [pacientes] [           main] o.h.b.model.internal.CollectionBinder    : Mapping collection: com.example.pacientes.model.Paciente.consultas -> consulta
2024-04-29T22:16:15.352-04:00 DEBUG 13756 --- [pacientes] [           main] o.h.boot.model.internal.TableBinder      : Retrieving property com.example.pacientes.model.Consulta.paciente
2024-04-29T22:16:15.353-04:00 DEBUG 13756 --- [pacientes] [           main] o.h.b.m.internal.CollectionSecondPass    : Mapped collection key: paciente_id, one-to-many: com.example.pacientes.model.Consulta
2024-04-29T22:16:15.353-04:00 DEBUG 13756 --- [pacientes] [           main] o.h.b.m.internal.CollectionSecondPass    : Second pass for collection: com.example.pacientes.model.Paciente.historialMedico
2024-04-29T22:16:15.353-04:00 DEBUG 13756 --- [pacientes] [           main] o.h.b.model.internal.CollectionBinder    : Binding a OneToMany: com.example.pacientes.model.Paciente.historialMedico through a foreign key
2024-04-29T22:16:15.353-04:00 DEBUG 13756 --- [pacientes] [           main] o.h.b.model.internal.CollectionBinder    : Mapping collection: com.example.pacientes.model.Paciente.historialMedico -> historial_medico
2024-04-29T22:16:15.354-04:00 DEBUG 13756 --- [pacientes] [           main] o.h.boot.model.internal.TableBinder      : Retrieving property com.example.pacientes.model.HistorialMedico.paciente
2024-04-29T22:16:15.355-04:00 DEBUG 13756 --- [pacientes] [           main] o.h.b.m.internal.CollectionSecondPass    : Mapped collection key: paciente_id, one-to-many: com.example.pacientes.model.HistorialMedico
2024-04-29T22:16:15.356-04:00 DEBUG 13756 --- [pacientes] [           main] o.h.b.i.InFlightMetadataCollectorImpl    : Resolving reference to class: com.example.pacientes.model.Paciente
2024-04-29T22:16:15.357-04:00 DEBUG 13756 --- [pacientes] [           main] o.h.b.i.InFlightMetadataCollectorImpl    : Resolving reference to class: com.example.pacientes.model.Paciente
2024-04-29T22:16:15.364-04:00 DEBUG 13756 --- [pacientes] [           main] o.h.b.i.InFlightMetadataCollectorImpl    : Resolving reference to class: com.example.pacientes.model.Paciente
2024-04-29T22:16:15.364-04:00 DEBUG 13756 --- [pacientes] [           main] o.h.b.i.InFlightMetadataCollectorImpl    : Resolving reference to class: com.example.pacientes.model.Paciente
2024-04-29T22:16:15.375-04:00 DEBUG 13756 --- [pacientes] [           main] o.hibernate.internal.SessionFactoryImpl  : Building session factory
2024-04-29T22:16:15.379-04:00 DEBUG 13756 --- [pacientes] [           main] .h.s.i.SessionFactoryServiceRegistryImpl : EventListenerRegistry access via ServiceRegistry is deprecated.  Use `sessionFactory.getEventEngine().getListenerRegistry()` instead
2024-04-29T22:16:15.380-04:00 DEBUG 13756 --- [pacientes] [           main] o.hibernate.internal.SessionFactoryImpl  : Instantiating SessionFactory with settings: {java.specification.version=21, sun.cpu.isalist=amd64, hibernate.resource.beans.container=org.springframework.orm.hibernate5.SpringBeanContainer@36f291c7, hibernate.connection.handling_mode=DELAYED_ACQUISITION_AND_HOLD, sun.jnu.encoding=Cp1252, hibernate.dialect=org.hibernate.dialect.OracleDialect, hibernate.implicit_naming_strategy=org.springframework.boot.orm.jpa.hibernate.SpringImplicitNamingStrategy, java.class.path=C:\Users\gonzaloduranadasme\Documents\GitHub\gon.duran\pacientes\target\test-classes;C:\Users\gonzaloduranadasme\Documents\GitHub\gon.duran\pacientes\target\classes;C:\Users\gonzaloduranadasme\.m2\repository\org\springframework\boot\spring-boot-starter-web\3.2.4\spring-boot-starter-web-3.2.4.jar;C:\Users\gonzaloduranadasme\.m2\repository\org\springframework\boot\spring-boot-starter\3.2.4\spring-boot-starter-3.2.4.jar;C:\Users\gonzaloduranadasme\.m2\repository\org\springframework\boot\spring-boot-starter-logging\3.2.4\spring-boot-starter-logging-3.2.4.jar;C:\Users\gonzaloduranadasme\.m2\repository\ch\qos\logback\logback-classic\1.4.14\logback-classic-1.4.14.jar;C:\Users\gonzaloduranadasme\.m2\repository\ch\qos\logback\logback-core\1.4.14\logback-core-1.4.14.jar;C:\Users\gonzaloduranadasme\.m2\repository\org\apache\logging\log4j\log4j-to-slf4j\2.21.1\log4j-to-slf4j-2.21.1.jar;C:\Users\gonzaloduranadasme\.m2\repository\org\apache\logging\log4j\log4j-api\2.21.1\log4j-api-2.21.1.jar;C:\Users\gonzaloduranadasme\.m2\repository\org\slf4j\jul-to-slf4j\2.0.12\jul-to-slf4j-2.0.12.jar;C:\Users\gonzaloduranadasme\.m2\repository\jakarta\annotation\jakarta.annotation-api\2.1.1\jakarta.annotation-api-2.1.1.jar;C:\Users\gonzaloduranadasme\.m2\repository\org\yaml\snakeyaml\2.2\snakeyaml-2.2.jar;C:\Users\gonzaloduranadasme\.m2\repository\org\springframework\boot\spring-boot-starter-json\3.2.4\spring-boot-starter-json-3.2.4.jar;C:\Users\gonzaloduranadasme\.m2\repository\com\fasterxml\jackson\core\jackson-databind\2.15.4\jackson-databind-2.15.4.jar;C:\Users\gonzaloduranadasme\.m2\repository\com\fasterxml\jackson\core\jackson-annotations\2.15.4\jackson-annotations-2.15.4.jar;C:\Users\gonzaloduranadasme\.m2\repository\com\fasterxml\jackson\core\jackson-core\2.15.4\jackson-core-2.15.4.jar;C:\Users\gonzaloduranadasme\.m2\repository\com\fasterxml\jackson\datatype\jackson-datatype-jdk8\2.15.4\jackson-datatype-jdk8-2.15.4.jar;C:\Users\gonzaloduranadasme\.m2\repository\com\fasterxml\jackson\datatype\jackson-datatype-jsr310\2.15.4\jackson-datatype-jsr310-2.15.4.jar;C:\Users\gonzaloduranadasme\.m2\repository\com\fasterxml\jackson\module\jackson-module-parameter-names\2.15.4\jackson-module-parameter-names-2.15.4.jar;C:\Users\gonzaloduranadasme\.m2\repository\org\springframework\boot\spring-boot-starter-tomcat\3.2.4\spring-boot-starter-tomcat-3.2.4.jar;C:\Users\gonzaloduranadasme\.m2\repository\org\apache\tomcat\embed\tomcat-embed-core\10.1.19\tomcat-embed-core-10.1.19.jar;C:\Users\gonzaloduranadasme\.m2\repository\org\apache\tomcat\embed\tomcat-embed-websocket\10.1.19\tomcat-embed-websocket-10.1.19.jar;C:\Users\gonzaloduranadasme\.m2\repository\org\springframework\spring-web\6.1.5\spring-web-6.1.5.jar;C:\Users\gonzaloduranadasme\.m2\repository\org\springframework\spring-beans\6.1.5\spring-beans-6.1.5.jar;C:\Users\gonzaloduranadasme\.m2\repository\io\micrometer\micrometer-observation\1.12.4\micrometer-observation-1.12.4.jar;C:\Users\gonzaloduranadasme\.m2\repository\io\micrometer\micrometer-commons\1.12.4\micrometer-commons-1.12.4.jar;C:\Users\gonzaloduranadasme\.m2\repository\org\springframework\spring-webmvc\6.1.5\spring-webmvc-6.1.5.jar;C:\Users\gonzaloduranadasme\.m2\repository\org\springframework\spring-aop\6.1.5\spring-aop-6.1.5.jar;C:\Users\gonzaloduranadasme\.m2\repository\org\springframework\spring-context\6.1.5\spring-context-6.1.5.jar;C:\Users\gonzaloduranadasme\.m2\repository\org\springframework\spring-expression\6.1.5\spring-expression-6.1.5.jar;C:\Users\gonzaloduranadasme\.m2\repository\org\springframework\boot\spring-boot-devtools\3.2.4\spring-boot-devtools-3.2.4.jar;C:\Users\gonzaloduranadasme\.m2\repository\org\springframework\boot\spring-boot\3.2.4\spring-boot-3.2.4.jar;C:\Users\gonzaloduranadasme\.m2\repository\org\springframework\boot\spring-boot-autoconfigure\3.2.4\spring-boot-autoconfigure-3.2.4.jar;C:\Users\gonzaloduranadasme\.m2\repository\org\projectlombok\lombok\1.18.30\lombok-1.18.30.jar;C:\Users\gonzaloduranadasme\.m2\repository\org\springframework\boot\spring-boot-starter-test\3.2.4\spring-boot-starter-test-3.2.4.jar;C:\Users\gonzaloduranadasme\.m2\repository\org\springframework\boot\spring-boot-test\3.2.4\spring-boot-test-3.2.4.jar;C:\Users\gonzaloduranadasme\.m2\repository\org\springframework\boot\spring-boot-test-autoconfigure\3.2.4\spring-boot-test-autoconfigure-3.2.4.jar;C:\Users\gonzaloduranadasme\.m2\repository\com\jayway\jsonpath\json-path\2.9.0\json-path-2.9.0.jar;C:\Users\gonzaloduranadasme\.m2\repository\org\slf4j\slf4j-api\2.0.12\slf4j-api-2.0.12.jar;C:\Users\gonzaloduranadasme\.m2\repository\jakarta\xml\bind\jakarta.xml.bind-api\4.0.2\jakarta.xml.bind-api-4.0.2.jar;C:\Users\gonzaloduranadasme\.m2\repository\jakarta\activation\jakarta.activation-api\2.1.3\jakarta.activation-api-2.1.3.jar;C:\Users\gonzaloduranadasme\.m2\repository\net\minidev\json-smart\2.5.0\json-smart-2.5.0.jar;C:\Users\gonzaloduranadasme\.m2\repository\net\minidev\accessors-smart\2.5.0\accessors-smart-2.5.0.jar;C:\Users\gonzaloduranadasme\.m2\repository\org\ow2\asm\asm\9.3\asm-9.3.jar;C:\Users\gonzaloduranadasme\.m2\repository\org\assertj\assertj-core\3.24.2\assertj-core-3.24.2.jar;C:\Users\gonzaloduranadasme\.m2\repository\net\bytebuddy\byte-buddy\1.14.12\byte-buddy-1.14.12.jar;C:\Users\gonzaloduranadasme\.m2\repository\org\awaitility\awaitility\4.2.0\awaitility-4.2.0.jar;C:\Users\gonzaloduranadasme\.m2\repository\org\hamcrest\hamcrest\2.2\hamcrest-2.2.jar;C:\Users\gonzaloduranadasme\.m2\repository\org\junit\jupiter\junit-jupiter\5.10.2\junit-jupiter-5.10.2.jar;C:\Users\gonzaloduranadasme\.m2\repository\org\junit\jupiter\junit-jupiter-api\5.10.2\junit-jupiter-api-5.10.2.jar;C:\Users\gonzaloduranadasme\.m2\repository\org\opentest4j\opentest4j\1.3.0\opentest4j-1.3.0.jar;C:\Users\gonzaloduranadasme\.m2\repository\org\junit\platform\junit-platform-commons\1.10.2\junit-platform-commons-1.10.2.jar;C:\Users\gonzaloduranadasme\.m2\repository\org\apiguardian\apiguardian-api\1.1.2\apiguardian-api-1.1.2.jar;C:\Users\gonzaloduranadasme\.m2\repository\org\junit\jupiter\junit-jupiter-params\5.10.2\junit-jupiter-params-5.10.2.jar;C:\Users\gonzaloduranadasme\.m2\repository\org\junit\jupiter\junit-jupiter-engine\5.10.2\junit-jupiter-engine-5.10.2.jar;C:\Users\gonzaloduranadasme\.m2\repository\org\junit\platform\junit-platform-engine\1.10.2\junit-platform-engine-1.10.2.jar;C:\Users\gonzaloduranadasme\.m2\repository\org\mockito\mockito-core\5.7.0\mockito-core-5.7.0.jar;C:\Users\gonzaloduranadasme\.m2\repository\net\bytebuddy\byte-buddy-agent\1.14.12\byte-buddy-agent-1.14.12.jar;C:\Users\gonzaloduranadasme\.m2\repository\org\objenesis\objenesis\3.3\objenesis-3.3.jar;C:\Users\gonzaloduranadasme\.m2\repository\org\mockito\mockito-junit-jupiter\5.7.0\mockito-junit-jupiter-5.7.0.jar;C:\Users\gonzaloduranadasme\.m2\repository\org\skyscreamer\jsonassert\1.5.1\jsonassert-1.5.1.jar;C:\Users\gonzaloduranadasme\.m2\repository\com\vaadin\external\google\android-json\0.0.20131108.vaadin1\android-json-0.0.20131108.vaadin1.jar;C:\Users\gonzaloduranadasme\.m2\repository\org\springframework\spring-core\6.1.5\spring-core-6.1.5.jar;C:\Users\gonzaloduranadasme\.m2\repository\org\springframework\spring-jcl\6.1.5\spring-jcl-6.1.5.jar;C:\Users\gonzaloduranadasme\.m2\repository\org\springframework\spring-test\6.1.5\spring-test-6.1.5.jar;C:\Users\gonzaloduranadasme\.m2\repository\org\xmlunit\xmlunit-core\2.9.1\xmlunit-core-2.9.1.jar;C:\Users\gonzaloduranadasme\.m2\repository\org\springframework\boot\spring-boot-starter-data-jpa\3.2.4\spring-boot-starter-data-jpa-3.2.4.jar;C:\Users\gonzaloduranadasme\.m2\repository\org\springframework\boot\spring-boot-starter-aop\3.2.4\spring-boot-starter-aop-3.2.4.jar;C:\Users\gonzaloduranadasme\.m2\repository\org\aspectj\aspectjweaver\1.9.21\aspectjweaver-1.9.21.jar;C:\Users\gonzaloduranadasme\.m2\repository\org\springframework\boot\spring-boot-starter-jdbc\3.2.4\spring-boot-starter-jdbc-3.2.4.jar;C:\Users\gonzaloduranadasme\.m2\repository\com\zaxxer\HikariCP\5.0.1\HikariCP-5.0.1.jar;C:\Users\gonzaloduranadasme\.m2\repository\org\springframework\spring-jdbc\6.1.5\spring-jdbc-6.1.5.jar;C:\Users\gonzaloduranadasme\.m2\repository\org\hibernate\orm\hibernate-core\6.4.4.Final\hibernate-core-6.4.4.Final.jar;C:\Users\gonzaloduranadasme\.m2\repository\jakarta\persistence\jakarta.persistence-api\3.1.0\jakarta.persistence-api-3.1.0.jar;C:\Users\gonzaloduranadasme\.m2\repository\jakarta\transaction\jakarta.transaction-api\2.0.1\jakarta.transaction-api-2.0.1.jar;C:\Users\gonzaloduranadasme\.m2\repository\org\jboss\logging\jboss-logging\3.5.3.Final\jboss-logging-3.5.3.Final.jar;C:\Users\gonzaloduranadasme\.m2\repository\org\hibernate\common\hibernate-commons-annotations\6.0.6.Final\hibernate-commons-annotations-6.0.6.Final.jar;C:\Users\gonzaloduranadasme\.m2\repository\io\smallrye\jandex\3.1.2\jandex-3.1.2.jar;C:\Users\gonzaloduranadasme\.m2\repository\com\fasterxml\classmate\1.6.0\classmate-1.6.0.jar;C:\Users\gonzaloduranadasme\.m2\repository\org\glassfish\jaxb\jaxb-runtime\4.0.5\jaxb-runtime-4.0.5.jar;C:\Users\gonzaloduranadasme\.m2\repository\org\glassfish\jaxb\jaxb-core\4.0.5\jaxb-core-4.0.5.jar;C:\Users\gonzaloduranadasme\.m2\repository\org\eclipse\angus\angus-activation\2.0.2\angus-activation-2.0.2.jar;C:\Users\gonzaloduranadasme\.m2\repository\org\glassfish\jaxb\txw2\4.0.5\txw2-4.0.5.jar;C:\Users\gonzaloduranadasme\.m2\repository\com\sun\istack\istack-commons-runtime\4.1.2\istack-commons-runtime-4.1.2.jar;C:\Users\gonzaloduranadasme\.m2\repository\jakarta\inject\jakarta.inject-api\2.0.1\jakarta.inject-api-2.0.1.jar;C:\Users\gonzaloduranadasme\.m2\repository\org\antlr\antlr4-runtime\4.13.0\antlr4-runtime-4.13.0.jar;C:\Users\gonzaloduranadasme\.m2\repository\org\springframework\data\spring-data-jpa\3.2.4\spring-data-jpa-3.2.4.jar;C:\Users\gonzaloduranadasme\.m2\repository\org\springframework\data\spring-data-commons\3.2.4\spring-data-commons-3.2.4.jar;C:\Users\gonzaloduranadasme\.m2\repository\org\springframework\spring-orm\6.1.5\spring-orm-6.1.5.jar;C:\Users\gonzaloduranadasme\.m2\repository\org\springframework\spring-tx\6.1.5\spring-tx-6.1.5.jar;C:\Users\gonzaloduranadasme\.m2\repository\org\springframework\spring-aspects\6.1.5\spring-aspects-6.1.5.jar;C:\Users\gonzaloduranadasme\.m2\repository\com\oracle\database\jdbc\ojdbc11\21.9.0.0\ojdbc11-21.9.0.0.jar;C:\Users\gonzaloduranadasme\.m2\repository\com\oracle\database\security\oraclepki\21.5.0.0\oraclepki-21.5.0.0.jar;C:\Users\gonzaloduranadasme\.m2\repository\com\oracle\database\security\osdt_cert\21.5.0.0\osdt_cert-21.5.0.0.jar;C:\Users\gonzaloduranadasme\.m2\repository\com\oracle\database\security\osdt_core\21.5.0.0\osdt_core-21.5.0.0.jar;C:\Users\gonzaloduranadasme\.m2\repository\org\springframework\boot\spring-boot-starter-validation\3.2.4\spring-boot-starter-validation-3.2.4.jar;C:\Users\gonzaloduranadasme\.m2\repository\org\apache\tomcat\embed\tomcat-embed-el\10.1.19\tomcat-embed-el-10.1.19.jar;C:\Users\gonzaloduranadasme\.m2\repository\org\hibernate\validator\hibernate-validator\8.0.1.Final\hibernate-validator-8.0.1.Final.jar;C:\Users\gonzaloduranadasme\.m2\repository\jakarta\validation\jakarta.validation-api\3.0.2\jakarta.validation-api-3.0.2.jar;C:\Users\gonzaloduranadasme\.m2\repository\org\springframework\boot\spring-boot-starter-hateoas\3.2.4\spring-boot-starter-hateoas-3.2.4.jar;C:\Users\gonzaloduranadasme\.m2\repository\org\springframework\hateoas\spring-hateoas\2.2.1\spring-hateoas-2.2.1.jar;C:\Users\gonzaloduranadasme\.m2\repository\org\springframework\plugin\spring-plugin-core\3.0.0\spring-plugin-core-3.0.0.jar;, java.vm.vendor=Oracle Corporation, sun.arch.data.model=64, user.variant=, java.vendor.url=https://java.oracle.com/, user.timezone=America/Santiago, jakarta.persistence.sharedCache.mode=UNSPECIFIED, org.jboss.logging.provider=slf4j, java.vm.specification.version=21, os.name=Windows 11, jakarta.persistence.nonJtaDataSource=HikariDataSource (HikariPool-3), sun.java.launcher=SUN_STANDARD, user.country=CL, sun.boot.library.path=C:\Program Files\Java\jdk-21\bin, sun.java.command=C:\Users\gonzaloduranadasme\AppData\Local\Temp\surefire13811486604983559334\surefirebooter-20240429221547736_3.jar C:\Users\gonzaloduranadasme\AppData\Local\Temp\surefire13811486604983559334 2024-04-29T22-15-47_434-jvmRun1 surefire-20240429221547736_1tmp surefire_0-20240429221547736_2tmp, javax.persistence.nonJtaDataSource=HikariDataSource (HikariPool-3), hibernate.transaction.jta.platform=org.hibernate.engine.transaction.jta.platform.internal.NoJtaPlatform@5db3afff, jdk.debug=release, surefire.test.class.path=C:\Users\gonzaloduranadasme\Documents\GitHub\gon.duran\pacientes\target\test-classes;C:\Users\gonzaloduranadasme\Documents\GitHub\gon.duran\pacientes\target\classes;C:\Users\gonzaloduranadasme\.m2\repository\org\springframework\boot\spring-boot-starter-web\3.2.4\spring-boot-starter-web-3.2.4.jar;C:\Users\gonzaloduranadasme\.m2\repository\org\springframework\boot\spring-boot-starter\3.2.4\spring-boot-starter-3.2.4.jar;C:\Users\gonzaloduranadasme\.m2\repository\org\springframework\boot\spring-boot-starter-logging\3.2.4\spring-boot-starter-logging-3.2.4.jar;C:\Users\gonzaloduranadasme\.m2\repository\ch\qos\logback\logback-classic\1.4.14\logback-classic-1.4.14.jar;C:\Users\gonzaloduranadasme\.m2\repository\ch\qos\logback\logback-core\1.4.14\logback-core-1.4.14.jar;C:\Users\gonzaloduranadasme\.m2\repository\org\apache\logging\log4j\log4j-to-slf4j\2.21.1\log4j-to-slf4j-2.21.1.jar;C:\Users\gonzaloduranadasme\.m2\repository\org\apache\logging\log4j\log4j-api\2.21.1\log4j-api-2.21.1.jar;C:\Users\gonzaloduranadasme\.m2\repository\org\slf4j\jul-to-slf4j\2.0.12\jul-to-slf4j-2.0.12.jar;C:\Users\gonzaloduranadasme\.m2\repository\jakarta\annotation\jakarta.annotation-api\2.1.1\jakarta.annotation-api-2.1.1.jar;C:\Users\gonzaloduranadasme\.m2\repository\org\yaml\snakeyaml\2.2\snakeyaml-2.2.jar;C:\Users\gonzaloduranadasme\.m2\repository\org\springframework\boot\spring-boot-starter-json\3.2.4\spring-boot-starter-json-3.2.4.jar;C:\Users\gonzaloduranadasme\.m2\repository\com\fasterxml\jackson\core\jackson-databind\2.15.4\jackson-databind-2.15.4.jar;C:\Users\gonzaloduranadasme\.m2\repository\com\fasterxml\jackson\core\jackson-annotations\2.15.4\jackson-annotations-2.15.4.jar;C:\Users\gonzaloduranadasme\.m2\repository\com\fasterxml\jackson\core\jackson-core\2.15.4\jackson-core-2.15.4.jar;C:\Users\gonzaloduranadasme\.m2\repository\com\fasterxml\jackson\datatype\jackson-datatype-jdk8\2.15.4\jackson-datatype-jdk8-2.15.4.jar;C:\Users\gonzaloduranadasme\.m2\repository\com\fasterxml\jackson\datatype\jackson-datatype-jsr310\2.15.4\jackson-datatype-jsr310-2.15.4.jar;C:\Users\gonzaloduranadasme\.m2\repository\com\fasterxml\jackson\module\jackson-module-parameter-names\2.15.4\jackson-module-parameter-names-2.15.4.jar;C:\Users\gonzaloduranadasme\.m2\repository\org\springframework\boot\spring-boot-starter-tomcat\3.2.4\spring-boot-starter-tomcat-3.2.4.jar;C:\Users\gonzaloduranadasme\.m2\repository\org\apache\tomcat\embed\tomcat-embed-core\10.1.19\tomcat-embed-core-10.1.19.jar;C:\Users\gonzaloduranadasme\.m2\repository\org\apache\tomcat\embed\tomcat-embed-websocket\10.1.19\tomcat-embed-websocket-10.1.19.jar;C:\Users\gonzaloduranadasme\.m2\repository\org\springframework\spring-web\6.1.5\spring-web-6.1.5.jar;C:\Users\gonzaloduranadasme\.m2\repository\org\springframework\spring-beans\6.1.5\spring-beans-6.1.5.jar;C:\Users\gonzaloduranadasme\.m2\repository\io\micrometer\micrometer-observation\1.12.4\micrometer-observation-1.12.4.jar;C:\Users\gonzaloduranadasme\.m2\repository\io\micrometer\micrometer-commons\1.12.4\micrometer-commons-1.12.4.jar;C:\Users\gonzaloduranadasme\.m2\repository\org\springframework\spring-webmvc\6.1.5\spring-webmvc-6.1.5.jar;C:\Users\gonzaloduranadasme\.m2\repository\org\springframework\spring-aop\6.1.5\spring-aop-6.1.5.jar;C:\Users\gonzaloduranadasme\.m2\repository\org\springframework\spring-context\6.1.5\spring-context-6.1.5.jar;C:\Users\gonzaloduranadasme\.m2\repository\org\springframework\spring-expression\6.1.5\spring-expression-6.1.5.jar;C:\Users\gonzaloduranadasme\.m2\repository\org\springframework\boot\spring-boot-devtools\3.2.4\spring-boot-devtools-3.2.4.jar;C:\Users\gonzaloduranadasme\.m2\repository\org\springframework\boot\spring-boot\3.2.4\spring-boot-3.2.4.jar;C:\Users\gonzaloduranadasme\.m2\repository\org\springframework\boot\spring-boot-autoconfigure\3.2.4\spring-boot-autoconfigure-3.2.4.jar;C:\Users\gonzaloduranadasme\.m2\repository\org\projectlombok\lombok\1.18.30\lombok-1.18.30.jar;C:\Users\gonzaloduranadasme\.m2\repository\org\springframework\boot\spring-boot-starter-test\3.2.4\spring-boot-starter-test-3.2.4.jar;C:\Users\gonzaloduranadasme\.m2\repository\org\springframework\boot\spring-boot-test\3.2.4\spring-boot-test-3.2.4.jar;C:\Users\gonzaloduranadasme\.m2\repository\org\springframework\boot\spring-boot-test-autoconfigure\3.2.4\spring-boot-test-autoconfigure-3.2.4.jar;C:\Users\gonzaloduranadasme\.m2\repository\com\jayway\jsonpath\json-path\2.9.0\json-path-2.9.0.jar;C:\Users\gonzaloduranadasme\.m2\repository\org\slf4j\slf4j-api\2.0.12\slf4j-api-2.0.12.jar;C:\Users\gonzaloduranadasme\.m2\repository\jakarta\xml\bind\jakarta.xml.bind-api\4.0.2\jakarta.xml.bind-api-4.0.2.jar;C:\Users\gonzaloduranadasme\.m2\repository\jakarta\activation\jakarta.activation-api\2.1.3\jakarta.activation-api-2.1.3.jar;C:\Users\gonzaloduranadasme\.m2\repository\net\minidev\json-smart\2.5.0\json-smart-2.5.0.jar;C:\Users\gonzaloduranadasme\.m2\repository\net\minidev\accessors-smart\2.5.0\accessors-smart-2.5.0.jar;C:\Users\gonzaloduranadasme\.m2\repository\org\ow2\asm\asm\9.3\asm-9.3.jar;C:\Users\gonzaloduranadasme\.m2\repository\org\assertj\assertj-core\3.24.2\assertj-core-3.24.2.jar;C:\Users\gonzaloduranadasme\.m2\repository\net\bytebuddy\byte-buddy\1.14.12\byte-buddy-1.14.12.jar;C:\Users\gonzaloduranadasme\.m2\repository\org\awaitility\awaitility\4.2.0\awaitility-4.2.0.jar;C:\Users\gonzaloduranadasme\.m2\repository\org\hamcrest\hamcrest\2.2\hamcrest-2.2.jar;C:\Users\gonzaloduranadasme\.m2\repository\org\junit\jupiter\junit-jupiter\5.10.2\junit-jupiter-5.10.2.jar;C:\Users\gonzaloduranadasme\.m2\repository\org\junit\jupiter\junit-jupiter-api\5.10.2\junit-jupiter-api-5.10.2.jar;C:\Users\gonzaloduranadasme\.m2\repository\org\opentest4j\opentest4j\1.3.0\opentest4j-1.3.0.jar;C:\Users\gonzaloduranadasme\.m2\repository\org\junit\platform\junit-platform-commons\1.10.2\junit-platform-commons-1.10.2.jar;C:\Users\gonzaloduranadasme\.m2\repository\org\apiguardian\apiguardian-api\1.1.2\apiguardian-api-1.1.2.jar;C:\Users\gonzaloduranadasme\.m2\repository\org\junit\jupiter\junit-jupiter-params\5.10.2\junit-jupiter-params-5.10.2.jar;C:\Users\gonzaloduranadasme\.m2\repository\org\junit\jupiter\junit-jupiter-engine\5.10.2\junit-jupiter-engine-5.10.2.jar;C:\Users\gonzaloduranadasme\.m2\repository\org\junit\platform\junit-platform-engine\1.10.2\junit-platform-engine-1.10.2.jar;C:\Users\gonzaloduranadasme\.m2\repository\org\mockito\mockito-core\5.7.0\mockito-core-5.7.0.jar;C:\Users\gonzaloduranadasme\.m2\repository\net\bytebuddy\byte-buddy-agent\1.14.12\byte-buddy-agent-1.14.12.jar;C:\Users\gonzaloduranadasme\.m2\repository\org\objenesis\objenesis\3.3\objenesis-3.3.jar;C:\Users\gonzaloduranadasme\.m2\repository\org\mockito\mockito-junit-jupiter\5.7.0\mockito-junit-jupiter-5.7.0.jar;C:\Users\gonzaloduranadasme\.m2\repository\org\skyscreamer\jsonassert\1.5.1\jsonassert-1.5.1.jar;C:\Users\gonzaloduranadasme\.m2\repository\com\vaadin\external\google\android-json\0.0.20131108.vaadin1\android-json-0.0.20131108.vaadin1.jar;C:\Users\gonzaloduranadasme\.m2\repository\org\springframework\spring-core\6.1.5\spring-core-6.1.5.jar;C:\Users\gonzaloduranadasme\.m2\repository\org\springframework\spring-jcl\6.1.5\spring-jcl-6.1.5.jar;C:\Users\gonzaloduranadasme\.m2\repository\org\springframework\spring-test\6.1.5\spring-test-6.1.5.jar;C:\Users\gonzaloduranadasme\.m2\repository\org\xmlunit\xmlunit-core\2.9.1\xmlunit-core-2.9.1.jar;C:\Users\gonzaloduranadasme\.m2\repository\org\springframework\boot\spring-boot-starter-data-jpa\3.2.4\spring-boot-starter-data-jpa-3.2.4.jar;C:\Users\gonzaloduranadasme\.m2\repository\org\springframework\boot\spring-boot-starter-aop\3.2.4\spring-boot-starter-aop-3.2.4.jar;C:\Users\gonzaloduranadasme\.m2\repository\org\aspectj\aspectjweaver\1.9.21\aspectjweaver-1.9.21.jar;C:\Users\gonzaloduranadasme\.m2\repository\org\springframework\boot\spring-boot-starter-jdbc\3.2.4\spring-boot-starter-jdbc-3.2.4.jar;C:\Users\gonzaloduranadasme\.m2\repository\com\zaxxer\HikariCP\5.0.1\HikariCP-5.0.1.jar;C:\Users\gonzaloduranadasme\.m2\repository\org\springframework\spring-jdbc\6.1.5\spring-jdbc-6.1.5.jar;C:\Users\gonzaloduranadasme\.m2\repository\org\hibernate\orm\hibernate-core\6.4.4.Final\hibernate-core-6.4.4.Final.jar;C:\Users\gonzaloduranadasme\.m2\repository\jakarta\persistence\jakarta.persistence-api\3.1.0\jakarta.persistence-api-3.1.0.jar;C:\Users\gonzaloduranadasme\.m2\repository\jakarta\transaction\jakarta.transaction-api\2.0.1\jakarta.transaction-api-2.0.1.jar;C:\Users\gonzaloduranadasme\.m2\repository\org\jboss\logging\jboss-logging\3.5.3.Final\jboss-logging-3.5.3.Final.jar;C:\Users\gonzaloduranadasme\.m2\repository\org\hibernate\common\hibernate-commons-annotations\6.0.6.Final\hibernate-commons-annotations-6.0.6.Final.jar;C:\Users\gonzaloduranadasme\.m2\repository\io\smallrye\jandex\3.1.2\jandex-3.1.2.jar;C:\Users\gonzaloduranadasme\.m2\repository\com\fasterxml\classmate\1.6.0\classmate-1.6.0.jar;C:\Users\gonzaloduranadasme\.m2\repository\org\glassfish\jaxb\jaxb-runtime\4.0.5\jaxb-runtime-4.0.5.jar;C:\Users\gonzaloduranadasme\.m2\repository\org\glassfish\jaxb\jaxb-core\4.0.5\jaxb-core-4.0.5.jar;C:\Users\gonzaloduranadasme\.m2\repository\org\eclipse\angus\angus-activation\2.0.2\angus-activation-2.0.2.jar;C:\Users\gonzaloduranadasme\.m2\repository\org\glassfish\jaxb\txw2\4.0.5\txw2-4.0.5.jar;C:\Users\gonzaloduranadasme\.m2\repository\com\sun\istack\istack-commons-runtime\4.1.2\istack-commons-runtime-4.1.2.jar;C:\Users\gonzaloduranadasme\.m2\repository\jakarta\inject\jakarta.inject-api\2.0.1\jakarta.inject-api-2.0.1.jar;C:\Users\gonzaloduranadasme\.m2\repository\org\antlr\antlr4-runtime\4.13.0\antlr4-runtime-4.13.0.jar;C:\Users\gonzaloduranadasme\.m2\repository\org\springframework\data\spring-data-jpa\3.2.4\spring-data-jpa-3.2.4.jar;C:\Users\gonzaloduranadasme\.m2\repository\org\springframework\data\spring-data-commons\3.2.4\spring-data-commons-3.2.4.jar;C:\Users\gonzaloduranadasme\.m2\repository\org\springframework\spring-orm\6.1.5\spring-orm-6.1.5.jar;C:\Users\gonzaloduranadasme\.m2\repository\org\springframework\spring-tx\6.1.5\spring-tx-6.1.5.jar;C:\Users\gonzaloduranadasme\.m2\repository\org\springframework\spring-aspects\6.1.5\spring-aspects-6.1.5.jar;C:\Users\gonzaloduranadasme\.m2\repository\com\oracle\database\jdbc\ojdbc11\21.9.0.0\ojdbc11-21.9.0.0.jar;C:\Users\gonzaloduranadasme\.m2\repository\com\oracle\database\security\oraclepki\21.5.0.0\oraclepki-21.5.0.0.jar;C:\Users\gonzaloduranadasme\.m2\repository\com\oracle\database\security\osdt_cert\21.5.0.0\osdt_cert-21.5.0.0.jar;C:\Users\gonzaloduranadasme\.m2\repository\com\oracle\database\security\osdt_core\21.5.0.0\osdt_core-21.5.0.0.jar;C:\Users\gonzaloduranadasme\.m2\repository\org\springframework\boot\spring-boot-starter-validation\3.2.4\spring-boot-starter-validation-3.2.4.jar;C:\Users\gonzaloduranadasme\.m2\repository\org\apache\tomcat\embed\tomcat-embed-el\10.1.19\tomcat-embed-el-10.1.19.jar;C:\Users\gonzaloduranadasme\.m2\repository\org\hibernate\validator\hibernate-validator\8.0.1.Final\hibernate-validator-8.0.1.Final.jar;C:\Users\gonzaloduranadasme\.m2\repository\jakarta\validation\jakarta.validation-api\3.0.2\jakarta.validation-api-3.0.2.jar;C:\Users\gonzaloduranadasme\.m2\repository\org\springframework\boot\spring-boot-starter-hateoas\3.2.4\spring-boot-starter-hateoas-3.2.4.jar;C:\Users\gonzaloduranadasme\.m2\repository\org\springframework\hateoas\spring-hateoas\2.2.1\spring-hateoas-2.2.1.jar;C:\Users\gonzaloduranadasme\.m2\repository\org\springframework\plugin\spring-plugin-core\3.0.0\spring-plugin-core-3.0.0.jar;, sun.cpu.endian=little, hibernate.cdi.extensions=true, user.home=C:\Users\gonzaloduranadasme, user.language=es, java.specification.vendor=Oracle Corporation, java.version.date=2024-01-16, java.home=C:\Program Files\Java\jdk-21, file.separator=\, basedir=C:\Users\gonzaloduranadasme\Documents\GitHub\gon.duran\pacientes, java.vm.compressedOopsMode=32-bit, line.separator=
, hibernate.persistenceUnitName=default, java.vm.specification.vendor=Oracle Corporation, java.specification.name=Java Platform API Specification, FILE_LOG_CHARSET=UTF-8, hibernate.transaction.coordinator_class=class org.hibernate.resource.transaction.backend.jdbc.internal.JdbcResourceLocalTransactionCoordinatorBuilderImpl, java.awt.headless=true, surefire.real.class.path=C:\Users\gonzaloduranadasme\AppData\Local\Temp\surefire13811486604983559334\surefirebooter-20240429221547736_3.jar, jakarta.persistence.validation.mode=AUTO, user.script=, sun.management.compiler=HotSpot 64-Bit Tiered Compilers, java.runtime.version=21.0.2+13-LTS-58, user.name=gonzaloduranadasme, stdout.encoding=Cp1252, path.separator=;, os.version=10.0, java.runtime.name=Java(TM) SE Runtime Environment, file.encoding=UTF-8, java.vm.name=Java HotSpot(TM) 64-Bit Server VM, hibernate.show_sql=true, localRepository=C:\Users\gonzaloduranadasme\.m2\repository, java.vendor.url.bug=https://bugreport.java.com/bugreport/, java.io.tmpdir=C:\Users\GONZAL~1\AppData\Local\Temp\, java.version=21.0.2, hibernate.physical_naming_strategy=org.hibernate.boot.model.naming.CamelCaseToUnderscoresNamingStrategy, user.dir=C:\Users\gonzaloduranadasme\Documents\GitHub\gon.duran\pacientes, os.arch=amd64, java.vm.specification.name=Java Virtual Machine Specification, PID=13756, sun.os.patch.level=, CONSOLE_LOG_CHARSET=UTF-8, hibernate.boot.CfgXmlAccessService.key=org.hibernate.boot.registry.StandardServiceRegistryBuilder$1@25e60726, native.encoding=Cp1252, java.library.path=C:\Program Files\Java\jdk-21\bin;C:\Windows\Sun\Java\bin;C:\Windows\system32;C:\Windows;C:\Program Files\Parallels\Parallels Tools\Applications;C:\Oracle\Product\OraDB19c\bin;C:\Program Files\Common Files\Oracle\Java\javapath;C:\Windows\system32;C:\Windows;C:\Windows\System32\Wbem;C:\Windows\System32\WindowsPowerShell\v1.0\;C:\Windows\System32\OpenSSH\;C:\Program Files\Git\cmd;C:\Program Files\Docker\Docker\resources\bin;C:\Program Files\WinMerge;C:\Users\gonzaloduranadasme\AppData\Local\Microsoft\WindowsApps;C:\Users\gonzaloduranadasme\AppData\Local\Programs\Microsoft VS Code\bin;C:\Users\gonzaloduranadasme\AppData\Local\GitHubDesktop\bin;C:\apache-maven-3.9.6\bin;;., stderr.encoding=Cp1252, java.vendor=Oracle Corporation, java.vm.info=mixed mode, sharing, java.vm.version=21.0.2+13-LTS-58, sun.io.unicode.encoding=UnicodeLittle, hibernate.archive.scanner=org.hibernate.boot.archive.scan.internal.DisabledScanner, hibernate.connection.datasource=HikariDataSource (HikariPool-3), java.class.version=65.0, LOGGED_APPLICATION_NAME=[pacientes] }
2024-04-29T22:16:15.381-04:00 DEBUG 13756 --- [pacientes] [           main] o.hibernate.internal.SessionFactoryImpl  : Session factory constructed with filter configurations : {}
2024-04-29T22:16:15.386-04:00 DEBUG 13756 --- [pacientes] [           main] o.h.v.i.xml.config.ValidationXmlParser   : Trying to load META-INF/validation.xml for XML based Validator configuration.
2024-04-29T22:16:15.386-04:00 DEBUG 13756 --- [pacientes] [           main] o.h.v.i.xml.config.ResourceLoaderHelper  : Trying to load META-INF/validation.xml via TCCL
2024-04-29T22:16:15.387-04:00 DEBUG 13756 --- [pacientes] [           main] o.h.v.i.xml.config.ResourceLoaderHelper  : Trying to load META-INF/validation.xml via Hibernate Validator's class loader
2024-04-29T22:16:15.387-04:00 DEBUG 13756 --- [pacientes] [           main] o.h.v.i.xml.config.ValidationXmlParser   : No META-INF/validation.xml found. Using annotation based configuration only.
2024-04-29T22:16:15.387-04:00 DEBUG 13756 --- [pacientes] [           main] o.h.v.i.e.resolver.TraversableResolvers  : Found jakarta.persistence.Persistence on classpath containing 'getPersistenceUtil'. Assuming JPA 2 environment. Trying to instantiate JPA aware TraversableResolver
2024-04-29T22:16:15.387-04:00 DEBUG 13756 --- [pacientes] [           main] o.h.v.i.e.resolver.TraversableResolvers  : Instantiated JPA aware TraversableResolver of type org.hibernate.validator.internal.engine.resolver.JPATraversableResolver.
2024-04-29T22:16:15.396-04:00 DEBUG 13756 --- [pacientes] [           main] .h.v.m.ResourceBundleMessageInterpolator : Loaded expression factory via original TCCL
2024-04-29T22:16:15.402-04:00 DEBUG 13756 --- [pacientes] [           main] .i.e.ValidatorFactoryConfigurationHelper : HV000252: Using org.hibernate.validator.internal.engine.DefaultPropertyNodeNameProvider as property node name provider.
2024-04-29T22:16:15.406-04:00 DEBUG 13756 --- [pacientes] [           main] .i.e.ValidatorFactoryConfigurationHelper : HV000234: Using org.hibernate.validator.messageinterpolation.ResourceBundleMessageInterpolator as ValidatorFactory-scoped message interpolator.
2024-04-29T22:16:15.406-04:00 DEBUG 13756 --- [pacientes] [           main] .i.e.ValidatorFactoryConfigurationHelper : HV000234: Using org.hibernate.validator.internal.engine.resolver.JPATraversableResolver as ValidatorFactory-scoped traversable resolver.
2024-04-29T22:16:15.406-04:00 DEBUG 13756 --- [pacientes] [           main] .i.e.ValidatorFactoryConfigurationHelper : HV000234: Using org.hibernate.validator.internal.util.ExecutableParameterNameProvider as ValidatorFactory-scoped parameter name provider.
2024-04-29T22:16:15.406-04:00 DEBUG 13756 --- [pacientes] [           main] .i.e.ValidatorFactoryConfigurationHelper : HV000234: Using org.hibernate.validator.internal.engine.DefaultClockProvider as ValidatorFactory-scoped clock provider.
2024-04-29T22:16:15.406-04:00 DEBUG 13756 --- [pacientes] [           main] .i.e.ValidatorFactoryConfigurationHelper : HV000234: Using org.hibernate.validator.internal.engine.scripting.DefaultScriptEvaluatorFactory as ValidatorFactory-scoped script evaluator factory.
2024-04-29T22:16:15.407-04:00 DEBUG 13756 --- [pacientes] [           main] o.h.boot.internal.ClassLoaderAccessImpl  : Not known whether passed class name [com.example.pacientes.model.Paciente] is safe
2024-04-29T22:16:15.407-04:00 DEBUG 13756 --- [pacientes] [           main] o.h.boot.internal.ClassLoaderAccessImpl  : No temp ClassLoader provided; using live ClassLoader for loading potentially unsafe class : com.example.pacientes.model.Paciente
2024-04-29T22:16:15.526-04:00 DEBUG 13756 --- [pacientes] [           main] o.h.boot.internal.ClassLoaderAccessImpl  : Not known whether passed class name [com.example.pacientes.model.HistorialMedico] is safe
2024-04-29T22:16:15.526-04:00 DEBUG 13756 --- [pacientes] [           main] o.h.boot.internal.ClassLoaderAccessImpl  : No temp ClassLoader provided; using live ClassLoader for loading potentially unsafe class : com.example.pacientes.model.HistorialMedico
2024-04-29T22:16:15.563-04:00 DEBUG 13756 --- [pacientes] [           main] o.h.boot.internal.ClassLoaderAccessImpl  : Not known whether passed class name [com.example.pacientes.model.Consulta] is safe
2024-04-29T22:16:15.563-04:00 DEBUG 13756 --- [pacientes] [           main] o.h.boot.internal.ClassLoaderAccessImpl  : No temp ClassLoader provided; using live ClassLoader for loading potentially unsafe class : com.example.pacientes.model.Consulta
2024-04-29T22:16:15.592-04:00 DEBUG 13756 --- [pacientes] [           main] .h.s.i.SessionFactoryServiceRegistryImpl : EventListenerRegistry access via ServiceRegistry is deprecated.  Use `sessionFactory.getEventEngine().getListenerRegistry()` instead
2024-04-29T22:16:15.593-04:00 DEBUG 13756 --- [pacientes] [           main] .h.t.s.s.SchemaManagementToolCoordinator : No schema actions specified for contributor `orm`; doing nothing
2024-04-29T22:16:15.603-04:00 DEBUG 13756 --- [pacientes] [           main] o.h.q.sqm.function.SqmFunctionRegistry   : Registered SqmFunctionTemplate [NamedSqmFunctionTemplate(max)] under max; prior registration was null
2024-04-29T22:16:15.603-04:00 DEBUG 13756 --- [pacientes] [           main] o.h.q.sqm.function.SqmFunctionRegistry   : Registered SqmFunctionTemplate [NamedSqmFunctionTemplate(min)] under min; prior registration was null
2024-04-29T22:16:15.604-04:00 DEBUG 13756 --- [pacientes] [           main] o.h.q.sqm.function.SqmFunctionRegistry   : Registered SqmFunctionTemplate [NamedSqmFunctionTemplate(sum)] under sum; prior registration was null
2024-04-29T22:16:15.604-04:00 DEBUG 13756 --- [pacientes] [           main] o.h.q.sqm.function.SqmFunctionRegistry   : Registered SqmFunctionTemplate [NamedSqmFunctionTemplate(avg)] under avg; prior registration was null
2024-04-29T22:16:15.604-04:00 DEBUG 13756 --- [pacientes] [           main] o.h.q.sqm.function.SqmFunctionRegistry   : Registered SqmFunctionTemplate [org.hibernate.dialect.function.CountFunction@26c09f3f] under count; prior registration was null
2024-04-29T22:16:15.604-04:00 DEBUG 13756 --- [pacientes] [           main] o.h.q.sqm.function.SqmFunctionRegistry   : Registered SqmFunctionTemplate [org.hibernate.dialect.function.EveryAnyEmulation@37d92db4] under every; prior registration was null
2024-04-29T22:16:15.604-04:00 DEBUG 13756 --- [pacientes] [           main] o.h.q.sqm.function.SqmFunctionRegistry   : Registered SqmFunctionTemplate [org.hibernate.dialect.function.EveryAnyEmulation@7fa9e773] under any; prior registration was null
2024-04-29T22:16:15.604-04:00 DEBUG 13756 --- [pacientes] [           main] o.h.q.sqm.function.SqmFunctionRegistry   : Registered SqmFunctionTemplate [NamedSqmFunctionTemplate(floor)] under floor; prior registration was null
2024-04-29T22:16:15.604-04:00 DEBUG 13756 --- [pacientes] [           main] o.h.q.sqm.function.SqmFunctionRegistry   : Registered SqmFunctionTemplate [NamedSqmFunctionTemplate(ceiling)] under ceiling; prior registration was null
2024-04-29T22:16:15.604-04:00 DEBUG 13756 --- [pacientes] [           main] o.h.q.sqm.function.SqmFunctionRegistry   : Registered SqmFunctionTemplate [NamedSqmFunctionTemplate(mod)] under mod; prior registration was null
2024-04-29T22:16:15.605-04:00 DEBUG 13756 --- [pacientes] [           main] o.h.q.sqm.function.SqmFunctionRegistry   : Registered SqmFunctionTemplate [NamedSqmFunctionTemplate(abs)] under abs; prior registration was null
2024-04-29T22:16:15.605-04:00 DEBUG 13756 --- [pacientes] [           main] o.h.q.sqm.function.SqmFunctionRegistry   : Registered SqmFunctionTemplate [NamedSqmFunctionTemplate(sign)] under sign; prior registration was null
2024-04-29T22:16:15.605-04:00 DEBUG 13756 --- [pacientes] [           main] o.h.q.sqm.function.SqmFunctionRegistry   : Registered SqmFunctionTemplate [NamedSqmFunctionTemplate(sqrt)] under sqrt; prior registration was null
2024-04-29T22:16:15.605-04:00 DEBUG 13756 --- [pacientes] [           main] o.h.q.sqm.function.SqmFunctionRegistry   : Registered SqmFunctionTemplate [NamedSqmFunctionTemplate(ln)] under ln; prior registration was null
2024-04-29T22:16:15.606-04:00 DEBUG 13756 --- [pacientes] [           main] o.h.q.sqm.function.SqmFunctionRegistry   : Registered SqmFunctionTemplate [NamedSqmFunctionTemplate(exp)] under exp; prior registration was null
2024-04-29T22:16:15.606-04:00 DEBUG 13756 --- [pacientes] [           main] o.h.q.sqm.function.SqmFunctionRegistry   : Registered SqmFunctionTemplate [NamedSqmFunctionTemplate(power)] under power; prior registration was null
2024-04-29T22:16:15.606-04:00 DEBUG 13756 --- [pacientes] [           main] o.h.q.sqm.function.SqmFunctionRegistry   : Registered SqmFunctionTemplate [NamedSqmFunctionTemplate(round)] under round; prior registration was null
2024-04-29T22:16:15.606-04:00 DEBUG 13756 --- [pacientes] [           main] o.h.q.sqm.function.SqmFunctionRegistry   : Registered SqmFunctionTemplate [NamedSqmFunctionTemplate(sin)] under sin; prior registration was null
2024-04-29T22:16:15.606-04:00 DEBUG 13756 --- [pacientes] [           main] o.h.q.sqm.function.SqmFunctionRegistry   : Registered SqmFunctionTemplate [NamedSqmFunctionTemplate(cos)] under cos; prior registration was null
2024-04-29T22:16:15.606-04:00 DEBUG 13756 --- [pacientes] [           main] o.h.q.sqm.function.SqmFunctionRegistry   : Registered SqmFunctionTemplate [NamedSqmFunctionTemplate(tan)] under tan; prior registration was null
2024-04-29T22:16:15.606-04:00 DEBUG 13756 --- [pacientes] [           main] o.h.q.sqm.function.SqmFunctionRegistry   : Registered SqmFunctionTemplate [NamedSqmFunctionTemplate(asin)] under asin; prior registration was null
2024-04-29T22:16:15.606-04:00 DEBUG 13756 --- [pacientes] [           main] o.h.q.sqm.function.SqmFunctionRegistry   : Registered SqmFunctionTemplate [NamedSqmFunctionTemplate(acos)] under acos; prior registration was null
2024-04-29T22:16:15.606-04:00 DEBUG 13756 --- [pacientes] [           main] o.h.q.sqm.function.SqmFunctionRegistry   : Registered SqmFunctionTemplate [NamedSqmFunctionTemplate(atan)] under atan; prior registration was null
2024-04-29T22:16:15.606-04:00 DEBUG 13756 --- [pacientes] [           main] o.h.q.sqm.function.SqmFunctionRegistry   : Registered SqmFunctionTemplate [NamedSqmFunctionTemplate(atan2)] under atan2; prior registration was null
2024-04-29T22:16:15.607-04:00 DEBUG 13756 --- [pacientes] [           main] o.h.q.sqm.function.SqmFunctionRegistry   : Registered SqmFunctionTemplate [org.hibernate.query.sqm.function.PatternBasedSqmFunctionDescriptor@58ef1543] under sinh; prior registration was null
2024-04-29T22:16:15.607-04:00 DEBUG 13756 --- [pacientes] [           main] o.h.q.sqm.function.SqmFunctionRegistry   : Registered SqmFunctionTemplate [org.hibernate.query.sqm.function.PatternBasedSqmFunctionDescriptor@7af45006] under cosh; prior registration was null
2024-04-29T22:16:15.607-04:00 DEBUG 13756 --- [pacientes] [           main] o.h.q.sqm.function.SqmFunctionRegistry   : Registered SqmFunctionTemplate [org.hibernate.query.sqm.function.PatternBasedSqmFunctionDescriptor@4be7661] under tanh; prior registration was null
2024-04-29T22:16:15.607-04:00 DEBUG 13756 --- [pacientes] [           main] o.h.q.sqm.function.SqmFunctionRegistry   : Registered SqmFunctionTemplate [org.hibernate.query.sqm.function.PatternBasedSqmFunctionDescriptor@349c9bfa] under pi; prior registration was null
2024-04-29T22:16:15.607-04:00 DEBUG 13756 --- [pacientes] [           main] o.h.q.sqm.function.SqmFunctionRegistry   : Registered SqmFunctionTemplate [org.hibernate.query.sqm.function.PatternBasedSqmFunctionDescriptor@1479c527] under log; prior registration was null
2024-04-29T22:16:15.607-04:00 DEBUG 13756 --- [pacientes] [           main] o.h.q.sqm.function.SqmFunctionRegistry   : Registered SqmFunctionTemplate [NamedSqmFunctionTemplate(coalesce)] under coalesce; prior registration was null
2024-04-29T22:16:15.607-04:00 DEBUG 13756 --- [pacientes] [           main] o.h.q.sqm.function.SqmFunctionRegistry   : Registered SqmFunctionTemplate [NamedSqmFunctionTemplate(nullif)] under nullif; prior registration was null
2024-04-29T22:16:15.607-04:00 DEBUG 13756 --- [pacientes] [           main] o.h.q.sqm.function.SqmFunctionRegistry   : Registered SqmFunctionTemplate [NamedSqmFunctionTemplate(left)] under left; prior registration was null
2024-04-29T22:16:15.607-04:00 DEBUG 13756 --- [pacientes] [           main] o.h.q.sqm.function.SqmFunctionRegistry   : Registered SqmFunctionTemplate [NamedSqmFunctionTemplate(right)] under right; prior registration was null
2024-04-29T22:16:15.607-04:00 DEBUG 13756 --- [pacientes] [           main] o.h.q.sqm.function.SqmFunctionRegistry   : Registered SqmFunctionTemplate [NamedSqmFunctionTemplate(replace)] under replace; prior registration was null
2024-04-29T22:16:15.607-04:00 DEBUG 13756 --- [pacientes] [           main] o.h.q.sqm.function.SqmFunctionRegistry   : Registered SqmFunctionTemplate [NamedSqmFunctionTemplate(concat)] under concat; prior registration was null
2024-04-29T22:16:15.607-04:00 DEBUG 13756 --- [pacientes] [           main] o.h.q.sqm.function.SqmFunctionRegistry   : Registered SqmFunctionTemplate [NamedSqmFunctionTemplate(lower)] under lower; prior registration was null
2024-04-29T22:16:15.607-04:00 DEBUG 13756 --- [pacientes] [           main] o.h.q.sqm.function.SqmFunctionRegistry   : Registered SqmFunctionTemplate [NamedSqmFunctionTemplate(upper)] under upper; prior registration was null
2024-04-29T22:16:15.607-04:00 DEBUG 13756 --- [pacientes] [           main] o.h.q.sqm.function.SqmFunctionRegistry   : Registered SqmFunctionTemplate [NamedSqmFunctionTemplate(substring)] under substring; prior registration was null
2024-04-29T22:16:15.607-04:00 DEBUG 13756 --- [pacientes] [           main] o.h.q.sqm.function.SqmFunctionRegistry   : Registered SqmFunctionTemplate [NamedSqmFunctionTemplate(locate)] under locate; prior registration was null
2024-04-29T22:16:15.608-04:00 DEBUG 13756 --- [pacientes] [           main] o.h.q.sqm.function.SqmFunctionRegistry   : Registered SqmFunctionTemplate [NamedSqmFunctionTemplate(character_length)] under character_length; prior registration was null
2024-04-29T22:16:15.608-04:00 DEBUG 13756 --- [pacientes] [           main] o.h.q.sqm.function.SqmFunctionRegistry   : Registering alternate key : length -> character_length
2024-04-29T22:16:15.608-04:00 DEBUG 13756 --- [pacientes] [           main] o.h.q.sqm.function.SqmFunctionRegistry   : Registered SqmFunctionTemplate [org.hibernate.dialect.function.LocatePositionEmulation@4c55d3ce] under position; prior registration was null
2024-04-29T22:16:15.608-04:00 DEBUG 13756 --- [pacientes] [           main] o.h.q.sqm.function.SqmFunctionRegistry   : Registered SqmFunctionTemplate [org.hibernate.dialect.function.InsertSubstringOverlayEmulation@3bafa95b] under overlay; prior registration was null
2024-04-29T22:16:15.608-04:00 DEBUG 13756 --- [pacientes] [           main] o.h.q.sqm.function.SqmFunctionRegistry   : Registered SqmFunctionTemplate [org.hibernate.dialect.function.TrimFunction@6bbcb69f] under trim; prior registration was null
2024-04-29T22:16:15.608-04:00 DEBUG 13756 --- [pacientes] [           main] o.h.q.sqm.function.SqmFunctionRegistry   : Registered SqmFunctionTemplate [org.hibernate.dialect.function.CastFunction@31360632] under cast; prior registration was null
2024-04-29T22:16:15.608-04:00 DEBUG 13756 --- [pacientes] [           main] o.h.q.sqm.function.SqmFunctionRegistry   : Registered SqmFunctionTemplate [org.hibernate.query.sqm.function.PatternBasedSqmFunctionDescriptor@531f6879] under collate; prior registration was null
2024-04-29T22:16:15.608-04:00 DEBUG 13756 --- [pacientes] [           main] o.h.q.sqm.function.SqmFunctionRegistry   : Registered SqmFunctionTemplate [org.hibernate.dialect.function.ExtractFunction@153ce630] under extract; prior registration was null
2024-04-29T22:16:15.662-04:00 DEBUG 13756 --- [pacientes] [           main] o.h.q.sqm.function.SqmFunctionRegistry   : Registered SqmFunctionTemplate [NamedSqmFunctionTemplate(least)] under least; prior registration was null
2024-04-29T22:16:15.676-04:00 DEBUG 13756 --- [pacientes] [           main] o.h.q.sqm.function.SqmFunctionRegistry   : Registered SqmFunctionTemplate [NamedSqmFunctionTemplate(greatest)] under greatest; prior registration was null
2024-04-29T22:16:15.680-04:00 DEBUG 13756 --- [pacientes] [           main] o.h.q.sqm.function.SqmFunctionRegistry   : Registered SqmFunctionTemplate [org.hibernate.dialect.function.CoalesceIfnullEmulation@1b3aa246] under ifnull; prior registration was null
2024-04-29T22:16:15.680-04:00 DEBUG 13756 --- [pacientes] [           main] o.h.q.sqm.function.SqmFunctionRegistry   : Registered SqmFunctionTemplate [NamedSqmFunctionTemplate(lpad)] under lpad; prior registration was null
2024-04-29T22:16:15.681-04:00 DEBUG 13756 --- [pacientes] [           main] o.h.q.sqm.function.SqmFunctionRegistry   : Registered SqmFunctionTemplate [NamedSqmFunctionTemplate(rpad)] under rpad; prior registration was null
2024-04-29T22:16:15.682-04:00 DEBUG 13756 --- [pacientes] [           main] o.h.q.sqm.function.SqmFunctionRegistry   : Registered SqmFunctionTemplate [org.hibernate.dialect.function.LpadRpadPadEmulation@1abc3085] under pad; prior registration was null
2024-04-29T22:16:15.682-04:00 DEBUG 13756 --- [pacientes] [           main] o.h.q.sqm.function.SqmFunctionRegistry   : Registered SqmFunctionTemplate [org.hibernate.dialect.function.CastStrEmulation@32c8df0b] under str; prior registration was null
2024-04-29T22:16:15.682-04:00 DEBUG 13756 --- [pacientes] [           main] o.h.q.sqm.function.SqmFunctionRegistry   : Registered SqmFunctionTemplate [org.hibernate.dialect.function.FormatFunction@4037a204] under format; prior registration was null
2024-04-29T22:16:15.683-04:00 DEBUG 13756 --- [pacientes] [           main] o.h.q.sqm.function.SqmFunctionRegistry   : Registered SqmFunctionTemplate [org.hibernate.dialect.function.TimestampaddFunction@ed110d6] under timestampadd; prior registration was null
2024-04-29T22:16:15.683-04:00 DEBUG 13756 --- [pacientes] [           main] o.h.q.sqm.function.SqmFunctionRegistry   : Registered SqmFunctionTemplate [org.hibernate.dialect.function.TimestampdiffFunction@75922191] under timestampdiff; prior registration was null
2024-04-29T22:16:15.684-04:00 DEBUG 13756 --- [pacientes] [           main] o.h.q.sqm.function.SqmFunctionRegistry   : Registering alternate key : dateadd -> timestampadd
2024-04-29T22:16:15.684-04:00 DEBUG 13756 --- [pacientes] [           main] o.h.q.sqm.function.SqmFunctionRegistry   : Registering alternate key : datediff -> timestampdiff
2024-04-29T22:16:15.684-04:00 DEBUG 13756 --- [pacientes] [           main] o.h.q.sqm.function.SqmFunctionRegistry   : Registered SqmFunctionTemplate [org.hibernate.dialect.function.CurrentFunction@15688af] under current_date; prior registration was null
2024-04-29T22:16:15.685-04:00 DEBUG 13756 --- [pacientes] [           main] o.h.q.sqm.function.SqmFunctionRegistry   : Registered SqmFunctionTemplate [org.hibernate.dialect.function.CurrentFunction@7c8c2d03] under current_time; prior registration was null
2024-04-29T22:16:15.685-04:00 DEBUG 13756 --- [pacientes] [           main] o.h.q.sqm.function.SqmFunctionRegistry   : Registered SqmFunctionTemplate [org.hibernate.dialect.function.CurrentFunction@7addc5e4] under current_timestamp; prior registration was null
2024-04-29T22:16:15.685-04:00 DEBUG 13756 --- [pacientes] [           main] o.h.q.sqm.function.SqmFunctionRegistry   : Registering alternate key : current date -> current_date
2024-04-29T22:16:15.685-04:00 DEBUG 13756 --- [pacientes] [           main] o.h.q.sqm.function.SqmFunctionRegistry   : Registering alternate key : current time -> current_time
2024-04-29T22:16:15.686-04:00 DEBUG 13756 --- [pacientes] [           main] o.h.q.sqm.function.SqmFunctionRegistry   : Registering alternate key : current timestamp -> current_timestamp
2024-04-29T22:16:15.687-04:00 DEBUG 13756 --- [pacientes] [           main] o.h.q.sqm.function.SqmFunctionRegistry   : Registered SqmFunctionTemplate [org.hibernate.dialect.function.CurrentFunction@1e27ed87] under local_date; prior registration was null
2024-04-29T22:16:15.687-04:00 DEBUG 13756 --- [pacientes] [           main] o.h.q.sqm.function.SqmFunctionRegistry   : Registered SqmFunctionTemplate [org.hibernate.dialect.function.CurrentFunction@2b811d1c] under local_time; prior registration was null
2024-04-29T22:16:15.688-04:00 DEBUG 13756 --- [pacientes] [           main] o.h.q.sqm.function.SqmFunctionRegistry   : Registered SqmFunctionTemplate [org.hibernate.dialect.function.CurrentFunction@36f8c95a] under local_datetime; prior registration was null
2024-04-29T22:16:15.688-04:00 DEBUG 13756 --- [pacientes] [           main] o.h.q.sqm.function.SqmFunctionRegistry   : Registered SqmFunctionTemplate [org.hibernate.dialect.function.CurrentFunction@221ec884] under offset_datetime; prior registration was null
2024-04-29T22:16:15.688-04:00 DEBUG 13756 --- [pacientes] [           main] o.h.q.sqm.function.SqmFunctionRegistry   : Registering alternate key : local date -> local_date
2024-04-29T22:16:15.689-04:00 DEBUG 13756 --- [pacientes] [           main] o.h.q.sqm.function.SqmFunctionRegistry   : Registering alternate key : local time -> local_time
2024-04-29T22:16:15.689-04:00 DEBUG 13756 --- [pacientes] [           main] o.h.q.sqm.function.SqmFunctionRegistry   : Registering alternate key : local datetime -> local_datetime
2024-04-29T22:16:15.689-04:00 DEBUG 13756 --- [pacientes] [           main] o.h.q.sqm.function.SqmFunctionRegistry   : Registering alternate key : offset datetime -> offset_datetime
2024-04-29T22:16:15.689-04:00 DEBUG 13756 --- [pacientes] [           main] o.h.q.sqm.function.SqmFunctionRegistry   : Registered SqmFunctionTemplate [org.hibernate.dialect.function.CurrentFunction@3f44295] under instant; prior registration was null
2024-04-29T22:16:15.690-04:00 DEBUG 13756 --- [pacientes] [           main] o.h.q.sqm.function.SqmFunctionRegistry   : Registering alternate key : current_instant -> instant
2024-04-29T22:16:15.690-04:00 DEBUG 13756 --- [pacientes] [           main] o.h.q.sqm.function.SqmFunctionRegistry   : Registered SqmFunctionTemplate [org.hibernate.dialect.function.SqlFunction@20bed60a] under sql; prior registration was null
2024-04-29T22:16:15.690-04:00 DEBUG 13756 --- [pacientes] [           main] o.h.q.sqm.function.SqmFunctionRegistry   : Registered SqmFunctionTemplate [NamedSqmFunctionTemplate(ascii)] under ascii; prior registration was null
2024-04-29T22:16:15.690-04:00 DEBUG 13756 --- [pacientes] [           main] o.h.q.sqm.function.SqmFunctionRegistry   : Registered SqmFunctionTemplate [NamedSqmFunctionTemplate(chr)] under chr; prior registration was null
2024-04-29T22:16:15.691-04:00 DEBUG 13756 --- [pacientes] [           main] o.h.q.sqm.function.SqmFunctionRegistry   : Registering alternate key : char -> chr
2024-04-29T22:16:15.692-04:00 DEBUG 13756 --- [pacientes] [           main] o.h.q.sqm.function.SqmFunctionRegistry   : Registered SqmFunctionTemplate [NamedSqmFunctionTemplate(cosh)] under cosh; prior registration was org.hibernate.query.sqm.function.PatternBasedSqmFunctionDescriptor@7af45006
2024-04-29T22:16:15.692-04:00 DEBUG 13756 --- [pacientes] [           main] o.h.q.sqm.function.SqmFunctionRegistry   : Registered SqmFunctionTemplate [NamedSqmFunctionTemplate(sinh)] under sinh; prior registration was org.hibernate.query.sqm.function.PatternBasedSqmFunctionDescriptor@58ef1543
2024-04-29T22:16:15.692-04:00 DEBUG 13756 --- [pacientes] [           main] o.h.q.sqm.function.SqmFunctionRegistry   : Registered SqmFunctionTemplate [NamedSqmFunctionTemplate(tanh)] under tanh; prior registration was org.hibernate.query.sqm.function.PatternBasedSqmFunctionDescriptor@4be7661
2024-04-29T22:16:15.692-04:00 DEBUG 13756 --- [pacientes] [           main] o.h.q.sqm.function.SqmFunctionRegistry   : Registered SqmFunctionTemplate [NamedSqmFunctionTemplate(log)] under log; prior registration was org.hibernate.query.sqm.function.PatternBasedSqmFunctionDescriptor@1479c527
2024-04-29T22:16:15.694-04:00 DEBUG 13756 --- [pacientes] [           main] o.h.q.sqm.function.SqmFunctionRegistry   : Registered SqmFunctionTemplate [org.hibernate.query.sqm.function.PatternBasedSqmFunctionDescriptor@507c795e] under log10; prior registration was null
2024-04-29T22:16:15.694-04:00 DEBUG 13756 --- [pacientes] [           main] o.h.q.sqm.function.SqmFunctionRegistry   : Registered SqmFunctionTemplate [NamedSqmFunctionTemplate(soundex)] under soundex; prior registration was null
2024-04-29T22:16:15.695-04:00 DEBUG 13756 --- [pacientes] [           main] o.h.q.sqm.function.SqmFunctionRegistry   : Registered SqmFunctionTemplate [NamedSqmFunctionTemplate(ltrim)] under ltrim; prior registration was null
2024-04-29T22:16:15.695-04:00 DEBUG 13756 --- [pacientes] [           main] o.h.q.sqm.function.SqmFunctionRegistry   : Registered SqmFunctionTemplate [NamedSqmFunctionTemplate(rtrim)] under rtrim; prior registration was null
2024-04-29T22:16:15.695-04:00 DEBUG 13756 --- [pacientes] [           main] o.h.q.sqm.function.SqmFunctionRegistry   : Registered SqmFunctionTemplate [NamedSqmFunctionTemplate(initcap)] under initcap; prior registration was null
2024-04-29T22:16:15.695-04:00 DEBUG 13756 --- [pacientes] [           main] o.h.q.sqm.function.SqmFunctionRegistry   : Registered SqmFunctionTemplate [NamedSqmFunctionTemplate(instr)] under instr; prior registration was null
2024-04-29T22:16:15.696-04:00 DEBUG 13756 --- [pacientes] [           main] o.h.q.sqm.function.SqmFunctionRegistry   : Registered SqmFunctionTemplate [NamedSqmFunctionTemplate(substr)] under substr; prior registration was null
2024-04-29T22:16:15.696-04:00 DEBUG 13756 --- [pacientes] [           main] o.h.q.sqm.function.SqmFunctionRegistry   : Registered SqmFunctionTemplate [NamedSqmFunctionTemplate(substr)] under substring; prior registration was NamedSqmFunctionTemplate(substring)
2024-04-29T22:16:15.697-04:00 DEBUG 13756 --- [pacientes] [           main] o.h.q.sqm.function.SqmFunctionRegistry   : Registered SqmFunctionTemplate [org.hibernate.query.sqm.function.PatternBasedSqmFunctionDescriptor@472c13d] under left; prior registration was NamedSqmFunctionTemplate(left)
2024-04-29T22:16:15.697-04:00 DEBUG 13756 --- [pacientes] [           main] o.h.q.sqm.function.SqmFunctionRegistry   : Registered SqmFunctionTemplate [org.hibernate.query.sqm.function.PatternBasedSqmFunctionDescriptor@2533cbcc] under right; prior registration was NamedSqmFunctionTemplate(right)
2024-04-29T22:16:15.697-04:00 DEBUG 13756 --- [pacientes] [           main] o.h.q.sqm.function.SqmFunctionRegistry   : Registered SqmFunctionTemplate [NamedSqmFunctionTemplate(translate)] under translate; prior registration was null
2024-04-29T22:16:15.697-04:00 DEBUG 13756 --- [pacientes] [           main] o.h.q.sqm.function.SqmFunctionRegistry   : Registered SqmFunctionTemplate [NamedSqmFunctionTemplate(bitand)] under bitand; prior registration was null
2024-04-29T22:16:15.697-04:00 DEBUG 13756 --- [pacientes] [           main] o.h.q.sqm.function.SqmFunctionRegistry   : Registered SqmFunctionTemplate [NamedSqmFunctionTemplate(last_day)] under last_day; prior registration was null
2024-04-29T22:16:15.702-04:00 DEBUG 13756 --- [pacientes] [           main] o.h.q.sqm.function.SqmFunctionRegistry   : Registered SqmFunctionTemplate [NamedSqmFunctionTemplate(to_number)] under to_number; prior registration was null
2024-04-29T22:16:15.703-04:00 DEBUG 13756 --- [pacientes] [           main] o.h.q.sqm.function.SqmFunctionRegistry   : Registered SqmFunctionTemplate [NamedSqmFunctionTemplate(to_char)] under to_char; prior registration was null
2024-04-29T22:16:15.703-04:00 DEBUG 13756 --- [pacientes] [           main] o.h.q.sqm.function.SqmFunctionRegistry   : Registered SqmFunctionTemplate [NamedSqmFunctionTemplate(to_date)] under to_date; prior registration was null
2024-04-29T22:16:15.704-04:00 DEBUG 13756 --- [pacientes] [           main] o.h.q.sqm.function.SqmFunctionRegistry   : Registered SqmFunctionTemplate [NamedSqmFunctionTemplate(to_timestamp)] under to_timestamp; prior registration was null
2024-04-29T22:16:15.704-04:00 DEBUG 13756 --- [pacientes] [           main] o.h.q.sqm.function.SqmFunctionRegistry   : Registered SqmFunctionTemplate [NamedSqmFunctionTemplate(ceil)] under ceil; prior registration was null
2024-04-29T22:16:15.716-04:00 DEBUG 13756 --- [pacientes] [           main] o.h.q.sqm.function.SqmFunctionRegistry   : Registering alternate key : ceiling -> ceil
2024-04-29T22:16:15.717-04:00 DEBUG 13756 --- [pacientes] [           main] o.h.q.sqm.function.SqmFunctionRegistry   : Registered SqmFunctionTemplate [org.hibernate.query.sqm.function.PatternBasedSqmFunctionDescriptor@73eb57e6] under concat; prior registration was NamedSqmFunctionTemplate(concat)
2024-04-29T22:16:15.717-04:00 DEBUG 13756 --- [pacientes] [           main] o.h.q.sqm.function.SqmFunctionRegistry   : Registered SqmFunctionTemplate [NamedSqmFunctionTemplate(rowid)] under rowid; prior registration was null
2024-04-29T22:16:15.717-04:00 DEBUG 13756 --- [pacientes] [           main] o.h.q.sqm.function.SqmFunctionRegistry   : Registered SqmFunctionTemplate [NamedSqmFunctionTemplate(rownum)] under rownum; prior registration was null
2024-04-29T22:16:15.717-04:00 DEBUG 13756 --- [pacientes] [           main] o.h.q.sqm.function.SqmFunctionRegistry   : Registered SqmFunctionTemplate [NamedSqmFunctionTemplate(sysdate)] under sysdate; prior registration was null
2024-04-29T22:16:15.717-04:00 DEBUG 13756 --- [pacientes] [           main] o.h.q.sqm.function.SqmFunctionRegistry   : Registered SqmFunctionTemplate [NamedSqmFunctionTemplate(systimestamp)] under systimestamp; prior registration was null
2024-04-29T22:16:15.718-04:00 DEBUG 13756 --- [pacientes] [           main] o.h.q.sqm.function.SqmFunctionRegistry   : Registered SqmFunctionTemplate [NamedSqmFunctionTemplate(add_months)] under add_months; prior registration was null
2024-04-29T22:16:15.719-04:00 DEBUG 13756 --- [pacientes] [           main] o.h.q.sqm.function.SqmFunctionRegistry   : Registered SqmFunctionTemplate [NamedSqmFunctionTemplate(months_between)] under months_between; prior registration was null
2024-04-29T22:16:15.719-04:00 DEBUG 13756 --- [pacientes] [           main] o.h.q.sqm.function.SqmFunctionRegistry   : Registered SqmFunctionTemplate [org.hibernate.dialect.function.MinMaxCaseEveryAnyEmulation@40ee664c] under every; prior registration was org.hibernate.dialect.function.EveryAnyEmulation@37d92db4
2024-04-29T22:16:15.719-04:00 DEBUG 13756 --- [pacientes] [           main] o.h.q.sqm.function.SqmFunctionRegistry   : Registered SqmFunctionTemplate [org.hibernate.dialect.function.MinMaxCaseEveryAnyEmulation@52072c45] under any; prior registration was org.hibernate.dialect.function.EveryAnyEmulation@7fa9e773
2024-04-29T22:16:15.719-04:00 DEBUG 13756 --- [pacientes] [           main] o.h.q.sqm.function.SqmFunctionRegistry   : Registered SqmFunctionTemplate [org.hibernate.query.sqm.function.PatternBasedSqmFunctionDescriptor@6951e062] under repeat; prior registration was null
2024-04-29T22:16:15.719-04:00 DEBUG 13756 --- [pacientes] [           main] o.h.q.sqm.function.SqmFunctionRegistry   : Registered SqmFunctionTemplate [org.hibernate.query.sqm.function.PatternBasedSqmFunctionDescriptor@402cdec9] under radians; prior registration was null
2024-04-29T22:16:15.720-04:00 DEBUG 13756 --- [pacientes] [           main] o.h.q.sqm.function.SqmFunctionRegistry   : Registered SqmFunctionTemplate [org.hibernate.query.sqm.function.PatternBasedSqmFunctionDescriptor@73430c86] under degrees; prior registration was null
2024-04-29T22:16:15.720-04:00 DEBUG 13756 --- [pacientes] [           main] o.h.q.sqm.function.SqmFunctionRegistry   : Registered SqmFunctionTemplate [NamedSqmFunctionTemplate(median)] under median; prior registration was null
2024-04-29T22:16:15.720-04:00 DEBUG 13756 --- [pacientes] [           main] o.h.q.sqm.function.SqmFunctionRegistry   : Registered SqmFunctionTemplate [NamedSqmFunctionTemplate(stddev)] under stddev; prior registration was null
2024-04-29T22:16:15.720-04:00 DEBUG 13756 --- [pacientes] [           main] o.h.q.sqm.function.SqmFunctionRegistry   : Registered SqmFunctionTemplate [NamedSqmFunctionTemplate(stddev_pop)] under stddev_pop; prior registration was null
2024-04-29T22:16:15.720-04:00 DEBUG 13756 --- [pacientes] [           main] o.h.q.sqm.function.SqmFunctionRegistry   : Registered SqmFunctionTemplate [NamedSqmFunctionTemplate(stddev_samp)] under stddev_samp; prior registration was null
2024-04-29T22:16:15.720-04:00 DEBUG 13756 --- [pacientes] [           main] o.h.q.sqm.function.SqmFunctionRegistry   : Registered SqmFunctionTemplate [NamedSqmFunctionTemplate(variance)] under variance; prior registration was null
2024-04-29T22:16:15.721-04:00 DEBUG 13756 --- [pacientes] [           main] o.h.q.sqm.function.SqmFunctionRegistry   : Registered SqmFunctionTemplate [NamedSqmFunctionTemplate(var_pop)] under var_pop; prior registration was null
2024-04-29T22:16:15.721-04:00 DEBUG 13756 --- [pacientes] [           main] o.h.q.sqm.function.SqmFunctionRegistry   : Registered SqmFunctionTemplate [NamedSqmFunctionTemplate(var_samp)] under var_samp; prior registration was null
2024-04-29T22:16:15.721-04:00 DEBUG 13756 --- [pacientes] [           main] o.h.q.sqm.function.SqmFunctionRegistry   : Registered SqmFunctionTemplate [NamedSqmFunctionTemplate(covar_pop)] under covar_pop; prior registration was null
2024-04-29T22:16:15.721-04:00 DEBUG 13756 --- [pacientes] [           main] o.h.q.sqm.function.SqmFunctionRegistry   : Registered SqmFunctionTemplate [NamedSqmFunctionTemplate(covar_samp)] under covar_samp; prior registration was null
2024-04-29T22:16:15.722-04:00 DEBUG 13756 --- [pacientes] [           main] o.h.q.sqm.function.SqmFunctionRegistry   : Registered SqmFunctionTemplate [NamedSqmFunctionTemplate(corr)] under corr; prior registration was null
2024-04-29T22:16:15.722-04:00 DEBUG 13756 --- [pacientes] [           main] o.h.q.sqm.function.SqmFunctionRegistry   : Registered SqmFunctionTemplate [NamedSqmFunctionTemplate(regr_avgx)] under regr_avgx; prior registration was null
2024-04-29T22:16:15.722-04:00 DEBUG 13756 --- [pacientes] [           main] o.h.q.sqm.function.SqmFunctionRegistry   : Registered SqmFunctionTemplate [NamedSqmFunctionTemplate(regr_avgy)] under regr_avgy; prior registration was null
2024-04-29T22:16:15.722-04:00 DEBUG 13756 --- [pacientes] [           main] o.h.q.sqm.function.SqmFunctionRegistry   : Registered SqmFunctionTemplate [NamedSqmFunctionTemplate(regr_count)] under regr_count; prior registration was null
2024-04-29T22:16:15.722-04:00 DEBUG 13756 --- [pacientes] [           main] o.h.q.sqm.function.SqmFunctionRegistry   : Registered SqmFunctionTemplate [NamedSqmFunctionTemplate(regr_intercept)] under regr_intercept; prior registration was null
2024-04-29T22:16:15.723-04:00 DEBUG 13756 --- [pacientes] [           main] o.h.q.sqm.function.SqmFunctionRegistry   : Registered SqmFunctionTemplate [NamedSqmFunctionTemplate(regr_r2)] under regr_r2; prior registration was null
2024-04-29T22:16:15.727-04:00 DEBUG 13756 --- [pacientes] [           main] o.h.q.sqm.function.SqmFunctionRegistry   : Registered SqmFunctionTemplate [NamedSqmFunctionTemplate(regr_slope)] under regr_slope; prior registration was null
2024-04-29T22:16:15.757-04:00 DEBUG 13756 --- [pacientes] [           main] o.h.q.sqm.function.SqmFunctionRegistry   : Registered SqmFunctionTemplate [NamedSqmFunctionTemplate(regr_sxx)] under regr_sxx; prior registration was null
2024-04-29T22:16:15.766-04:00 DEBUG 13756 --- [pacientes] [           main] o.h.q.sqm.function.SqmFunctionRegistry   : Registered SqmFunctionTemplate [NamedSqmFunctionTemplate(regr_sxy)] under regr_sxy; prior registration was null
2024-04-29T22:16:15.776-04:00 DEBUG 13756 --- [pacientes] [           main] o.h.q.sqm.function.SqmFunctionRegistry   : Registered SqmFunctionTemplate [NamedSqmFunctionTemplate(regr_syy)] under regr_syy; prior registration was null
2024-04-29T22:16:15.778-04:00 DEBUG 13756 --- [pacientes] [           main] o.h.q.sqm.function.SqmFunctionRegistry   : Registered SqmFunctionTemplate [org.hibernate.dialect.function.LengthFunction@184d73af] under length; prior registration was null
2024-04-29T22:16:15.778-04:00 DEBUG 13756 --- [pacientes] [           main] o.h.q.sqm.function.SqmFunctionRegistry   : Registering alternate key : character_length -> length
2024-04-29T22:16:15.779-04:00 DEBUG 13756 --- [pacientes] [           main] o.h.q.sqm.function.SqmFunctionRegistry   : Registered SqmFunctionTemplate [org.hibernate.dialect.function.LengthFunction@7ef9c234] under octet_length; prior registration was null
2024-04-29T22:16:15.780-04:00 DEBUG 13756 --- [pacientes] [           main] o.h.q.sqm.function.SqmFunctionRegistry   : Registered SqmFunctionTemplate [org.hibernate.dialect.function.LengthFunction@580581b4] under bit_length; prior registration was null
2024-04-29T22:16:15.780-04:00 DEBUG 13756 --- [pacientes] [           main] o.h.q.sqm.function.SqmFunctionRegistry   : Registered SqmFunctionTemplate [NamedSqmFunctionTemplate(coalesce)] under coalesce; prior registration was NamedSqmFunctionTemplate(coalesce)
2024-04-29T22:16:15.781-04:00 DEBUG 13756 --- [pacientes] [           main] o.h.q.sqm.function.SqmFunctionRegistry   : Registered SqmFunctionTemplate [org.hibernate.query.sqm.function.MultipatternSqmFunctionDescriptor@33c9910e] under locate; prior registration was NamedSqmFunctionTemplate(locate)
2024-04-29T22:16:15.783-04:00 DEBUG 13756 --- [pacientes] [           main] o.h.q.sqm.function.SqmFunctionRegistry   : Registered SqmFunctionTemplate [org.hibernate.dialect.function.ListaggFunction@40ea5cd3] under listagg; prior registration was null
2024-04-29T22:16:15.784-04:00 DEBUG 13756 --- [pacientes] [           main] o.h.q.sqm.function.SqmFunctionRegistry   : Registered SqmFunctionTemplate [NamedSqmFunctionTemplate(row_number)] under row_number; prior registration was null
2024-04-29T22:16:15.784-04:00 DEBUG 13756 --- [pacientes] [           main] o.h.q.sqm.function.SqmFunctionRegistry   : Registered SqmFunctionTemplate [NamedSqmFunctionTemplate(lag)] under lag; prior registration was null
2024-04-29T22:16:15.784-04:00 DEBUG 13756 --- [pacientes] [           main] o.h.q.sqm.function.SqmFunctionRegistry   : Registered SqmFunctionTemplate [NamedSqmFunctionTemplate(lead)] under lead; prior registration was null
2024-04-29T22:16:15.784-04:00 DEBUG 13756 --- [pacientes] [           main] o.h.q.sqm.function.SqmFunctionRegistry   : Registered SqmFunctionTemplate [NamedSqmFunctionTemplate(first_value)] under first_value; prior registration was null
2024-04-29T22:16:15.784-04:00 DEBUG 13756 --- [pacientes] [           main] o.h.q.sqm.function.SqmFunctionRegistry   : Registered SqmFunctionTemplate [NamedSqmFunctionTemplate(last_value)] under last_value; prior registration was null
2024-04-29T22:16:15.784-04:00 DEBUG 13756 --- [pacientes] [           main] o.h.q.sqm.function.SqmFunctionRegistry   : Registered SqmFunctionTemplate [NamedSqmFunctionTemplate(nth_value)] under nth_value; prior registration was null
2024-04-29T22:16:15.784-04:00 DEBUG 13756 --- [pacientes] [           main] o.h.q.sqm.function.SqmFunctionRegistry   : Registered SqmFunctionTemplate [org.hibernate.dialect.function.HypotheticalSetFunction@70b2de98] under rank; prior registration was null
2024-04-29T22:16:15.784-04:00 DEBUG 13756 --- [pacientes] [           main] o.h.q.sqm.function.SqmFunctionRegistry   : Registered SqmFunctionTemplate [org.hibernate.dialect.function.HypotheticalSetFunction@4cee91b] under dense_rank; prior registration was null
2024-04-29T22:16:15.785-04:00 DEBUG 13756 --- [pacientes] [           main] o.h.q.sqm.function.SqmFunctionRegistry   : Registered SqmFunctionTemplate [org.hibernate.dialect.function.HypotheticalSetFunction@7b70596d] under percent_rank; prior registration was null
2024-04-29T22:16:15.785-04:00 DEBUG 13756 --- [pacientes] [           main] o.h.q.sqm.function.SqmFunctionRegistry   : Registered SqmFunctionTemplate [org.hibernate.dialect.function.HypotheticalSetFunction@696e9e14] under cume_dist; prior registration was null
2024-04-29T22:16:15.785-04:00 DEBUG 13756 --- [pacientes] [           main] o.h.q.sqm.function.SqmFunctionRegistry   : Registered SqmFunctionTemplate [org.hibernate.dialect.function.InverseDistributionFunction@f4ecbbf] under mode; prior registration was null
2024-04-29T22:16:15.785-04:00 DEBUG 13756 --- [pacientes] [           main] o.h.q.sqm.function.SqmFunctionRegistry   : Registered SqmFunctionTemplate [org.hibernate.dialect.function.InverseDistributionFunction@7c3b7d7c] under percentile_cont; prior registration was null
2024-04-29T22:16:15.785-04:00 DEBUG 13756 --- [pacientes] [           main] o.h.q.sqm.function.SqmFunctionRegistry   : Registered SqmFunctionTemplate [org.hibernate.dialect.function.InverseDistributionFunction@579e8a7] under percentile_disc; prior registration was null
2024-04-29T22:16:15.785-04:00 DEBUG 13756 --- [pacientes] [           main] o.h.q.sqm.function.SqmFunctionRegistry   : Registered SqmFunctionTemplate [org.hibernate.dialect.function.ModeStatsModeEmulation@18fa4822] under mode; prior registration was org.hibernate.dialect.function.InverseDistributionFunction@f4ecbbf
2024-04-29T22:16:15.796-04:00 DEBUG 13756 --- [pacientes] [           main] o.h.q.sqm.function.SqmFunctionRegistry   : Registered SqmFunctionTemplate [org.hibernate.dialect.function.OracleTruncFunction@61906bb1] under trunc; prior registration was null
2024-04-29T22:16:15.797-04:00 DEBUG 13756 --- [pacientes] [           main] o.h.q.sqm.function.SqmFunctionRegistry   : Registering alternate key : truncate -> trunc
2024-04-29T22:16:15.797-04:00 DEBUG 13756 --- [pacientes] [           main] o.h.q.sqm.function.SqmFunctionRegistry   : Registered SqmFunctionTemplate [org.hibernate.dialect.function.array.OracleArrayConstructorFunction@46672a62] under array; prior registration was null
2024-04-29T22:16:15.797-04:00 DEBUG 13756 --- [pacientes] [           main] o.h.q.sqm.function.SqmFunctionRegistry   : Registered SqmFunctionTemplate [org.hibernate.dialect.function.array.OracleArrayConstructorFunction@c91ced9] under array_list; prior registration was null
2024-04-29T22:16:15.797-04:00 DEBUG 13756 --- [pacientes] [           main] o.h.q.sqm.function.SqmFunctionRegistry   : Registered SqmFunctionTemplate [org.hibernate.dialect.function.array.OracleArrayAggEmulation@46e03c31] under array_agg; prior registration was null
2024-04-29T22:16:15.798-04:00 DEBUG 13756 --- [pacientes] [           main] o.h.q.sqm.function.SqmFunctionRegistry   : Registered SqmFunctionTemplate [org.hibernate.dialect.function.array.OracleArrayPositionFunction@24cf1abf] under array_position; prior registration was null
2024-04-29T22:16:15.800-04:00 DEBUG 13756 --- [pacientes] [           main] o.h.q.sqm.function.SqmFunctionRegistry   : Registered SqmFunctionTemplate [org.hibernate.dialect.function.array.OracleArrayPositionsFunction@5961fad1] under array_positions; prior registration was null
2024-04-29T22:16:15.802-04:00 DEBUG 13756 --- [pacientes] [           main] o.h.q.sqm.function.SqmFunctionRegistry   : Registered SqmFunctionTemplate [org.hibernate.dialect.function.array.OracleArrayPositionsFunction@42e1bfe1] under array_positions_list; prior registration was null
2024-04-29T22:16:15.803-04:00 DEBUG 13756 --- [pacientes] [           main] o.h.q.sqm.function.SqmFunctionRegistry   : Registered SqmFunctionTemplate [org.hibernate.dialect.function.array.OracleArrayLengthFunction@399dc033] under array_length; prior registration was null
2024-04-29T22:16:15.803-04:00 DEBUG 13756 --- [pacientes] [           main] o.h.q.sqm.function.SqmFunctionRegistry   : Registered SqmFunctionTemplate [org.hibernate.dialect.function.array.OracleArrayConcatFunction@6ffc12a3] under array_concat; prior registration was null
2024-04-29T22:16:15.803-04:00 DEBUG 13756 --- [pacientes] [           main] o.h.q.sqm.function.SqmFunctionRegistry   : Registered SqmFunctionTemplate [org.hibernate.dialect.function.array.OracleArrayConcatElementFunction@4bdc0fb0] under array_prepend; prior registration was null
2024-04-29T22:16:15.804-04:00 DEBUG 13756 --- [pacientes] [           main] o.h.q.sqm.function.SqmFunctionRegistry   : Registered SqmFunctionTemplate [org.hibernate.dialect.function.array.OracleArrayConcatElementFunction@48dbf9d] under array_append; prior registration was null
2024-04-29T22:16:15.804-04:00 DEBUG 13756 --- [pacientes] [           main] o.h.q.sqm.function.SqmFunctionRegistry   : Registered SqmFunctionTemplate [org.hibernate.dialect.function.array.OracleArrayContainsFunction@53466b67] under array_contains; prior registration was null
2024-04-29T22:16:15.804-04:00 DEBUG 13756 --- [pacientes] [           main] o.h.q.sqm.function.SqmFunctionRegistry   : Registered SqmFunctionTemplate [org.hibernate.dialect.function.array.OracleArrayContainsFunction@5ca012a6] under array_contains_nullable; prior registration was null
2024-04-29T22:16:15.804-04:00 DEBUG 13756 --- [pacientes] [           main] o.h.q.sqm.function.SqmFunctionRegistry   : Registered SqmFunctionTemplate [org.hibernate.dialect.function.array.OracleArrayOverlapsFunction@772a370d] under array_overlaps; prior registration was null
2024-04-29T22:16:15.804-04:00 DEBUG 13756 --- [pacientes] [           main] o.h.q.sqm.function.SqmFunctionRegistry   : Registered SqmFunctionTemplate [org.hibernate.dialect.function.array.OracleArrayOverlapsFunction@1eb21f22] under array_overlaps_nullable; prior registration was null
2024-04-29T22:16:15.804-04:00 DEBUG 13756 --- [pacientes] [           main] o.h.q.sqm.function.SqmFunctionRegistry   : Registered SqmFunctionTemplate [org.hibernate.dialect.function.array.OracleArrayGetFunction@7e4f42c0] under array_get; prior registration was null
2024-04-29T22:16:15.805-04:00 DEBUG 13756 --- [pacientes] [           main] o.h.q.sqm.function.SqmFunctionRegistry   : Registered SqmFunctionTemplate [org.hibernate.dialect.function.array.OracleArraySetFunction@22265a8d] under array_set; prior registration was null
2024-04-29T22:16:15.805-04:00 DEBUG 13756 --- [pacientes] [           main] o.h.q.sqm.function.SqmFunctionRegistry   : Registered SqmFunctionTemplate [org.hibernate.dialect.function.array.OracleArrayRemoveFunction@492939b] under array_remove; prior registration was null
2024-04-29T22:16:15.805-04:00 DEBUG 13756 --- [pacientes] [           main] o.h.q.sqm.function.SqmFunctionRegistry   : Registered SqmFunctionTemplate [org.hibernate.dialect.function.array.OracleArrayRemoveIndexFunction@ad7d724] under array_remove_index; prior registration was null
2024-04-29T22:16:15.805-04:00 DEBUG 13756 --- [pacientes] [           main] o.h.q.sqm.function.SqmFunctionRegistry   : Registered SqmFunctionTemplate [org.hibernate.dialect.function.array.OracleArraySliceFunction@e8acdfc] under array_slice; prior registration was null
2024-04-29T22:16:15.805-04:00 DEBUG 13756 --- [pacientes] [           main] o.h.q.sqm.function.SqmFunctionRegistry   : Registered SqmFunctionTemplate [org.hibernate.dialect.function.array.OracleArrayReplaceFunction@1e680c92] under array_replace; prior registration was null
2024-04-29T22:16:15.805-04:00 DEBUG 13756 --- [pacientes] [           main] o.h.q.sqm.function.SqmFunctionRegistry   : Registered SqmFunctionTemplate [org.hibernate.dialect.function.array.OracleArrayTrimFunction@ef64a8f] under array_trim; prior registration was null
2024-04-29T22:16:15.805-04:00 DEBUG 13756 --- [pacientes] [           main] o.h.q.sqm.function.SqmFunctionRegistry   : Registered SqmFunctionTemplate [org.hibernate.dialect.function.array.OracleArrayFillFunction@3a2cc282] under array_fill; prior registration was null
2024-04-29T22:16:15.806-04:00 DEBUG 13756 --- [pacientes] [           main] o.h.q.sqm.function.SqmFunctionRegistry   : Registered SqmFunctionTemplate [org.hibernate.dialect.function.array.OracleArrayFillFunction@62910d16] under array_fill_list; prior registration was null
2024-04-29T22:16:15.806-04:00 DEBUG 13756 --- [pacientes] [           main] o.h.q.sqm.function.SqmFunctionRegistry   : Registered SqmFunctionTemplate [org.hibernate.dialect.function.array.OracleArrayToStringFunction@3cc3914a] under array_to_string; prior registration was null
2024-04-29T22:16:15.818-04:00 DEBUG 13756 --- [pacientes] [           main] org.hibernate.HQL_FUNCTIONS              : abs(NUMERIC arg)
2024-04-29T22:16:15.821-04:00 DEBUG 13756 --- [pacientes] [           main] org.hibernate.HQL_FUNCTIONS              : Double acos(NUMERIC arg)
2024-04-29T22:16:15.821-04:00 DEBUG 13756 --- [pacientes] [           main] org.hibernate.HQL_FUNCTIONS              : add_months(DATE datetime, INTEGER months)
2024-04-29T22:16:15.822-04:00 DEBUG 13756 --- [pacientes] [           main] org.hibernate.HQL_FUNCTIONS              : Boolean any(BOOLEAN arg)
2024-04-29T22:16:15.822-04:00 DEBUG 13756 --- [pacientes] [           main] org.hibernate.HQL_FUNCTIONS              : array( ... )
2024-04-29T22:16:15.823-04:00 DEBUG 13756 --- [pacientes] [           main] org.hibernate.HQL_FUNCTIONS              : array_agg(arg)
2024-04-29T22:16:15.823-04:00 DEBUG 13756 --- [pacientes] [           main] org.hibernate.HQL_FUNCTIONS              : array_append( ... )
2024-04-29T22:16:15.824-04:00 DEBUG 13756 --- [pacientes] [           main] org.hibernate.HQL_FUNCTIONS              : array_concat( ... )
2024-04-29T22:16:15.824-04:00 DEBUG 13756 --- [pacientes] [           main] org.hibernate.HQL_FUNCTIONS              : Boolean array_contains(ARRAY haystackArray, OBJECT needleElementOrArray)
2024-04-29T22:16:15.824-04:00 DEBUG 13756 --- [pacientes] [           main] org.hibernate.HQL_FUNCTIONS              : Boolean array_contains_nullable(ARRAY haystackArray, OBJECT needleElementOrArray)
2024-04-29T22:16:15.825-04:00 DEBUG 13756 --- [pacientes] [           main] org.hibernate.HQL_FUNCTIONS              : array_fill(OBJECT element, INTEGER elementCount)
2024-04-29T22:16:15.825-04:00 DEBUG 13756 --- [pacientes] [           main] org.hibernate.HQL_FUNCTIONS              : array_fill_list(OBJECT element, INTEGER elementCount)
2024-04-29T22:16:15.825-04:00 DEBUG 13756 --- [pacientes] [           main] org.hibernate.HQL_FUNCTIONS              : array_get( ... )
2024-04-29T22:16:15.825-04:00 DEBUG 13756 --- [pacientes] [           main] org.hibernate.HQL_FUNCTIONS              : Integer array_length(ARRAY array)
2024-04-29T22:16:15.825-04:00 DEBUG 13756 --- [pacientes] [           main] org.hibernate.HQL_FUNCTIONS              : array_list( ... )
2024-04-29T22:16:15.826-04:00 DEBUG 13756 --- [pacientes] [           main] org.hibernate.HQL_FUNCTIONS              : Boolean array_overlaps(ARRAY array0, OBJECT array1)
2024-04-29T22:16:15.826-04:00 DEBUG 13756 --- [pacientes] [           main] org.hibernate.HQL_FUNCTIONS              : Boolean array_overlaps_nullable(ARRAY array0, OBJECT array1)
2024-04-29T22:16:15.826-04:00 DEBUG 13756 --- [pacientes] [           main] org.hibernate.HQL_FUNCTIONS              : Integer array_position(ARRAY array, OBJECT element[, INTEGER startPosition])
2024-04-29T22:16:15.826-04:00 DEBUG 13756 --- [pacientes] [           main] org.hibernate.HQL_FUNCTIONS              : int[] array_positions(ARRAY array, OBJECT element)
2024-04-29T22:16:15.827-04:00 DEBUG 13756 --- [pacientes] [           main] org.hibernate.HQL_FUNCTIONS              : List array_positions_list(ARRAY array, OBJECT element)
2024-04-29T22:16:15.827-04:00 DEBUG 13756 --- [pacientes] [           main] org.hibernate.HQL_FUNCTIONS              : array_prepend( ... )
2024-04-29T22:16:15.827-04:00 DEBUG 13756 --- [pacientes] [           main] org.hibernate.HQL_FUNCTIONS              : array_remove( ... )
2024-04-29T22:16:15.827-04:00 DEBUG 13756 --- [pacientes] [           main] org.hibernate.HQL_FUNCTIONS              : array_remove_index( ... )
2024-04-29T22:16:15.827-04:00 DEBUG 13756 --- [pacientes] [           main] org.hibernate.HQL_FUNCTIONS              : array_replace( ... )
2024-04-29T22:16:15.827-04:00 DEBUG 13756 --- [pacientes] [           main] org.hibernate.HQL_FUNCTIONS              : array_set( ... )
2024-04-29T22:16:15.828-04:00 DEBUG 13756 --- [pacientes] [           main] org.hibernate.HQL_FUNCTIONS              : array_slice( ... )
2024-04-29T22:16:15.828-04:00 DEBUG 13756 --- [pacientes] [           main] org.hibernate.HQL_FUNCTIONS              : String array_to_string( ... )
2024-04-29T22:16:15.828-04:00 DEBUG 13756 --- [pacientes] [           main] org.hibernate.HQL_FUNCTIONS              : array_trim( ... )
2024-04-29T22:16:15.828-04:00 DEBUG 13756 --- [pacientes] [           main] org.hibernate.HQL_FUNCTIONS              : Integer ascii(STRING arg)
2024-04-29T22:16:15.828-04:00 DEBUG 13756 --- [pacientes] [           main] org.hibernate.HQL_FUNCTIONS              : Double asin(NUMERIC arg)
2024-04-29T22:16:15.828-04:00 DEBUG 13756 --- [pacientes] [           main] org.hibernate.HQL_FUNCTIONS              : Double atan(NUMERIC arg)
2024-04-29T22:16:15.831-04:00 DEBUG 13756 --- [pacientes] [           main] org.hibernate.HQL_FUNCTIONS              : Double atan2(NUMERIC arg0, NUMERIC arg1)
2024-04-29T22:16:15.831-04:00 DEBUG 13756 --- [pacientes] [           main] org.hibernate.HQL_FUNCTIONS              : avg(arg)
2024-04-29T22:16:15.831-04:00 DEBUG 13756 --- [pacientes] [           main] org.hibernate.HQL_FUNCTIONS              : Integer bit_length(STRING_OR_CLOB arg)
2024-04-29T22:16:15.832-04:00 DEBUG 13756 --- [pacientes] [           main] org.hibernate.HQL_FUNCTIONS              : bitand(arg0, arg1)
2024-04-29T22:16:15.832-04:00 DEBUG 13756 --- [pacientes] [           main] org.hibernate.HQL_FUNCTIONS              : cast(arg as Type)
2024-04-29T22:16:15.832-04:00 DEBUG 13756 --- [pacientes] [           main] org.hibernate.HQL_FUNCTIONS              : ceil(NUMERIC arg)
2024-04-29T22:16:15.832-04:00 DEBUG 13756 --- [pacientes] [           main] org.hibernate.HQL_FUNCTIONS              : ceiling(NUMERIC arg)
2024-04-29T22:16:15.832-04:00 DEBUG 13756 --- [pacientes] [           main] org.hibernate.HQL_FUNCTIONS              : Character char(INTEGER arg)
2024-04-29T22:16:15.832-04:00 DEBUG 13756 --- [pacientes] [           main] org.hibernate.HQL_FUNCTIONS              : Integer character_length(STRING_OR_CLOB arg)
2024-04-29T22:16:15.833-04:00 DEBUG 13756 --- [pacientes] [           main] org.hibernate.HQL_FUNCTIONS              : Character chr(INTEGER arg)
2024-04-29T22:16:15.834-04:00 DEBUG 13756 --- [pacientes] [           main] org.hibernate.HQL_FUNCTIONS              : coalesce(arg0[, arg1[, ...]])
2024-04-29T22:16:15.834-04:00 DEBUG 13756 --- [pacientes] [           main] org.hibernate.HQL_FUNCTIONS              : String collate(STRING string as COLLATION collation)
2024-04-29T22:16:15.834-04:00 DEBUG 13756 --- [pacientes] [           main] org.hibernate.HQL_FUNCTIONS              : String concat(STRING string0[, STRING string1[, ...]])
2024-04-29T22:16:15.834-04:00 DEBUG 13756 --- [pacientes] [           main] org.hibernate.HQL_FUNCTIONS              : Double corr(NUMERIC arg0, NUMERIC arg1)
2024-04-29T22:16:15.834-04:00 DEBUG 13756 --- [pacientes] [           main] org.hibernate.HQL_FUNCTIONS              : Double cos(NUMERIC arg)
2024-04-29T22:16:15.834-04:00 DEBUG 13756 --- [pacientes] [           main] org.hibernate.HQL_FUNCTIONS              : Double cosh(NUMERIC arg)
2024-04-29T22:16:15.835-04:00 DEBUG 13756 --- [pacientes] [           main] org.hibernate.HQL_FUNCTIONS              : Long count([distinct ]{arg|*})
2024-04-29T22:16:15.835-04:00 DEBUG 13756 --- [pacientes] [           main] org.hibernate.HQL_FUNCTIONS              : Double covar_pop(NUMERIC arg0, NUMERIC arg1)
2024-04-29T22:16:15.836-04:00 DEBUG 13756 --- [pacientes] [           main] org.hibernate.HQL_FUNCTIONS              : Double covar_samp(NUMERIC arg0, NUMERIC arg1)
2024-04-29T22:16:15.836-04:00 DEBUG 13756 --- [pacientes] [           main] org.hibernate.HQL_FUNCTIONS              : Double cume_dist([arg0[, ...]])
2024-04-29T22:16:15.836-04:00 DEBUG 13756 --- [pacientes] [           main] org.hibernate.HQL_FUNCTIONS              : Date current date
2024-04-29T22:16:15.836-04:00 DEBUG 13756 --- [pacientes] [           main] org.hibernate.HQL_FUNCTIONS              : Time current time
2024-04-29T22:16:15.837-04:00 DEBUG 13756 --- [pacientes] [           main] org.hibernate.HQL_FUNCTIONS              : Timestamp current timestamp
2024-04-29T22:16:15.837-04:00 DEBUG 13756 --- [pacientes] [           main] org.hibernate.HQL_FUNCTIONS              : Date current_date
2024-04-29T22:16:15.837-04:00 DEBUG 13756 --- [pacientes] [           main] org.hibernate.HQL_FUNCTIONS              : Instant current_instant
2024-04-29T22:16:15.837-04:00 DEBUG 13756 --- [pacientes] [           main] org.hibernate.HQL_FUNCTIONS              : Time current_time
2024-04-29T22:16:15.838-04:00 DEBUG 13756 --- [pacientes] [           main] org.hibernate.HQL_FUNCTIONS              : Timestamp current_timestamp
2024-04-29T22:16:15.838-04:00 DEBUG 13756 --- [pacientes] [           main] org.hibernate.HQL_FUNCTIONS              : dateadd(TEMPORAL_UNIT field, INTEGER magnitude, TEMPORAL datetime)
2024-04-29T22:16:15.838-04:00 DEBUG 13756 --- [pacientes] [           main] org.hibernate.HQL_FUNCTIONS              : basicType@44(java.lang.Long,-5)|basicType@57(java.lang.Double,8) datediff(TEMPORAL_UNIT field, TEMPORAL start, TEMPORAL end)
2024-04-29T22:16:15.839-04:00 DEBUG 13756 --- [pacientes] [           main] org.hibernate.HQL_FUNCTIONS              : Double degrees(NUMERIC arg)
2024-04-29T22:16:15.839-04:00 DEBUG 13756 --- [pacientes] [           main] org.hibernate.HQL_FUNCTIONS              : Long dense_rank([arg0[, ...]])
2024-04-29T22:16:15.839-04:00 DEBUG 13756 --- [pacientes] [           main] org.hibernate.HQL_FUNCTIONS              : Boolean every(BOOLEAN arg)
2024-04-29T22:16:15.839-04:00 DEBUG 13756 --- [pacientes] [           main] org.hibernate.HQL_FUNCTIONS              : Double exp(NUMERIC arg)
2024-04-29T22:16:15.839-04:00 DEBUG 13756 --- [pacientes] [           main] org.hibernate.HQL_FUNCTIONS              : extract(TEMPORAL_UNIT field from TEMPORAL arg)
2024-04-29T22:16:15.840-04:00 DEBUG 13756 --- [pacientes] [           main] org.hibernate.HQL_FUNCTIONS              : first_valueANY value
2024-04-29T22:16:15.840-04:00 DEBUG 13756 --- [pacientes] [           main] org.hibernate.HQL_FUNCTIONS              : floor(NUMERIC arg)
2024-04-29T22:16:15.840-04:00 DEBUG 13756 --- [pacientes] [           main] org.hibernate.HQL_FUNCTIONS              : String format(TEMPORAL datetime as STRING pattern)
2024-04-29T22:16:15.840-04:00 DEBUG 13756 --- [pacientes] [           main] org.hibernate.HQL_FUNCTIONS              : greatest(COMPARABLE arg0, COMPARABLE arg1[, arg2[, ...]])
2024-04-29T22:16:15.840-04:00 DEBUG 13756 --- [pacientes] [           main] org.hibernate.HQL_FUNCTIONS              : ifnull(arg0, arg1)
2024-04-29T22:16:15.841-04:00 DEBUG 13756 --- [pacientes] [           main] org.hibernate.HQL_FUNCTIONS              : String initcap(arg)
2024-04-29T22:16:15.841-04:00 DEBUG 13756 --- [pacientes] [           main] org.hibernate.HQL_FUNCTIONS              : Instant instant
2024-04-29T22:16:15.841-04:00 DEBUG 13756 --- [pacientes] [           main] org.hibernate.HQL_FUNCTIONS              : Integer instr(STRING string, STRING pattern[, INTEGER start[, INTEGER occurrence]])
2024-04-29T22:16:15.842-04:00 DEBUG 13756 --- [pacientes] [           main] org.hibernate.HQL_FUNCTIONS              : lagANY value[, INTEGER offset[, ANY default]]
2024-04-29T22:16:15.842-04:00 DEBUG 13756 --- [pacientes] [           main] org.hibernate.HQL_FUNCTIONS              : Date last_day(DATE arg)
2024-04-29T22:16:15.842-04:00 DEBUG 13756 --- [pacientes] [           main] org.hibernate.HQL_FUNCTIONS              : last_valueANY value
2024-04-29T22:16:15.842-04:00 DEBUG 13756 --- [pacientes] [           main] org.hibernate.HQL_FUNCTIONS              : leadANY value[, INTEGER offset[, ANY default]]
2024-04-29T22:16:15.843-04:00 DEBUG 13756 --- [pacientes] [           main] org.hibernate.HQL_FUNCTIONS              : least(COMPARABLE arg0, COMPARABLE arg1[, arg2[, ...]])
2024-04-29T22:16:15.843-04:00 DEBUG 13756 --- [pacientes] [           main] org.hibernate.HQL_FUNCTIONS              : String left(STRING string, INTEGER length)
2024-04-29T22:16:15.844-04:00 DEBUG 13756 --- [pacientes] [           main] org.hibernate.HQL_FUNCTIONS              : Integer length(STRING_OR_CLOB arg)
2024-04-29T22:16:15.844-04:00 DEBUG 13756 --- [pacientes] [           main] org.hibernate.HQL_FUNCTIONS              : String listagg(STRING arg0, STRING arg1)
2024-04-29T22:16:15.844-04:00 DEBUG 13756 --- [pacientes] [           main] org.hibernate.HQL_FUNCTIONS              : Double ln(NUMERIC arg)
2024-04-29T22:16:15.845-04:00 DEBUG 13756 --- [pacientes] [           main] org.hibernate.HQL_FUNCTIONS              : LocalDate local date
2024-04-29T22:16:15.845-04:00 DEBUG 13756 --- [pacientes] [           main] org.hibernate.HQL_FUNCTIONS              : LocalDateTime local datetime
2024-04-29T22:16:15.845-04:00 DEBUG 13756 --- [pacientes] [           main] org.hibernate.HQL_FUNCTIONS              : LocalTime local time
2024-04-29T22:16:15.845-04:00 DEBUG 13756 --- [pacientes] [           main] org.hibernate.HQL_FUNCTIONS              : LocalDate local_date
2024-04-29T22:16:15.845-04:00 DEBUG 13756 --- [pacientes] [           main] org.hibernate.HQL_FUNCTIONS              : LocalDateTime local_datetime
2024-04-29T22:16:15.845-04:00 DEBUG 13756 --- [pacientes] [           main] org.hibernate.HQL_FUNCTIONS              : LocalTime local_time
2024-04-29T22:16:15.845-04:00 DEBUG 13756 --- [pacientes] [           main] org.hibernate.HQL_FUNCTIONS              : Integer locate(pattern, string[, start])
2024-04-29T22:16:15.845-04:00 DEBUG 13756 --- [pacientes] [           main] org.hibernate.HQL_FUNCTIONS              : Double log(NUMERIC arg0[, NUMERIC arg1])
2024-04-29T22:16:15.845-04:00 DEBUG 13756 --- [pacientes] [           main] org.hibernate.HQL_FUNCTIONS              : Double log10(NUMERIC arg)
2024-04-29T22:16:15.845-04:00 DEBUG 13756 --- [pacientes] [           main] org.hibernate.HQL_FUNCTIONS              : String lower(STRING string)
2024-04-29T22:16:15.846-04:00 DEBUG 13756 --- [pacientes] [           main] org.hibernate.HQL_FUNCTIONS              : String lpad(STRING string, INTEGER length[, STRING padding])
2024-04-29T22:16:15.846-04:00 DEBUG 13756 --- [pacientes] [           main] org.hibernate.HQL_FUNCTIONS              : String ltrim(STRING string[, STRING characters])
2024-04-29T22:16:15.846-04:00 DEBUG 13756 --- [pacientes] [           main] org.hibernate.HQL_FUNCTIONS              : max(COMPARABLE arg)
2024-04-29T22:16:15.846-04:00 DEBUG 13756 --- [pacientes] [           main] org.hibernate.HQL_FUNCTIONS              : Double median(NUMERIC arg)
2024-04-29T22:16:15.846-04:00 DEBUG 13756 --- [pacientes] [           main] org.hibernate.HQL_FUNCTIONS              : min(COMPARABLE arg)
2024-04-29T22:16:15.846-04:00 DEBUG 13756 --- [pacientes] [           main] org.hibernate.HQL_FUNCTIONS              : Integer mod(INTEGER arg0, INTEGER arg1)
2024-04-29T22:16:15.847-04:00 DEBUG 13756 --- [pacientes] [           main] org.hibernate.HQL_FUNCTIONS              : mode()
2024-04-29T22:16:15.847-04:00 DEBUG 13756 --- [pacientes] [           main] org.hibernate.HQL_FUNCTIONS              : Integer months_between(DATE end, DATE start)
2024-04-29T22:16:15.847-04:00 DEBUG 13756 --- [pacientes] [           main] org.hibernate.HQL_FUNCTIONS              : nth_valueANY value, INTEGER nth
2024-04-29T22:16:15.847-04:00 DEBUG 13756 --- [pacientes] [           main] org.hibernate.HQL_FUNCTIONS              : nullif(arg0, arg1)
2024-04-29T22:16:15.847-04:00 DEBUG 13756 --- [pacientes] [           main] org.hibernate.HQL_FUNCTIONS              : Integer octet_length(STRING_OR_CLOB arg)
2024-04-29T22:16:15.847-04:00 DEBUG 13756 --- [pacientes] [           main] org.hibernate.HQL_FUNCTIONS              : OffsetDateTime offset datetime
2024-04-29T22:16:15.847-04:00 DEBUG 13756 --- [pacientes] [           main] org.hibernate.HQL_FUNCTIONS              : OffsetDateTime offset_datetime
2024-04-29T22:16:15.848-04:00 DEBUG 13756 --- [pacientes] [           main] org.hibernate.HQL_FUNCTIONS              : String overlay(STRING string placing STRING replacement from INTEGER start[ for INTEGER length])
2024-04-29T22:16:15.848-04:00 DEBUG 13756 --- [pacientes] [           main] org.hibernate.HQL_FUNCTIONS              : String pad(STRING string with INTEGER length {leading|trailing}[ STRING character])
2024-04-29T22:16:15.848-04:00 DEBUG 13756 --- [pacientes] [           main] org.hibernate.HQL_FUNCTIONS              : Double percent_rank([arg0[, ...]])
2024-04-29T22:16:15.849-04:00 DEBUG 13756 --- [pacientes] [           main] org.hibernate.HQL_FUNCTIONS              : percentile_cont(NUMERIC arg)
2024-04-29T22:16:15.849-04:00 DEBUG 13756 --- [pacientes] [           main] org.hibernate.HQL_FUNCTIONS              : percentile_disc(NUMERIC arg)
2024-04-29T22:16:15.849-04:00 DEBUG 13756 --- [pacientes] [           main] org.hibernate.HQL_FUNCTIONS              : Double pi
2024-04-29T22:16:15.849-04:00 DEBUG 13756 --- [pacientes] [           main] org.hibernate.HQL_FUNCTIONS              : Integer position(STRING pattern in STRING string)
2024-04-29T22:16:15.849-04:00 DEBUG 13756 --- [pacientes] [           main] org.hibernate.HQL_FUNCTIONS              : Double power(NUMERIC arg0, NUMERIC arg1)
2024-04-29T22:16:15.850-04:00 DEBUG 13756 --- [pacientes] [           main] org.hibernate.HQL_FUNCTIONS              : Double radians(NUMERIC arg)
2024-04-29T22:16:15.850-04:00 DEBUG 13756 --- [pacientes] [           main] org.hibernate.HQL_FUNCTIONS              : Long rank([arg0[, ...]])
2024-04-29T22:16:15.850-04:00 DEBUG 13756 --- [pacientes] [           main] org.hibernate.HQL_FUNCTIONS              : Double regr_avgx(NUMERIC arg0, NUMERIC arg1)
2024-04-29T22:16:15.850-04:00 DEBUG 13756 --- [pacientes] [           main] org.hibernate.HQL_FUNCTIONS              : Double regr_avgy(NUMERIC arg0, NUMERIC arg1)
2024-04-29T22:16:15.851-04:00 DEBUG 13756 --- [pacientes] [           main] org.hibernate.HQL_FUNCTIONS              : Double regr_count(NUMERIC arg0, NUMERIC arg1)
2024-04-29T22:16:15.851-04:00 DEBUG 13756 --- [pacientes] [           main] org.hibernate.HQL_FUNCTIONS              : Double regr_intercept(NUMERIC arg0, NUMERIC arg1)
2024-04-29T22:16:15.851-04:00 DEBUG 13756 --- [pacientes] [           main] org.hibernate.HQL_FUNCTIONS              : Double regr_r2(NUMERIC arg0, NUMERIC arg1)
2024-04-29T22:16:15.851-04:00 DEBUG 13756 --- [pacientes] [           main] org.hibernate.HQL_FUNCTIONS              : Double regr_slope(NUMERIC arg0, NUMERIC arg1)
2024-04-29T22:16:15.851-04:00 DEBUG 13756 --- [pacientes] [           main] org.hibernate.HQL_FUNCTIONS              : Double regr_sxx(NUMERIC arg0, NUMERIC arg1)
2024-04-29T22:16:15.852-04:00 DEBUG 13756 --- [pacientes] [           main] org.hibernate.HQL_FUNCTIONS              : Double regr_sxy(NUMERIC arg0, NUMERIC arg1)
2024-04-29T22:16:15.852-04:00 DEBUG 13756 --- [pacientes] [           main] org.hibernate.HQL_FUNCTIONS              : Double regr_syy(NUMERIC arg0, NUMERIC arg1)
2024-04-29T22:16:15.852-04:00 DEBUG 13756 --- [pacientes] [           main] org.hibernate.HQL_FUNCTIONS              : String repeat(STRING string, INTEGER times)
2024-04-29T22:16:15.852-04:00 DEBUG 13756 --- [pacientes] [           main] org.hibernate.HQL_FUNCTIONS              : String replace(STRING string, STRING pattern, STRING replacement)
2024-04-29T22:16:15.852-04:00 DEBUG 13756 --- [pacientes] [           main] org.hibernate.HQL_FUNCTIONS              : String right(STRING string, INTEGER length)
2024-04-29T22:16:15.853-04:00 DEBUG 13756 --- [pacientes] [           main] org.hibernate.HQL_FUNCTIONS              : round(NUMERIC number[, INTEGER places])
2024-04-29T22:16:15.853-04:00 DEBUG 13756 --- [pacientes] [           main] org.hibernate.HQL_FUNCTIONS              : Long row_number()
2024-04-29T22:16:15.853-04:00 DEBUG 13756 --- [pacientes] [           main] org.hibernate.HQL_FUNCTIONS              : Long rowid
2024-04-29T22:16:15.854-04:00 DEBUG 13756 --- [pacientes] [           main] org.hibernate.HQL_FUNCTIONS              : Long rownum
2024-04-29T22:16:15.854-04:00 DEBUG 13756 --- [pacientes] [           main] org.hibernate.HQL_FUNCTIONS              : String rpad(STRING string, INTEGER length[, STRING padding])
2024-04-29T22:16:15.854-04:00 DEBUG 13756 --- [pacientes] [           main] org.hibernate.HQL_FUNCTIONS              : String rtrim(STRING string[, STRING characters])
2024-04-29T22:16:15.854-04:00 DEBUG 13756 --- [pacientes] [           main] org.hibernate.HQL_FUNCTIONS              : Integer sign(NUMERIC arg)
2024-04-29T22:16:15.854-04:00 DEBUG 13756 --- [pacientes] [           main] org.hibernate.HQL_FUNCTIONS              : Double sin(NUMERIC arg)
2024-04-29T22:16:15.855-04:00 DEBUG 13756 --- [pacientes] [           main] org.hibernate.HQL_FUNCTIONS              : Double sinh(NUMERIC arg)
2024-04-29T22:16:15.855-04:00 DEBUG 13756 --- [pacientes] [           main] org.hibernate.HQL_FUNCTIONS              : String soundex(arg)
2024-04-29T22:16:15.855-04:00 DEBUG 13756 --- [pacientes] [           main] org.hibernate.HQL_FUNCTIONS              : Object sql
2024-04-29T22:16:15.856-04:00 DEBUG 13756 --- [pacientes] [           main] org.hibernate.HQL_FUNCTIONS              : Double sqrt(NUMERIC arg)
2024-04-29T22:16:15.856-04:00 DEBUG 13756 --- [pacientes] [           main] org.hibernate.HQL_FUNCTIONS              : Double stddev(NUMERIC arg)
2024-04-29T22:16:15.856-04:00 DEBUG 13756 --- [pacientes] [           main] org.hibernate.HQL_FUNCTIONS              : Double stddev_pop(NUMERIC arg)
2024-04-29T22:16:15.856-04:00 DEBUG 13756 --- [pacientes] [           main] org.hibernate.HQL_FUNCTIONS              : Double stddev_samp(NUMERIC arg)
2024-04-29T22:16:15.856-04:00 DEBUG 13756 --- [pacientes] [           main] org.hibernate.HQL_FUNCTIONS              : String str(arg)
2024-04-29T22:16:15.856-04:00 DEBUG 13756 --- [pacientes] [           main] org.hibernate.HQL_FUNCTIONS              : String substr(STRING string, INTEGER start[, INTEGER length])
2024-04-29T22:16:15.856-04:00 DEBUG 13756 --- [pacientes] [           main] org.hibernate.HQL_FUNCTIONS              : String substring(STRING string{ from|,} INTEGER start[{ for|,} INTEGER length])
2024-04-29T22:16:15.856-04:00 DEBUG 13756 --- [pacientes] [           main] org.hibernate.HQL_FUNCTIONS              : sum(arg)
2024-04-29T22:16:15.856-04:00 DEBUG 13756 --- [pacientes] [           main] org.hibernate.HQL_FUNCTIONS              : Timestamp sysdate
2024-04-29T22:16:15.856-04:00 DEBUG 13756 --- [pacientes] [           main] org.hibernate.HQL_FUNCTIONS              : Timestamp systimestamp
2024-04-29T22:16:15.856-04:00 DEBUG 13756 --- [pacientes] [           main] org.hibernate.HQL_FUNCTIONS              : Double tan(NUMERIC arg)
2024-04-29T22:16:15.856-04:00 DEBUG 13756 --- [pacientes] [           main] org.hibernate.HQL_FUNCTIONS              : Double tanh(NUMERIC arg)
2024-04-29T22:16:15.856-04:00 DEBUG 13756 --- [pacientes] [           main] org.hibernate.HQL_FUNCTIONS              : timestampadd(TEMPORAL_UNIT field, INTEGER magnitude, TEMPORAL datetime)
2024-04-29T22:16:15.856-04:00 DEBUG 13756 --- [pacientes] [           main] org.hibernate.HQL_FUNCTIONS              : basicType@44(java.lang.Long,-5)|basicType@57(java.lang.Double,8) timestampdiff(TEMPORAL_UNIT field, TEMPORAL start, TEMPORAL end)
2024-04-29T22:16:15.857-04:00 DEBUG 13756 --- [pacientes] [           main] org.hibernate.HQL_FUNCTIONS              : String to_char(ANY arg0[, STRING arg1, STRING arg2])
2024-04-29T22:16:15.857-04:00 DEBUG 13756 --- [pacientes] [           main] org.hibernate.HQL_FUNCTIONS              : Date to_date(STRING arg0[, STRING arg1, STRING arg2])
2024-04-29T22:16:15.857-04:00 DEBUG 13756 --- [pacientes] [           main] org.hibernate.HQL_FUNCTIONS              : Double to_number(STRING arg0[, STRING arg1, STRING arg2])
2024-04-29T22:16:15.857-04:00 DEBUG 13756 --- [pacientes] [           main] org.hibernate.HQL_FUNCTIONS              : Timestamp to_timestamp(STRING arg0[, STRING arg1, STRING arg2])
2024-04-29T22:16:15.857-04:00 DEBUG 13756 --- [pacientes] [           main] org.hibernate.HQL_FUNCTIONS              : String translate(STRING arg0, STRING arg1, STRING arg2)
2024-04-29T22:16:15.857-04:00 DEBUG 13756 --- [pacientes] [           main] org.hibernate.HQL_FUNCTIONS              : String trim([[{leading|trailing|both} ][STRING arg0 ]from] STRING arg1)
2024-04-29T22:16:15.858-04:00 DEBUG 13756 --- [pacientes] [           main] org.hibernate.HQL_FUNCTIONS              : trunc( ... )
2024-04-29T22:16:15.858-04:00 DEBUG 13756 --- [pacientes] [           main] org.hibernate.HQL_FUNCTIONS              : truncate( ... )
2024-04-29T22:16:15.858-04:00 DEBUG 13756 --- [pacientes] [           main] org.hibernate.HQL_FUNCTIONS              : String upper(STRING string)
2024-04-29T22:16:15.858-04:00 DEBUG 13756 --- [pacientes] [           main] org.hibernate.HQL_FUNCTIONS              : Double var_pop(NUMERIC arg)
2024-04-29T22:16:15.858-04:00 DEBUG 13756 --- [pacientes] [           main] org.hibernate.HQL_FUNCTIONS              : Double var_samp(NUMERIC arg)
2024-04-29T22:16:15.858-04:00 DEBUG 13756 --- [pacientes] [           main] org.hibernate.HQL_FUNCTIONS              : Double variance(NUMERIC arg)
2024-04-29T22:16:15.858-04:00 DEBUG 13756 --- [pacientes] [           main] org.hibernate.orm.query.plan.cache       : Starting QueryInterpretationCache(2048)
2024-04-29T22:16:15.870-04:00 DEBUG 13756 --- [pacientes] [           main] .h.s.i.SessionFactoryServiceRegistryImpl : EventListenerRegistry access via ServiceRegistry is deprecated.  Use `sessionFactory.getEventEngine().getListenerRegistry()` instead
2024-04-29T22:16:15.871-04:00 DEBUG 13756 --- [pacientes] [           main] h.e.i.EntityCopyObserverFactoryInitiator : Configured EntityCopyObserver strategy: disallow
2024-04-29T22:16:15.885-04:00 DEBUG 13756 --- [pacientes] [           main] o.h.boot.internal.ClassLoaderAccessImpl  : Not known whether passed class name [com.example.pacientes.model.Paciente] is safe
2024-04-29T22:16:15.885-04:00 DEBUG 13756 --- [pacientes] [           main] o.h.boot.internal.ClassLoaderAccessImpl  : No temp ClassLoader provided; using live ClassLoader for loading potentially unsafe class : com.example.pacientes.model.Paciente
2024-04-29T22:16:16.146-04:00 DEBUG 13756 --- [pacientes] [           main] o.h.b.i.bytebuddy.BytecodeProviderImpl   : HHH000513: Unable to create the ReflectionOptimizer for [com.example.pacientes.model.Paciente]: private accessor [apellidoMaterno]
2024-04-29T22:16:16.155-04:00 DEBUG 13756 --- [pacientes] [           main] org.hibernate.ormbytecode.interceptor    : To-one property `com.example.pacientes.model.HistorialMedico#paciente` was mapped with LAZY + NO_PROXY but the class was not enhanced
2024-04-29T22:16:16.155-04:00 DEBUG 13756 --- [pacientes] [           main] org.hibernate.ormbytecode.interceptor    : To-one property `com.example.pacientes.model.HistorialMedico#paciente` was mapped with LAZY + NO_PROXY but the class was not enhanced
2024-04-29T22:16:16.156-04:00 DEBUG 13756 --- [pacientes] [           main] o.h.boot.internal.ClassLoaderAccessImpl  : Not known whether passed class name [com.example.pacientes.model.HistorialMedico] is safe
2024-04-29T22:16:16.156-04:00 DEBUG 13756 --- [pacientes] [           main] o.h.boot.internal.ClassLoaderAccessImpl  : No temp ClassLoader provided; using live ClassLoader for loading potentially unsafe class : com.example.pacientes.model.HistorialMedico
2024-04-29T22:16:16.267-04:00 DEBUG 13756 --- [pacientes] [           main] o.h.b.i.bytebuddy.BytecodeProviderImpl   : HHH000513: Unable to create the ReflectionOptimizer for [com.example.pacientes.model.HistorialMedico]: private accessor [antecedentes]
2024-04-29T22:16:16.268-04:00 DEBUG 13756 --- [pacientes] [           main] org.hibernate.ormbytecode.interceptor    : To-one property `com.example.pacientes.model.HistorialMedico#paciente` was mapped with LAZY + NO_PROXY but the class was not enhanced
2024-04-29T22:16:16.271-04:00 DEBUG 13756 --- [pacientes] [           main] org.hibernate.ormbytecode.interceptor    : To-one property `com.example.pacientes.model.Consulta#paciente` was mapped with LAZY + NO_PROXY but the class was not enhanced
2024-04-29T22:16:16.271-04:00 DEBUG 13756 --- [pacientes] [           main] org.hibernate.ormbytecode.interceptor    : To-one property `com.example.pacientes.model.Consulta#paciente` was mapped with LAZY + NO_PROXY but the class was not enhanced
2024-04-29T22:16:16.271-04:00 DEBUG 13756 --- [pacientes] [           main] o.h.boot.internal.ClassLoaderAccessImpl  : Not known whether passed class name [com.example.pacientes.model.Consulta] is safe
2024-04-29T22:16:16.271-04:00 DEBUG 13756 --- [pacientes] [           main] o.h.boot.internal.ClassLoaderAccessImpl  : No temp ClassLoader provided; using live ClassLoader for loading potentially unsafe class : com.example.pacientes.model.Consulta
2024-04-29T22:16:16.398-04:00 DEBUG 13756 --- [pacientes] [           main] o.h.b.i.bytebuddy.BytecodeProviderImpl   : HHH000513: Unable to create the ReflectionOptimizer for [com.example.pacientes.model.Consulta]: private accessor [diagnostico]
2024-04-29T22:16:16.401-04:00 DEBUG 13756 --- [pacientes] [           main] org.hibernate.ormbytecode.interceptor    : To-one property `com.example.pacientes.model.Consulta#paciente` was mapped with LAZY + NO_PROXY but the class was not enhanced
2024-04-29T22:16:16.402-04:00 DEBUG 13756 --- [pacientes] [           main] org.hibernate.orm.jdbc.mutation          : Skipping collection (re)creation - com.example.pacientes.model.Paciente.consultas
2024-04-29T22:16:16.402-04:00 DEBUG 13756 --- [pacientes] [           main] org.hibernate.orm.jdbc.mutation          : Skipping collection row deletions - com.example.pacientes.model.Paciente.consultas
2024-04-29T22:16:16.402-04:00 DEBUG 13756 --- [pacientes] [           main] org.hibernate.orm.jdbc.mutation          : Skipping collection removals - com.example.pacientes.model.Paciente.consultas
2024-04-29T22:16:16.402-04:00 DEBUG 13756 --- [pacientes] [           main] org.hibernate.orm.jdbc.mutation          : Skipping collection (re)creation - com.example.pacientes.model.Paciente.historialMedico
2024-04-29T22:16:16.403-04:00 DEBUG 13756 --- [pacientes] [           main] org.hibernate.orm.jdbc.mutation          : Skipping collection row deletions - com.example.pacientes.model.Paciente.historialMedico
2024-04-29T22:16:16.403-04:00 DEBUG 13756 --- [pacientes] [           main] org.hibernate.orm.jdbc.mutation          : Skipping collection removals - com.example.pacientes.model.Paciente.historialMedico
2024-04-29T22:16:16.439-04:00 DEBUG 13756 --- [pacientes] [           main] o.hibernate.orm.model.mapping.creation   : Starting post-init callbacks
2024-04-29T22:16:16.440-04:00 DEBUG 13756 --- [pacientes] [           main] o.hibernate.orm.model.mapping.creation   : Starting PostInitCallbackEntry : PluralAttributeMapping( NavigableRole[com.example.pacientes.model.Paciente.consultas#{element}]) - element descriptor
2024-04-29T22:16:16.440-04:00 DEBUG 13756 --- [pacientes] [           main] o.hibernate.orm.model.mapping.creation   : Starting PostInitCallbackEntry : PluralAttributeMapping(com.example.pacientes.model.Paciente.consultas)#finishInitialization
2024-04-29T22:16:16.440-04:00 DEBUG 13756 --- [pacientes] [           main] o.hibernate.orm.model.mapping.creation   : Starting PostInitCallbackEntry : PluralAttributeMapping(com.example.pacientes.model.Paciente.consultas) - key descriptor
2024-04-29T22:16:16.441-04:00 DEBUG 13756 --- [pacientes] [           main] o.hibernate.orm.model.mapping.creation   : Starting PostInitCallbackEntry : PluralAttributeMapping( NavigableRole[com.example.pacientes.model.Paciente.historialMedico#{element}]) - element descriptor
2024-04-29T22:16:16.441-04:00 DEBUG 13756 --- [pacientes] [           main] o.hibernate.orm.model.mapping.creation   : Starting PostInitCallbackEntry : PluralAttributeMapping(com.example.pacientes.model.Paciente.historialMedico)#finishInitialization
2024-04-29T22:16:16.441-04:00 DEBUG 13756 --- [pacientes] [           main] o.hibernate.orm.model.mapping.creation   : Starting PostInitCallbackEntry : PluralAttributeMapping(com.example.pacientes.model.Paciente.historialMedico) - key descriptor
2024-04-29T22:16:16.442-04:00 DEBUG 13756 --- [pacientes] [           main] o.hibernate.orm.model.mapping.creation   : Starting PostInitCallbackEntry : Entity(com.example.pacientes.model.Paciente) `staticFetchableList` generator
2024-04-29T22:16:16.442-04:00 DEBUG 13756 --- [pacientes] [           main] o.hibernate.orm.model.mapping.creation   : Starting PostInitCallbackEntry : To-one key - NavigableRole[com.example.pacientes.model.HistorialMedico.paciente]
2024-04-29T22:16:16.443-04:00 DEBUG 13756 --- [pacientes] [           main] o.hibernate.orm.model.mapping.creation   : Starting PostInitCallbackEntry : Entity(com.example.pacientes.model.HistorialMedico) `staticFetchableList` generator
2024-04-29T22:16:16.443-04:00 DEBUG 13756 --- [pacientes] [           main] o.hibernate.orm.model.mapping.creation   : Starting PostInitCallbackEntry : To-one key - NavigableRole[com.example.pacientes.model.Consulta.paciente]
2024-04-29T22:16:16.443-04:00 DEBUG 13756 --- [pacientes] [           main] o.hibernate.orm.model.mapping.creation   : Starting PostInitCallbackEntry : Entity(com.example.pacientes.model.Consulta) `staticFetchableList` generator
2024-04-29T22:16:16.443-04:00 DEBUG 13756 --- [pacientes] [           main] o.hibernate.orm.model.mapping.creation   : Starting PostInitCallbackEntry : PluralAttributeMapping( NavigableRole[com.example.pacientes.model.Paciente.consultas#{element}]) - element descriptor
2024-04-29T22:16:16.443-04:00 DEBUG 13756 --- [pacientes] [           main] o.hibernate.orm.model.mapping.creation   : Starting PostInitCallbackEntry : PluralAttributeMapping( NavigableRole[com.example.pacientes.model.Paciente.historialMedico#{element}]) - element descriptor
2024-04-29T22:16:16.463-04:00 DEBUG 13756 --- [pacientes] [           main] org.hibernate.orm.sql.ast.create         : Created new SQL alias : p1_0
2024-04-29T22:16:16.464-04:00 DEBUG 13756 --- [pacientes] [           main] org.hibernate.orm.sql.ast.create         : Registration of TableGroup [StandardTableGroup(com.example.pacientes.model.Paciente)] with identifierForTableGroup [com.example.pacientes.model.Paciente] for NavigablePath [com.example.pacientes.model.Paciente] 
2024-04-29T22:16:16.466-04:00 DEBUG 13756 --- [pacientes] [           main] org.hibernate.orm.results.graph.AST      : DomainResult Graph:
 \-EntityResultImpl [com.example.pacientes.model.Paciente]
 |  +-BasicFetch [com.example.pacientes.model.Paciente.apellidoMaterno]
 |  +-BasicFetch [com.example.pacientes.model.Paciente.apellidoPaterno]
 |  +-DelayedCollectionFetch [com.example.pacientes.model.Paciente.consultas]
 |  +-BasicFetch [com.example.pacientes.model.Paciente.contactoEmerg]
 |  +-BasicFetch [com.example.pacientes.model.Paciente.direccion]
 |  +-BasicFetch [com.example.pacientes.model.Paciente.email]
 |  +-BasicFetch [com.example.pacientes.model.Paciente.fechaNacimiento]
 |  +-DelayedCollectionFetch [com.example.pacientes.model.Paciente.historialMedico]
 |  +-BasicFetch [com.example.pacientes.model.Paciente.nombre]
 |  +-BasicFetch [com.example.pacientes.model.Paciente.rut]
 |  +-BasicFetch [com.example.pacientes.model.Paciente.telefono]
 |  \-BasicFetch [com.example.pacientes.model.Paciente.tipoSangre]

2024-04-29T22:16:16.467-04:00 DEBUG 13756 --- [pacientes] [           main] org.hibernate.orm.sql.ast.tree           : SQL AST Tree:
    SelectStatement {
      FromClause {
        StandardTableGroup (p1 : com.example.pacientes.model.Paciente) {
          primaryTableReference : paciente as p1_0
        }
      }
    }

2024-04-29T22:16:16.468-04:00 DEBUG 13756 --- [pacientes] [           main] o.h.p.entity.AbstractEntityPersister     : Static SQL for entity: com.example.pacientes.model.Paciente
2024-04-29T22:16:16.468-04:00 DEBUG 13756 --- [pacientes] [           main] o.h.p.entity.AbstractEntityPersister     :  Version select: select id_paciente from paciente where id_paciente=?
2024-04-29T22:16:16.468-04:00 DEBUG 13756 --- [pacientes] [           main] o.h.p.entity.AbstractEntityPersister     :  Insert (0): insert into paciente (apellido_materno,apellido_paterno,contacto_emerg,calle,email,fecha_nacimiento,nombre,rut,telefono,tipo_sangre,id_paciente) values (?,?,?,?,?,?,?,?,?,?,default)
2024-04-29T22:16:16.468-04:00 DEBUG 13756 --- [pacientes] [           main] o.h.p.entity.AbstractEntityPersister     :  Update (0): update paciente set apellido_materno=?,apellido_paterno=?,contacto_emerg=?,calle=?,email=?,fecha_nacimiento=?,nombre=?,rut=?,telefono=?,tipo_sangre=? where id_paciente=?
2024-04-29T22:16:16.469-04:00 DEBUG 13756 --- [pacientes] [           main] o.h.p.entity.AbstractEntityPersister     :  Delete (0): delete from paciente where id_paciente=?
2024-04-29T22:16:16.469-04:00 DEBUG 13756 --- [pacientes] [           main] org.hibernate.orm.sql.ast.create         : Created new SQL alias : hm1_0
2024-04-29T22:16:16.469-04:00 DEBUG 13756 --- [pacientes] [           main] org.hibernate.orm.sql.ast.create         : Registration of TableGroup [StandardTableGroup(com.example.pacientes.model.HistorialMedico)] with identifierForTableGroup [com.example.pacientes.model.HistorialMedico] for NavigablePath [com.example.pacientes.model.HistorialMedico] 
2024-04-29T22:16:16.470-04:00 DEBUG 13756 --- [pacientes] [           main] org.hibernate.orm.sql.ast.create         : Registration of TableGroup [org.hibernate.sql.ast.tree.from.LazyTableGroup@47e7eb7] with identifierForTableGroup [com.example.pacientes.model.HistorialMedico.paciente] for NavigablePath [com.example.pacientes.model.HistorialMedico.paciente] 
2024-04-29T22:16:16.470-04:00 DEBUG 13756 --- [pacientes] [           main] org.hibernate.orm.sql.ast.create         : Created new SQL alias : p1_0
2024-04-29T22:16:16.471-04:00 DEBUG 13756 --- [pacientes] [           main] org.hibernate.orm.results.graph.AST      : DomainResult Graph:
 \-EntityResultImpl [com.example.pacientes.model.HistorialMedico]
 |  +-BasicFetch [com.example.pacientes.model.HistorialMedico.antecedentes]
 |  +-BasicFetch [com.example.pacientes.model.HistorialMedico.estudios]
 |  +-BasicFetch [com.example.pacientes.model.HistorialMedico.examenes]
 |  +-BasicFetch [com.example.pacientes.model.HistorialMedico.fechaHistorialMedico]
 |  +-BasicFetch [com.example.pacientes.model.HistorialMedico.internaciones]
 |  +-BasicFetch [com.example.pacientes.model.HistorialMedico.medicamentos]
 |  +-BasicFetch [com.example.pacientes.model.HistorialMedico.nombreMedico]
 |  +-BasicFetch [com.example.pacientes.model.HistorialMedico.operaciones]
 |  +-EntityFetchJoinedImpl [com.example.pacientes.model.HistorialMedico.paciente]
 |  \-BasicFetch [com.example.pacientes.model.HistorialMedico.tratamientos]

2024-04-29T22:16:16.472-04:00 DEBUG 13756 --- [pacientes] [           main] org.hibernate.orm.sql.ast.tree           : SQL AST Tree:
    SelectStatement {
      FromClause {
        StandardTableGroup (hm1 : com.example.pacientes.model.HistorialMedico) {
          primaryTableReference : historial_medico as hm1_0
          TableGroupJoins {
            left  join LazyTableGroup (p1 : com.example.pacientes.model.HistorialMedico.paciente) {
              primaryTableReference : paciente as p1_0
            }
          }
        }
      }
    }

2024-04-29T22:16:16.474-04:00 DEBUG 13756 --- [pacientes] [           main] o.h.p.entity.AbstractEntityPersister     : Static SQL for entity: com.example.pacientes.model.HistorialMedico
2024-04-29T22:16:16.474-04:00 DEBUG 13756 --- [pacientes] [           main] o.h.p.entity.AbstractEntityPersister     :  Version select: select id_historial_medico from historial_medico where id_historial_medico=?
2024-04-29T22:16:16.474-04:00 DEBUG 13756 --- [pacientes] [           main] o.h.p.entity.AbstractEntityPersister     :  Insert (0): insert into historial_medico (antecedentes,estudios,examenes,fecha_historial_medico,internaciones,medicamentos,nombre_medico,operaciones,paciente_id,tratamientos,id_historial_medico) values (?,?,?,?,?,?,?,?,?,?,default)
2024-04-29T22:16:16.474-04:00 DEBUG 13756 --- [pacientes] [           main] o.h.p.entity.AbstractEntityPersister     :  Update (0): update historial_medico set antecedentes=?,estudios=?,examenes=?,fecha_historial_medico=?,internaciones=?,medicamentos=?,nombre_medico=?,operaciones=?,paciente_id=?,tratamientos=? where id_historial_medico=?
2024-04-29T22:16:16.474-04:00 DEBUG 13756 --- [pacientes] [           main] o.h.p.entity.AbstractEntityPersister     :  Delete (0): delete from historial_medico where id_historial_medico=?
2024-04-29T22:16:16.474-04:00 DEBUG 13756 --- [pacientes] [           main] org.hibernate.orm.sql.ast.create         : Created new SQL alias : c1_0
2024-04-29T22:16:16.475-04:00 DEBUG 13756 --- [pacientes] [           main] org.hibernate.orm.sql.ast.create         : Registration of TableGroup [StandardTableGroup(com.example.pacientes.model.Consulta)] with identifierForTableGroup [com.example.pacientes.model.Consulta] for NavigablePath [com.example.pacientes.model.Consulta] 
2024-04-29T22:16:16.476-04:00 DEBUG 13756 --- [pacientes] [           main] org.hibernate.orm.sql.ast.create         : Registration of TableGroup [org.hibernate.sql.ast.tree.from.LazyTableGroup@27bf05af] with identifierForTableGroup [com.example.pacientes.model.Consulta.paciente] for NavigablePath [com.example.pacientes.model.Consulta.paciente] 
2024-04-29T22:16:16.477-04:00 DEBUG 13756 --- [pacientes] [           main] org.hibernate.orm.sql.ast.create         : Created new SQL alias : p1_0
2024-04-29T22:16:16.478-04:00 DEBUG 13756 --- [pacientes] [           main] org.hibernate.orm.results.graph.AST      : DomainResult Graph:
 \-EntityResultImpl [com.example.pacientes.model.Consulta]
 |  +-BasicFetch [com.example.pacientes.model.Consulta.diagnostico]
 |  +-BasicFetch [com.example.pacientes.model.Consulta.fechaConsulta]
 |  +-BasicFetch [com.example.pacientes.model.Consulta.motivo]
 |  +-BasicFetch [com.example.pacientes.model.Consulta.nombreMedico]
 |  +-EntityFetchJoinedImpl [com.example.pacientes.model.Consulta.paciente]
 |  \-BasicFetch [com.example.pacientes.model.Consulta.tratamiento]

2024-04-29T22:16:16.478-04:00 DEBUG 13756 --- [pacientes] [           main] org.hibernate.orm.sql.ast.tree           : SQL AST Tree:
    SelectStatement {
      FromClause {
        StandardTableGroup (c1 : com.example.pacientes.model.Consulta) {
          primaryTableReference : consulta as c1_0
          TableGroupJoins {
            left  join LazyTableGroup (p1 : com.example.pacientes.model.Consulta.paciente) {
              primaryTableReference : paciente as p1_0
            }
          }
        }
      }
    }

2024-04-29T22:16:16.478-04:00 DEBUG 13756 --- [pacientes] [           main] o.h.p.entity.AbstractEntityPersister     : Static SQL for entity: com.example.pacientes.model.Consulta
2024-04-29T22:16:16.483-04:00 DEBUG 13756 --- [pacientes] [           main] o.h.p.entity.AbstractEntityPersister     :  Version select: select id_consulta from consulta where id_consulta=?
2024-04-29T22:16:16.483-04:00 DEBUG 13756 --- [pacientes] [           main] o.h.p.entity.AbstractEntityPersister     :  Insert (0): insert into consulta (diagnostico,fecha_consulta,motivo,nombre_medico,paciente_id,tratamiento,id_consulta) values (?,?,?,?,?,?,default)
2024-04-29T22:16:16.483-04:00 DEBUG 13756 --- [pacientes] [           main] o.h.p.entity.AbstractEntityPersister     :  Update (0): update consulta set diagnostico=?,fecha_consulta=?,motivo=?,nombre_medico=?,paciente_id=?,tratamiento=? where id_consulta=?
2024-04-29T22:16:16.483-04:00 DEBUG 13756 --- [pacientes] [           main] o.h.p.entity.AbstractEntityPersister     :  Delete (0): delete from consulta where id_consulta=?
2024-04-29T22:16:16.483-04:00 DEBUG 13756 --- [pacientes] [           main] org.hibernate.orm.sql.ast.create         : Created new SQL alias : c1_0
2024-04-29T22:16:16.484-04:00 DEBUG 13756 --- [pacientes] [           main] org.hibernate.orm.sql.ast.create         : Registration of TableGroup [org.hibernate.sql.ast.tree.from.OneToManyTableGroup@74944d7f] with identifierForTableGroup [com.example.pacientes.model.Paciente.consultas] for NavigablePath [com.example.pacientes.model.Paciente.consultas] 
2024-04-29T22:16:16.485-04:00 DEBUG 13756 --- [pacientes] [           main] org.hibernate.orm.sql.ast.create         : Registration of TableGroup [StandardTableGroup(com.example.pacientes.model.Paciente.consultas.{element})] with identifierForTableGroup [com.example.pacientes.model.Paciente.consultas.{element}] for NavigablePath [com.example.pacientes.model.Paciente.consultas.{element}] 
2024-04-29T22:16:16.486-04:00 DEBUG 13756 --- [pacientes] [           main] org.hibernate.orm.sql.ast.create         : Registration of TableGroup [org.hibernate.sql.ast.tree.from.LazyTableGroup@71ebc2e] with identifierForTableGroup [com.example.pacientes.model.Paciente.consultas.{element}.paciente] for NavigablePath [com.example.pacientes.model.Paciente.consultas.{element}.paciente] 
2024-04-29T22:16:16.486-04:00 DEBUG 13756 --- [pacientes] [           main] org.hibernate.orm.results.graph.AST      : DomainResult Graph:
 \-CollectionDomainResult [com.example.pacientes.model.Paciente.consultas]

2024-04-29T22:16:16.488-04:00 DEBUG 13756 --- [pacientes] [           main] org.hibernate.orm.sql.ast.tree           : SQL AST Tree:
    SelectStatement {
      FromClause {
        OneToManyTableGroup (c1 : com.example.pacientes.model.Paciente.consultas) {
          primaryTableReference : consulta as c1_0
          TableGroupJoins {
            left  join LazyTableGroup (p1 : com.example.pacientes.model.Paciente.consultas.{element}.paciente) {
            }
          }
        }
      }
    }

2024-04-29T22:16:16.489-04:00 DEBUG 13756 --- [pacientes] [           main] org.hibernate.orm.jdbc.mutation          : Static SQL for collection: com.example.pacientes.model.Paciente.consultas
2024-04-29T22:16:16.489-04:00 DEBUG 13756 --- [pacientes] [           main] org.hibernate.orm.sql.ast.create         : Created new SQL alias : hm1_0
2024-04-29T22:16:16.490-04:00 DEBUG 13756 --- [pacientes] [           main] org.hibernate.orm.sql.ast.create         : Registration of TableGroup [org.hibernate.sql.ast.tree.from.OneToManyTableGroup@1b7bab7e] with identifierForTableGroup [com.example.pacientes.model.Paciente.historialMedico] for NavigablePath [com.example.pacientes.model.Paciente.historialMedico] 
2024-04-29T22:16:16.490-04:00 DEBUG 13756 --- [pacientes] [           main] org.hibernate.orm.sql.ast.create         : Registration of TableGroup [StandardTableGroup(com.example.pacientes.model.Paciente.historialMedico.{element})] with identifierForTableGroup [com.example.pacientes.model.Paciente.historialMedico.{element}] for NavigablePath [com.example.pacientes.model.Paciente.historialMedico.{element}] 
2024-04-29T22:16:16.493-04:00 DEBUG 13756 --- [pacientes] [           main] org.hibernate.orm.sql.ast.create         : Registration of TableGroup [org.hibernate.sql.ast.tree.from.LazyTableGroup@4dd2f2db] with identifierForTableGroup [com.example.pacientes.model.Paciente.historialMedico.{element}.paciente] for NavigablePath [com.example.pacientes.model.Paciente.historialMedico.{element}.paciente] 
2024-04-29T22:16:16.493-04:00 DEBUG 13756 --- [pacientes] [           main] org.hibernate.orm.results.graph.AST      : DomainResult Graph:
 \-CollectionDomainResult [com.example.pacientes.model.Paciente.historialMedico]

2024-04-29T22:16:16.493-04:00 DEBUG 13756 --- [pacientes] [           main] org.hibernate.orm.sql.ast.tree           : SQL AST Tree:
    SelectStatement {
      FromClause {
        OneToManyTableGroup (hm1 : com.example.pacientes.model.Paciente.historialMedico) {
          primaryTableReference : historial_medico as hm1_0
          TableGroupJoins {
            left  join LazyTableGroup (p1 : com.example.pacientes.model.Paciente.historialMedico.{element}.paciente) {
            }
          }
        }
      }
    }

2024-04-29T22:16:16.494-04:00 DEBUG 13756 --- [pacientes] [           main] org.hibernate.orm.jdbc.mutation          : Static SQL for collection: com.example.pacientes.model.Paciente.historialMedico
2024-04-29T22:16:16.499-04:00  INFO 13756 --- [pacientes] [           main] o.h.e.t.j.p.i.JtaPlatformInitiator       : HHH000489: No JTA platform available (set 'hibernate.transaction.jta.platform' to enable JTA platform integration)
2024-04-29T22:16:16.499-04:00 DEBUG 13756 --- [pacientes] [           main] o.h.type.spi.TypeConfiguration$Scope     : Scoping TypeConfiguration [org.hibernate.type.spi.TypeConfiguration@cec9f23] to SessionFactoryImplementor [org.hibernate.internal.SessionFactoryImpl@456b12c3]
2024-04-29T22:16:16.500-04:00 DEBUG 13756 --- [pacientes] [           main] o.h.query.named.NamedObjectRepository    : Checking 0 named HQL queries
2024-04-29T22:16:16.500-04:00 DEBUG 13756 --- [pacientes] [           main] o.h.query.named.NamedObjectRepository    : Checking 0 named SQL queries
2024-04-29T22:16:16.500-04:00 DEBUG 13756 --- [pacientes] [           main] .h.t.s.s.SchemaManagementToolCoordinator : No schema actions specified for contributor `orm`; doing nothing
2024-04-29T22:16:16.500-04:00 DEBUG 13756 --- [pacientes] [           main] .h.t.s.s.SchemaManagementToolCoordinator : No actions found; doing nothing
2024-04-29T22:16:16.500-04:00 DEBUG 13756 --- [pacientes] [           main] o.h.internal.SessionFactoryRegistry      : Registering SessionFactory: 3abb4407-4be6-412a-b3f6-9b9b3c088fee (<unnamed>)
2024-04-29T22:16:16.500-04:00 DEBUG 13756 --- [pacientes] [           main] o.h.internal.SessionFactoryRegistry      : Not binding SessionFactory to JNDI, no JNDI name configured
2024-04-29T22:16:16.500-04:00 DEBUG 13756 --- [pacientes] [           main] o.hibernate.internal.SessionFactoryImpl  : Instantiated SessionFactory
2024-04-29T22:16:16.500-04:00  INFO 13756 --- [pacientes] [           main] j.LocalContainerEntityManagerFactoryBean : Initialized JPA EntityManagerFactory for persistence unit 'default'
2024-04-29T22:16:16.507-04:00 DEBUG 13756 --- [pacientes] [           main] o.s.b.f.s.DefaultListableBeanFactory     : Creating shared instance of singleton bean 'pacientesApplication'
2024-04-29T22:16:16.525-04:00 DEBUG 13756 --- [pacientes] [           main] o.s.b.f.s.DefaultListableBeanFactory     : Creating shared instance of singleton bean 'org.springframework.boot.test.autoconfigure.jdbc.TestDatabaseAutoConfiguration'
2024-04-29T22:16:16.535-04:00 DEBUG 13756 --- [pacientes] [           main] o.s.b.f.s.DefaultListableBeanFactory     : Creating shared instance of singleton bean 'org.springframework.boot.autoconfigure.jdbc.metadata.DataSourcePoolMetadataProvidersConfiguration'
2024-04-29T22:16:16.537-04:00 DEBUG 13756 --- [pacientes] [           main] o.s.b.f.s.DefaultListableBeanFactory     : Creating shared instance of singleton bean 'org.springframework.boot.autoconfigure.jdbc.DataSourceAutoConfiguration'
2024-04-29T22:16:16.538-04:00 DEBUG 13756 --- [pacientes] [           main] o.s.b.f.s.DefaultListableBeanFactory     : Creating shared instance of singleton bean 'org.springframework.boot.context.properties.EnableConfigurationPropertiesRegistrar.methodValidationExcludeFilter'
2024-04-29T22:16:16.549-04:00 DEBUG 13756 --- [pacientes] [           main] o.s.b.f.s.DefaultListableBeanFactory     : Creating shared instance of singleton bean 'org.springframework.boot.autoconfigure.orm.jpa.JpaBaseConfiguration$PersistenceManagedTypesConfiguration'
2024-04-29T22:16:16.549-04:00 DEBUG 13756 --- [pacientes] [           main] o.s.b.f.s.DefaultListableBeanFactory     : Creating shared instance of singleton bean 'transactionManager'
2024-04-29T22:16:16.572-04:00 DEBUG 13756 --- [pacientes] [           main] o.s.b.f.s.DefaultListableBeanFactory     : Creating shared instance of singleton bean 'org.springframework.boot.autoconfigure.orm.jpa.HibernateJpaAutoConfiguration'
2024-04-29T22:16:16.574-04:00 DEBUG 13756 --- [pacientes] [           main] o.s.b.f.s.DefaultListableBeanFactory     : Creating shared instance of singleton bean 'org.springframework.boot.autoconfigure.data.jpa.JpaRepositoriesAutoConfiguration'
2024-04-29T22:16:16.575-04:00 DEBUG 13756 --- [pacientes] [           main] o.s.b.f.s.DefaultListableBeanFactory     : Creating shared instance of singleton bean 'jpaSharedEM_entityManagerFactory'
2024-04-29T22:16:16.594-04:00 DEBUG 13756 --- [pacientes] [           main] o.s.b.f.s.DefaultListableBeanFactory     : Creating shared instance of singleton bean 'org.springframework.data.jpa.util.JpaMetamodelCacheCleanup'
2024-04-29T22:16:16.595-04:00 DEBUG 13756 --- [pacientes] [           main] o.s.b.f.s.DefaultListableBeanFactory     : Creating shared instance of singleton bean 'org.springframework.data.jpa.repository.support.JpaEvaluationContextExtension'
2024-04-29T22:16:16.598-04:00 DEBUG 13756 --- [pacientes] [           main] o.s.b.f.s.DefaultListableBeanFactory     : Creating shared instance of singleton bean 'jpa.named-queries#0'
2024-04-29T22:16:16.606-04:00 DEBUG 13756 --- [pacientes] [           main] o.s.b.f.s.DefaultListableBeanFactory     : Creating shared instance of singleton bean 'jpa.HistorialMedicoRepository.fragments#0'
2024-04-29T22:16:16.607-04:00 DEBUG 13756 --- [pacientes] [           main] o.s.b.f.s.DefaultListableBeanFactory     : Creating shared instance of singleton bean 'historialMedicoRepository'
2024-04-29T22:16:16.641-04:00 DEBUG 13756 --- [pacientes] [           main] o.s.b.f.s.DefaultListableBeanFactory     : Creating shared instance of singleton bean 'jpaMappingContext'
2024-04-29T22:16:16.643-04:00 DEBUG 13756 --- [pacientes] [           main] .c.JpaMetamodelMappingContextFactoryBean : Initializing JpaMetamodelMappingContext…
2024-04-29T22:16:16.649-04:00 DEBUG 13756 --- [pacientes] [           main] .c.JpaMetamodelMappingContextFactoryBean : Finished initializing JpaMetamodelMappingContext
2024-04-29T22:16:16.658-04:00 DEBUG 13756 --- [pacientes] [           main] tor$SharedEntityManagerInvocationHandler : Creating new EntityManager for shared EntityManager invocation
2024-04-29T22:16:16.659-04:00 DEBUG 13756 --- [pacientes] [           main] o.h.stat.internal.StatisticsInitiator    : Statistics initialized [enabled=false]
2024-04-29T22:16:16.818-04:00 DEBUG 13756 --- [pacientes] [           main] o.s.d.r.c.s.RepositoryFactorySupport     : Initializing repository instance for com.example.pacientes.repository.HistorialMedicoRepository…
2024-04-29T22:16:16.840-04:00 DEBUG 13756 --- [pacientes] [           main] tor$SharedEntityManagerInvocationHandler : Creating new EntityManager for shared EntityManager invocation
2024-04-29T22:16:16.872-04:00 DEBUG 13756 --- [pacientes] [           main] o.s.d.r.c.s.RepositoryFactorySupport     : Finished creation of repository instance for com.example.pacientes.repository.HistorialMedicoRepository.
2024-04-29T22:16:16.888-04:00 DEBUG 13756 --- [pacientes] [           main] o.s.b.f.s.DefaultListableBeanFactory     : Creating shared instance of singleton bean 'jpa.named-queries#1'
2024-04-29T22:16:16.908-04:00 DEBUG 13756 --- [pacientes] [           main] o.s.b.f.s.DefaultListableBeanFactory     : Creating shared instance of singleton bean 'jpa.PacienteRepository.fragments#0'
2024-04-29T22:16:16.909-04:00 DEBUG 13756 --- [pacientes] [           main] o.s.b.f.s.DefaultListableBeanFactory     : Creating shared instance of singleton bean 'pacienteRepository'
2024-04-29T22:16:16.936-04:00 DEBUG 13756 --- [pacientes] [           main] tor$SharedEntityManagerInvocationHandler : Creating new EntityManager for shared EntityManager invocation
2024-04-29T22:16:16.936-04:00 DEBUG 13756 --- [pacientes] [           main] o.s.d.r.c.s.RepositoryFactorySupport     : Initializing repository instance for com.example.pacientes.repository.PacienteRepository…
2024-04-29T22:16:16.937-04:00 DEBUG 13756 --- [pacientes] [           main] tor$SharedEntityManagerInvocationHandler : Creating new EntityManager for shared EntityManager invocation
2024-04-29T22:16:16.945-04:00 DEBUG 13756 --- [pacientes] [           main] o.s.d.r.c.s.RepositoryFactorySupport     : Finished creation of repository instance for com.example.pacientes.repository.PacienteRepository.
2024-04-29T22:16:16.946-04:00 DEBUG 13756 --- [pacientes] [           main] o.s.b.f.s.DefaultListableBeanFactory     : Creating shared instance of singleton bean 'jpa.named-queries#2'
2024-04-29T22:16:16.948-04:00 DEBUG 13756 --- [pacientes] [           main] o.s.b.f.s.DefaultListableBeanFactory     : Creating shared instance of singleton bean 'jpa.ConsultaRepository.fragments#0'
2024-04-29T22:16:16.949-04:00 DEBUG 13756 --- [pacientes] [           main] o.s.b.f.s.DefaultListableBeanFactory     : Creating shared instance of singleton bean 'consultaRepository'
2024-04-29T22:16:16.958-04:00 DEBUG 13756 --- [pacientes] [           main] tor$SharedEntityManagerInvocationHandler : Creating new EntityManager for shared EntityManager invocation
2024-04-29T22:16:16.960-04:00 DEBUG 13756 --- [pacientes] [           main] o.s.d.r.c.s.RepositoryFactorySupport     : Initializing repository instance for com.example.pacientes.repository.ConsultaRepository…
2024-04-29T22:16:16.961-04:00 DEBUG 13756 --- [pacientes] [           main] tor$SharedEntityManagerInvocationHandler : Creating new EntityManager for shared EntityManager invocation
2024-04-29T22:16:16.971-04:00 DEBUG 13756 --- [pacientes] [           main] o.s.d.r.c.s.RepositoryFactorySupport     : Finished creation of repository instance for com.example.pacientes.repository.ConsultaRepository.
2024-04-29T22:16:16.974-04:00 DEBUG 13756 --- [pacientes] [           main] o.s.b.f.s.DefaultListableBeanFactory     : Creating shared instance of singleton bean 'data-jpa.repository-aot-processor#0'
2024-04-29T22:16:16.982-04:00 DEBUG 13756 --- [pacientes] [           main] o.s.b.f.s.DefaultListableBeanFactory     : Creating shared instance of singleton bean 'org.springframework.boot.autoconfigure.jdbc.JdbcTemplateConfiguration'
2024-04-29T22:16:16.984-04:00 DEBUG 13756 --- [pacientes] [           main] o.s.b.f.s.DefaultListableBeanFactory     : Creating shared instance of singleton bean 'jdbcTemplate'
2024-04-29T22:16:16.993-04:00 DEBUG 13756 --- [pacientes] [           main] o.s.b.f.s.DefaultListableBeanFactory     : Creating shared instance of singleton bean 'spring.jdbc-org.springframework.boot.autoconfigure.jdbc.JdbcProperties'
2024-04-29T22:16:17.024-04:00 DEBUG 13756 --- [pacientes] [           main] o.s.b.f.s.DefaultListableBeanFactory     : Autowiring by type from bean name 'jdbcTemplate' via factory method to bean named 'dataSource'
2024-04-29T22:16:17.025-04:00 DEBUG 13756 --- [pacientes] [           main] o.s.b.f.s.DefaultListableBeanFactory     : Autowiring by type from bean name 'jdbcTemplate' via factory method to bean named 'spring.jdbc-org.springframework.boot.autoconfigure.jdbc.JdbcProperties'
2024-04-29T22:16:17.042-04:00 DEBUG 13756 --- [pacientes] [           main] o.s.b.f.s.DefaultListableBeanFactory     : Creating shared instance of singleton bean 'org.springframework.boot.autoconfigure.jdbc.NamedParameterJdbcTemplateConfiguration'
2024-04-29T22:16:17.044-04:00 DEBUG 13756 --- [pacientes] [           main] o.s.b.f.s.DefaultListableBeanFactory     : Creating shared instance of singleton bean 'namedParameterJdbcTemplate'
2024-04-29T22:16:17.046-04:00 DEBUG 13756 --- [pacientes] [           main] o.s.b.f.s.DefaultListableBeanFactory     : Autowiring by type from bean name 'namedParameterJdbcTemplate' via factory method to bean named 'jdbcTemplate'
2024-04-29T22:16:17.050-04:00 DEBUG 13756 --- [pacientes] [           main] o.s.b.f.s.DefaultListableBeanFactory     : Creating shared instance of singleton bean 'org.springframework.boot.autoconfigure.jdbc.JdbcTemplateAutoConfiguration'
2024-04-29T22:16:17.055-04:00 DEBUG 13756 --- [pacientes] [           main] o.s.b.f.s.DefaultListableBeanFactory     : Creating shared instance of singleton bean 'org.springframework.boot.autoconfigure.jdbc.JdbcClientAutoConfiguration'
2024-04-29T22:16:17.074-04:00 DEBUG 13756 --- [pacientes] [           main] o.s.b.f.s.DefaultListableBeanFactory     : Creating shared instance of singleton bean 'jdbcClient'
2024-04-29T22:16:17.077-04:00 DEBUG 13756 --- [pacientes] [           main] o.s.b.f.s.DefaultListableBeanFactory     : Autowiring by type from bean name 'jdbcClient' via factory method to bean named 'namedParameterJdbcTemplate'
2024-04-29T22:16:17.080-04:00 DEBUG 13756 --- [pacientes] [           main] o.s.b.f.s.DefaultListableBeanFactory     : Creating shared instance of singleton bean 'org.springframework.boot.autoconfigure.sql.init.SqlInitializationAutoConfiguration'
2024-04-29T22:16:17.081-04:00 DEBUG 13756 --- [pacientes] [           main] o.s.b.f.s.DefaultListableBeanFactory     : Creating shared instance of singleton bean 'org.springframework.boot.autoconfigure.jdbc.DataSourceTransactionManagerAutoConfiguration$JdbcTransactionManagerConfiguration'
2024-04-29T22:16:17.082-04:00 DEBUG 13756 --- [pacientes] [           main] o.s.b.f.s.DefaultListableBeanFactory     : Creating shared instance of singleton bean 'org.springframework.boot.autoconfigure.jdbc.DataSourceTransactionManagerAutoConfiguration'
2024-04-29T22:16:17.082-04:00 DEBUG 13756 --- [pacientes] [           main] o.s.b.f.s.DefaultListableBeanFactory     : Creating shared instance of singleton bean 'org.springframework.boot.autoconfigure.transaction.TransactionAutoConfiguration$EnableTransactionManagementConfiguration$CglibAutoProxyConfiguration'
2024-04-29T22:16:17.083-04:00 DEBUG 13756 --- [pacientes] [           main] o.s.b.f.s.DefaultListableBeanFactory     : Creating shared instance of singleton bean 'org.springframework.boot.autoconfigure.transaction.TransactionAutoConfiguration$EnableTransactionManagementConfiguration'
2024-04-29T22:16:17.083-04:00 DEBUG 13756 --- [pacientes] [           main] o.s.b.f.s.DefaultListableBeanFactory     : Creating shared instance of singleton bean 'org.springframework.boot.autoconfigure.transaction.TransactionAutoConfiguration$TransactionTemplateConfiguration'
2024-04-29T22:16:17.084-04:00 DEBUG 13756 --- [pacientes] [           main] o.s.b.f.s.DefaultListableBeanFactory     : Creating shared instance of singleton bean 'transactionTemplate'
2024-04-29T22:16:17.087-04:00 DEBUG 13756 --- [pacientes] [           main] o.s.b.f.s.DefaultListableBeanFactory     : Autowiring by type from bean name 'transactionTemplate' via factory method to bean named 'transactionManager'
2024-04-29T22:16:17.089-04:00 DEBUG 13756 --- [pacientes] [           main] o.s.b.f.s.DefaultListableBeanFactory     : Creating shared instance of singleton bean 'org.springframework.boot.autoconfigure.transaction.TransactionAutoConfiguration'
2024-04-29T22:16:17.090-04:00 DEBUG 13756 --- [pacientes] [           main] o.s.b.f.s.DefaultListableBeanFactory     : Creating shared instance of singleton bean 'org.springframework.boot.test.autoconfigure.orm.jpa.TestEntityManagerAutoConfiguration'
2024-04-29T22:16:17.090-04:00 DEBUG 13756 --- [pacientes] [           main] o.s.b.f.s.DefaultListableBeanFactory     : Creating shared instance of singleton bean 'testEntityManager'
2024-04-29T22:16:17.099-04:00 DEBUG 13756 --- [pacientes] [           main] o.s.b.f.s.DefaultListableBeanFactory     : Autowiring by type from bean name 'testEntityManager' via factory method to bean named 'entityManagerFactory'
2024-04-29T22:16:17.121-04:00 DEBUG 13756 --- [pacientes] [           main] o.s.c.support.DefaultLifecycleProcessor  : Starting beans in phase -2147483647
2024-04-29T22:16:17.121-04:00 DEBUG 13756 --- [pacientes] [           main] o.s.c.support.DefaultLifecycleProcessor  : Successfully started bean 'springBootLoggingLifecycle'
2024-04-29T22:16:17.144-04:00 DEBUG 13756 --- [pacientes] [           main] .s.b.a.l.ConditionEvaluationReportLogger : 


============================
CONDITIONS EVALUATION REPORT
============================


Positive matches:
-----------------

   DataSourceAutoConfiguration matched:
      - @ConditionalOnClass found required classes 'javax.sql.DataSource', 'org.springframework.jdbc.datasource.embedded.EmbeddedDatabaseType' (OnClassCondition)
      - @ConditionalOnMissingBean (types: io.r2dbc.spi.ConnectionFactory; SearchStrategy: all) did not find any beans (OnBeanCondition)

   DataSourceAutoConfiguration.PooledDataSourceConfiguration matched:
      - AnyNestedCondition 1 matched 1 did not; NestedCondition on DataSourceAutoConfiguration.PooledDataSourceCondition.PooledDataSourceAvailable PooledDataSource found supported DataSource; NestedCondition on DataSourceAutoConfiguration.PooledDataSourceCondition.ExplicitType @ConditionalOnProperty (spring.datasource.type) did not find property 'type' (DataSourceAutoConfiguration.PooledDataSourceCondition)
      - @ConditionalOnMissingBean (types: javax.sql.DataSource,javax.sql.XADataSource; SearchStrategy: all) did not find any beans (OnBeanCondition)

   DataSourceAutoConfiguration.PooledDataSourceConfiguration#jdbcConnectionDetails matched:
      - @ConditionalOnMissingBean (types: org.springframework.boot.autoconfigure.jdbc.JdbcConnectionDetails; SearchStrategy: all) did not find any beans (OnBeanCondition)

   DataSourceConfiguration.Hikari matched:
      - @ConditionalOnClass found required class 'com.zaxxer.hikari.HikariDataSource' (OnClassCondition)
      - @ConditionalOnProperty (spring.datasource.type=com.zaxxer.hikari.HikariDataSource) matched (OnPropertyCondition)
      - @ConditionalOnMissingBean (types: javax.sql.DataSource; SearchStrategy: all) did not find any beans (OnBeanCondition)

   DataSourceInitializationConfiguration matched:
      - @ConditionalOnClass found required class 'org.springframework.jdbc.datasource.init.DatabasePopulator' (OnClassCondition)
      - @ConditionalOnSingleCandidate (types: javax.sql.DataSource; SearchStrategy: all) found a single bean 'dataSource'; @ConditionalOnMissingBean (types: org.springframework.boot.autoconfigure.sql.init.SqlDataSourceScriptDatabaseInitializer,org.springframework.boot.autoconfigure.sql.init.SqlR2dbcScriptDatabaseInitializer; SearchStrategy: all) did not find any beans (OnBeanCondition)

   DataSourcePoolMetadataProvidersConfiguration.HikariPoolDataSourceMetadataProviderConfiguration matched:
      - @ConditionalOnClass found required class 'com.zaxxer.hikari.HikariDataSource' (OnClassCondition)

   DataSourceTransactionManagerAutoConfiguration matched:
      - @ConditionalOnClass found required classes 'org.springframework.jdbc.core.JdbcTemplate', 'org.springframework.transaction.TransactionManager' (OnClassCondition)

   DataSourceTransactionManagerAutoConfiguration.JdbcTransactionManagerConfiguration matched:
      - @ConditionalOnSingleCandidate (types: javax.sql.DataSource; SearchStrategy: all) found a single bean 'dataSource' (OnBeanCondition)

   HibernateJpaAutoConfiguration matched:
      - @ConditionalOnClass found required classes 'org.springframework.orm.jpa.LocalContainerEntityManagerFactoryBean', 'jakarta.persistence.EntityManager', 'org.hibernate.engine.spi.SessionImplementor' (OnClassCondition)

   HibernateJpaConfiguration matched:
      - @ConditionalOnSingleCandidate (types: javax.sql.DataSource; SearchStrategy: all) found a single bean 'dataSource' (OnBeanCondition)

   JdbcClientAutoConfiguration matched:
      - @ConditionalOnSingleCandidate (types: org.springframework.jdbc.core.namedparam.NamedParameterJdbcTemplate; SearchStrategy: all) found a single bean 'namedParameterJdbcTemplate'; @ConditionalOnMissingBean (types: org.springframework.jdbc.core.simple.JdbcClient; SearchStrategy: all) did not find any beans (OnBeanCondition)

   JdbcTemplateAutoConfiguration matched:
      - @ConditionalOnClass found required classes 'javax.sql.DataSource', 'org.springframework.jdbc.core.JdbcTemplate' (OnClassCondition)
      - @ConditionalOnSingleCandidate (types: javax.sql.DataSource; SearchStrategy: all) found a single bean 'dataSource' (OnBeanCondition)

   JdbcTemplateConfiguration matched:
      - @ConditionalOnMissingBean (types: org.springframework.jdbc.core.JdbcOperations; SearchStrategy: all) did not find any beans (OnBeanCondition)

   JpaBaseConfiguration#entityManagerFactory matched:
      - @ConditionalOnMissingBean (types: org.springframework.orm.jpa.LocalContainerEntityManagerFactoryBean,jakarta.persistence.EntityManagerFactory; SearchStrategy: all) did not find any beans (OnBeanCondition)

   JpaBaseConfiguration#entityManagerFactoryBuilder matched:
      - @ConditionalOnMissingBean (types: org.springframework.boot.orm.jpa.EntityManagerFactoryBuilder; SearchStrategy: all) did not find any beans (OnBeanCondition)

   JpaBaseConfiguration#jpaVendorAdapter matched:
      - @ConditionalOnMissingBean (types: org.springframework.orm.jpa.JpaVendorAdapter; SearchStrategy: all) did not find any beans (OnBeanCondition)

   JpaBaseConfiguration#transactionManager matched:
      - @ConditionalOnMissingBean (types: org.springframework.transaction.TransactionManager; SearchStrategy: all) did not find any beans (OnBeanCondition)

   JpaBaseConfiguration.PersistenceManagedTypesConfiguration matched:
      - @ConditionalOnMissingBean (types: org.springframework.orm.jpa.LocalContainerEntityManagerFactoryBean,jakarta.persistence.EntityManagerFactory; SearchStrategy: all) did not find any beans (OnBeanCondition)

   JpaBaseConfiguration.PersistenceManagedTypesConfiguration#persistenceManagedTypes matched:
      - @ConditionalOnMissingBean (types: org.springframework.orm.jpa.persistenceunit.PersistenceManagedTypes; SearchStrategy: all) did not find any beans (OnBeanCondition)

   JpaRepositoriesAutoConfiguration matched:
      - @ConditionalOnClass found required class 'org.springframework.data.jpa.repository.JpaRepository' (OnClassCondition)
      - @ConditionalOnProperty (spring.data.jpa.repositories.enabled=true) matched (OnPropertyCondition)
      - @ConditionalOnBean (types: javax.sql.DataSource; SearchStrategy: all) found bean 'dataSource'; @ConditionalOnMissingBean (types: org.springframework.data.jpa.repository.support.JpaRepositoryFactoryBean,org.springframework.data.jpa.repository.config.JpaRepositoryConfigExtension; SearchStrategy: all) did not find any beans (OnBeanCondition)

   NamedParameterJdbcTemplateConfiguration matched:
      - @ConditionalOnSingleCandidate (types: org.springframework.jdbc.core.JdbcTemplate; SearchStrategy: all) found a single bean 'jdbcTemplate'; @ConditionalOnMissingBean (types: org.springframework.jdbc.core.namedparam.NamedParameterJdbcOperations; SearchStrategy: all) did not find any beans (OnBeanCondition)

   NoOpCacheConfiguration matched:
      - Cache org.springframework.boot.autoconfigure.cache.NoOpCacheConfiguration NONE cache type (CacheCondition)

   SqlInitializationAutoConfiguration matched:
      - @ConditionalOnProperty (spring.sql.init.enabled) matched (OnPropertyCondition)
      - NoneNestedConditions 0 matched 1 did not; NestedCondition on SqlInitializationAutoConfiguration.SqlInitializationModeCondition.ModeIsNever @ConditionalOnProperty (spring.sql.init.mode=never) did not find property 'mode' (SqlInitializationAutoConfiguration.SqlInitializationModeCondition)

   TestEntityManagerAutoConfiguration matched:
      - @ConditionalOnClass found required class 'jakarta.persistence.EntityManagerFactory' (OnClassCondition)

   TestEntityManagerAutoConfiguration#testEntityManager matched:
      - @ConditionalOnMissingBean (types: org.springframework.boot.test.autoconfigure.orm.jpa.TestEntityManager; SearchStrategy: all) did not find any beans (OnBeanCondition)

   TransactionAutoConfiguration matched:
      - @ConditionalOnClass found required class 'org.springframework.transaction.PlatformTransactionManager' (OnClassCondition)

   TransactionAutoConfiguration.EnableTransactionManagementConfiguration matched:
      - @ConditionalOnBean (types: org.springframework.transaction.TransactionManager; SearchStrategy: all) found bean 'transactionManager'; @ConditionalOnMissingBean (types: org.springframework.transaction.annotation.AbstractTransactionManagementConfiguration; SearchStrategy: all) did not find any beans (OnBeanCondition)

   TransactionAutoConfiguration.EnableTransactionManagementConfiguration.CglibAutoProxyConfiguration matched:
      - @ConditionalOnProperty (spring.aop.proxy-target-class=true) matched (OnPropertyCondition)

   TransactionAutoConfiguration.TransactionTemplateConfiguration matched:
      - @ConditionalOnSingleCandidate (types: org.springframework.transaction.PlatformTransactionManager; SearchStrategy: all) found a single bean 'transactionManager' (OnBeanCondition)

   TransactionAutoConfiguration.TransactionTemplateConfiguration#transactionTemplate matched:
      - @ConditionalOnMissingBean (types: org.springframework.transaction.support.TransactionOperations; SearchStrategy: all) did not find any beans (OnBeanCondition)


Negative matches:
-----------------

   Cache2kCacheConfiguration:
      Did not match:
         - @ConditionalOnClass did not find required class 'org.cache2k.Cache2kBuilder' (OnClassCondition)

   CacheAutoConfiguration:
      Did not match:
         - @ConditionalOnBean (types: org.springframework.cache.interceptor.CacheAspectSupport; SearchStrategy: all) did not find any beans of type org.springframework.cache.interceptor.CacheAspectSupport (OnBeanCondition)
      Matched:
         - @ConditionalOnClass found required class 'org.springframework.cache.CacheManager' (OnClassCondition)

   CacheAutoConfiguration.CacheManagerEntityManagerFactoryDependsOnPostProcessor:
      Did not match:
         - Ancestor org.springframework.boot.autoconfigure.cache.CacheAutoConfiguration did not match (ConditionEvaluationReport.AncestorsMatchedCondition)
      Matched:
         - @ConditionalOnClass found required class 'org.springframework.orm.jpa.LocalContainerEntityManagerFactoryBean' (OnClassCondition)

   CaffeineCacheConfiguration:
      Did not match:
         - @ConditionalOnClass did not find required class 'com.github.benmanes.caffeine.cache.Caffeine' (OnClassCondition)

   CouchbaseCacheConfiguration:
      Did not match:
         - @ConditionalOnClass did not find required class 'com.couchbase.client.java.Cluster' (OnClassCondition)

   DataSourceAutoConfiguration.EmbeddedDatabaseConfiguration:
      Did not match:
         - EmbeddedDataSource spring.datasource.url is set (DataSourceAutoConfiguration.EmbeddedDatabaseCondition)

   DataSourceCheckpointRestoreConfiguration:
      Did not match:
         - @ConditionalOnClass did not find required class 'org.crac.Resource' (OnClassCondition)

   DataSourceConfiguration.Dbcp2:
      Did not match:
         - @ConditionalOnClass did not find required class 'org.apache.commons.dbcp2.BasicDataSource' (OnClassCondition)

   DataSourceConfiguration.Generic:
      Did not match:
         - @ConditionalOnProperty (spring.datasource.type) did not find property 'spring.datasource.type' (OnPropertyCondition)

   DataSourceConfiguration.OracleUcp:
      Did not match:
         - @ConditionalOnClass did not find required class 'oracle.ucp.jdbc.PoolDataSourceImpl' (OnClassCondition)

   DataSourceConfiguration.Tomcat:
      Did not match:
         - @ConditionalOnClass did not find required class 'org.apache.tomcat.jdbc.pool.DataSource' (OnClassCondition)

   DataSourceJmxConfiguration:
      Did not match:
         - @ConditionalOnProperty (spring.jmx.enabled=true) found different value in property 'enabled' (OnPropertyCondition)

   DataSourcePoolMetadataProvidersConfiguration.CommonsDbcp2PoolDataSourceMetadataProviderConfiguration:
      Did not match:
         - @ConditionalOnClass did not find required class 'org.apache.commons.dbcp2.BasicDataSource' (OnClassCondition)

   DataSourcePoolMetadataProvidersConfiguration.OracleUcpPoolDataSourceMetadataProviderConfiguration:
      Did not match:
         - @ConditionalOnClass did not find required class 'oracle.ucp.jdbc.PoolDataSource' (OnClassCondition)

   DataSourcePoolMetadataProvidersConfiguration.TomcatDataSourcePoolMetadataProviderConfiguration:
      Did not match:
         - @ConditionalOnClass did not find required class 'org.apache.tomcat.jdbc.pool.DataSource' (OnClassCondition)

   DataSourceTransactionManagerAutoConfiguration.JdbcTransactionManagerConfiguration#transactionManager:
      Did not match:
         - @ConditionalOnMissingBean (types: org.springframework.transaction.TransactionManager; SearchStrategy: all) found beans of type 'org.springframework.transaction.TransactionManager' transactionManager (OnBeanCondition)

   FlywayAutoConfiguration:
      Did not match:
         - @ConditionalOnClass did not find required class 'org.flywaydb.core.Flyway' (OnClassCondition)

   GenericCacheConfiguration:
      Did not match:
         - Cache org.springframework.boot.autoconfigure.cache.GenericCacheConfiguration unknown cache type (CacheCondition)

   HazelcastCacheConfiguration:
      Did not match:
         - @ConditionalOnClass did not find required class 'com.hazelcast.core.HazelcastInstance' (OnClassCondition)

   InfinispanCacheConfiguration:
      Did not match:
         - @ConditionalOnClass did not find required class 'org.infinispan.spring.embedded.provider.SpringEmbeddedCacheManager' (OnClassCondition)

   JCacheCacheConfiguration:
      Did not match:
         - @ConditionalOnClass did not find required class 'javax.cache.Caching' (OnClassCondition)

   JpaBaseConfiguration.JpaWebConfiguration:
      Did not match:
         - not a servlet web application (OnWebApplicationCondition)
      Matched:
         - @ConditionalOnClass found required class 'org.springframework.web.servlet.config.annotation.WebMvcConfigurer' (OnClassCondition)

   JpaRepositoriesAutoConfiguration#entityManagerFactoryBootstrapExecutorCustomizer:
      Did not match:
         - AnyNestedCondition 0 matched 2 did not; NestedCondition on JpaRepositoriesAutoConfiguration.BootstrapExecutorCondition.LazyBootstrapMode @ConditionalOnProperty (spring.data.jpa.repositories.bootstrap-mode=lazy) found different value in property 'bootstrap-mode'; NestedCondition on JpaRepositoriesAutoConfiguration.BootstrapExecutorCondition.DeferredBootstrapMode @ConditionalOnProperty (spring.data.jpa.repositories.bootstrap-mode=deferred) found different value in property 'bootstrap-mode' (JpaRepositoriesAutoConfiguration.BootstrapExecutorCondition)

   LiquibaseAutoConfiguration:
      Did not match:
         - @ConditionalOnClass did not find required class 'liquibase.change.DatabaseChange' (OnClassCondition)

   R2dbcInitializationConfiguration:
      Did not match:
         - @ConditionalOnClass did not find required classes 'io.r2dbc.spi.ConnectionFactory', 'org.springframework.r2dbc.connection.init.DatabasePopulator' (OnClassCondition)

   RedisCacheConfiguration:
      Did not match:
         - @ConditionalOnClass did not find required class 'org.springframework.data.redis.connection.RedisConnectionFactory' (OnClassCondition)

   SimpleCacheConfiguration:
      Did not match:
         - Cache org.springframework.boot.autoconfigure.cache.SimpleCacheConfiguration unknown cache type (CacheCondition)

   TestDatabaseAutoConfiguration#dataSource:
      Did not match:
         - @ConditionalOnProperty (spring.test.database.replace=AUTO_CONFIGURED) found different value in property 'replace' (OnPropertyCondition)

   TestDatabaseAutoConfiguration#embeddedDataSourceBeanFactoryPostProcessor:
      Did not match:
         - @ConditionalOnProperty (spring.test.database.replace=ANY) found different value in property 'replace' (OnPropertyCondition)

   TransactionAutoConfiguration#transactionalOperator:
      Did not match:
         - @ConditionalOnSingleCandidate (types: org.springframework.transaction.ReactiveTransactionManager; SearchStrategy: all) did not find any beans (OnBeanCondition)

   TransactionAutoConfiguration.AspectJTransactionManagementConfiguration:
      Did not match:
         - @ConditionalOnBean (types: org.springframework.transaction.aspectj.AbstractTransactionAspect; SearchStrategy: all) did not find any beans of type org.springframework.transaction.aspectj.AbstractTransactionAspect (OnBeanCondition)

   TransactionAutoConfiguration.EnableTransactionManagementConfiguration.JdkDynamicAutoProxyConfiguration:
      Did not match:
         - @ConditionalOnProperty (spring.aop.proxy-target-class=false) did not find property 'proxy-target-class' (OnPropertyCondition)


Exclusions:
-----------

    None


Unconditional classes:
----------------------

    org.springframework.boot.test.autoconfigure.jdbc.TestDatabaseAutoConfiguration



2024-04-29T22:16:17.148-04:00  INFO 13756 --- [pacientes] [           main] c.e.p.r.HistorialMedicoRepositoryTest    : Started HistorialMedicoRepositoryTest in 3.455 seconds (process running for 29.168)
2024-04-29T22:16:17.152-04:00 DEBUG 13756 --- [pacientes] [           main] org.springframework.test.context.cache   : Spring test ApplicationContext cache statistics: [DefaultContextCache@699e0bf0 size = 4, maxSize = 32, parentContextCount = 0, hitCount = 110, missCount = 4, failureCount = 0]
2024-04-29T22:16:17.184-04:00 DEBUG 13756 --- [pacientes] [           main] org.springframework.test.context.cache   : Spring test ApplicationContext cache statistics: [DefaultContextCache@699e0bf0 size = 4, maxSize = 32, parentContextCount = 0, hitCount = 111, missCount = 4, failureCount = 0]
2024-04-29T22:16:17.200-04:00 DEBUG 13756 --- [pacientes] [           main] sContextBeforeModesTestExecutionListener : Before test method: class [HistorialMedicoRepositoryTest], method [guardarHistorialMedicoTest], class annotated with @DirtiesContext [false] with mode [null], method annotated with @DirtiesContext [false] with mode [null]
2024-04-29T22:16:17.206-04:00 DEBUG 13756 --- [pacientes] [           main] t.c.t.TransactionalTestExecutionListener : Explicit transaction definition [PROPAGATION_REQUIRED,ISOLATION_DEFAULT] found for test class [com.example.pacientes.repository.HistorialMedicoRepositoryTest] and test method [guardarHistorialMedicoTest]
2024-04-29T22:16:17.206-04:00 DEBUG 13756 --- [pacientes] [           main] org.springframework.test.context.cache   : Spring test ApplicationContext cache statistics: [DefaultContextCache@699e0bf0 size = 4, maxSize = 32, parentContextCount = 0, hitCount = 112, missCount = 4, failureCount = 0]
2024-04-29T22:16:17.207-04:00 DEBUG 13756 --- [pacientes] [           main] t.c.t.TransactionalTestExecutionListener : No method-level @Rollback override: using default rollback [true] for test method [public void com.example.pacientes.repository.HistorialMedicoRepositoryTest.guardarHistorialMedicoTest()]
2024-04-29T22:16:17.208-04:00 DEBUG 13756 --- [pacientes] [           main] o.s.orm.jpa.JpaTransactionManager        : Creating new transaction with name [com.example.pacientes.repository.HistorialMedicoRepositoryTest.guardarHistorialMedicoTest]: PROPAGATION_REQUIRED,ISOLATION_DEFAULT
2024-04-29T22:16:17.208-04:00 DEBUG 13756 --- [pacientes] [           main] o.s.orm.jpa.JpaTransactionManager        : Opened new EntityManager [SessionImpl(1100891835<open>)] for JPA transaction
2024-04-29T22:16:17.209-04:00 DEBUG 13756 --- [pacientes] [           main] o.h.e.t.internal.TransactionImpl         : On TransactionImpl creation, JpaCompliance#isJpaTransactionComplianceEnabled == false
2024-04-29T22:16:17.210-04:00 DEBUG 13756 --- [pacientes] [           main] o.h.e.t.internal.TransactionImpl         : begin
2024-04-29T22:16:17.229-04:00 DEBUG 13756 --- [pacientes] [           main] o.s.orm.jpa.JpaTransactionManager        : Exposing JPA transaction as JDBC [org.springframework.orm.jpa.vendor.HibernateJpaDialect$HibernateConnectionHandle@1531fbc8]
2024-04-29T22:16:17.231-04:00 DEBUG 13756 --- [pacientes] [           main] o.s.t.c.transaction.TransactionContext   : Began transaction (1) for test class [com.example.pacientes.repository.HistorialMedicoRepositoryTest]; test method [guardarHistorialMedicoTest]; transaction manager [org.springframework.orm.jpa.JpaTransactionManager@497031ea]; rollback [true]
2024-04-29T22:16:17.233-04:00 DEBUG 13756 --- [pacientes] [           main] org.springframework.test.context.cache   : Spring test ApplicationContext cache statistics: [DefaultContextCache@699e0bf0 size = 4, maxSize = 32, parentContextCount = 0, hitCount = 113, missCount = 4, failureCount = 0]
2024-04-29T22:16:17.233-04:00 DEBUG 13756 --- [pacientes] [           main] org.springframework.test.context.cache   : Spring test ApplicationContext cache statistics: [DefaultContextCache@699e0bf0 size = 4, maxSize = 32, parentContextCount = 0, hitCount = 114, missCount = 4, failureCount = 0]
2024-04-29T22:16:17.241-04:00 DEBUG 13756 --- [pacientes] [           main] org.springframework.test.context.cache   : Spring test ApplicationContext cache statistics: [DefaultContextCache@699e0bf0 size = 4, maxSize = 32, parentContextCount = 0, hitCount = 115, missCount = 4, failureCount = 0]
2024-04-29T22:16:17.252-04:00 DEBUG 13756 --- [pacientes] [           main] o.s.orm.jpa.JpaTransactionManager        : Found thread-bound EntityManager [SessionImpl(1100891835<open>)] for JPA transaction
2024-04-29T22:16:17.253-04:00 DEBUG 13756 --- [pacientes] [           main] o.s.orm.jpa.JpaTransactionManager        : Participating in existing transaction
2024-04-29T22:16:17.253-04:00 DEBUG 13756 --- [pacientes] [           main] o.h.j.internal.PersistenceUnitUtilImpl   : jakarta.persistence.PersistenceUnitUtil.getIdentifier is only intended to work with enhanced entities (although Hibernate also adapts this support to its proxies); however the passed entity was not enhanced (nor a proxy).. may not be able to read identifier
2024-04-29T22:16:17.255-04:00 DEBUG 13756 --- [pacientes] [           main] org.hibernate.engine.spi.ActionQueue     : Executing identity-insert immediately
2024-04-29T22:16:17.300-04:00 DEBUG 13756 --- [pacientes] [           main] org.hibernate.SQL                        : insert into historial_medico (antecedentes,estudios,examenes,fecha_historial_medico,internaciones,medicamentos,nombre_medico,operaciones,paciente_id,tratamientos,id_historial_medico) values (?,?,?,?,?,?,?,?,?,?,default)
Hibernate: insert into historial_medico (antecedentes,estudios,examenes,fecha_historial_medico,internaciones,medicamentos,nombre_medico,operaciones,paciente_id,tratamientos,id_historial_medico) values (?,?,?,?,?,?,?,?,?,?,default)
2024-04-29T22:16:17.331-04:00 DEBUG 13756 --- [pacientes] [           main] o.h.id.IdentifierGeneratorHelper         : Natively generated identity (com.example.pacientes.model.HistorialMedico) : 83
2024-04-29T22:16:17.332-04:00 DEBUG 13756 --- [pacientes] [           main] org.springframework.test.context.cache   : Spring test ApplicationContext cache statistics: [DefaultContextCache@699e0bf0 size = 4, maxSize = 32, parentContextCount = 0, hitCount = 116, missCount = 4, failureCount = 0]
2024-04-29T22:16:17.333-04:00 DEBUG 13756 --- [pacientes] [           main] org.springframework.test.context.cache   : Spring test ApplicationContext cache statistics: [DefaultContextCache@699e0bf0 size = 4, maxSize = 32, parentContextCount = 0, hitCount = 117, missCount = 4, failureCount = 0]
2024-04-29T22:16:17.333-04:00 DEBUG 13756 --- [pacientes] [           main] org.springframework.test.context.cache   : Spring test ApplicationContext cache statistics: [DefaultContextCache@699e0bf0 size = 4, maxSize = 32, parentContextCount = 0, hitCount = 118, missCount = 4, failureCount = 0]
2024-04-29T22:16:17.333-04:00 DEBUG 13756 --- [pacientes] [           main] org.springframework.test.context.cache   : Spring test ApplicationContext cache statistics: [DefaultContextCache@699e0bf0 size = 4, maxSize = 32, parentContextCount = 0, hitCount = 119, missCount = 4, failureCount = 0]
2024-04-29T22:16:17.334-04:00 DEBUG 13756 --- [pacientes] [           main] org.springframework.test.context.cache   : Spring test ApplicationContext cache statistics: [DefaultContextCache@699e0bf0 size = 4, maxSize = 32, parentContextCount = 0, hitCount = 120, missCount = 4, failureCount = 0]
2024-04-29T22:16:17.334-04:00 DEBUG 13756 --- [pacientes] [           main] org.springframework.test.context.cache   : Spring test ApplicationContext cache statistics: [DefaultContextCache@699e0bf0 size = 4, maxSize = 32, parentContextCount = 0, hitCount = 121, missCount = 4, failureCount = 0]
2024-04-29T22:16:17.334-04:00 DEBUG 13756 --- [pacientes] [           main] o.s.orm.jpa.JpaTransactionManager        : Initiating transaction rollback
2024-04-29T22:16:17.334-04:00 DEBUG 13756 --- [pacientes] [           main] o.s.orm.jpa.JpaTransactionManager        : Rolling back JPA transaction on EntityManager [SessionImpl(1100891835<open>)]
2024-04-29T22:16:17.334-04:00 DEBUG 13756 --- [pacientes] [           main] o.h.e.t.internal.TransactionImpl         : rolling back
2024-04-29T22:16:17.345-04:00 DEBUG 13756 --- [pacientes] [           main] o.s.orm.jpa.JpaTransactionManager        : Closing JPA EntityManager [SessionImpl(1100891835<open>)] after transaction
2024-04-29T22:16:17.345-04:00 DEBUG 13756 --- [pacientes] [           main] o.s.t.c.transaction.TransactionContext   : Rolled back transaction (1) for test class [com.example.pacientes.repository.HistorialMedicoRepositoryTest]; test method [guardarHistorialMedicoTest]
2024-04-29T22:16:17.345-04:00 DEBUG 13756 --- [pacientes] [           main] .c.s.DirtiesContextTestExecutionListener : After test method: class [HistorialMedicoRepositoryTest], method [guardarHistorialMedicoTest], class annotated with @DirtiesContext [false] with mode [null], method annotated with @DirtiesContext [false] with mode [null]
]]></system-out>
  </testcase>
  <testcase name="obtenerHistorialMedicoPorIdTest" classname="com.example.pacientes.repository.HistorialMedicoRepositoryTest" time="0.034">
    <system-out><![CDATA[2024-04-29T22:16:17.349-04:00 DEBUG 13756 --- [pacientes] [           main] DependencyInjectionTestExecutionListener : Performing dependency injection for test class com.example.pacientes.repository.HistorialMedicoRepositoryTest
2024-04-29T22:16:17.349-04:00 DEBUG 13756 --- [pacientes] [           main] org.springframework.test.context.cache   : Spring test ApplicationContext cache statistics: [DefaultContextCache@699e0bf0 size = 4, maxSize = 32, parentContextCount = 0, hitCount = 122, missCount = 4, failureCount = 0]
2024-04-29T22:16:17.350-04:00 DEBUG 13756 --- [pacientes] [           main] org.springframework.test.context.cache   : Spring test ApplicationContext cache statistics: [DefaultContextCache@699e0bf0 size = 4, maxSize = 32, parentContextCount = 0, hitCount = 123, missCount = 4, failureCount = 0]
2024-04-29T22:16:17.351-04:00 DEBUG 13756 --- [pacientes] [           main] sContextBeforeModesTestExecutionListener : Before test method: class [HistorialMedicoRepositoryTest], method [obtenerHistorialMedicoPorIdTest], class annotated with @DirtiesContext [false] with mode [null], method annotated with @DirtiesContext [false] with mode [null]
2024-04-29T22:16:17.352-04:00 DEBUG 13756 --- [pacientes] [           main] t.c.t.TransactionalTestExecutionListener : Explicit transaction definition [PROPAGATION_REQUIRED,ISOLATION_DEFAULT] found for test class [com.example.pacientes.repository.HistorialMedicoRepositoryTest] and test method [obtenerHistorialMedicoPorIdTest]
2024-04-29T22:16:17.352-04:00 DEBUG 13756 --- [pacientes] [           main] org.springframework.test.context.cache   : Spring test ApplicationContext cache statistics: [DefaultContextCache@699e0bf0 size = 4, maxSize = 32, parentContextCount = 0, hitCount = 124, missCount = 4, failureCount = 0]
2024-04-29T22:16:17.352-04:00 DEBUG 13756 --- [pacientes] [           main] t.c.t.TransactionalTestExecutionListener : No method-level @Rollback override: using default rollback [true] for test method [public void com.example.pacientes.repository.HistorialMedicoRepositoryTest.obtenerHistorialMedicoPorIdTest()]
2024-04-29T22:16:17.352-04:00 DEBUG 13756 --- [pacientes] [           main] o.s.orm.jpa.JpaTransactionManager        : Creating new transaction with name [com.example.pacientes.repository.HistorialMedicoRepositoryTest.obtenerHistorialMedicoPorIdTest]: PROPAGATION_REQUIRED,ISOLATION_DEFAULT
2024-04-29T22:16:17.352-04:00 DEBUG 13756 --- [pacientes] [           main] o.s.orm.jpa.JpaTransactionManager        : Opened new EntityManager [SessionImpl(895232882<open>)] for JPA transaction
2024-04-29T22:16:17.352-04:00 DEBUG 13756 --- [pacientes] [           main] o.h.e.t.internal.TransactionImpl         : On TransactionImpl creation, JpaCompliance#isJpaTransactionComplianceEnabled == false
2024-04-29T22:16:17.352-04:00 DEBUG 13756 --- [pacientes] [           main] o.h.e.t.internal.TransactionImpl         : begin
2024-04-29T22:16:17.352-04:00 DEBUG 13756 --- [pacientes] [           main] o.s.orm.jpa.JpaTransactionManager        : Exposing JPA transaction as JDBC [org.springframework.orm.jpa.vendor.HibernateJpaDialect$HibernateConnectionHandle@74c0da40]
2024-04-29T22:16:17.352-04:00 DEBUG 13756 --- [pacientes] [           main] o.s.t.c.transaction.TransactionContext   : Began transaction (1) for test class [com.example.pacientes.repository.HistorialMedicoRepositoryTest]; test method [obtenerHistorialMedicoPorIdTest]; transaction manager [org.springframework.orm.jpa.JpaTransactionManager@497031ea]; rollback [true]
2024-04-29T22:16:17.353-04:00 DEBUG 13756 --- [pacientes] [           main] org.springframework.test.context.cache   : Spring test ApplicationContext cache statistics: [DefaultContextCache@699e0bf0 size = 4, maxSize = 32, parentContextCount = 0, hitCount = 125, missCount = 4, failureCount = 0]
2024-04-29T22:16:17.353-04:00 DEBUG 13756 --- [pacientes] [           main] org.springframework.test.context.cache   : Spring test ApplicationContext cache statistics: [DefaultContextCache@699e0bf0 size = 4, maxSize = 32, parentContextCount = 0, hitCount = 126, missCount = 4, failureCount = 0]
2024-04-29T22:16:17.354-04:00 DEBUG 13756 --- [pacientes] [           main] org.springframework.test.context.cache   : Spring test ApplicationContext cache statistics: [DefaultContextCache@699e0bf0 size = 4, maxSize = 32, parentContextCount = 0, hitCount = 127, missCount = 4, failureCount = 0]
2024-04-29T22:16:17.358-04:00 DEBUG 13756 --- [pacientes] [           main] o.s.orm.jpa.JpaTransactionManager        : Found thread-bound EntityManager [SessionImpl(895232882<open>)] for JPA transaction
2024-04-29T22:16:17.358-04:00 DEBUG 13756 --- [pacientes] [           main] o.s.orm.jpa.JpaTransactionManager        : Participating in existing transaction
2024-04-29T22:16:17.359-04:00 DEBUG 13756 --- [pacientes] [           main] org.hibernate.orm.sql.exec               : Skipping reading Query result cache data: cache-enabled = false, cache-mode = IGNORE
2024-04-29T22:16:17.360-04:00 DEBUG 13756 --- [pacientes] [           main] org.hibernate.orm.results                : Initializer list:
	  com.example.pacientes.model.HistorialMedico.paciente -> EntityJoinedFetchInitializer(com.example.pacientes.model.HistorialMedico.paciente)@1679032051 (ToOneAttributeMapping(NavigableRole[com.example.pacientes.model.HistorialMedico.paciente])@123994001)
	  com.example.pacientes.model.HistorialMedico.paciente.consultas -> DelayedCollectionInitializer(com.example.pacientes.model.HistorialMedico.paciente.consultas)@1395676084 (PluralAttribute(com.example.pacientes.model.Paciente.consultas))
	  com.example.pacientes.model.HistorialMedico -> EntityResultInitializer(com.example.pacientes.model.HistorialMedico)@567312712 (SingleTableEntityPersister(com.example.pacientes.model.HistorialMedico))
	  com.example.pacientes.model.HistorialMedico.paciente.historialMedico -> DelayedCollectionInitializer(com.example.pacientes.model.HistorialMedico.paciente.historialMedico)@1523517415 (PluralAttribute(com.example.pacientes.model.Paciente.historialMedico))

2024-04-29T22:16:17.360-04:00 DEBUG 13756 --- [pacientes] [           main] org.hibernate.SQL                        : select hm1_0.id_historial_medico,hm1_0.antecedentes,hm1_0.estudios,hm1_0.examenes,hm1_0.fecha_historial_medico,hm1_0.internaciones,hm1_0.medicamentos,hm1_0.nombre_medico,hm1_0.operaciones,p1_0.id_paciente,p1_0.apellido_materno,p1_0.apellido_paterno,p1_0.contacto_emerg,p1_0.calle,p1_0.email,p1_0.fecha_nacimiento,p1_0.nombre,p1_0.rut,p1_0.telefono,p1_0.tipo_sangre,hm1_0.tratamientos from historial_medico hm1_0 left join paciente p1_0 on p1_0.id_paciente=hm1_0.paciente_id where hm1_0.id_historial_medico=?
Hibernate: select hm1_0.id_historial_medico,hm1_0.antecedentes,hm1_0.estudios,hm1_0.examenes,hm1_0.fecha_historial_medico,hm1_0.internaciones,hm1_0.medicamentos,hm1_0.nombre_medico,hm1_0.operaciones,p1_0.id_paciente,p1_0.apellido_materno,p1_0.apellido_paterno,p1_0.contacto_emerg,p1_0.calle,p1_0.email,p1_0.fecha_nacimiento,p1_0.nombre,p1_0.rut,p1_0.telefono,p1_0.tipo_sangre,hm1_0.tratamientos from historial_medico hm1_0 left join paciente p1_0 on p1_0.id_paciente=hm1_0.paciente_id where hm1_0.id_historial_medico=?
2024-04-29T22:16:17.369-04:00 DEBUG 13756 --- [pacientes] [           main] org.hibernate.orm.results                : Extracted JDBC value [9] - [1]
2024-04-29T22:16:17.370-04:00 DEBUG 13756 --- [pacientes] [           main] o.hibernate.orm.results.loading.entity   : (EntityJoinedFetchInitializer) Hydrated EntityKey (com.example.pacientes.model.HistorialMedico.paciente): 1
2024-04-29T22:16:17.370-04:00 DEBUG 13756 --- [pacientes] [           main] o.hibernate.orm.results.loading.entity   : (EntityResultInitializer) Hydrated EntityKey (com.example.pacientes.model.HistorialMedico): 1
2024-04-29T22:16:17.370-04:00 DEBUG 13756 --- [pacientes] [           main] org.hibernate.orm.results                : Extracted JDBC value [9] - [1]
2024-04-29T22:16:17.370-04:00 DEBUG 13756 --- [pacientes] [           main] o.h.o.r.l.o.h.o.r.loading.collection     : (DelayedCollectionInitializer) Current row collection key : com.example.pacientes.model.HistorialMedico.paciente.consultas#1
2024-04-29T22:16:17.370-04:00 DEBUG 13756 --- [pacientes] [           main] org.hibernate.orm.results                : Extracted JDBC value [9] - [1]
2024-04-29T22:16:17.371-04:00 DEBUG 13756 --- [pacientes] [           main] o.h.o.r.l.o.h.o.r.loading.collection     : (DelayedCollectionInitializer) Current row collection key : com.example.pacientes.model.HistorialMedico.paciente.historialMedico#1
2024-04-29T22:16:17.371-04:00 DEBUG 13756 --- [pacientes] [           main] o.hibernate.orm.results.loading.entity   : (EntityJoinedFetchInitializer) Created new entity instance [com.example.pacientes.model.HistorialMedico.paciente#1] : 910932905
2024-04-29T22:16:17.371-04:00 DEBUG 13756 --- [pacientes] [           main] o.hibernate.orm.results.loading.entity   : (EntityResultInitializer) Created new entity instance [com.example.pacientes.model.HistorialMedico#1] : 337207992
2024-04-29T22:16:17.371-04:00 DEBUG 13756 --- [pacientes] [           main] org.hibernate.orm.results                : Extracted JDBC value [10] - [Adasme]
2024-04-29T22:16:17.371-04:00 DEBUG 13756 --- [pacientes] [           main] org.hibernate.orm.results                : Extracted JDBC value [11] - [Durán]
2024-04-29T22:16:17.371-04:00 DEBUG 13756 --- [pacientes] [           main] org.hibernate.orm.results                : Extracted JDBC value [12] - [null]
2024-04-29T22:16:17.371-04:00 DEBUG 13756 --- [pacientes] [           main] org.hibernate.orm.results                : Extracted JDBC value [13] - [Araucaria 8417 La Florida]
2024-04-29T22:16:17.371-04:00 DEBUG 13756 --- [pacientes] [           main] org.hibernate.orm.results                : Extracted JDBC value [14] - [gadurana@gmail.com]
2024-04-29T22:16:17.371-04:00 DEBUG 13756 --- [pacientes] [           main] org.hibernate.orm.results                : Extracted JDBC value [15] - [21-11-1976]
2024-04-29T22:16:17.372-04:00 DEBUG 13756 --- [pacientes] [           main] org.hibernate.orm.results                : Extracted JDBC value [16] - [Gonzalo]
2024-04-29T22:16:17.372-04:00 DEBUG 13756 --- [pacientes] [           main] org.hibernate.orm.results                : Extracted JDBC value [17] - [12959664-3]
2024-04-29T22:16:17.372-04:00 DEBUG 13756 --- [pacientes] [           main] org.hibernate.orm.results                : Extracted JDBC value [18] - [+56977992993]
2024-04-29T22:16:17.372-04:00 DEBUG 13756 --- [pacientes] [           main] org.hibernate.orm.results                : Extracted JDBC value [19] - [null]
2024-04-29T22:16:17.372-04:00 DEBUG 13756 --- [pacientes] [           main] o.hibernate.orm.results.loading.entity   : (EntityJoinedFetchInitializer) Done materializing entityInstance : com.example.pacientes.model.HistorialMedico.paciente#1
2024-04-29T22:16:17.372-04:00 DEBUG 13756 --- [pacientes] [           main] org.hibernate.orm.results                : Extracted JDBC value [1] - [Rinitis Alergica]
2024-04-29T22:16:17.372-04:00 DEBUG 13756 --- [pacientes] [           main] org.hibernate.orm.results                : Extracted JDBC value [2] - [null]
2024-04-29T22:16:17.372-04:00 DEBUG 13756 --- [pacientes] [           main] org.hibernate.orm.results                : Extracted JDBC value [3] - [null]
2024-04-29T22:16:17.373-04:00 DEBUG 13756 --- [pacientes] [           main] org.hibernate.orm.results                : Extracted JDBC value [4] - [01-04-2010]
2024-04-29T22:16:17.373-04:00 DEBUG 13756 --- [pacientes] [           main] org.hibernate.orm.results                : Extracted JDBC value [5] - [null]
2024-04-29T22:16:17.373-04:00 DEBUG 13756 --- [pacientes] [           main] org.hibernate.orm.results                : Extracted JDBC value [6] - [Rigotax]
2024-04-29T22:16:17.373-04:00 DEBUG 13756 --- [pacientes] [           main] org.hibernate.orm.results                : Extracted JDBC value [7] - [Dra Cartagena]
2024-04-29T22:16:17.373-04:00 DEBUG 13756 --- [pacientes] [           main] org.hibernate.orm.results                : Extracted JDBC value [8] - [null]
2024-04-29T22:16:17.373-04:00 DEBUG 13756 --- [pacientes] [           main] org.hibernate.orm.results                : Extracted JDBC value [20] - [null]
2024-04-29T22:16:17.373-04:00 DEBUG 13756 --- [pacientes] [           main] o.hibernate.orm.results.loading.entity   : (EntityResultInitializer) Done materializing entityInstance : com.example.pacientes.model.HistorialMedico#1
2024-04-29T22:16:17.373-04:00 DEBUG 13756 --- [pacientes] [           main] org.hibernate.orm.results.loading        : Calling top-level assembler (0 / 1) : org.hibernate.sql.results.graph.entity.internal.EntityAssembler@4c9bf90b
2024-04-29T22:16:17.375-04:00 DEBUG 13756 --- [pacientes] [           main] org.springframework.test.context.cache   : Spring test ApplicationContext cache statistics: [DefaultContextCache@699e0bf0 size = 4, maxSize = 32, parentContextCount = 0, hitCount = 128, missCount = 4, failureCount = 0]
2024-04-29T22:16:17.375-04:00 DEBUG 13756 --- [pacientes] [           main] org.springframework.test.context.cache   : Spring test ApplicationContext cache statistics: [DefaultContextCache@699e0bf0 size = 4, maxSize = 32, parentContextCount = 0, hitCount = 129, missCount = 4, failureCount = 0]
2024-04-29T22:16:17.375-04:00 DEBUG 13756 --- [pacientes] [           main] org.springframework.test.context.cache   : Spring test ApplicationContext cache statistics: [DefaultContextCache@699e0bf0 size = 4, maxSize = 32, parentContextCount = 0, hitCount = 130, missCount = 4, failureCount = 0]
2024-04-29T22:16:17.376-04:00 DEBUG 13756 --- [pacientes] [           main] org.springframework.test.context.cache   : Spring test ApplicationContext cache statistics: [DefaultContextCache@699e0bf0 size = 4, maxSize = 32, parentContextCount = 0, hitCount = 131, missCount = 4, failureCount = 0]
2024-04-29T22:16:17.376-04:00 DEBUG 13756 --- [pacientes] [           main] org.springframework.test.context.cache   : Spring test ApplicationContext cache statistics: [DefaultContextCache@699e0bf0 size = 4, maxSize = 32, parentContextCount = 0, hitCount = 132, missCount = 4, failureCount = 0]
2024-04-29T22:16:17.377-04:00 DEBUG 13756 --- [pacientes] [           main] org.springframework.test.context.cache   : Spring test ApplicationContext cache statistics: [DefaultContextCache@699e0bf0 size = 4, maxSize = 32, parentContextCount = 0, hitCount = 133, missCount = 4, failureCount = 0]
2024-04-29T22:16:17.377-04:00 DEBUG 13756 --- [pacientes] [           main] o.s.orm.jpa.JpaTransactionManager        : Initiating transaction rollback
2024-04-29T22:16:17.377-04:00 DEBUG 13756 --- [pacientes] [           main] o.s.orm.jpa.JpaTransactionManager        : Rolling back JPA transaction on EntityManager [SessionImpl(895232882<open>)]
2024-04-29T22:16:17.377-04:00 DEBUG 13756 --- [pacientes] [           main] o.h.e.t.internal.TransactionImpl         : rolling back
2024-04-29T22:16:17.384-04:00 DEBUG 13756 --- [pacientes] [           main] o.s.orm.jpa.JpaTransactionManager        : Closing JPA EntityManager [SessionImpl(895232882<open>)] after transaction
2024-04-29T22:16:17.385-04:00 DEBUG 13756 --- [pacientes] [           main] o.s.t.c.transaction.TransactionContext   : Rolled back transaction (1) for test class [com.example.pacientes.repository.HistorialMedicoRepositoryTest]; test method [obtenerHistorialMedicoPorIdTest]
2024-04-29T22:16:17.385-04:00 DEBUG 13756 --- [pacientes] [           main] .c.s.DirtiesContextTestExecutionListener : After test method: class [HistorialMedicoRepositoryTest], method [obtenerHistorialMedicoPorIdTest], class annotated with @DirtiesContext [false] with mode [null], method annotated with @DirtiesContext [false] with mode [null]
]]></system-out>
  </testcase>
</testsuite>